c WARNING: for repeatability, setting FPU to use double precision
d VARIABLES            21294        
d CONSTRAINTS          85508        
c ============================[ Problem Statistics ]=============================
c |                                                                             |
c |  Number of variables:         21294                                         |
c |  Number of clauses:           85508                                         |
c |  Parse time:                   0.01 s                                       |
c |                                                                             |
c ============================[ Search Statistics ]==============================
c | Conflicts |          ORIGINAL         |          LEARNT          | Progress |
c |           |    Vars  Clauses Literals |    Limit  Clauses Lit/Cl |          |
c ===============================================================================
c |       100 |   15614    69416   169606 |    25452      100     44 | 26.674 % |
c |       250 |   15610    69416   169606 |    27997      249     48 | 26.693 % |
c |       475 |   15610    69396   169558 |    30797      474     58 | 26.693 % |
c |       812 |   15601    69351   169450 |    33877      810     70 | 26.735 % |
c |      1318 |   15601    69351   169450 |    37265     1316     88 | 26.735 % |
c |      2077 |   15601    69351   169450 |    40991     2075     93 | 26.735 % |
c |      3216 |   15601    69351   169450 |    45090     3214     97 | 26.735 % |
c |      4924 |   15601    69351   169450 |    49599     4922     95 | 26.735 % |
c |      7486 |   15601    69351   169450 |    54559     7484     93 | 26.735 % |
c |     11330 |   15601    69351   169450 |    60015    11328    100 | 26.735 % |
c |     17096 |   15601    69351   169450 |    66017    17094    102 | 26.735 % |
c |     25745 |   15590    69296   169318 |    72619    25741     95 | 26.787 % |
c |     38719 |   15577    69231   169162 |    79880    38712     88 | 26.848 % |
c |     58180 |   15577    69231   169162 |    87869    58173     78 | 26.848 % |
c |     87372 |   15577    69231   169162 |    96655    87365     69 | 26.848 % |
c |    131161 |   15568    69186   169054 |   106321    43864     57 | 26.890 % |
c |    196845 |   15560    69146   168958 |   116953   109543     59 | 26.928 % |
c |    295371 |   15549    69091   168826 |   128649   100670     56 | 26.979 % |
c |    443160 |   15545    69071   168778 |   141513   132205     58 | 26.998 % |
c |    664843 |   15533    69011   168634 |   155665    96015     58 | 27.055 % |
c |    997368 |   15533    69011   168634 |   171231   137047     41 | 27.055 % |
c ===============================================================================
c restarts              : 2046
c conflicts             : 1015438        (5470 /sec)
c decisions             : 1279695        (0.00 % random) (6893 /sec)
c propagations          : 645805297      (3478662 /sec)
c conflict literals     : 56256661       (55.24 % deleted)
d RESTARTS             2046
d FAILURES             1015438      
d NODES                1279695      
d BACKTRACKS           1279695      
d PROPAGATIONS         645805297    
d NOGOODSIZE           55.40 
d MEMORY               127.00 
d TIME                 185.648 

s UNSATISFIABLE
