c WARNING: for repeatability, setting FPU to use double precision
d VARIABLES            27306        
d CONSTRAINTS          93032        
c ============================[ Problem Statistics ]=============================
c |                                                                             |
c |  Number of variables:         27306                                         |
c |  Number of clauses:           93032                                         |
c |  Parse time:                   0.02 s                                       |
c |                                                                             |
c ============================[ Search Statistics ]==============================
c | Conflicts |          ORIGINAL         |          LEARNT          | Progress |
c |           |    Vars  Clauses Literals |    Limit  Clauses Lit/Cl |          |
c ===============================================================================
c |       100 |   17939    68998   173513 |    25299       99     31 | 34.304 % |
c |       250 |   17937    68992   173498 |    27829      247     22 | 34.311 % |
c |       475 |   17935    68992   173498 |    30612      471     34 | 34.319 % |
c |       812 |   17935    68980   173468 |    33673      804     60 | 34.318 % |
c |      1318 |   17935    68980   173468 |    37040     1310     51 | 34.318 % |
c |      2077 |   17934    68976   173458 |    40744     2067     52 | 34.322 % |
c |      3216 |   17933    68972   173448 |    44819     3203     45 | 34.326 % |
c |      4924 |   17932    68968   173438 |    49301     4908     43 | 34.329 % |
c |      7486 |   17932    68968   173438 |    54231     7470     45 | 34.329 % |
c |     11330 |   17932    68968   173438 |    59654    11314     58 | 34.329 % |
c |     17096 |   17932    68968   173438 |    65619    17080     65 | 34.329 % |
c |     25745 |   17932    68968   173438 |    72181    25729     70 | 34.329 % |
c |     38719 |   17932    68968   173438 |    79399    38703     79 | 34.329 % |
c |     58180 |   17930    68960   173418 |    87339    58160     82 | 34.337 % |
c |     87372 |   17929    68956   173408 |    96073    87349     79 | 34.340 % |
c |    131161 |   17926    68944   173378 |   105681    43622     68 | 34.351 % |
c |    196845 |   17925    68940   173368 |   116249   109305     65 | 34.355 % |
c |    295371 |   17921    68924   173328 |   127874    99395     57 | 34.370 % |
c ===============================================================================
c restarts              : 840
c conflicts             : 354399         (4304 /sec)
c decisions             : 469877         (0.00 % random) (5706 /sec)
c propagations          : 249808569      (3033824 /sec)
c conflict literals     : 22060836       (51.02 % deleted)
d RESTARTS             840
d FAILURES             354399       
d NODES                469877       
d BACKTRACKS           469877       
d PROPAGATIONS         249808569    
d NOGOODSIZE           62.25 
d MEMORY               85.00 
d TIME                 82.3411 

s UNSATISFIABLE
