c WARNING: for repeatability, setting FPU to use double precision
d VARIABLES            73512        
d CONSTRAINTS          260596       
c ============================[ Problem Statistics ]=============================
c |                                                                             |
c |  Number of variables:         73512                                         |
c |  Number of clauses:          260596                                         |
c |  Parse time:                   0.04 s                                       |
c |                                                                             |
c ============================[ Search Statistics ]==============================
c | Conflicts |          ORIGINAL         |          LEARNT          | Progress |
c |           |    Vars  Clauses Literals |    Limit  Clauses Lit/Cl |          |
c ===============================================================================
c |       100 |   53833   209770   527739 |    76915      100     14 | 26.770 % |
c |       250 |   53833   209770   527739 |    84607      250     14 | 26.770 % |
c |       475 |   53833   209770   527739 |    93067      475     23 | 26.770 % |
c |       812 |   53833   209770   527739 |   102374      812     32 | 26.770 % |
c |      1318 |   53833   209770   527739 |   112612     1318     53 | 26.770 % |
c |      2077 |   53833   209770   527739 |   123873     2077     53 | 26.770 % |
c |      3216 |   53833   209770   527739 |   136260     3216     42 | 26.770 % |
c |      4924 |   53832   209766   527729 |   149886     4923     45 | 26.771 % |
c |      7486 |   53832   209766   527729 |   164875     7485     76 | 26.771 % |
c |     11330 |   53832   209766   527729 |   181363    11329     92 | 26.771 % |
c |     17096 |   53832   209766   527729 |   199499    17095     85 | 26.771 % |
c |     25745 |   53832   209766   527729 |   219449    25744    101 | 26.771 % |
c |     38719 |   53832   209766   527729 |   241394    38718     92 | 26.771 % |
c |     58180 |   53830   209758   527711 |   265533    58173     83 | 26.774 % |
c |     87372 |   53828   209740   527670 |   292087    87356     77 | 26.777 % |
c |    131161 |   53826   209712   527606 |   321295   131135     70 | 26.779 % |
c |    196845 |   53823   209686   527547 |   353425   196812     64 | 26.783 % |
c |    295371 |   53821   209668   527506 |   388767   295334     60 | 26.786 % |
c |    443160 |   53820   209658   527483 |   427644    61460     48 | 26.787 % |
c |    664843 |   53814   209604   527360 |   470409   283132     49 | 26.796 % |
c |    997368 |   53810   209568   527278 |   517450   155033     44 | 26.801 % |
c ===============================================================================
c restarts              : 2451
c conflicts             : 1280813        (3030 /sec)
c decisions             : 1954016        (0.00 % random) (4622 /sec)
c propagations          : 1247520321     (2950822 /sec)
c conflict literals     : 63242555       (55.62 % deleted)
d RESTARTS             2451
d FAILURES             1280813      
d NODES                1954016      
d BACKTRACKS           1954016      
d PROPAGATIONS         1247520321   
d NOGOODSIZE           49.38 
d MEMORY               198.00 
d TIME                 422.77 

s UNSATISFIABLE
