c Parsing PB file...
c Converting 13247 PB-constraints to clauses...
c   -- Unit propagations: (none)
c   -- Detecting intervals from adjacent constraints: ##################################################################################################################################
c   -- Clauses(.)/Splits(s): .........................................................................................................................................................................................................................................................................................................................................................................................................................................................................................................................................................................................................................................................................................................................................................................................................................................................................................................................................................................................................................................................................................................................................................................................................................................................................................................................................................................................................................................................................................................................................................................................................................................................................................................................................................................................................................................................................................................................................................................................................................................................................................................................................................................................................................................................................................................................................................................................................................................................................................................................................................................................................................................................................................................................................................................................................................................................................................................................................................................................................................................................................................................................................................................................................................................................................................................................................................................................................................................................................................................................................................................................................................................................................................................................................................................................................................................................................................................................................................................................................................................................................................................................................................................................................................................................................................................................................................................................................................................................................................................................................................................................................................................................................................................................................................................................................................................................................................................................................................................................................................................................................................................................................................................................................................................................................................................................................................................................................................................................................................................................................................................................................................................................................................................................................................................................................................................................................................................................................................................................................................................................................................................................................................................................................................................................................................................................................................................................................................................................................................................................................................................................................................................................................................................................................................................................................................................................................................................................................................................................................................................................................................................................................................................................................................................................................................................................................................................................................................................................................................................................................................................................................................................................................................................................................................................................................................................................................................................................................................................................................................................................................................................................................................................................................................................................................................................................................................................................................................................................................................................................................................................................................................................................................................................................................................................................................................................................................................................................................................................................................................................................................................................................................................................................................................................................................................................................................................................................................................................................................................................................................................................................................................................................................................................................................................................................................................................................................................................................................................................................................................................................................................................................................................................................................................................................................................................................................................................................................................................................................................................................................................................................................................................................................................................................................................................................................................................................................................................................................................................................................................................................................................................................................................................................................................................................................................................................................................................................................................................................................................................................................................................................................................................................................................................................................................................................................................................................................................................................................................................................................................................................................................................................................................................................................................................................................................................................................................................................................................................................................................................................................................................................................................................................................................................................................................................................................................................................................................................................................................................................................................................................................................................................................................................................................................
c ---[13245]---> BDD-cost:   47
c ---[13243]---> BDD-cost:   47
c ---[13241]---> BDD-cost:   47
c ---[13239]---> BDD-cost:   47
c ---[13237]---> BDD-cost:   47
c ---[13235]---> BDD-cost:   47
c ---[13233]---> BDD-cost:   47
c ---[13231]---> BDD-cost:   47
c ---[13229]---> BDD-cost:   47
c ---[13227]---> BDD-cost:   47
c ---[13225]---> BDD-cost:   47
c ---[13223]---> BDD-cost:   47
c ---[13221]---> BDD-cost:   47
c ---[13219]---> BDD-cost:   47
c ---[13217]---> BDD-cost:   47
c ---[13215]---> BDD-cost:   47
c ---[13213]---> BDD-cost:   47
c ---[13211]---> BDD-cost:   47
c ---[13209]---> BDD-cost:   47
c ---[13207]---> BDD-cost:   47
c ---[13205]---> BDD-cost:   47
c ---[13203]---> BDD-cost:   47
c ---[13201]---> BDD-cost:   47
c ---[13199]---> BDD-cost:   47
c ---[13197]---> BDD-cost:   47
c ---[13195]---> BDD-cost:   47
c ---[13193]---> BDD-cost:   47
c ---[13191]---> BDD-cost:   47
c ---[13189]---> BDD-cost:   47
c ---[13187]---> BDD-cost:   47
c ---[13185]---> BDD-cost:   47
c ---[13183]---> BDD-cost:   47
c ---[13181]---> BDD-cost:   47
c ---[13179]---> BDD-cost:   47
c ---[13177]---> BDD-cost:   47
c ---[13175]---> BDD-cost:   47
c ---[13173]---> BDD-cost:   47
c ---[13171]---> BDD-cost:   47
c ---[13169]---> BDD-cost:   47
c ---[13167]---> BDD-cost:   47
c ---[13165]---> BDD-cost:   47
c ---[13163]---> BDD-cost:   47
c ---[13161]---> BDD-cost:   47
c ---[13159]---> BDD-cost:   47
c ---[13157]---> BDD-cost:   47
c ---[13155]---> BDD-cost:   47
c ---[13153]---> BDD-cost:   47
c ---[13151]---> BDD-cost:   47
c ---[13149]---> BDD-cost:   47
c ---[13147]---> BDD-cost:   47
c ---[13145]---> BDD-cost:   47
c ---[13143]---> BDD-cost:   47
c ---[13141]---> BDD-cost:   47
c ---[13139]---> BDD-cost:   47
c ---[13137]---> BDD-cost:   47
c ---[13135]---> BDD-cost:   47
c ---[13133]---> BDD-cost:   47
c ---[13131]---> BDD-cost:   47
c ---[13129]---> BDD-cost:   47
c ---[13127]---> BDD-cost:   47
c ---[13125]---> BDD-cost:   47
c ---[13123]---> BDD-cost:   47
c ---[13121]---> BDD-cost:   47
c ---[13119]---> BDD-cost:   47
c ---[13117]---> BDD-cost:   47
c ---[13115]---> BDD-cost:   47
c ---[13113]---> BDD-cost:   47
c ---[13111]---> BDD-cost:   47
c ---[13109]---> BDD-cost:   47
c ---[13107]---> BDD-cost:   47
c ---[13105]---> BDD-cost:   47
c ---[13103]---> BDD-cost:   47
c ---[13101]---> BDD-cost:   47
c ---[13099]---> BDD-cost:   47
c ---[13097]---> BDD-cost:   47
c ---[13095]---> BDD-cost:   47
c ---[13093]---> BDD-cost:   47
c ---[13091]---> BDD-cost:   47
c ---[13089]---> BDD-cost:   47
c ---[13087]---> BDD-cost:   47
c ---[13085]---> BDD-cost:   47
c ---[13083]---> BDD-cost:   47
c ---[13081]---> BDD-cost:   47
c ---[13079]---> BDD-cost:   47
c ---[13077]---> BDD-cost:   47
c ---[13075]---> BDD-cost:   47
c ---[13073]---> BDD-cost:   47
c ---[13071]---> BDD-cost:   47
c ---[13069]---> BDD-cost:   47
c ---[13067]---> BDD-cost:   47
c ---[13065]---> BDD-cost:   47
c ---[13063]---> BDD-cost:   47
c ---[13061]---> BDD-cost:   47
c ---[13059]---> BDD-cost:   47
c ---[13057]---> BDD-cost:   47
c ---[13055]---> BDD-cost:   47
c ---[13053]---> BDD-cost:   47
c ---[13051]---> BDD-cost:   47
c ---[13049]---> BDD-cost:   47
c ---[13047]---> BDD-cost:   47
c ---[ 545]---> Adder-cost: 194   maxlim: 50   bits: 7/6
c ---[ 444]---> Adder-cost: 194   maxlim: 33   bits: 7/6
c ---[ 344]---> Adder-cost: 194   maxlim: 68   bits: 7/7
c ---[ 343]---> BDD-cost:    3
c ---[ 342]---> BDD-cost:    3
c ---[ 341]---> BDD-cost:    3
c ---[ 340]---> BDD-cost:    3
c ---[ 339]---> BDD-cost:    3
c ---[ 338]---> BDD-cost:    3
c ---[ 337]---> BDD-cost:    3
c ---[ 336]---> BDD-cost:    3
c ---[ 335]---> BDD-cost:    3
c ---[ 334]---> BDD-cost:    3
c ---[ 333]---> BDD-cost:    3
c ---[ 332]---> BDD-cost:    3
c ---[ 331]---> BDD-cost:    3
c ---[ 330]---> BDD-cost:    3
c ---[ 329]---> BDD-cost:    3
c ---[ 328]---> BDD-cost:    3
c ---[ 327]---> BDD-cost:    3
c ---[ 326]---> BDD-cost:    3
c ---[ 325]---> BDD-cost:    3
c ---[ 324]---> BDD-cost:    3
c ---[ 323]---> BDD-cost:    3
c ---[ 322]---> BDD-cost:    3
c ---[ 321]---> BDD-cost:    3
c ---[ 320]---> BDD-cost:    3
c ---[ 319]---> BDD-cost:    3
c ---[ 318]---> BDD-cost:    3
c ---[ 317]---> BDD-cost:    3
c ---[ 316]---> BDD-cost:    3
c ---[ 315]---> BDD-cost:    3
c ---[ 314]---> BDD-cost:    3
c ---[ 313]---> BDD-cost:    3
c ---[ 312]---> BDD-cost:    3
c ---[ 311]---> BDD-cost:    3
c ---[ 310]---> BDD-cost:    3
c ---[ 309]---> BDD-cost:    3
c ---[ 308]---> BDD-cost:    3
c ---[ 307]---> BDD-cost:    3
c ---[ 306]---> BDD-cost:    3
c ---[ 305]---> BDD-cost:    3
c ---[ 304]---> BDD-cost:    3
c ---[ 303]---> BDD-cost:    3
c ---[ 302]---> BDD-cost:    3
c ---[ 301]---> BDD-cost:    3
c ---[ 300]---> BDD-cost:    3
c ---[ 299]---> BDD-cost:    3
c ---[ 298]---> BDD-cost:    3
c ---[ 297]---> BDD-cost:    3
c ---[ 296]---> BDD-cost:    3
c ---[ 295]---> BDD-cost:    3
c ---[ 294]---> BDD-cost:    3
c ---[ 293]---> BDD-cost:    3
c ---[ 292]---> BDD-cost:    3
c ---[ 291]---> BDD-cost:    3
c ---[ 290]---> BDD-cost:    3
c ---[ 289]---> BDD-cost:    3
c ---[ 288]---> BDD-cost:    3
c ---[ 287]---> BDD-cost:    3
c ---[ 286]---> BDD-cost:    3
c ---[ 285]---> BDD-cost:    3
c ---[ 284]---> BDD-cost:    3
c ---[ 283]---> BDD-cost:    3
c ---[ 282]---> BDD-cost:    3
c ---[ 281]---> BDD-cost:    3
c ---[ 280]---> BDD-cost:    3
c ---[ 279]---> BDD-cost:    3
c ---[ 278]---> BDD-cost:    3
c ---[ 277]---> BDD-cost:    3
c ---[ 276]---> BDD-cost:    3
c ---[ 275]---> BDD-cost:    3
c ---[ 274]---> BDD-cost:    3
c ---[ 273]---> BDD-cost:    3
c ---[ 272]---> BDD-cost:    3
c ---[ 271]---> BDD-cost:    3
c ---[ 270]---> BDD-cost:    3
c ---[ 269]---> BDD-cost:    3
c ---[ 268]---> BDD-cost:    3
c ---[ 267]---> BDD-cost:    3
c ---[ 266]---> BDD-cost:    3
c ---[ 265]---> BDD-cost:    3
c ---[ 264]---> BDD-cost:    3
c ---[ 263]---> BDD-cost:    3
c ---[ 262]---> BDD-cost:    3
c ---[ 261]---> BDD-cost:    3
c ---[ 260]---> BDD-cost:    3
c ---[ 259]---> BDD-cost:    3
c ---[ 258]---> BDD-cost:    3
c ---[ 257]---> BDD-cost:    3
c ---[ 256]---> BDD-cost:    3
c ---[ 255]---> BDD-cost:    3
c ---[ 254]---> BDD-cost:    3
c ---[ 253]---> BDD-cost:    3
c ---[ 252]---> BDD-cost:    3
c ---[ 251]---> BDD-cost:    3
c ---[ 250]---> BDD-cost:    3
c ---[ 249]---> BDD-cost:    3
c ---[ 248]---> BDD-cost:    3
c ---[ 247]---> BDD-cost:    3
c ---[ 246]---> BDD-cost:    3
c ---[ 244]---> Adder-cost: 194   maxlim: 63   bits: 7/6
c ---[ 243]---> BDD-cost:    8
c ---[ 242]---> BDD-cost:    8
c ---[ 241]---> BDD-cost:    8
c ---[ 240]---> BDD-cost:    8
c ---[ 239]---> BDD-cost:    8
c ---[ 238]---> BDD-cost:    8
c ---[ 237]---> BDD-cost:    8
c ---[ 236]---> BDD-cost:    8
c ---[ 235]---> BDD-cost:    8
c ---[ 234]---> BDD-cost:    8
c ---[ 233]---> BDD-cost:    8
c ---[ 232]---> BDD-cost:    8
c ---[ 231]---> BDD-cost:    8
c ---[ 230]---> BDD-cost:    8
c ---[ 229]---> BDD-cost:    8
c ---[ 228]---> BDD-cost:    8
c ---[ 227]---> BDD-cost:    8
c ---[ 226]---> BDD-cost:    8
c ---[ 225]---> BDD-cost:    8
c ---[ 224]---> BDD-cost:    8
c ---[ 223]---> BDD-cost:    8
c ---[ 222]---> BDD-cost:    8
c ---[ 221]---> BDD-cost:    8
c ---[ 220]---> BDD-cost:    8
c ---[ 219]---> BDD-cost:    8
c ---[ 218]---> BDD-cost:    8
c ---[ 217]---> BDD-cost:    8
c ---[ 216]---> BDD-cost:    8
c ---[ 215]---> BDD-cost:    8
c ---[ 214]---> BDD-cost:    8
c ---[ 213]---> BDD-cost:    8
c ---[ 212]---> BDD-cost:    8
c ---[ 211]---> BDD-cost:    8
c ---[ 210]---> BDD-cost:    8
c ---[ 209]---> BDD-cost:    8
c ---[ 208]---> BDD-cost:    8
c ---[ 207]---> BDD-cost:    8
c ---[ 206]---> BDD-cost:    8
c ---[ 205]---> BDD-cost:    8
c ---[ 204]---> BDD-cost:    8
c ---[ 203]---> BDD-cost:    8
c ---[ 202]---> BDD-cost:    8
c ---[ 201]---> BDD-cost:    8
c ---[ 200]---> BDD-cost:    8
c ---[ 199]---> BDD-cost:    8
c ---[ 198]---> BDD-cost:    8
c ---[ 197]---> BDD-cost:    8
c ---[ 196]---> BDD-cost:    8
c ---[ 195]---> BDD-cost:    8
c ---[ 194]---> BDD-cost:    8
c ---[ 193]---> BDD-cost:    8
c ---[ 192]---> BDD-cost:    8
c ---[ 191]---> BDD-cost:    8
c ---[ 190]---> BDD-cost:    8
c ---[ 189]---> BDD-cost:    8
c ---[ 188]---> BDD-cost:    8
c ---[ 187]---> BDD-cost:    8
c ---[ 186]---> BDD-cost:    8
c ---[ 185]---> BDD-cost:    8
c ---[ 184]---> BDD-cost:    8
c ---[ 183]---> BDD-cost:    8
c ---[ 182]---> BDD-cost:    8
c ---[ 181]---> BDD-cost:    8
c ---[ 180]---> BDD-cost:    8
c ---[ 179]---> BDD-cost:    8
c ---[ 178]---> BDD-cost:    8
c ---[ 177]---> BDD-cost:    8
c ---[ 176]---> BDD-cost:    8
c ---[ 175]---> BDD-cost:    8
c ---[ 174]---> BDD-cost:    8
c ---[ 173]---> BDD-cost:    8
c ---[ 172]---> BDD-cost:    8
c ---[ 171]---> BDD-cost:    8
c ---[ 170]---> BDD-cost:    8
c ---[ 169]---> BDD-cost:    8
c ---[ 168]---> BDD-cost:    8
c ---[ 167]---> BDD-cost:    8
c ---[ 166]---> BDD-cost:    8
c ---[ 165]---> BDD-cost:    8
c ---[ 164]---> BDD-cost:    8
c ---[ 163]---> BDD-cost:    8
c ---[ 162]---> BDD-cost:    8
c ---[ 161]---> BDD-cost:    8
c ---[ 160]---> BDD-cost:    8
c ---[ 159]---> BDD-cost:    8
c ---[ 158]---> BDD-cost:    8
c ---[ 157]---> BDD-cost:    8
c ---[ 156]---> BDD-cost:    8
c ---[ 155]---> BDD-cost:    8
c ---[ 154]---> BDD-cost:    8
c ---[ 153]---> BDD-cost:    8
c ---[ 152]---> BDD-cost:    8
c ---[ 151]---> BDD-cost:    8
c ---[ 150]---> BDD-cost:    8
c ---[ 149]---> BDD-cost:    8
c ---[ 148]---> BDD-cost:    8
c ---[ 146]---> Adder-cost: 194   maxlim: 80   bits: 7/7
c ---[ 145]---> BDD-cost:    7
c ---[ 144]---> BDD-cost:    7
c ---[ 143]---> BDD-cost:    7
c ---[ 142]---> BDD-cost:    7
c ---[ 141]---> BDD-cost:    7
c ---[ 140]---> BDD-cost:    7
c ---[ 139]---> BDD-cost:    7
c ---[ 138]---> BDD-cost:    7
c ---[ 137]---> BDD-cost:    7
c ---[ 136]---> BDD-cost:    7
c ---[ 135]---> BDD-cost:    7
c ---[ 134]---> BDD-cost:    7
c ---[ 133]---> BDD-cost:    7
c ---[ 132]---> BDD-cost:    7
c ---[ 131]---> BDD-cost:    7
c ---[ 130]---> BDD-cost:    7
c ---[ 129]---> BDD-cost:    7
c ---[ 128]---> BDD-cost:    7
c ---[ 127]---> BDD-cost:    7
c ---[ 126]---> BDD-cost:    7
c ---[ 125]---> BDD-cost:    7
c ---[ 124]---> BDD-cost:    7
c ---[ 123]---> BDD-cost:    7
c ---[ 122]---> BDD-cost:    7
c ---[ 121]---> BDD-cost:    7
c ---[ 120]---> BDD-cost:    7
c ---[ 119]---> BDD-cost:    7
c ---[ 118]---> BDD-cost:    7
c ---[ 117]---> BDD-cost:    7
c ---[ 116]---> BDD-cost:    7
c ---[ 115]---> BDD-cost:    7
c ---[ 114]---> BDD-cost:    7
c ---[ 113]---> BDD-cost:    7
c ---[ 112]---> BDD-cost:    7
c ---[ 111]---> BDD-cost:    7
c ---[ 110]---> BDD-cost:    7
c ---[ 109]---> BDD-cost:    7
c ---[ 108]---> BDD-cost:    7
c ---[ 107]---> BDD-cost:    7
c ---[ 106]---> BDD-cost:    7
c ---[ 105]---> BDD-cost:    7
c ---[ 104]---> BDD-cost:    7
c ---[ 103]---> BDD-cost:    7
c ---[ 102]---> BDD-cost:    7
c ---[ 101]---> BDD-cost:    7
c ---[ 100]---> BDD-cost:    7
c ---[  99]---> BDD-cost:    7
c ---[  98]---> BDD-cost:    7
c ---[  97]---> BDD-cost:    7
c ---[  96]---> BDD-cost:    7
c ---[  95]---> BDD-cost:    7
c ---[  94]---> BDD-cost:    7
c ---[  93]---> BDD-cost:    7
c ---[  92]---> BDD-cost:    7
c ---[  91]---> BDD-cost:    7
c ---[  90]---> BDD-cost:    7
c ---[  89]---> BDD-cost:    7
c ---[  88]---> BDD-cost:    7
c ---[  87]---> BDD-cost:    7
c ---[  86]---> BDD-cost:    7
c ---[  85]---> BDD-cost:    7
c ---[  84]---> BDD-cost:    7
c ---[  83]---> BDD-cost:    7
c ---[  82]---> BDD-cost:    7
c ---[  81]---> BDD-cost:    7
c ---[  80]---> BDD-cost:    7
c ---[  79]---> BDD-cost:    7
c ---[  78]---> BDD-cost:    7
c ---[  77]---> BDD-cost:    7
c ---[  76]---> BDD-cost:    7
c ---[  75]---> BDD-cost:    7
c ---[  74]---> BDD-cost:    7
c ---[  73]---> BDD-cost:    7
c ---[  72]---> BDD-cost:    7
c ---[  71]---> BDD-cost:    7
c ---[  70]---> BDD-cost:    7
c ---[  69]---> BDD-cost:    7
c ---[  68]---> BDD-cost:    7
c ---[  67]---> BDD-cost:    7
c ---[  66]---> BDD-cost:    7
c ---[  65]---> BDD-cost:    7
c ---[  64]---> BDD-cost:    7
c ---[  63]---> BDD-cost:    7
c ---[  62]---> BDD-cost:    7
c ---[  61]---> BDD-cost:    7
c ---[  60]---> BDD-cost:    7
c ---[  59]---> BDD-cost:    7
c ---[  58]---> BDD-cost:    7
c ---[  57]---> BDD-cost:    7
c ---[  56]---> BDD-cost:    7
c ---[  55]---> BDD-cost:    7
c ---[  54]---> BDD-cost:    7
c ---[  53]---> BDD-cost:    7
c ---[  52]---> BDD-cost:    7
c ---[  51]---> BDD-cost:    7
c ---[  50]---> BDD-cost:    7
c ---[  48]---> Adder-cost: 194   maxlim: 93   bits: 7/7
c ---[  46]---> Adder-cost: 194   maxlim: 89   bits: 7/7
c ---[  44]---> BDD-cost:  197
c ---[  42]---> BDD-cost:  389
c ---[  40]---> Adder-cost: 194   maxlim: 85   bits: 7/7
c ---[  38]---> BDD-cost:  294
c ---[  36]---> Adder-cost: 194   maxlim: 92   bits: 7/7
c ---[  34]---> Adder-cost: 194   maxlim: 95   bits: 7/7
c ---[  32]---> BDD-cost:  389
c ---[  30]---> Adder-cost: 194   maxlim: 96   bits: 7/7
c ---[  28]---> Adder-cost: 194   maxlim: 95   bits: 7/7
c ---[  26]---> BDD-cost:  294
c ---[  24]---> Adder-cost: 194   maxlim: 94   bits: 7/7
c ---[  22]---> BDD-cost:  294
c ---[  20]---> BDD-cost:  294
c ---[  18]---> Adder-cost: 194   maxlim: 96   bits: 7/7
c ---[  16]---> BDD-cost:  389
c ---[  14]---> Adder-cost: 194   maxlim: 95   bits: 7/7
c ---[  12]---> BDD-cost:  294
c ---[  10]---> Adder-cost: 194   maxlim: 96   bits: 7/7
c ---[   8]---> BDD-cost:  197
c ---[   6]---> BDD-cost:  197
c ---[   4]---> BDD-cost:  197
c ---[   2]---> BDD-cost:  197
c ---[   0]---> BDD-cost:  294
c ==================================[MINISAT+]==================================
c | Conflicts | Original         | Learnt                           | Progress |
c |           | Clauses Literals |     Max Clauses Literals     LPC |          |
c ==============================================================================
c |         0 |   59587   169310 |   19862       0        0    -nan |  0.000 % |
c |       101 |   59551   169192 |   21848      97      490     5.1 |  3.740 % |
c |       251 |   59551   169192 |   24033     247     1531     6.2 |  3.740 % |
c |       476 |   59551   169192 |   26436     472     3900     8.3 |  3.740 % |
c |       814 |   59551   169192 |   29079     810     8557    10.6 |  3.740 % |
c |      1320 |   59543   169166 |   31987    1315    14430    11.0 |  3.746 % |
c |      2080 |   59543   169166 |   35186    2075    23565    11.4 |  3.746 % |
c |      3220 |   59543   169166 |   38705    3215    37520    11.7 |  3.746 % |
c |      4928 |   59543   169166 |   42575    4923    59048    12.0 |  3.746 % |
c |      7491 |   59543   169166 |   46833    7486    89553    12.0 |  3.746 % |
c |     11335 |   59543   169166 |   51516   11330   134205    11.8 |  3.746 % |
c |     17102 |   58870   166851 |   56668   16848   241735    14.3 |  4.356 % |
c |     25753 |   58626   166013 |   62335   25199  1402328    55.7 |  4.568 % |
c |     38727 |   58499   165574 |   68569   38147  4309889   113.0 |  4.719 % |
c |     58190 |   58425   165320 |   75425   57594  9255120   160.7 |  4.804 % |
c |     87386 |   58416   165291 |   82968   23545  6125645   260.2 |  4.816 % |
c |    131177 |   58366   165123 |   91265   67328 19872920   295.2 |  4.882 % |
c |    196863 |   58357   165094 |  100391   55030 11008291   200.0 |  4.894 % |
c |    295389 |   58305   164928 |  110431   68345 21040241   307.9 |  4.961 % |
c |    443181 |   58275   164834 |  121474   24276  7863521   323.9 |  4.997 % |
c |    664864 |   58243   164728 |  133621   28961  7396202   255.4 |  5.033 % |
c |    997395 |   58243   164728 |  146983  131899 56593872   429.1 |  5.033 % |
c |   1496183 |   58204   164603 |  161682  115366 42273941   366.4 |  5.076 % |
c |   2244366 |   58170   164501 |  177850  135915 45883497   337.6 |  5.136 % |
c 
c *** TERMINATED ***
s UNKNOWN
