c Parsing PB file...
c Converting 13749 PB-constraints to clauses...
c   -- Unit propagations: (none)
c   -- Detecting intervals from adjacent constraints: ###################################################################################################################################
c   -- Clauses(.)/Splits(s): .............................................................................................................................................................................................................................................................................................................................................................................................................................................................................................................................................................................................................................................................................................................................................................................................................................................................................................................................................................................................................................................................................................................................................................................................................................................................................................................................................................................................................................................................................................................................................................................................................................................................................................................................................................................................................................................................................................................................................................................................................................................................................................................................................................................................................................................................................................................................................................................................................................................................................................................................................................................................................................................................................................................................................................................................................................................................................................................................................................................................................................................................................................................................................................................................................................................................................................................................................................................................................................................................................................................................................................................................................................................................................................................................................................................................................................................................................................................................................................................................................................................................................................................................................................................................................................................................................................................................................................................................................................................................................................................................................................................................................................................................................................................................................................................................................................................................................................................................................................................................................................................................................................................................................................................................................................................................................................................................................................................................................................................................................................................................................................................................................................................................................................................................................................................................................................................................................................................................................................................................................................................................................................................................................................................................................................................................................................................................................................................................................................................................................................................................................................................................................................................................................................................................................................................................................................................................................................................................................................................................................................................................................................................................................................................................................................................................................................................................................................................................................................................................................................................................................................................................................................................................................................................................................................................................................................................................................................................................................................................................................................................................................................................................................................................................................................................................................................................................................................................................................................................................................................................................................................................................................................................................................................................................................................................................................................................................................................................................................................................................................................................................................................................................................................................................................................................................................................................................................................................................................................................................................................................................................................................................................................................................................................................................................................................................................................................................................................................................................................................................................................................................................................................................................................................................................................................................................................................................................................................................................................................................................................................................................................................................................................................................................................................................................................................................................................................................................................................................................................................................................................................................................................................................................................................................................................................................................................................................................................................................................................................................................................................................................................................................................................................................................................................................................................................................................................................................................................................................................................................................................................................................................................................................................................................................................................................................................................................................................................................................................................................................................................................................................................................................................................................................................................................................................................................................................................................................................................................................................................................................................................................................................................................................................................................................................................................................................................................................................................................................................................................................................................................................................................................................................................................................................................................................................
c ---[13747]---> BDD-cost:   49
c ---[13745]---> BDD-cost:   49
c ---[13743]---> BDD-cost:   49
c ---[13741]---> BDD-cost:   49
c ---[13739]---> BDD-cost:   49
c ---[13737]---> BDD-cost:   49
c ---[13735]---> BDD-cost:   49
c ---[13733]---> BDD-cost:   49
c ---[13731]---> BDD-cost:   49
c ---[13729]---> BDD-cost:   49
c ---[13727]---> BDD-cost:   49
c ---[13725]---> BDD-cost:   49
c ---[13723]---> BDD-cost:   49
c ---[13721]---> BDD-cost:   49
c ---[13719]---> BDD-cost:   49
c ---[13717]---> BDD-cost:   49
c ---[13715]---> BDD-cost:   49
c ---[13713]---> BDD-cost:   49
c ---[13711]---> BDD-cost:   49
c ---[13709]---> BDD-cost:   49
c ---[13707]---> BDD-cost:   49
c ---[13705]---> BDD-cost:   49
c ---[13703]---> BDD-cost:   49
c ---[13701]---> BDD-cost:   49
c ---[13699]---> BDD-cost:   49
c ---[13697]---> BDD-cost:   49
c ---[13695]---> BDD-cost:   49
c ---[13693]---> BDD-cost:   49
c ---[13691]---> BDD-cost:   49
c ---[13689]---> BDD-cost:   49
c ---[13687]---> BDD-cost:   49
c ---[13685]---> BDD-cost:   49
c ---[13683]---> BDD-cost:   49
c ---[13681]---> BDD-cost:   49
c ---[13679]---> BDD-cost:   49
c ---[13677]---> BDD-cost:   49
c ---[13675]---> BDD-cost:   49
c ---[13673]---> BDD-cost:   49
c ---[13671]---> BDD-cost:   49
c ---[13669]---> BDD-cost:   49
c ---[13667]---> BDD-cost:   49
c ---[13665]---> BDD-cost:   49
c ---[13663]---> BDD-cost:   49
c ---[13661]---> BDD-cost:   49
c ---[13659]---> BDD-cost:   49
c ---[13657]---> BDD-cost:   49
c ---[13655]---> BDD-cost:   49
c ---[13653]---> BDD-cost:   49
c ---[13651]---> BDD-cost:   49
c ---[13649]---> BDD-cost:   49
c ---[13647]---> BDD-cost:   49
c ---[13645]---> BDD-cost:   49
c ---[13643]---> BDD-cost:   49
c ---[13641]---> BDD-cost:   49
c ---[13639]---> BDD-cost:   49
c ---[13637]---> BDD-cost:   49
c ---[13635]---> BDD-cost:   49
c ---[13633]---> BDD-cost:   49
c ---[13631]---> BDD-cost:   49
c ---[13629]---> BDD-cost:   49
c ---[13627]---> BDD-cost:   49
c ---[13625]---> BDD-cost:   49
c ---[13623]---> BDD-cost:   49
c ---[13621]---> BDD-cost:   49
c ---[13619]---> BDD-cost:   49
c ---[13617]---> BDD-cost:   49
c ---[13615]---> BDD-cost:   49
c ---[13613]---> BDD-cost:   49
c ---[13611]---> BDD-cost:   49
c ---[13609]---> BDD-cost:   49
c ---[13607]---> BDD-cost:   49
c ---[13605]---> BDD-cost:   49
c ---[13603]---> BDD-cost:   49
c ---[13601]---> BDD-cost:   49
c ---[13599]---> BDD-cost:   49
c ---[13597]---> BDD-cost:   49
c ---[13595]---> BDD-cost:   49
c ---[13593]---> BDD-cost:   49
c ---[13591]---> BDD-cost:   49
c ---[13589]---> BDD-cost:   49
c ---[13587]---> BDD-cost:   49
c ---[13585]---> BDD-cost:   49
c ---[13583]---> BDD-cost:   49
c ---[13581]---> BDD-cost:   49
c ---[13579]---> BDD-cost:   49
c ---[13577]---> BDD-cost:   49
c ---[13575]---> BDD-cost:   49
c ---[13573]---> BDD-cost:   49
c ---[13571]---> BDD-cost:   49
c ---[13569]---> BDD-cost:   49
c ---[13567]---> BDD-cost:   49
c ---[13565]---> BDD-cost:   49
c ---[13563]---> BDD-cost:   49
c ---[13561]---> BDD-cost:   49
c ---[13559]---> BDD-cost:   49
c ---[13557]---> BDD-cost:   49
c ---[13555]---> BDD-cost:   49
c ---[13553]---> BDD-cost:   49
c ---[13551]---> BDD-cost:   49
c ---[13549]---> BDD-cost:   49
c ---[ 547]---> Adder-cost: 194   maxlim: 51   bits: 7/6
c ---[ 446]---> Adder-cost: 194   maxlim: 45   bits: 7/6
c ---[ 346]---> Adder-cost: 194   maxlim: 68   bits: 7/7
c ---[ 345]---> BDD-cost:    3
c ---[ 344]---> BDD-cost:    3
c ---[ 343]---> BDD-cost:    3
c ---[ 342]---> BDD-cost:    3
c ---[ 341]---> BDD-cost:    3
c ---[ 340]---> BDD-cost:    3
c ---[ 339]---> BDD-cost:    3
c ---[ 338]---> BDD-cost:    3
c ---[ 337]---> BDD-cost:    3
c ---[ 336]---> BDD-cost:    3
c ---[ 335]---> BDD-cost:    3
c ---[ 334]---> BDD-cost:    3
c ---[ 333]---> BDD-cost:    3
c ---[ 332]---> BDD-cost:    3
c ---[ 331]---> BDD-cost:    3
c ---[ 330]---> BDD-cost:    3
c ---[ 329]---> BDD-cost:    3
c ---[ 328]---> BDD-cost:    3
c ---[ 327]---> BDD-cost:    3
c ---[ 326]---> BDD-cost:    3
c ---[ 325]---> BDD-cost:    3
c ---[ 324]---> BDD-cost:    3
c ---[ 323]---> BDD-cost:    3
c ---[ 322]---> BDD-cost:    3
c ---[ 321]---> BDD-cost:    3
c ---[ 320]---> BDD-cost:    3
c ---[ 319]---> BDD-cost:    3
c ---[ 318]---> BDD-cost:    3
c ---[ 317]---> BDD-cost:    3
c ---[ 316]---> BDD-cost:    3
c ---[ 315]---> BDD-cost:    3
c ---[ 314]---> BDD-cost:    3
c ---[ 313]---> BDD-cost:    3
c ---[ 312]---> BDD-cost:    3
c ---[ 311]---> BDD-cost:    3
c ---[ 310]---> BDD-cost:    3
c ---[ 309]---> BDD-cost:    3
c ---[ 308]---> BDD-cost:    3
c ---[ 307]---> BDD-cost:    3
c ---[ 306]---> BDD-cost:    3
c ---[ 305]---> BDD-cost:    3
c ---[ 304]---> BDD-cost:    3
c ---[ 303]---> BDD-cost:    3
c ---[ 302]---> BDD-cost:    3
c ---[ 301]---> BDD-cost:    3
c ---[ 300]---> BDD-cost:    3
c ---[ 299]---> BDD-cost:    3
c ---[ 298]---> BDD-cost:    3
c ---[ 297]---> BDD-cost:    3
c ---[ 296]---> BDD-cost:    3
c ---[ 295]---> BDD-cost:    3
c ---[ 294]---> BDD-cost:    3
c ---[ 293]---> BDD-cost:    3
c ---[ 292]---> BDD-cost:    3
c ---[ 291]---> BDD-cost:    3
c ---[ 290]---> BDD-cost:    3
c ---[ 289]---> BDD-cost:    3
c ---[ 288]---> BDD-cost:    3
c ---[ 287]---> BDD-cost:    3
c ---[ 286]---> BDD-cost:    3
c ---[ 285]---> BDD-cost:    3
c ---[ 284]---> BDD-cost:    3
c ---[ 283]---> BDD-cost:    3
c ---[ 282]---> BDD-cost:    3
c ---[ 281]---> BDD-cost:    3
c ---[ 280]---> BDD-cost:    3
c ---[ 279]---> BDD-cost:    3
c ---[ 278]---> BDD-cost:    3
c ---[ 277]---> BDD-cost:    3
c ---[ 276]---> BDD-cost:    3
c ---[ 275]---> BDD-cost:    3
c ---[ 274]---> BDD-cost:    3
c ---[ 273]---> BDD-cost:    3
c ---[ 272]---> BDD-cost:    3
c ---[ 271]---> BDD-cost:    3
c ---[ 270]---> BDD-cost:    3
c ---[ 269]---> BDD-cost:    3
c ---[ 268]---> BDD-cost:    3
c ---[ 267]---> BDD-cost:    3
c ---[ 266]---> BDD-cost:    3
c ---[ 265]---> BDD-cost:    3
c ---[ 264]---> BDD-cost:    3
c ---[ 263]---> BDD-cost:    3
c ---[ 262]---> BDD-cost:    3
c ---[ 261]---> BDD-cost:    3
c ---[ 260]---> BDD-cost:    3
c ---[ 259]---> BDD-cost:    3
c ---[ 258]---> BDD-cost:    3
c ---[ 257]---> BDD-cost:    3
c ---[ 256]---> BDD-cost:    3
c ---[ 255]---> BDD-cost:    3
c ---[ 254]---> BDD-cost:    3
c ---[ 253]---> BDD-cost:    3
c ---[ 252]---> BDD-cost:    3
c ---[ 251]---> BDD-cost:    3
c ---[ 250]---> BDD-cost:    3
c ---[ 249]---> BDD-cost:    3
c ---[ 248]---> BDD-cost:    3
c ---[ 246]---> Adder-cost: 194   maxlim: 60   bits: 7/6
c ---[ 245]---> BDD-cost:    8
c ---[ 244]---> BDD-cost:    8
c ---[ 243]---> BDD-cost:    8
c ---[ 242]---> BDD-cost:    8
c ---[ 241]---> BDD-cost:    8
c ---[ 240]---> BDD-cost:    8
c ---[ 239]---> BDD-cost:    8
c ---[ 238]---> BDD-cost:    8
c ---[ 237]---> BDD-cost:    8
c ---[ 236]---> BDD-cost:    8
c ---[ 235]---> BDD-cost:    8
c ---[ 234]---> BDD-cost:    8
c ---[ 233]---> BDD-cost:    8
c ---[ 232]---> BDD-cost:    8
c ---[ 231]---> BDD-cost:    8
c ---[ 230]---> BDD-cost:    8
c ---[ 229]---> BDD-cost:    8
c ---[ 228]---> BDD-cost:    8
c ---[ 227]---> BDD-cost:    8
c ---[ 226]---> BDD-cost:    8
c ---[ 225]---> BDD-cost:    8
c ---[ 224]---> BDD-cost:    8
c ---[ 223]---> BDD-cost:    8
c ---[ 222]---> BDD-cost:    8
c ---[ 221]---> BDD-cost:    8
c ---[ 220]---> BDD-cost:    8
c ---[ 219]---> BDD-cost:    8
c ---[ 218]---> BDD-cost:    8
c ---[ 217]---> BDD-cost:    8
c ---[ 216]---> BDD-cost:    8
c ---[ 215]---> BDD-cost:    8
c ---[ 214]---> BDD-cost:    8
c ---[ 213]---> BDD-cost:    8
c ---[ 212]---> BDD-cost:    8
c ---[ 211]---> BDD-cost:    8
c ---[ 210]---> BDD-cost:    8
c ---[ 209]---> BDD-cost:    8
c ---[ 208]---> BDD-cost:    8
c ---[ 207]---> BDD-cost:    8
c ---[ 206]---> BDD-cost:    8
c ---[ 205]---> BDD-cost:    8
c ---[ 204]---> BDD-cost:    8
c ---[ 203]---> BDD-cost:    8
c ---[ 202]---> BDD-cost:    8
c ---[ 201]---> BDD-cost:    8
c ---[ 200]---> BDD-cost:    8
c ---[ 199]---> BDD-cost:    8
c ---[ 198]---> BDD-cost:    8
c ---[ 197]---> BDD-cost:    8
c ---[ 196]---> BDD-cost:    8
c ---[ 195]---> BDD-cost:    8
c ---[ 194]---> BDD-cost:    8
c ---[ 193]---> BDD-cost:    8
c ---[ 192]---> BDD-cost:    8
c ---[ 191]---> BDD-cost:    8
c ---[ 190]---> BDD-cost:    8
c ---[ 189]---> BDD-cost:    8
c ---[ 188]---> BDD-cost:    8
c ---[ 187]---> BDD-cost:    8
c ---[ 186]---> BDD-cost:    8
c ---[ 185]---> BDD-cost:    8
c ---[ 184]---> BDD-cost:    8
c ---[ 183]---> BDD-cost:    8
c ---[ 182]---> BDD-cost:    8
c ---[ 181]---> BDD-cost:    8
c ---[ 180]---> BDD-cost:    8
c ---[ 179]---> BDD-cost:    8
c ---[ 178]---> BDD-cost:    8
c ---[ 177]---> BDD-cost:    8
c ---[ 176]---> BDD-cost:    8
c ---[ 175]---> BDD-cost:    8
c ---[ 174]---> BDD-cost:    8
c ---[ 173]---> BDD-cost:    8
c ---[ 172]---> BDD-cost:    8
c ---[ 171]---> BDD-cost:    8
c ---[ 170]---> BDD-cost:    8
c ---[ 169]---> BDD-cost:    8
c ---[ 168]---> BDD-cost:    8
c ---[ 167]---> BDD-cost:    8
c ---[ 166]---> BDD-cost:    8
c ---[ 165]---> BDD-cost:    8
c ---[ 164]---> BDD-cost:    8
c ---[ 163]---> BDD-cost:    8
c ---[ 162]---> BDD-cost:    8
c ---[ 161]---> BDD-cost:    8
c ---[ 160]---> BDD-cost:    8
c ---[ 159]---> BDD-cost:    8
c ---[ 158]---> BDD-cost:    8
c ---[ 157]---> BDD-cost:    8
c ---[ 156]---> BDD-cost:    8
c ---[ 155]---> BDD-cost:    8
c ---[ 154]---> BDD-cost:    8
c ---[ 153]---> BDD-cost:    8
c ---[ 152]---> BDD-cost:    8
c ---[ 151]---> BDD-cost:    8
c ---[ 150]---> BDD-cost:    8
c ---[ 148]---> Adder-cost: 194   maxlim: 80   bits: 7/7
c ---[ 147]---> BDD-cost:    7
c ---[ 146]---> BDD-cost:    7
c ---[ 145]---> BDD-cost:    7
c ---[ 144]---> BDD-cost:    7
c ---[ 143]---> BDD-cost:    7
c ---[ 142]---> BDD-cost:    7
c ---[ 141]---> BDD-cost:    7
c ---[ 140]---> BDD-cost:    7
c ---[ 139]---> BDD-cost:    7
c ---[ 138]---> BDD-cost:    7
c ---[ 137]---> BDD-cost:    7
c ---[ 136]---> BDD-cost:    7
c ---[ 135]---> BDD-cost:    7
c ---[ 134]---> BDD-cost:    7
c ---[ 133]---> BDD-cost:    7
c ---[ 132]---> BDD-cost:    7
c ---[ 131]---> BDD-cost:    7
c ---[ 130]---> BDD-cost:    7
c ---[ 129]---> BDD-cost:    7
c ---[ 128]---> BDD-cost:    7
c ---[ 127]---> BDD-cost:    7
c ---[ 126]---> BDD-cost:    7
c ---[ 125]---> BDD-cost:    7
c ---[ 124]---> BDD-cost:    7
c ---[ 123]---> BDD-cost:    7
c ---[ 122]---> BDD-cost:    7
c ---[ 121]---> BDD-cost:    7
c ---[ 120]---> BDD-cost:    7
c ---[ 119]---> BDD-cost:    7
c ---[ 118]---> BDD-cost:    7
c ---[ 117]---> BDD-cost:    7
c ---[ 116]---> BDD-cost:    7
c ---[ 115]---> BDD-cost:    7
c ---[ 114]---> BDD-cost:    7
c ---[ 113]---> BDD-cost:    7
c ---[ 112]---> BDD-cost:    7
c ---[ 111]---> BDD-cost:    7
c ---[ 110]---> BDD-cost:    7
c ---[ 109]---> BDD-cost:    7
c ---[ 108]---> BDD-cost:    7
c ---[ 107]---> BDD-cost:    7
c ---[ 106]---> BDD-cost:    7
c ---[ 105]---> BDD-cost:    7
c ---[ 104]---> BDD-cost:    7
c ---[ 103]---> BDD-cost:    7
c ---[ 102]---> BDD-cost:    7
c ---[ 101]---> BDD-cost:    7
c ---[ 100]---> BDD-cost:    7
c ---[  99]---> BDD-cost:    7
c ---[  98]---> BDD-cost:    7
c ---[  97]---> BDD-cost:    7
c ---[  96]---> BDD-cost:    7
c ---[  95]---> BDD-cost:    7
c ---[  94]---> BDD-cost:    7
c ---[  93]---> BDD-cost:    7
c ---[  92]---> BDD-cost:    7
c ---[  91]---> BDD-cost:    7
c ---[  90]---> BDD-cost:    7
c ---[  89]---> BDD-cost:    7
c ---[  88]---> BDD-cost:    7
c ---[  87]---> BDD-cost:    7
c ---[  86]---> BDD-cost:    7
c ---[  85]---> BDD-cost:    7
c ---[  84]---> BDD-cost:    7
c ---[  83]---> BDD-cost:    7
c ---[  82]---> BDD-cost:    7
c ---[  81]---> BDD-cost:    7
c ---[  80]---> BDD-cost:    7
c ---[  79]---> BDD-cost:    7
c ---[  78]---> BDD-cost:    7
c ---[  77]---> BDD-cost:    7
c ---[  76]---> BDD-cost:    7
c ---[  75]---> BDD-cost:    7
c ---[  74]---> BDD-cost:    7
c ---[  73]---> BDD-cost:    7
c ---[  72]---> BDD-cost:    7
c ---[  71]---> BDD-cost:    7
c ---[  70]---> BDD-cost:    7
c ---[  69]---> BDD-cost:    7
c ---[  68]---> BDD-cost:    7
c ---[  67]---> BDD-cost:    7
c ---[  66]---> BDD-cost:    7
c ---[  65]---> BDD-cost:    7
c ---[  64]---> BDD-cost:    7
c ---[  63]---> BDD-cost:    7
c ---[  62]---> BDD-cost:    7
c ---[  61]---> BDD-cost:    7
c ---[  60]---> BDD-cost:    7
c ---[  59]---> BDD-cost:    7
c ---[  58]---> BDD-cost:    7
c ---[  57]---> BDD-cost:    7
c ---[  56]---> BDD-cost:    7
c ---[  55]---> BDD-cost:    7
c ---[  54]---> BDD-cost:    7
c ---[  53]---> BDD-cost:    7
c ---[  52]---> BDD-cost:    7
c ---[  50]---> Adder-cost: 194   maxlim: 90   bits: 7/7
c ---[  48]---> BDD-cost:  294
c ---[  46]---> Adder-cost: 194   maxlim: 92   bits: 7/7
c ---[  44]---> Adder-cost: 194   maxlim: 92   bits: 7/7
c ---[  42]---> Adder-cost: 194   maxlim: 94   bits: 7/7
c ---[  40]---> Adder-cost: 194   maxlim: 89   bits: 7/7
c ---[  38]---> BDD-cost:  389
c ---[  36]---> BDD-cost:  294
c ---[  34]---> Adder-cost: 194   maxlim: 93   bits: 7/7
c ---[  32]---> BDD-cost:  294
c ---[  30]---> Adder-cost: 194   maxlim: 96   bits: 7/7
c ---[  28]---> Adder-cost: 194   maxlim: 93   bits: 7/7
c ---[  26]---> BDD-cost:  197
c ---[  24]---> BDD-cost:  389
c ---[  22]---> Adder-cost: 194   maxlim: 96   bits: 7/7
c ---[  20]---> Adder-cost: 194   maxlim: 95   bits: 7/7
c ---[  18]---> BDD-cost:  294
c ---[  16]---> BDD-cost:  197
c ---[  14]---> BDD-cost:  294
c ---[  12]---> BDD-cost:  389
c ---[  10]---> BDD-cost:  294
c ---[   8]---> BDD-cost:  197
c ---[   6]---> BDD-cost:  389
c ---[   4]---> BDD-cost:  197
c ---[   2]---> BDD-cost:  197
c ---[   0]---> BDD-cost:  197
c ==================================[MINISAT+]==================================
c | Conflicts | Original         | Learnt                           | Progress |
c |           | Clauses Literals |     Max Clauses Literals     LPC |          |
c ==============================================================================
c |         0 |   60836   171237 |   20278       0        0    -nan |  0.000 % |
c |       101 |   60836   171237 |   22305     101      979     9.7 |  3.487 % |
c |       251 |   60836   171237 |   24536     251     2287     9.1 |  3.487 % |
c |       476 |   60820   171183 |   26990     473     4087     8.6 |  3.498 % |
c |       813 |   60801   171122 |   29689     804     7347     9.1 |  3.516 % |
c |      1319 |   60369   169644 |   32657    1173     9799     8.4 |  3.910 % |
c |      2078 |   60221   169134 |   35923    1884    17424     9.2 |  4.050 % |
c |      3217 |   60108   168747 |   39516    3001    30727    10.2 |  4.137 % |
c |      4925 |   60010   168415 |   43467    4694    74640    15.9 |  4.224 % |
c |      7489 |   59718   167413 |   47814    7192   150704    21.0 |  4.508 % |
c |     11333 |   59700   167351 |   52595   11033   345102    31.3 |  4.520 % |
c |     17099 |   59380   166261 |   57855   16743   736485    44.0 |  4.856 % |
c |     25748 |   58744   164067 |   63641   25204  1318423    52.3 |  5.460 % |
c |     38722 |   58706   163937 |   70005   38170  4938500   129.4 |  5.506 % |
c |     58183 |   58636   163703 |   77005   57604  8502854   147.6 |  5.570 % |
c |     87376 |   58616   163637 |   84706   23994  6290871   262.2 |  5.587 % |
c |    131165 |   58523   163322 |   93176   67768 13054882   192.6 |  5.686 % |
c |    196849 |   58419   162982 |  102494   56225 11938289   212.3 |  5.790 % |
c |    295376 |   58392   162891 |  112744   65266 21185649   324.6 |  5.819 % |
c |    443165 |   58332   162693 |  124018  110734 25271960   228.2 |  5.877 % |
c |    664848 |   58288   162549 |  136420  111187 29990644   269.7 |  5.935 % |
c |    997373 |   58280   162523 |  150062   68660 39396214   573.8 |  5.941 % |
c |   1496163 |   58207   162280 |  165068  152028 53493163   351.9 |  6.017 % |
c |   2244345 |   58075   161830 |  181575  145770 55129864   378.2 |  6.133 % |
c 
c *** TERMINATED ***
s UNKNOWN
