c Parsing PB file...
c Converting 11741 PB-constraints to clauses...
c   -- Unit propagations: (none)
c   -- Detecting intervals from adjacent constraints: ###############################################################################################################################
c   -- Clauses(.)/Splits(s): .............................................................................................................................................................................................................................................................................................................................................................................................................................................................................................................................................................................................................................................................................................................................................................................................................................................................................................................................................................................................................................................................................................................................................................................................................................................................................................................................................................................................................................................................................................................................................................................................................................................................................................................................................................................................................................................................................................................................................................................................................................................................................................................................................................................................................................................................................................................................................................................................................................................................................................................................................................................................................................................................................................................................................................................................................................................................................................................................................................................................................................................................................................................................................................................................................................................................................................................................................................................................................................................................................................................................................................................................................................................................................................................................................................................................................................................................................................................................................................................................................................................................................................................................................................................................................................................................................................................................................................................................................................................................................................................................................................................................................................................................................................................................................................................................................................................................................................................................................................................................................................................................................................................................................................................................................................................................................................................................................................................................................................................................................................................................................................................................................................................................................................................................................................................................................................................................................................................................................................................................................................................................................................................................................................................................................................................................................................................................................................................................................................................................................................................................................................................................................................................................................................................................................................................................................................................................................................................................................................................................................................................................................................................................................................................................................................................................................................................................................................................................................................................................................................................................................................................................................................................................................................................................................................................................................................................................................................................................................................................................................................................................................................................................................................................................................................................................................................................................................................................................................................................................................................................................................................................................................................................................................................................................................................................................................................................................................................................................................................................................................................................................................................................................................................................................................................................................................................................................................................................................................................................................................................................................................................................................................................................................................................................................................................................................................................................................................................................................................................................................................................................................................................................................................................................................................................................................................................................................................................................................................................................................................................................................................................................................................................................................................................................................................................................................................................................................................................................................................................................................................................................................................................................................................................................................................................................................................................................................................................................................................................................................................................................................................................................................................................................................
c ---[11739]---> BDD-cost:   41
c ---[11737]---> BDD-cost:   41
c ---[11735]---> BDD-cost:   41
c ---[11733]---> BDD-cost:   41
c ---[11731]---> BDD-cost:   41
c ---[11729]---> BDD-cost:   41
c ---[11727]---> BDD-cost:   41
c ---[11725]---> BDD-cost:   41
c ---[11723]---> BDD-cost:   41
c ---[11721]---> BDD-cost:   41
c ---[11719]---> BDD-cost:   41
c ---[11717]---> BDD-cost:   41
c ---[11715]---> BDD-cost:   41
c ---[11713]---> BDD-cost:   41
c ---[11711]---> BDD-cost:   41
c ---[11709]---> BDD-cost:   41
c ---[11707]---> BDD-cost:   41
c ---[11705]---> BDD-cost:   41
c ---[11703]---> BDD-cost:   41
c ---[11701]---> BDD-cost:   41
c ---[11699]---> BDD-cost:   41
c ---[11697]---> BDD-cost:   41
c ---[11695]---> BDD-cost:   41
c ---[11693]---> BDD-cost:   41
c ---[11691]---> BDD-cost:   41
c ---[11689]---> BDD-cost:   41
c ---[11687]---> BDD-cost:   41
c ---[11685]---> BDD-cost:   41
c ---[11683]---> BDD-cost:   41
c ---[11681]---> BDD-cost:   41
c ---[11679]---> BDD-cost:   41
c ---[11677]---> BDD-cost:   41
c ---[11675]---> BDD-cost:   41
c ---[11673]---> BDD-cost:   41
c ---[11671]---> BDD-cost:   41
c ---[11669]---> BDD-cost:   41
c ---[11667]---> BDD-cost:   41
c ---[11665]---> BDD-cost:   41
c ---[11663]---> BDD-cost:   41
c ---[11661]---> BDD-cost:   41
c ---[11659]---> BDD-cost:   41
c ---[11657]---> BDD-cost:   41
c ---[11655]---> BDD-cost:   41
c ---[11653]---> BDD-cost:   41
c ---[11651]---> BDD-cost:   41
c ---[11649]---> BDD-cost:   41
c ---[11647]---> BDD-cost:   41
c ---[11645]---> BDD-cost:   41
c ---[11643]---> BDD-cost:   41
c ---[11641]---> BDD-cost:   41
c ---[11639]---> BDD-cost:   41
c ---[11637]---> BDD-cost:   41
c ---[11635]---> BDD-cost:   41
c ---[11633]---> BDD-cost:   41
c ---[11631]---> BDD-cost:   41
c ---[11629]---> BDD-cost:   41
c ---[11627]---> BDD-cost:   41
c ---[11625]---> BDD-cost:   41
c ---[11623]---> BDD-cost:   41
c ---[11621]---> BDD-cost:   41
c ---[11619]---> BDD-cost:   41
c ---[11617]---> BDD-cost:   41
c ---[11615]---> BDD-cost:   41
c ---[11613]---> BDD-cost:   41
c ---[11611]---> BDD-cost:   41
c ---[11609]---> BDD-cost:   41
c ---[11607]---> BDD-cost:   41
c ---[11605]---> BDD-cost:   41
c ---[11603]---> BDD-cost:   41
c ---[11601]---> BDD-cost:   41
c ---[11599]---> BDD-cost:   41
c ---[11597]---> BDD-cost:   41
c ---[11595]---> BDD-cost:   41
c ---[11593]---> BDD-cost:   41
c ---[11591]---> BDD-cost:   41
c ---[11589]---> BDD-cost:   41
c ---[11587]---> BDD-cost:   41
c ---[11585]---> BDD-cost:   41
c ---[11583]---> BDD-cost:   41
c ---[11581]---> BDD-cost:   41
c ---[11579]---> BDD-cost:   41
c ---[11577]---> BDD-cost:   41
c ---[11575]---> BDD-cost:   41
c ---[11573]---> BDD-cost:   41
c ---[11571]---> BDD-cost:   41
c ---[11569]---> BDD-cost:   41
c ---[11567]---> BDD-cost:   41
c ---[11565]---> BDD-cost:   41
c ---[11563]---> BDD-cost:   41
c ---[11561]---> BDD-cost:   41
c ---[11559]---> BDD-cost:   41
c ---[11557]---> BDD-cost:   41
c ---[11555]---> BDD-cost:   41
c ---[11553]---> BDD-cost:   41
c ---[11551]---> BDD-cost:   41
c ---[11549]---> BDD-cost:   41
c ---[11547]---> BDD-cost:   41
c ---[11545]---> BDD-cost:   41
c ---[11543]---> BDD-cost:   41
c ---[11541]---> BDD-cost:   41
c ---[ 539]---> Adder-cost: 194   maxlim: 55   bits: 7/6
c ---[ 438]---> Adder-cost: 194   maxlim: 33   bits: 7/6
c ---[ 338]---> Adder-cost: 194   maxlim: 71   bits: 7/7
c ---[ 337]---> BDD-cost:    3
c ---[ 336]---> BDD-cost:    3
c ---[ 335]---> BDD-cost:    3
c ---[ 334]---> BDD-cost:    3
c ---[ 333]---> BDD-cost:    3
c ---[ 332]---> BDD-cost:    3
c ---[ 331]---> BDD-cost:    3
c ---[ 330]---> BDD-cost:    3
c ---[ 329]---> BDD-cost:    3
c ---[ 328]---> BDD-cost:    3
c ---[ 327]---> BDD-cost:    3
c ---[ 326]---> BDD-cost:    3
c ---[ 325]---> BDD-cost:    3
c ---[ 324]---> BDD-cost:    3
c ---[ 323]---> BDD-cost:    3
c ---[ 322]---> BDD-cost:    3
c ---[ 321]---> BDD-cost:    3
c ---[ 320]---> BDD-cost:    3
c ---[ 319]---> BDD-cost:    3
c ---[ 318]---> BDD-cost:    3
c ---[ 317]---> BDD-cost:    3
c ---[ 316]---> BDD-cost:    3
c ---[ 315]---> BDD-cost:    3
c ---[ 314]---> BDD-cost:    3
c ---[ 313]---> BDD-cost:    3
c ---[ 312]---> BDD-cost:    3
c ---[ 311]---> BDD-cost:    3
c ---[ 310]---> BDD-cost:    3
c ---[ 309]---> BDD-cost:    3
c ---[ 308]---> BDD-cost:    3
c ---[ 307]---> BDD-cost:    3
c ---[ 306]---> BDD-cost:    3
c ---[ 305]---> BDD-cost:    3
c ---[ 304]---> BDD-cost:    3
c ---[ 303]---> BDD-cost:    3
c ---[ 302]---> BDD-cost:    3
c ---[ 301]---> BDD-cost:    3
c ---[ 300]---> BDD-cost:    3
c ---[ 299]---> BDD-cost:    3
c ---[ 298]---> BDD-cost:    3
c ---[ 297]---> BDD-cost:    3
c ---[ 296]---> BDD-cost:    3
c ---[ 295]---> BDD-cost:    3
c ---[ 294]---> BDD-cost:    3
c ---[ 293]---> BDD-cost:    3
c ---[ 292]---> BDD-cost:    3
c ---[ 291]---> BDD-cost:    3
c ---[ 290]---> BDD-cost:    3
c ---[ 289]---> BDD-cost:    3
c ---[ 288]---> BDD-cost:    3
c ---[ 287]---> BDD-cost:    3
c ---[ 286]---> BDD-cost:    3
c ---[ 285]---> BDD-cost:    3
c ---[ 284]---> BDD-cost:    3
c ---[ 283]---> BDD-cost:    3
c ---[ 282]---> BDD-cost:    3
c ---[ 281]---> BDD-cost:    3
c ---[ 280]---> BDD-cost:    3
c ---[ 279]---> BDD-cost:    3
c ---[ 278]---> BDD-cost:    3
c ---[ 277]---> BDD-cost:    3
c ---[ 276]---> BDD-cost:    3
c ---[ 275]---> BDD-cost:    3
c ---[ 274]---> BDD-cost:    3
c ---[ 273]---> BDD-cost:    3
c ---[ 272]---> BDD-cost:    3
c ---[ 271]---> BDD-cost:    3
c ---[ 270]---> BDD-cost:    3
c ---[ 269]---> BDD-cost:    3
c ---[ 268]---> BDD-cost:    3
c ---[ 267]---> BDD-cost:    3
c ---[ 266]---> BDD-cost:    3
c ---[ 265]---> BDD-cost:    3
c ---[ 264]---> BDD-cost:    3
c ---[ 263]---> BDD-cost:    3
c ---[ 262]---> BDD-cost:    3
c ---[ 261]---> BDD-cost:    3
c ---[ 260]---> BDD-cost:    3
c ---[ 259]---> BDD-cost:    3
c ---[ 258]---> BDD-cost:    3
c ---[ 257]---> BDD-cost:    3
c ---[ 256]---> BDD-cost:    3
c ---[ 255]---> BDD-cost:    3
c ---[ 254]---> BDD-cost:    3
c ---[ 253]---> BDD-cost:    3
c ---[ 252]---> BDD-cost:    3
c ---[ 251]---> BDD-cost:    3
c ---[ 250]---> BDD-cost:    3
c ---[ 249]---> BDD-cost:    3
c ---[ 248]---> BDD-cost:    3
c ---[ 247]---> BDD-cost:    3
c ---[ 246]---> BDD-cost:    3
c ---[ 245]---> BDD-cost:    3
c ---[ 244]---> BDD-cost:    3
c ---[ 243]---> BDD-cost:    3
c ---[ 242]---> BDD-cost:    3
c ---[ 241]---> BDD-cost:    3
c ---[ 240]---> BDD-cost:    3
c ---[ 238]---> Adder-cost: 194   maxlim: 60   bits: 7/6
c ---[ 237]---> BDD-cost:    8
c ---[ 236]---> BDD-cost:    8
c ---[ 235]---> BDD-cost:    8
c ---[ 234]---> BDD-cost:    8
c ---[ 233]---> BDD-cost:    8
c ---[ 232]---> BDD-cost:    8
c ---[ 231]---> BDD-cost:    8
c ---[ 230]---> BDD-cost:    8
c ---[ 229]---> BDD-cost:    8
c ---[ 228]---> BDD-cost:    8
c ---[ 227]---> BDD-cost:    8
c ---[ 226]---> BDD-cost:    8
c ---[ 225]---> BDD-cost:    8
c ---[ 224]---> BDD-cost:    8
c ---[ 223]---> BDD-cost:    8
c ---[ 222]---> BDD-cost:    8
c ---[ 221]---> BDD-cost:    8
c ---[ 220]---> BDD-cost:    8
c ---[ 219]---> BDD-cost:    8
c ---[ 218]---> BDD-cost:    8
c ---[ 217]---> BDD-cost:    8
c ---[ 216]---> BDD-cost:    8
c ---[ 215]---> BDD-cost:    8
c ---[ 214]---> BDD-cost:    8
c ---[ 213]---> BDD-cost:    8
c ---[ 212]---> BDD-cost:    8
c ---[ 211]---> BDD-cost:    8
c ---[ 210]---> BDD-cost:    8
c ---[ 209]---> BDD-cost:    8
c ---[ 208]---> BDD-cost:    8
c ---[ 207]---> BDD-cost:    8
c ---[ 206]---> BDD-cost:    8
c ---[ 205]---> BDD-cost:    8
c ---[ 204]---> BDD-cost:    8
c ---[ 203]---> BDD-cost:    8
c ---[ 202]---> BDD-cost:    8
c ---[ 201]---> BDD-cost:    8
c ---[ 200]---> BDD-cost:    8
c ---[ 199]---> BDD-cost:    8
c ---[ 198]---> BDD-cost:    8
c ---[ 197]---> BDD-cost:    8
c ---[ 196]---> BDD-cost:    8
c ---[ 195]---> BDD-cost:    8
c ---[ 194]---> BDD-cost:    8
c ---[ 193]---> BDD-cost:    8
c ---[ 192]---> BDD-cost:    8
c ---[ 191]---> BDD-cost:    8
c ---[ 190]---> BDD-cost:    8
c ---[ 189]---> BDD-cost:    8
c ---[ 188]---> BDD-cost:    8
c ---[ 187]---> BDD-cost:    8
c ---[ 186]---> BDD-cost:    8
c ---[ 185]---> BDD-cost:    8
c ---[ 184]---> BDD-cost:    8
c ---[ 183]---> BDD-cost:    8
c ---[ 182]---> BDD-cost:    8
c ---[ 181]---> BDD-cost:    8
c ---[ 180]---> BDD-cost:    8
c ---[ 179]---> BDD-cost:    8
c ---[ 178]---> BDD-cost:    8
c ---[ 177]---> BDD-cost:    8
c ---[ 176]---> BDD-cost:    8
c ---[ 175]---> BDD-cost:    8
c ---[ 174]---> BDD-cost:    8
c ---[ 173]---> BDD-cost:    8
c ---[ 172]---> BDD-cost:    8
c ---[ 171]---> BDD-cost:    8
c ---[ 170]---> BDD-cost:    8
c ---[ 169]---> BDD-cost:    8
c ---[ 168]---> BDD-cost:    8
c ---[ 167]---> BDD-cost:    8
c ---[ 166]---> BDD-cost:    8
c ---[ 165]---> BDD-cost:    8
c ---[ 164]---> BDD-cost:    8
c ---[ 163]---> BDD-cost:    8
c ---[ 162]---> BDD-cost:    8
c ---[ 161]---> BDD-cost:    8
c ---[ 160]---> BDD-cost:    8
c ---[ 159]---> BDD-cost:    8
c ---[ 158]---> BDD-cost:    8
c ---[ 157]---> BDD-cost:    8
c ---[ 156]---> BDD-cost:    8
c ---[ 155]---> BDD-cost:    8
c ---[ 154]---> BDD-cost:    8
c ---[ 153]---> BDD-cost:    8
c ---[ 152]---> BDD-cost:    8
c ---[ 151]---> BDD-cost:    8
c ---[ 150]---> BDD-cost:    8
c ---[ 149]---> BDD-cost:    8
c ---[ 148]---> BDD-cost:    8
c ---[ 147]---> BDD-cost:    8
c ---[ 146]---> BDD-cost:    8
c ---[ 145]---> BDD-cost:    8
c ---[ 144]---> BDD-cost:    8
c ---[ 143]---> BDD-cost:    8
c ---[ 142]---> BDD-cost:    8
c ---[ 140]---> Adder-cost: 194   maxlim: 85   bits: 7/7
c ---[ 139]---> BDD-cost:    7
c ---[ 138]---> BDD-cost:    7
c ---[ 137]---> BDD-cost:    7
c ---[ 136]---> BDD-cost:    7
c ---[ 135]---> BDD-cost:    7
c ---[ 134]---> BDD-cost:    7
c ---[ 133]---> BDD-cost:    7
c ---[ 132]---> BDD-cost:    7
c ---[ 131]---> BDD-cost:    7
c ---[ 130]---> BDD-cost:    7
c ---[ 129]---> BDD-cost:    7
c ---[ 128]---> BDD-cost:    7
c ---[ 127]---> BDD-cost:    7
c ---[ 126]---> BDD-cost:    7
c ---[ 125]---> BDD-cost:    7
c ---[ 124]---> BDD-cost:    7
c ---[ 123]---> BDD-cost:    7
c ---[ 122]---> BDD-cost:    7
c ---[ 121]---> BDD-cost:    7
c ---[ 120]---> BDD-cost:    7
c ---[ 119]---> BDD-cost:    7
c ---[ 118]---> BDD-cost:    7
c ---[ 117]---> BDD-cost:    7
c ---[ 116]---> BDD-cost:    7
c ---[ 115]---> BDD-cost:    7
c ---[ 114]---> BDD-cost:    7
c ---[ 113]---> BDD-cost:    7
c ---[ 112]---> BDD-cost:    7
c ---[ 111]---> BDD-cost:    7
c ---[ 110]---> BDD-cost:    7
c ---[ 109]---> BDD-cost:    7
c ---[ 108]---> BDD-cost:    7
c ---[ 107]---> BDD-cost:    7
c ---[ 106]---> BDD-cost:    7
c ---[ 105]---> BDD-cost:    7
c ---[ 104]---> BDD-cost:    7
c ---[ 103]---> BDD-cost:    7
c ---[ 102]---> BDD-cost:    7
c ---[ 101]---> BDD-cost:    7
c ---[ 100]---> BDD-cost:    7
c ---[  99]---> BDD-cost:    7
c ---[  98]---> BDD-cost:    7
c ---[  97]---> BDD-cost:    7
c ---[  96]---> BDD-cost:    7
c ---[  95]---> BDD-cost:    7
c ---[  94]---> BDD-cost:    7
c ---[  93]---> BDD-cost:    7
c ---[  92]---> BDD-cost:    7
c ---[  91]---> BDD-cost:    7
c ---[  90]---> BDD-cost:    7
c ---[  89]---> BDD-cost:    7
c ---[  88]---> BDD-cost:    7
c ---[  87]---> BDD-cost:    7
c ---[  86]---> BDD-cost:    7
c ---[  85]---> BDD-cost:    7
c ---[  84]---> BDD-cost:    7
c ---[  83]---> BDD-cost:    7
c ---[  82]---> BDD-cost:    7
c ---[  81]---> BDD-cost:    7
c ---[  80]---> BDD-cost:    7
c ---[  79]---> BDD-cost:    7
c ---[  78]---> BDD-cost:    7
c ---[  77]---> BDD-cost:    7
c ---[  76]---> BDD-cost:    7
c ---[  75]---> BDD-cost:    7
c ---[  74]---> BDD-cost:    7
c ---[  73]---> BDD-cost:    7
c ---[  72]---> BDD-cost:    7
c ---[  71]---> BDD-cost:    7
c ---[  70]---> BDD-cost:    7
c ---[  69]---> BDD-cost:    7
c ---[  68]---> BDD-cost:    7
c ---[  67]---> BDD-cost:    7
c ---[  66]---> BDD-cost:    7
c ---[  65]---> BDD-cost:    7
c ---[  64]---> BDD-cost:    7
c ---[  63]---> BDD-cost:    7
c ---[  62]---> BDD-cost:    7
c ---[  61]---> BDD-cost:    7
c ---[  60]---> BDD-cost:    7
c ---[  59]---> BDD-cost:    7
c ---[  58]---> BDD-cost:    7
c ---[  57]---> BDD-cost:    7
c ---[  56]---> BDD-cost:    7
c ---[  55]---> BDD-cost:    7
c ---[  54]---> BDD-cost:    7
c ---[  53]---> BDD-cost:    7
c ---[  52]---> BDD-cost:    7
c ---[  51]---> BDD-cost:    7
c ---[  50]---> BDD-cost:    7
c ---[  49]---> BDD-cost:    7
c ---[  48]---> BDD-cost:    7
c ---[  47]---> BDD-cost:    7
c ---[  46]---> BDD-cost:    7
c ---[  45]---> BDD-cost:    7
c ---[  44]---> BDD-cost:    7
c ---[  42]---> Adder-cost: 194   maxlim: 80   bits: 7/7
c ---[  40]---> Adder-cost: 194   maxlim: 93   bits: 7/7
c ---[  38]---> BDD-cost:  389
c ---[  36]---> Adder-cost: 194   maxlim: 91   bits: 7/7
c ---[  34]---> BDD-cost:  389
c ---[  32]---> BDD-cost:  197
c ---[  30]---> Adder-cost: 194   maxlim: 93   bits: 7/7
c ---[  28]---> BDD-cost:  389
c ---[  26]---> BDD-cost:  389
c ---[  24]---> BDD-cost:  197
c ---[  22]---> BDD-cost:  294
c ---[  20]---> Adder-cost: 194   maxlim: 95   bits: 7/7
c ---[  18]---> Adder-cost: 194   maxlim: 91   bits: 7/7
c ---[  16]---> BDD-cost:  389
c ---[  14]---> BDD-cost:  197
c ---[  12]---> Adder-cost: 194   maxlim: 94   bits: 7/7
c ---[  10]---> Adder-cost: 194   maxlim: 96   bits: 7/7
c ---[   8]---> Adder-cost: 194   maxlim: 93   bits: 7/7
c ---[   6]---> BDD-cost:  197
c ---[   4]---> BDD-cost:  294
c ---[   2]---> BDD-cost:  294
c ---[   0]---> BDD-cost:  197
c ==================================[MINISAT+]==================================
c | Conflicts | Original         | Learnt                           | Progress |
c |           | Clauses Literals |     Max Clauses Literals     LPC |          |
c ==============================================================================
c |         0 |   53752   152645 |   17917       0        0    -nan |  0.000 % |
c |       101 |   53716   152527 |   19708      97     1793    18.5 |  3.909 % |
c |       252 |   53680   152409 |   21679     239     5999    25.1 |  3.942 % |
c |       477 |   53580   152075 |   23847     440     7099    16.1 |  4.041 % |
c |       814 |   53412   151495 |   26232     723     9779    13.5 |  4.212 % |
c |      1320 |   53222   150833 |   28855    1139    14010    12.3 |  4.397 % |
c |      2079 |   52906   149767 |   31741    1838    23143    12.6 |  4.727 % |
c |      3219 |   52575   148624 |   34915    2900    41855    14.4 |  5.097 % |
c |      4927 |   52462   148239 |   38406    4582    78003    17.0 |  5.229 % |
c |      7489 |   51435   144718 |   42247    6892   111268    16.1 |  6.305 % |
c |     11337 |   51351   144428 |   46472   10719   224579    21.0 |  6.411 % |
c |     17105 |   51288   144217 |   51119   16471   547736    33.3 |  6.497 % |
c |     25754 |   51233   144034 |   56231   25110  1121224    44.7 |  6.563 % |
c |     38728 |   51199   143924 |   61854   38072  2497010    65.6 |  6.609 % |
c |     58190 |   51178   143859 |   68039   57529  4945635    86.0 |  6.642 % |
c |     87392 |   51166   143819 |   74843   31036  4432848   142.8 |  6.655 % |
c |    131182 |   51137   143724 |   82328   74821 11295017   151.0 |  6.688 % |
c |    196866 |   51095   143586 |   90560   71269 12727659   178.6 |  6.754 % |
c |    295392 |   51095   143586 |   99617   23770  2666547   112.2 |  6.754 % |
c |    443185 |   51062   143473 |  109578   86285 19667084   227.9 |  6.807 % |
c |    664871 |   51028   143365 |  120536   21616  3498109   161.8 |  6.853 % |
c |    997397 |   50984   143223 |  132590   38292  8711019   227.5 |  6.913 % |
c |   1496185 |   50936   143061 |  145849   63956 20838161   325.8 |  6.972 % |
c |   2244367 |   50914   142983 |  160434   35806 13743738   383.8 |  6.999 % |
c 
c *** TERMINATED ***
s UNKNOWN
