c Parsing PB file...
c Converting 21437 PB-constraints to clauses...
c   -- Unit propagations: (none)
c   -- Detecting intervals from adjacent constraints: #################################################################################################################################################################################################################################
c   -- Clauses(.)/Splits(s): .............................................................................................................................................................................................................................................................................................................................................................................................................................................................................................................................................................................................................................................................................................................................................................................................................................................................................................................................................................................................................................................................................................................................................................................................................................................................................................................................................................................................................................................................................................................................................................................................................................................................................................................................................................................................................................................................................................................................................................................................................................................................................................................................................................................................................................................................................................................................................................................................................................................................................................................................................................................................................................................................................................................................................................................................................................................................................................................................................................................................................................................................................................................................................................................................................................................................................................................................................................................................................................................................................................................................................................................................................................................................................................................................................................................................................................................................................................................................................................................................................................................................................................................................................................................................................................................................................................................................................................................................................................................................................................................................................................................................................................................................................................................................................................................................................................................................................................................................................................................................................................................................................................................................................................................................................................................................................................................................................................................................................................................................................................................................................................................................................................................................................................................................................................................................................................................................................................................................................................................................................................................................................................................................................................................................................................................................................................................................................................................................................................................................................................................................................................................................................................................................................................................................................................................................................................................................................................................................................................................................................................................................................................................................................................................................................................................................................................................................................................................................................................................................................................................................................................................................................................................................................................................................................................................................................................................................................................................................................................................................................................................................................................................................................................................................................................................................................................................................................................................................................................................................................................................................................................................................................................................................................................................................................................................................................................................................................................................................................................................................................................................................................................................................................................................................................................................................................................................................................................................................................................................................................................................................................................................................................................................................................................................................................................................................................................................................................................................................................................................................................................................................................................................................................................................................................................................................................................................................................................................................................................................................................................................................................................................................................................................................................................................................................................................................................................................................................................................................................................................................................................................................................................................................................................................................................................................................................................................................................................................................................................................................................................................................................................................................................................................................................................................................................................................................................................................................................................................................................................................................................................................................................................................................................................................................................................................................................................................................................................................................................................................................................................................................................................................................................................................................................................................................................................................................................................................................................................................................................................................................................................................................................................................................................................................................................................................................................................................................................................................................................................................................................................................................................................................................................................................................................................................................................................................................................................................................................................................................................................................................................................................................................................................................................................................................................................................................................................................................................................................................................................................................................................................................................................................................................................................................................................................................................................................................................................................................................................................................................................................................................................................................................................................................................................................................................................................................................................................................................................................................................................................................................................................................................................................................................................................................................................................................................................................................................................................................................................................................................................................................................................................................................................................................................................................................................................................................................................................................................................................................................................................................................................................................................................................................................................................................................................................................................................................................................................................................................................................................................................................................................................................................................................................................................................................................................................................................................................................................................................................................................................................................................................................................................................................................................................................................................................................................................................................................................................................................................................................................................................................................................................................................................................................................................................................................................................................................................................................................................................................................................................................................................................................................................................................................................................................................................................................................................................................................................................................................................................................................................................................................................................................................................................................................................................................................................................................................................................................................................................................................................................................................................................................................................................................................................................................................................................................................................................................................................................................................................................................................................................................................................................................................................................................................................................................................................................................................................................................................................................................................................................................................................................................................................................................................................................................................................................................................................................................................................................................................................................................................................................................................................................................................................................................................................................................................................................................
c ---[21435]---> BDD-cost:   37
c ---[21433]---> BDD-cost:   37
c ---[21431]---> BDD-cost:   37
c ---[21429]---> BDD-cost:   37
c ---[21427]---> BDD-cost:   37
c ---[21425]---> BDD-cost:   37
c ---[21423]---> BDD-cost:   37
c ---[21421]---> BDD-cost:   37
c ---[21419]---> BDD-cost:   37
c ---[21417]---> BDD-cost:   37
c ---[21415]---> BDD-cost:   37
c ---[21413]---> BDD-cost:   37
c ---[21411]---> BDD-cost:   37
c ---[21409]---> BDD-cost:   37
c ---[21407]---> BDD-cost:   37
c ---[21405]---> BDD-cost:   37
c ---[21403]---> BDD-cost:   37
c ---[21401]---> BDD-cost:   37
c ---[21399]---> BDD-cost:   37
c ---[21397]---> BDD-cost:   37
c ---[21395]---> BDD-cost:   37
c ---[21393]---> BDD-cost:   37
c ---[21391]---> BDD-cost:   37
c ---[21389]---> BDD-cost:   37
c ---[21387]---> BDD-cost:   37
c ---[21385]---> BDD-cost:   37
c ---[21383]---> BDD-cost:   37
c ---[21381]---> BDD-cost:   37
c ---[21379]---> BDD-cost:   37
c ---[21377]---> BDD-cost:   37
c ---[21375]---> BDD-cost:   37
c ---[21373]---> BDD-cost:   37
c ---[21371]---> BDD-cost:   37
c ---[21369]---> BDD-cost:   37
c ---[21367]---> BDD-cost:   37
c ---[21365]---> BDD-cost:   37
c ---[21363]---> BDD-cost:   37
c ---[21361]---> BDD-cost:   37
c ---[21359]---> BDD-cost:   37
c ---[21357]---> BDD-cost:   37
c ---[21355]---> BDD-cost:   37
c ---[21353]---> BDD-cost:   37
c ---[21351]---> BDD-cost:   37
c ---[21349]---> BDD-cost:   37
c ---[21347]---> BDD-cost:   37
c ---[21345]---> BDD-cost:   37
c ---[21343]---> BDD-cost:   37
c ---[21341]---> BDD-cost:   37
c ---[21339]---> BDD-cost:   37
c ---[21337]---> BDD-cost:   37
c ---[21335]---> BDD-cost:   37
c ---[21333]---> BDD-cost:   37
c ---[21331]---> BDD-cost:   37
c ---[21329]---> BDD-cost:   37
c ---[21327]---> BDD-cost:   37
c ---[21325]---> BDD-cost:   37
c ---[21323]---> BDD-cost:   37
c ---[21321]---> BDD-cost:   37
c ---[21319]---> BDD-cost:   37
c ---[21317]---> BDD-cost:   37
c ---[21315]---> BDD-cost:   37
c ---[21313]---> BDD-cost:   37
c ---[21311]---> BDD-cost:   37
c ---[21309]---> BDD-cost:   37
c ---[21307]---> BDD-cost:   37
c ---[21305]---> BDD-cost:   37
c ---[21303]---> BDD-cost:   37
c ---[21301]---> BDD-cost:   37
c ---[21299]---> BDD-cost:   37
c ---[21297]---> BDD-cost:   37
c ---[21295]---> BDD-cost:   37
c ---[21293]---> BDD-cost:   37
c ---[21291]---> BDD-cost:   37
c ---[21289]---> BDD-cost:   37
c ---[21287]---> BDD-cost:   37
c ---[21285]---> BDD-cost:   37
c ---[21283]---> BDD-cost:   37
c ---[21281]---> BDD-cost:   37
c ---[21279]---> BDD-cost:   37
c ---[21277]---> BDD-cost:   37
c ---[21275]---> BDD-cost:   37
c ---[21273]---> BDD-cost:   37
c ---[21271]---> BDD-cost:   37
c ---[21269]---> BDD-cost:   37
c ---[21267]---> BDD-cost:   37
c ---[21265]---> BDD-cost:   37
c ---[21263]---> BDD-cost:   37
c ---[21261]---> BDD-cost:   37
c ---[21259]---> BDD-cost:   37
c ---[21257]---> BDD-cost:   37
c ---[21255]---> BDD-cost:   37
c ---[21253]---> BDD-cost:   37
c ---[21251]---> BDD-cost:   37
c ---[21249]---> BDD-cost:   37
c ---[21247]---> BDD-cost:   37
c ---[21245]---> BDD-cost:   37
c ---[21243]---> BDD-cost:   37
c ---[21241]---> BDD-cost:   37
c ---[21239]---> BDD-cost:   37
c ---[21237]---> BDD-cost:   37
c ---[21235]---> BDD-cost:   37
c ---[21233]---> BDD-cost:   37
c ---[21231]---> BDD-cost:   37
c ---[21229]---> BDD-cost:   37
c ---[21227]---> BDD-cost:   37
c ---[21225]---> BDD-cost:   37
c ---[21223]---> BDD-cost:   37
c ---[21221]---> BDD-cost:   37
c ---[21219]---> BDD-cost:   37
c ---[21217]---> BDD-cost:   37
c ---[21215]---> BDD-cost:   37
c ---[21213]---> BDD-cost:   37
c ---[21211]---> BDD-cost:   37
c ---[21209]---> BDD-cost:   37
c ---[21207]---> BDD-cost:   37
c ---[21205]---> BDD-cost:   37
c ---[21203]---> BDD-cost:   37
c ---[21201]---> BDD-cost:   37
c ---[21199]---> BDD-cost:   37
c ---[21197]---> BDD-cost:   37
c ---[21195]---> BDD-cost:   37
c ---[21193]---> BDD-cost:   37
c ---[21191]---> BDD-cost:   37
c ---[21189]---> BDD-cost:   37
c ---[21187]---> BDD-cost:   37
c ---[21185]---> BDD-cost:   37
c ---[21183]---> BDD-cost:   37
c ---[21181]---> BDD-cost:   37
c ---[21179]---> BDD-cost:   37
c ---[21177]---> BDD-cost:   37
c ---[21175]---> BDD-cost:   37
c ---[21173]---> BDD-cost:   37
c ---[21171]---> BDD-cost:   37
c ---[21169]---> BDD-cost:   37
c ---[21167]---> BDD-cost:   37
c ---[21165]---> BDD-cost:   37
c ---[21163]---> BDD-cost:   37
c ---[21161]---> BDD-cost:   37
c ---[21159]---> BDD-cost:   37
c ---[21157]---> BDD-cost:   37
c ---[21155]---> BDD-cost:   37
c ---[21153]---> BDD-cost:   37
c ---[21151]---> BDD-cost:   37
c ---[21149]---> BDD-cost:   37
c ---[21147]---> BDD-cost:   37
c ---[21145]---> BDD-cost:   37
c ---[21143]---> BDD-cost:   37
c ---[21141]---> BDD-cost:   37
c ---[21139]---> BDD-cost:   37
c ---[21137]---> BDD-cost:   37
c ---[21135]---> BDD-cost:   37
c ---[21133]---> BDD-cost:   37
c ---[21131]---> BDD-cost:   37
c ---[21129]---> BDD-cost:   37
c ---[21127]---> BDD-cost:   37
c ---[21125]---> BDD-cost:   37
c ---[21123]---> BDD-cost:   37
c ---[21121]---> BDD-cost:   37
c ---[21119]---> BDD-cost:   37
c ---[21117]---> BDD-cost:   37
c ---[21115]---> BDD-cost:   37
c ---[21113]---> BDD-cost:   37
c ---[21111]---> BDD-cost:   37
c ---[21109]---> BDD-cost:   37
c ---[21107]---> BDD-cost:   37
c ---[21105]---> BDD-cost:   37
c ---[21103]---> BDD-cost:   37
c ---[21101]---> BDD-cost:   37
c ---[21099]---> BDD-cost:   37
c ---[21097]---> BDD-cost:   37
c ---[21095]---> BDD-cost:   37
c ---[21093]---> BDD-cost:   37
c ---[21091]---> BDD-cost:   37
c ---[21089]---> BDD-cost:   37
c ---[21087]---> BDD-cost:   37
c ---[21085]---> BDD-cost:   37
c ---[21083]---> BDD-cost:   37
c ---[21081]---> BDD-cost:   37
c ---[21079]---> BDD-cost:   37
c ---[21077]---> BDD-cost:   37
c ---[21075]---> BDD-cost:   37
c ---[21073]---> BDD-cost:   37
c ---[21071]---> BDD-cost:   37
c ---[21069]---> BDD-cost:   37
c ---[21067]---> BDD-cost:   37
c ---[21065]---> BDD-cost:   37
c ---[21063]---> BDD-cost:   37
c ---[21061]---> BDD-cost:   37
c ---[21059]---> BDD-cost:   37
c ---[21057]---> BDD-cost:   37
c ---[21055]---> BDD-cost:   37
c ---[21053]---> BDD-cost:   37
c ---[21051]---> BDD-cost:   37
c ---[21049]---> BDD-cost:   37
c ---[21047]---> BDD-cost:   37
c ---[21045]---> BDD-cost:   37
c ---[21043]---> BDD-cost:   37
c ---[21041]---> BDD-cost:   37
c ---[21039]---> BDD-cost:   37
c ---[21037]---> BDD-cost:   37
c ---[1035]---> Adder-cost: 394   maxlim: 124   bits: 8/7
c ---[ 834]---> Adder-cost: 394   maxlim: 76   bits: 8/7
c ---[ 634]---> Adder-cost: 394   maxlim: 140   bits: 8/8
c ---[ 633]---> BDD-cost:    3
c ---[ 632]---> BDD-cost:    3
c ---[ 631]---> BDD-cost:    3
c ---[ 630]---> BDD-cost:    3
c ---[ 629]---> BDD-cost:    3
c ---[ 628]---> BDD-cost:    3
c ---[ 627]---> BDD-cost:    3
c ---[ 626]---> BDD-cost:    3
c ---[ 625]---> BDD-cost:    3
c ---[ 624]---> BDD-cost:    3
c ---[ 623]---> BDD-cost:    3
c ---[ 622]---> BDD-cost:    3
c ---[ 621]---> BDD-cost:    3
c ---[ 620]---> BDD-cost:    3
c ---[ 619]---> BDD-cost:    3
c ---[ 618]---> BDD-cost:    3
c ---[ 617]---> BDD-cost:    3
c ---[ 616]---> BDD-cost:    3
c ---[ 615]---> BDD-cost:    3
c ---[ 614]---> BDD-cost:    3
c ---[ 613]---> BDD-cost:    3
c ---[ 612]---> BDD-cost:    3
c ---[ 611]---> BDD-cost:    3
c ---[ 610]---> BDD-cost:    3
c ---[ 609]---> BDD-cost:    3
c ---[ 608]---> BDD-cost:    3
c ---[ 607]---> BDD-cost:    3
c ---[ 606]---> BDD-cost:    3
c ---[ 605]---> BDD-cost:    3
c ---[ 604]---> BDD-cost:    3
c ---[ 603]---> BDD-cost:    3
c ---[ 602]---> BDD-cost:    3
c ---[ 601]---> BDD-cost:    3
c ---[ 600]---> BDD-cost:    3
c ---[ 599]---> BDD-cost:    3
c ---[ 598]---> BDD-cost:    3
c ---[ 597]---> BDD-cost:    3
c ---[ 596]---> BDD-cost:    3
c ---[ 595]---> BDD-cost:    3
c ---[ 594]---> BDD-cost:    3
c ---[ 593]---> BDD-cost:    3
c ---[ 592]---> BDD-cost:    3
c ---[ 591]---> BDD-cost:    3
c ---[ 590]---> BDD-cost:    3
c ---[ 589]---> BDD-cost:    3
c ---[ 588]---> BDD-cost:    3
c ---[ 587]---> BDD-cost:    3
c ---[ 586]---> BDD-cost:    3
c ---[ 585]---> BDD-cost:    3
c ---[ 584]---> BDD-cost:    3
c ---[ 583]---> BDD-cost:    3
c ---[ 582]---> BDD-cost:    3
c ---[ 581]---> BDD-cost:    3
c ---[ 580]---> BDD-cost:    3
c ---[ 579]---> BDD-cost:    3
c ---[ 578]---> BDD-cost:    3
c ---[ 577]---> BDD-cost:    3
c ---[ 576]---> BDD-cost:    3
c ---[ 575]---> BDD-cost:    3
c ---[ 574]---> BDD-cost:    3
c ---[ 573]---> BDD-cost:    3
c ---[ 572]---> BDD-cost:    3
c ---[ 571]---> BDD-cost:    3
c ---[ 570]---> BDD-cost:    3
c ---[ 569]---> BDD-cost:    3
c ---[ 568]---> BDD-cost:    3
c ---[ 567]---> BDD-cost:    3
c ---[ 566]---> BDD-cost:    3
c ---[ 565]---> BDD-cost:    3
c ---[ 564]---> BDD-cost:    3
c ---[ 563]---> BDD-cost:    3
c ---[ 562]---> BDD-cost:    3
c ---[ 561]---> BDD-cost:    3
c ---[ 560]---> BDD-cost:    3
c ---[ 559]---> BDD-cost:    3
c ---[ 558]---> BDD-cost:    3
c ---[ 557]---> BDD-cost:    3
c ---[ 556]---> BDD-cost:    3
c ---[ 555]---> BDD-cost:    3
c ---[ 554]---> BDD-cost:    3
c ---[ 553]---> BDD-cost:    3
c ---[ 552]---> BDD-cost:    3
c ---[ 551]---> BDD-cost:    3
c ---[ 550]---> BDD-cost:    3
c ---[ 549]---> BDD-cost:    3
c ---[ 548]---> BDD-cost:    3
c ---[ 547]---> BDD-cost:    3
c ---[ 546]---> BDD-cost:    3
c ---[ 545]---> BDD-cost:    3
c ---[ 544]---> BDD-cost:    3
c ---[ 543]---> BDD-cost:    3
c ---[ 542]---> BDD-cost:    3
c ---[ 541]---> BDD-cost:    3
c ---[ 540]---> BDD-cost:    3
c ---[ 539]---> BDD-cost:    3
c ---[ 538]---> BDD-cost:    3
c ---[ 537]---> BDD-cost:    3
c ---[ 536]---> BDD-cost:    3
c ---[ 535]---> BDD-cost:    3
c ---[ 534]---> BDD-cost:    3
c ---[ 533]---> BDD-cost:    3
c ---[ 532]---> BDD-cost:    3
c ---[ 531]---> BDD-cost:    3
c ---[ 530]---> BDD-cost:    3
c ---[ 529]---> BDD-cost:    3
c ---[ 528]---> BDD-cost:    3
c ---[ 527]---> BDD-cost:    3
c ---[ 526]---> BDD-cost:    3
c ---[ 525]---> BDD-cost:    3
c ---[ 524]---> BDD-cost:    3
c ---[ 523]---> BDD-cost:    3
c ---[ 522]---> BDD-cost:    3
c ---[ 521]---> BDD-cost:    3
c ---[ 520]---> BDD-cost:    3
c ---[ 519]---> BDD-cost:    3
c ---[ 518]---> BDD-cost:    3
c ---[ 517]---> BDD-cost:    3
c ---[ 516]---> BDD-cost:    3
c ---[ 515]---> BDD-cost:    3
c ---[ 514]---> BDD-cost:    3
c ---[ 513]---> BDD-cost:    3
c ---[ 512]---> BDD-cost:    3
c ---[ 511]---> BDD-cost:    3
c ---[ 510]---> BDD-cost:    3
c ---[ 509]---> BDD-cost:    3
c ---[ 508]---> BDD-cost:    3
c ---[ 507]---> BDD-cost:    3
c ---[ 506]---> BDD-cost:    3
c ---[ 505]---> BDD-cost:    3
c ---[ 504]---> BDD-cost:    3
c ---[ 503]---> BDD-cost:    3
c ---[ 502]---> BDD-cost:    3
c ---[ 501]---> BDD-cost:    3
c ---[ 500]---> BDD-cost:    3
c ---[ 499]---> BDD-cost:    3
c ---[ 498]---> BDD-cost:    3
c ---[ 497]---> BDD-cost:    3
c ---[ 496]---> BDD-cost:    3
c ---[ 495]---> BDD-cost:    3
c ---[ 494]---> BDD-cost:    3
c ---[ 493]---> BDD-cost:    3
c ---[ 492]---> BDD-cost:    3
c ---[ 491]---> BDD-cost:    3
c ---[ 490]---> BDD-cost:    3
c ---[ 489]---> BDD-cost:    3
c ---[ 488]---> BDD-cost:    3
c ---[ 487]---> BDD-cost:    3
c ---[ 486]---> BDD-cost:    3
c ---[ 485]---> BDD-cost:    3
c ---[ 484]---> BDD-cost:    3
c ---[ 483]---> BDD-cost:    3
c ---[ 482]---> BDD-cost:    3
c ---[ 481]---> BDD-cost:    3
c ---[ 480]---> BDD-cost:    3
c ---[ 479]---> BDD-cost:    3
c ---[ 478]---> BDD-cost:    3
c ---[ 477]---> BDD-cost:    3
c ---[ 476]---> BDD-cost:    3
c ---[ 475]---> BDD-cost:    3
c ---[ 474]---> BDD-cost:    3
c ---[ 473]---> BDD-cost:    3
c ---[ 472]---> BDD-cost:    3
c ---[ 471]---> BDD-cost:    3
c ---[ 470]---> BDD-cost:    3
c ---[ 469]---> BDD-cost:    3
c ---[ 468]---> BDD-cost:    3
c ---[ 467]---> BDD-cost:    3
c ---[ 466]---> BDD-cost:    3
c ---[ 465]---> BDD-cost:    3
c ---[ 464]---> BDD-cost:    3
c ---[ 463]---> BDD-cost:    3
c ---[ 462]---> BDD-cost:    3
c ---[ 461]---> BDD-cost:    3
c ---[ 460]---> BDD-cost:    3
c ---[ 459]---> BDD-cost:    3
c ---[ 458]---> BDD-cost:    3
c ---[ 457]---> BDD-cost:    3
c ---[ 456]---> BDD-cost:    3
c ---[ 455]---> BDD-cost:    3
c ---[ 454]---> BDD-cost:    3
c ---[ 453]---> BDD-cost:    3
c ---[ 452]---> BDD-cost:    3
c ---[ 451]---> BDD-cost:    3
c ---[ 450]---> BDD-cost:    3
c ---[ 449]---> BDD-cost:    3
c ---[ 448]---> BDD-cost:    3
c ---[ 447]---> BDD-cost:    3
c ---[ 446]---> BDD-cost:    3
c ---[ 445]---> BDD-cost:    3
c ---[ 444]---> BDD-cost:    3
c ---[ 443]---> BDD-cost:    3
c ---[ 442]---> BDD-cost:    3
c ---[ 441]---> BDD-cost:    3
c ---[ 440]---> BDD-cost:    3
c ---[ 439]---> BDD-cost:    3
c ---[ 438]---> BDD-cost:    3
c ---[ 437]---> BDD-cost:    3
c ---[ 436]---> BDD-cost:    3
c ---[ 434]---> Adder-cost: 394   maxlim: 132   bits: 8/8
c ---[ 433]---> BDD-cost:    8
c ---[ 432]---> BDD-cost:    8
c ---[ 431]---> BDD-cost:    8
c ---[ 430]---> BDD-cost:    8
c ---[ 429]---> BDD-cost:    8
c ---[ 428]---> BDD-cost:    8
c ---[ 427]---> BDD-cost:    8
c ---[ 426]---> BDD-cost:    8
c ---[ 425]---> BDD-cost:    8
c ---[ 424]---> BDD-cost:    8
c ---[ 423]---> BDD-cost:    8
c ---[ 422]---> BDD-cost:    8
c ---[ 421]---> BDD-cost:    8
c ---[ 420]---> BDD-cost:    8
c ---[ 419]---> BDD-cost:    8
c ---[ 418]---> BDD-cost:    8
c ---[ 417]---> BDD-cost:    8
c ---[ 416]---> BDD-cost:    8
c ---[ 415]---> BDD-cost:    8
c ---[ 414]---> BDD-cost:    8
c ---[ 413]---> BDD-cost:    8
c ---[ 412]---> BDD-cost:    8
c ---[ 411]---> BDD-cost:    8
c ---[ 410]---> BDD-cost:    8
c ---[ 409]---> BDD-cost:    8
c ---[ 408]---> BDD-cost:    8
c ---[ 407]---> BDD-cost:    8
c ---[ 406]---> BDD-cost:    8
c ---[ 405]---> BDD-cost:    8
c ---[ 404]---> BDD-cost:    8
c ---[ 403]---> BDD-cost:    8
c ---[ 402]---> BDD-cost:    8
c ---[ 401]---> BDD-cost:    8
c ---[ 400]---> BDD-cost:    8
c ---[ 399]---> BDD-cost:    8
c ---[ 398]---> BDD-cost:    8
c ---[ 397]---> BDD-cost:    8
c ---[ 396]---> BDD-cost:    8
c ---[ 395]---> BDD-cost:    8
c ---[ 394]---> BDD-cost:    8
c ---[ 393]---> BDD-cost:    8
c ---[ 392]---> BDD-cost:    8
c ---[ 391]---> BDD-cost:    8
c ---[ 390]---> BDD-cost:    8
c ---[ 389]---> BDD-cost:    8
c ---[ 388]---> BDD-cost:    8
c ---[ 387]---> BDD-cost:    8
c ---[ 386]---> BDD-cost:    8
c ---[ 385]---> BDD-cost:    8
c ---[ 384]---> BDD-cost:    8
c ---[ 383]---> BDD-cost:    8
c ---[ 382]---> BDD-cost:    8
c ---[ 381]---> BDD-cost:    8
c ---[ 380]---> BDD-cost:    8
c ---[ 379]---> BDD-cost:    8
c ---[ 378]---> BDD-cost:    8
c ---[ 377]---> BDD-cost:    8
c ---[ 376]---> BDD-cost:    8
c ---[ 375]---> BDD-cost:    8
c ---[ 374]---> BDD-cost:    8
c ---[ 373]---> BDD-cost:    8
c ---[ 372]---> BDD-cost:    8
c ---[ 371]---> BDD-cost:    8
c ---[ 370]---> BDD-cost:    8
c ---[ 369]---> BDD-cost:    8
c ---[ 368]---> BDD-cost:    8
c ---[ 367]---> BDD-cost:    8
c ---[ 366]---> BDD-cost:    8
c ---[ 365]---> BDD-cost:    8
c ---[ 364]---> BDD-cost:    8
c ---[ 363]---> BDD-cost:    8
c ---[ 362]---> BDD-cost:    8
c ---[ 361]---> BDD-cost:    8
c ---[ 360]---> BDD-cost:    8
c ---[ 359]---> BDD-cost:    8
c ---[ 358]---> BDD-cost:    8
c ---[ 357]---> BDD-cost:    8
c ---[ 356]---> BDD-cost:    8
c ---[ 355]---> BDD-cost:    8
c ---[ 354]---> BDD-cost:    8
c ---[ 353]---> BDD-cost:    8
c ---[ 352]---> BDD-cost:    8
c ---[ 351]---> BDD-cost:    8
c ---[ 350]---> BDD-cost:    8
c ---[ 349]---> BDD-cost:    8
c ---[ 348]---> BDD-cost:    8
c ---[ 347]---> BDD-cost:    8
c ---[ 346]---> BDD-cost:    8
c ---[ 345]---> BDD-cost:    8
c ---[ 344]---> BDD-cost:    8
c ---[ 343]---> BDD-cost:    8
c ---[ 342]---> BDD-cost:    8
c ---[ 341]---> BDD-cost:    8
c ---[ 340]---> BDD-cost:    8
c ---[ 339]---> BDD-cost:    8
c ---[ 338]---> BDD-cost:    8
c ---[ 337]---> BDD-cost:    8
c ---[ 336]---> BDD-cost:    8
c ---[ 335]---> BDD-cost:    8
c ---[ 334]---> BDD-cost:    8
c ---[ 333]---> BDD-cost:    8
c ---[ 332]---> BDD-cost:    8
c ---[ 331]---> BDD-cost:    8
c ---[ 330]---> BDD-cost:    8
c ---[ 329]---> BDD-cost:    8
c ---[ 328]---> BDD-cost:    8
c ---[ 327]---> BDD-cost:    8
c ---[ 326]---> BDD-cost:    8
c ---[ 325]---> BDD-cost:    8
c ---[ 324]---> BDD-cost:    8
c ---[ 323]---> BDD-cost:    8
c ---[ 322]---> BDD-cost:    8
c ---[ 321]---> BDD-cost:    8
c ---[ 320]---> BDD-cost:    8
c ---[ 319]---> BDD-cost:    8
c ---[ 318]---> BDD-cost:    8
c ---[ 317]---> BDD-cost:    8
c ---[ 316]---> BDD-cost:    8
c ---[ 315]---> BDD-cost:    8
c ---[ 314]---> BDD-cost:    8
c ---[ 313]---> BDD-cost:    8
c ---[ 312]---> BDD-cost:    8
c ---[ 311]---> BDD-cost:    8
c ---[ 310]---> BDD-cost:    8
c ---[ 309]---> BDD-cost:    8
c ---[ 308]---> BDD-cost:    8
c ---[ 307]---> BDD-cost:    8
c ---[ 306]---> BDD-cost:    8
c ---[ 305]---> BDD-cost:    8
c ---[ 304]---> BDD-cost:    8
c ---[ 303]---> BDD-cost:    8
c ---[ 302]---> BDD-cost:    8
c ---[ 301]---> BDD-cost:    8
c ---[ 300]---> BDD-cost:    8
c ---[ 299]---> BDD-cost:    8
c ---[ 298]---> BDD-cost:    8
c ---[ 297]---> BDD-cost:    8
c ---[ 296]---> BDD-cost:    8
c ---[ 295]---> BDD-cost:    8
c ---[ 294]---> BDD-cost:    8
c ---[ 293]---> BDD-cost:    8
c ---[ 292]---> BDD-cost:    8
c ---[ 291]---> BDD-cost:    8
c ---[ 290]---> BDD-cost:    8
c ---[ 289]---> BDD-cost:    8
c ---[ 288]---> BDD-cost:    8
c ---[ 287]---> BDD-cost:    8
c ---[ 286]---> BDD-cost:    8
c ---[ 285]---> BDD-cost:    8
c ---[ 284]---> BDD-cost:    8
c ---[ 283]---> BDD-cost:    8
c ---[ 282]---> BDD-cost:    8
c ---[ 281]---> BDD-cost:    8
c ---[ 280]---> BDD-cost:    8
c ---[ 279]---> BDD-cost:    8
c ---[ 278]---> BDD-cost:    8
c ---[ 277]---> BDD-cost:    8
c ---[ 276]---> BDD-cost:    8
c ---[ 275]---> BDD-cost:    8
c ---[ 274]---> BDD-cost:    8
c ---[ 273]---> BDD-cost:    8
c ---[ 272]---> BDD-cost:    8
c ---[ 271]---> BDD-cost:    8
c ---[ 270]---> BDD-cost:    8
c ---[ 269]---> BDD-cost:    8
c ---[ 268]---> BDD-cost:    8
c ---[ 267]---> BDD-cost:    8
c ---[ 266]---> BDD-cost:    8
c ---[ 265]---> BDD-cost:    8
c ---[ 264]---> BDD-cost:    8
c ---[ 263]---> BDD-cost:    8
c ---[ 262]---> BDD-cost:    8
c ---[ 261]---> BDD-cost:    8
c ---[ 260]---> BDD-cost:    8
c ---[ 259]---> BDD-cost:    8
c ---[ 258]---> BDD-cost:    8
c ---[ 257]---> BDD-cost:    8
c ---[ 256]---> BDD-cost:    8
c ---[ 255]---> BDD-cost:    8
c ---[ 254]---> BDD-cost:    8
c ---[ 253]---> BDD-cost:    8
c ---[ 252]---> BDD-cost:    8
c ---[ 251]---> BDD-cost:    8
c ---[ 250]---> BDD-cost:    8
c ---[ 249]---> BDD-cost:    8
c ---[ 248]---> BDD-cost:    8
c ---[ 247]---> BDD-cost:    8
c ---[ 246]---> BDD-cost:    8
c ---[ 245]---> BDD-cost:    8
c ---[ 244]---> BDD-cost:    8
c ---[ 243]---> BDD-cost:    8
c ---[ 242]---> BDD-cost:    8
c ---[ 241]---> BDD-cost:    8
c ---[ 240]---> BDD-cost:    8
c ---[ 239]---> BDD-cost:    8
c ---[ 238]---> BDD-cost:    8
c ---[ 236]---> Adder-cost: 394   maxlim: 161   bits: 8/8
c ---[ 235]---> BDD-cost:    7
c ---[ 234]---> BDD-cost:    7
c ---[ 233]---> BDD-cost:    7
c ---[ 232]---> BDD-cost:    7
c ---[ 231]---> BDD-cost:    7
c ---[ 230]---> BDD-cost:    7
c ---[ 229]---> BDD-cost:    7
c ---[ 228]---> BDD-cost:    7
c ---[ 227]---> BDD-cost:    7
c ---[ 226]---> BDD-cost:    7
c ---[ 225]---> BDD-cost:    7
c ---[ 224]---> BDD-cost:    7
c ---[ 223]---> BDD-cost:    7
c ---[ 222]---> BDD-cost:    7
c ---[ 221]---> BDD-cost:    7
c ---[ 220]---> BDD-cost:    7
c ---[ 219]---> BDD-cost:    7
c ---[ 218]---> BDD-cost:    7
c ---[ 217]---> BDD-cost:    7
c ---[ 216]---> BDD-cost:    7
c ---[ 215]---> BDD-cost:    7
c ---[ 214]---> BDD-cost:    7
c ---[ 213]---> BDD-cost:    7
c ---[ 212]---> BDD-cost:    7
c ---[ 211]---> BDD-cost:    7
c ---[ 210]---> BDD-cost:    7
c ---[ 209]---> BDD-cost:    7
c ---[ 208]---> BDD-cost:    7
c ---[ 207]---> BDD-cost:    7
c ---[ 206]---> BDD-cost:    7
c ---[ 205]---> BDD-cost:    7
c ---[ 204]---> BDD-cost:    7
c ---[ 203]---> BDD-cost:    7
c ---[ 202]---> BDD-cost:    7
c ---[ 201]---> BDD-cost:    7
c ---[ 200]---> BDD-cost:    7
c ---[ 199]---> BDD-cost:    7
c ---[ 198]---> BDD-cost:    7
c ---[ 197]---> BDD-cost:    7
c ---[ 196]---> BDD-cost:    7
c ---[ 195]---> BDD-cost:    7
c ---[ 194]---> BDD-cost:    7
c ---[ 193]---> BDD-cost:    7
c ---[ 192]---> BDD-cost:    7
c ---[ 191]---> BDD-cost:    7
c ---[ 190]---> BDD-cost:    7
c ---[ 189]---> BDD-cost:    7
c ---[ 188]---> BDD-cost:    7
c ---[ 187]---> BDD-cost:    7
c ---[ 186]---> BDD-cost:    7
c ---[ 185]---> BDD-cost:    7
c ---[ 184]---> BDD-cost:    7
c ---[ 183]---> BDD-cost:    7
c ---[ 182]---> BDD-cost:    7
c ---[ 181]---> BDD-cost:    7
c ---[ 180]---> BDD-cost:    7
c ---[ 179]---> BDD-cost:    7
c ---[ 178]---> BDD-cost:    7
c ---[ 177]---> BDD-cost:    7
c ---[ 176]---> BDD-cost:    7
c ---[ 175]---> BDD-cost:    7
c ---[ 174]---> BDD-cost:    7
c ---[ 173]---> BDD-cost:    7
c ---[ 172]---> BDD-cost:    7
c ---[ 171]---> BDD-cost:    7
c ---[ 170]---> BDD-cost:    7
c ---[ 169]---> BDD-cost:    7
c ---[ 168]---> BDD-cost:    7
c ---[ 167]---> BDD-cost:    7
c ---[ 166]---> BDD-cost:    7
c ---[ 165]---> BDD-cost:    7
c ---[ 164]---> BDD-cost:    7
c ---[ 163]---> BDD-cost:    7
c ---[ 162]---> BDD-cost:    7
c ---[ 161]---> BDD-cost:    7
c ---[ 160]---> BDD-cost:    7
c ---[ 159]---> BDD-cost:    7
c ---[ 158]---> BDD-cost:    7
c ---[ 157]---> BDD-cost:    7
c ---[ 156]---> BDD-cost:    7
c ---[ 155]---> BDD-cost:    7
c ---[ 154]---> BDD-cost:    7
c ---[ 153]---> BDD-cost:    7
c ---[ 152]---> BDD-cost:    7
c ---[ 151]---> BDD-cost:    7
c ---[ 150]---> BDD-cost:    7
c ---[ 149]---> BDD-cost:    7
c ---[ 148]---> BDD-cost:    7
c ---[ 147]---> BDD-cost:    7
c ---[ 146]---> BDD-cost:    7
c ---[ 145]---> BDD-cost:    7
c ---[ 144]---> BDD-cost:    7
c ---[ 143]---> BDD-cost:    7
c ---[ 142]---> BDD-cost:    7
c ---[ 141]---> BDD-cost:    7
c ---[ 140]---> BDD-cost:    7
c ---[ 139]---> BDD-cost:    7
c ---[ 138]---> BDD-cost:    7
c ---[ 137]---> BDD-cost:    7
c ---[ 136]---> BDD-cost:    7
c ---[ 135]---> BDD-cost:    7
c ---[ 134]---> BDD-cost:    7
c ---[ 133]---> BDD-cost:    7
c ---[ 132]---> BDD-cost:    7
c ---[ 131]---> BDD-cost:    7
c ---[ 130]---> BDD-cost:    7
c ---[ 129]---> BDD-cost:    7
c ---[ 128]---> BDD-cost:    7
c ---[ 127]---> BDD-cost:    7
c ---[ 126]---> BDD-cost:    7
c ---[ 125]---> BDD-cost:    7
c ---[ 124]---> BDD-cost:    7
c ---[ 123]---> BDD-cost:    7
c ---[ 122]---> BDD-cost:    7
c ---[ 121]---> BDD-cost:    7
c ---[ 120]---> BDD-cost:    7
c ---[ 119]---> BDD-cost:    7
c ---[ 118]---> BDD-cost:    7
c ---[ 117]---> BDD-cost:    7
c ---[ 116]---> BDD-cost:    7
c ---[ 115]---> BDD-cost:    7
c ---[ 114]---> BDD-cost:    7
c ---[ 113]---> BDD-cost:    7
c ---[ 112]---> BDD-cost:    7
c ---[ 111]---> BDD-cost:    7
c ---[ 110]---> BDD-cost:    7
c ---[ 109]---> BDD-cost:    7
c ---[ 108]---> BDD-cost:    7
c ---[ 107]---> BDD-cost:    7
c ---[ 106]---> BDD-cost:    7
c ---[ 105]---> BDD-cost:    7
c ---[ 104]---> BDD-cost:    7
c ---[ 103]---> BDD-cost:    7
c ---[ 102]---> BDD-cost:    7
c ---[ 101]---> BDD-cost:    7
c ---[ 100]---> BDD-cost:    7
c ---[  99]---> BDD-cost:    7
c ---[  98]---> BDD-cost:    7
c ---[  97]---> BDD-cost:    7
c ---[  96]---> BDD-cost:    7
c ---[  95]---> BDD-cost:    7
c ---[  94]---> BDD-cost:    7
c ---[  93]---> BDD-cost:    7
c ---[  92]---> BDD-cost:    7
c ---[  91]---> BDD-cost:    7
c ---[  90]---> BDD-cost:    7
c ---[  89]---> BDD-cost:    7
c ---[  88]---> BDD-cost:    7
c ---[  87]---> BDD-cost:    7
c ---[  86]---> BDD-cost:    7
c ---[  85]---> BDD-cost:    7
c ---[  84]---> BDD-cost:    7
c ---[  83]---> BDD-cost:    7
c ---[  82]---> BDD-cost:    7
c ---[  81]---> BDD-cost:    7
c ---[  80]---> BDD-cost:    7
c ---[  79]---> BDD-cost:    7
c ---[  78]---> BDD-cost:    7
c ---[  77]---> BDD-cost:    7
c ---[  76]---> BDD-cost:    7
c ---[  75]---> BDD-cost:    7
c ---[  74]---> BDD-cost:    7
c ---[  73]---> BDD-cost:    7
c ---[  72]---> BDD-cost:    7
c ---[  71]---> BDD-cost:    7
c ---[  70]---> BDD-cost:    7
c ---[  69]---> BDD-cost:    7
c ---[  68]---> BDD-cost:    7
c ---[  67]---> BDD-cost:    7
c ---[  66]---> BDD-cost:    7
c ---[  65]---> BDD-cost:    7
c ---[  64]---> BDD-cost:    7
c ---[  63]---> BDD-cost:    7
c ---[  62]---> BDD-cost:    7
c ---[  61]---> BDD-cost:    7
c ---[  60]---> BDD-cost:    7
c ---[  59]---> BDD-cost:    7
c ---[  58]---> BDD-cost:    7
c ---[  57]---> BDD-cost:    7
c ---[  56]---> BDD-cost:    7
c ---[  55]---> BDD-cost:    7
c ---[  54]---> BDD-cost:    7
c ---[  53]---> BDD-cost:    7
c ---[  52]---> BDD-cost:    7
c ---[  51]---> BDD-cost:    7
c ---[  50]---> BDD-cost:    7
c ---[  49]---> BDD-cost:    7
c ---[  48]---> BDD-cost:    7
c ---[  47]---> BDD-cost:    7
c ---[  46]---> BDD-cost:    7
c ---[  45]---> BDD-cost:    7
c ---[  44]---> BDD-cost:    7
c ---[  43]---> BDD-cost:    7
c ---[  42]---> BDD-cost:    7
c ---[  41]---> BDD-cost:    7
c ---[  40]---> BDD-cost:    7
c ---[  38]---> Adder-cost: 394   maxlim: 191   bits: 8/8
c ---[  36]---> Adder-cost: 394   maxlim: 183   bits: 8/8
c ---[  34]---> BDD-cost:  594
c ---[  32]---> Adder-cost: 394   maxlim: 191   bits: 8/8
c ---[  30]---> BDD-cost:  397
c ---[  28]---> Adder-cost: 394   maxlim: 149   bits: 8/8
c ---[  26]---> Adder-cost: 394   maxlim: 194   bits: 8/8
c ---[  24]---> Adder-cost: 394   maxlim: 180   bits: 8/8
c ---[  22]---> Adder-cost: 394   maxlim: 195   bits: 8/8
c ---[  20]---> Adder-cost: 394   maxlim: 196   bits: 8/8
c ---[  18]---> Adder-cost: 394   maxlim: 177   bits: 8/8
c ---[  16]---> Adder-cost: 394   maxlim: 196   bits: 8/8
c ---[  14]---> BDD-cost:  789
c ---[  12]---> Adder-cost: 394   maxlim: 193   bits: 8/8
c ---[  10]---> BDD-cost:  397
c ---[   8]---> BDD-cost:  594
c ---[   6]---> Adder-cost: 394   maxlim: 176   bits: 8/8
c ---[   4]---> BDD-cost:  594
c ---[   2]---> Adder-cost: 394   maxlim: 191   bits: 8/8
c ---[   0]---> BDD-cost:  397
c ==================================[MINISAT+]==================================
c | Conflicts | Original         | Learnt                           | Progress |
c |           | Clauses Literals |     Max Clauses Literals     LPC |          |
c ==============================================================================
c |         0 |  105178   310331 |   35059       0        0    -nan |  0.000 % |
c |       100 |  105153   310254 |   38564      97      498     5.1 |  3.983 % |
c |       250 |  105103   310084 |   42421     243     1496     6.2 |  4.016 % |
c |       475 |  105023   309814 |   46663     461     2952     6.4 |  4.080 % |
c |       812 |  104982   309677 |   51329     795     5061     6.4 |  4.098 % |
c |      1318 |  104982   309677 |   56462    1301     7832     6.0 |  4.098 % |
c |      2078 |  104866   309277 |   62109    2035    14029     6.9 |  4.150 % |
c |      3217 |  104824   309133 |   68320    3164    33226    10.5 |  4.169 % |
c |      4925 |  104687   308668 |   75152    4846    67303    13.9 |  4.243 % |
c |      7487 |  103987   306246 |   82667    7244   105022    14.5 |  4.693 % |
c |     11333 |  103841   305740 |   90934   11055   183291    16.6 |  4.767 % |
c |     17100 |  103469   304464 |  100027   16732   310646    18.6 |  4.971 % |
c |     25751 |  102979   302766 |  110030   25280   491571    19.4 |  5.272 % |
c |     38727 |  102746   301965 |  121033   38203  1010883    26.5 |  5.417 % |
c |     58188 |  100737   295042 |  133136   57176  1322257    23.1 |  6.692 % |
c |     87380 |   97914   285327 |  146450   85530  1959259    22.9 |  8.371 % |
c |    131169 |   97679   284526 |  161095  129263  7146637    55.3 |  8.512 % |
c |    196853 |   97311   283264 |  177204   56948  4243534    74.5 |  8.724 % |
c |    295381 |   95815   278126 |  194925  155046 17283415   111.5 |  9.560 % |
c |    443170 |   94917   275040 |  214417  132908 27377168   206.0 | 10.140 % |
c |    664853 |   94180   272505 |  235859  161164 18562331   115.2 | 10.649 % |
c |    997378 |   94050   272045 |  259445   49850  7258790   145.6 | 10.749 % |
c |   1496167 |   93595   270480 |  285389   60071 17136550   285.3 | 11.076 % |
c |   2244349 |   93211   269144 |  313928  264693 77212239   291.7 | 11.392 % |
c 
c *** TERMINATED ***
s UNKNOWN
