c Parsing PB file...
c Converting 24443 PB-constraints to clauses...
c   -- Unit propagations: (none)
c   -- Detecting intervals from adjacent constraints: ####################################################################################################################################################################################################################################
c   -- Clauses(.)/Splits(s): .....................................................................................................................................................................................................................................................................................................................................................................................................................................................................................................................................................................................................................................................................................................................................................................................................................................................................................................................................................................................................................................................................................................................................................................................................................................................................................................................................................................................................................................................................................................................................................................................................................................................................................................................................................................................................................................................................................................................................................................................................................................................................................................................................................................................................................................................................................................................................................................................................................................................................................................................................................................................................................................................................................................................................................................................................................................................................................................................................................................................................................................................................................................................................................................................................................................................................................................................................................................................................................................................................................................................................................................................................................................................................................................................................................................................................................................................................................................................................................................................................................................................................................................................................................................................................................................................................................................................................................................................................................................................................................................................................................................................................................................................................................................................................................................................................................................................................................................................................................................................................................................................................................................................................................................................................................................................................................................................................................................................................................................................................................................................................................................................................................................................................................................................................................................................................................................................................................................................................................................................................................................................................................................................................................................................................................................................................................................................................................................................................................................................................................................................................................................................................................................................................................................................................................................................................................................................................................................................................................................................................................................................................................................................................................................................................................................................................................................................................................................................................................................................................................................................................................................................................................................................................................................................................................................................................................................................................................................................................................................................................................................................................................................................................................................................................................................................................................................................................................................................................................................................................................................................................................................................................................................................................................................................................................................................................................................................................................................................................................................................................................................................................................................................................................................................................................................................................................................................................................................................................................................................................................................................................................................................................................................................................................................................................................................................................................................................................................................................................................................................................................................................................................................................................................................................................................................................................................................................................................................................................................................................................................................................................................................................................................................................................................................................................................................................................................................................................................................................................................................................................................................................................................................................................................................................................................................................................................................................................................................................................................................................................................................................................................................................................................................................................................................................................................................................................................................................................................................................................................................................................................................................................................................................................................................................................................................................................................................................................................................................................................................................................................................................................................................................................................................................................................................................................................................................................................................................................................................................................................................................................................................................................................................................................................................................................................................................................................................................................................................................................................................................................................................................................................................................................................................................................................................................................................................................................................................................................................................................................................................................................................................................................................................................................................................................................................................................................................................................................................................................................................................................................................................................................................................................................................................................................................................................................................................................................................................................................................................................................................................................................................................................................................................................................................................................................................................................................................................................................................................................................................................................................................................................................................................................................................................................................................................................................................................................................................................................................................................................................................................................................................................................................................................................................................................................................................................................................................................................................................................................................................................................................................................................................................................................................................................................................................................................................................................................................................................................................................................................................................................................................................................................................................................................................................................................................................................................................................................................................................................................................................................................................................................................................................................................................................................................................................................................................................................................................................................................................................................................................................................................................................................................................................................................................................................................................................................................................................................................................................................................................................................................................................................................................................................................................................................................................................................................................................................................................................................................................................................................................................................................................................................................................................................................................................................................................................................................................................................................................................................................................................................................................................................................................................................................................................................................................................................................................................................................................................................................................................................................................................................................................................................................................................................................................................................................................................................................................................................................................................................................................................................................................................................................................................................................................................................................................................................................................................................................................................................................................................................................................................................................................................................................................................................................................................................................................................................................................................................................................................................................................................................................................................................................................................................................................................................................................................................................................................................................................................................................................................................................................................................................................................................................................................................................................................................................................................................................................................................................................................................................................................................................................................................................................................................................................................................................................................................................................................................................................................................................................................................................................................................................................................................................................................................................................................................................................................................................................................................................................................................................................................................................................................................................................................................................................................................................................................................................................................................................................................................................................................................................................................................................................................................................................................................................................................................................................................................................................................................................................................................
c ---[24441]---> BDD-cost:   43
c ---[24439]---> BDD-cost:   43
c ---[24437]---> BDD-cost:   43
c ---[24435]---> BDD-cost:   43
c ---[24433]---> BDD-cost:   43
c ---[24431]---> BDD-cost:   43
c ---[24429]---> BDD-cost:   43
c ---[24427]---> BDD-cost:   43
c ---[24425]---> BDD-cost:   43
c ---[24423]---> BDD-cost:   43
c ---[24421]---> BDD-cost:   43
c ---[24419]---> BDD-cost:   43
c ---[24417]---> BDD-cost:   43
c ---[24415]---> BDD-cost:   43
c ---[24413]---> BDD-cost:   43
c ---[24411]---> BDD-cost:   43
c ---[24409]---> BDD-cost:   43
c ---[24407]---> BDD-cost:   43
c ---[24405]---> BDD-cost:   43
c ---[24403]---> BDD-cost:   43
c ---[24401]---> BDD-cost:   43
c ---[24399]---> BDD-cost:   43
c ---[24397]---> BDD-cost:   43
c ---[24395]---> BDD-cost:   43
c ---[24393]---> BDD-cost:   43
c ---[24391]---> BDD-cost:   43
c ---[24389]---> BDD-cost:   43
c ---[24387]---> BDD-cost:   43
c ---[24385]---> BDD-cost:   43
c ---[24383]---> BDD-cost:   43
c ---[24381]---> BDD-cost:   43
c ---[24379]---> BDD-cost:   43
c ---[24377]---> BDD-cost:   43
c ---[24375]---> BDD-cost:   43
c ---[24373]---> BDD-cost:   43
c ---[24371]---> BDD-cost:   43
c ---[24369]---> BDD-cost:   43
c ---[24367]---> BDD-cost:   43
c ---[24365]---> BDD-cost:   43
c ---[24363]---> BDD-cost:   43
c ---[24361]---> BDD-cost:   43
c ---[24359]---> BDD-cost:   43
c ---[24357]---> BDD-cost:   43
c ---[24355]---> BDD-cost:   43
c ---[24353]---> BDD-cost:   43
c ---[24351]---> BDD-cost:   43
c ---[24349]---> BDD-cost:   43
c ---[24347]---> BDD-cost:   43
c ---[24345]---> BDD-cost:   43
c ---[24343]---> BDD-cost:   43
c ---[24341]---> BDD-cost:   43
c ---[24339]---> BDD-cost:   43
c ---[24337]---> BDD-cost:   43
c ---[24335]---> BDD-cost:   43
c ---[24333]---> BDD-cost:   43
c ---[24331]---> BDD-cost:   43
c ---[24329]---> BDD-cost:   43
c ---[24327]---> BDD-cost:   43
c ---[24325]---> BDD-cost:   43
c ---[24323]---> BDD-cost:   43
c ---[24321]---> BDD-cost:   43
c ---[24319]---> BDD-cost:   43
c ---[24317]---> BDD-cost:   43
c ---[24315]---> BDD-cost:   43
c ---[24313]---> BDD-cost:   43
c ---[24311]---> BDD-cost:   43
c ---[24309]---> BDD-cost:   43
c ---[24307]---> BDD-cost:   43
c ---[24305]---> BDD-cost:   43
c ---[24303]---> BDD-cost:   43
c ---[24301]---> BDD-cost:   43
c ---[24299]---> BDD-cost:   43
c ---[24297]---> BDD-cost:   43
c ---[24295]---> BDD-cost:   43
c ---[24293]---> BDD-cost:   43
c ---[24291]---> BDD-cost:   43
c ---[24289]---> BDD-cost:   43
c ---[24287]---> BDD-cost:   43
c ---[24285]---> BDD-cost:   43
c ---[24283]---> BDD-cost:   43
c ---[24281]---> BDD-cost:   43
c ---[24279]---> BDD-cost:   43
c ---[24277]---> BDD-cost:   43
c ---[24275]---> BDD-cost:   43
c ---[24273]---> BDD-cost:   43
c ---[24271]---> BDD-cost:   43
c ---[24269]---> BDD-cost:   43
c ---[24267]---> BDD-cost:   43
c ---[24265]---> BDD-cost:   43
c ---[24263]---> BDD-cost:   43
c ---[24261]---> BDD-cost:   43
c ---[24259]---> BDD-cost:   43
c ---[24257]---> BDD-cost:   43
c ---[24255]---> BDD-cost:   43
c ---[24253]---> BDD-cost:   43
c ---[24251]---> BDD-cost:   43
c ---[24249]---> BDD-cost:   43
c ---[24247]---> BDD-cost:   43
c ---[24245]---> BDD-cost:   43
c ---[24243]---> BDD-cost:   43
c ---[24241]---> BDD-cost:   43
c ---[24239]---> BDD-cost:   43
c ---[24237]---> BDD-cost:   43
c ---[24235]---> BDD-cost:   43
c ---[24233]---> BDD-cost:   43
c ---[24231]---> BDD-cost:   43
c ---[24229]---> BDD-cost:   43
c ---[24227]---> BDD-cost:   43
c ---[24225]---> BDD-cost:   43
c ---[24223]---> BDD-cost:   43
c ---[24221]---> BDD-cost:   43
c ---[24219]---> BDD-cost:   43
c ---[24217]---> BDD-cost:   43
c ---[24215]---> BDD-cost:   43
c ---[24213]---> BDD-cost:   43
c ---[24211]---> BDD-cost:   43
c ---[24209]---> BDD-cost:   43
c ---[24207]---> BDD-cost:   43
c ---[24205]---> BDD-cost:   43
c ---[24203]---> BDD-cost:   43
c ---[24201]---> BDD-cost:   43
c ---[24199]---> BDD-cost:   43
c ---[24197]---> BDD-cost:   43
c ---[24195]---> BDD-cost:   43
c ---[24193]---> BDD-cost:   43
c ---[24191]---> BDD-cost:   43
c ---[24189]---> BDD-cost:   43
c ---[24187]---> BDD-cost:   43
c ---[24185]---> BDD-cost:   43
c ---[24183]---> BDD-cost:   43
c ---[24181]---> BDD-cost:   43
c ---[24179]---> BDD-cost:   43
c ---[24177]---> BDD-cost:   43
c ---[24175]---> BDD-cost:   43
c ---[24173]---> BDD-cost:   43
c ---[24171]---> BDD-cost:   43
c ---[24169]---> BDD-cost:   43
c ---[24167]---> BDD-cost:   43
c ---[24165]---> BDD-cost:   43
c ---[24163]---> BDD-cost:   43
c ---[24161]---> BDD-cost:   43
c ---[24159]---> BDD-cost:   43
c ---[24157]---> BDD-cost:   43
c ---[24155]---> BDD-cost:   43
c ---[24153]---> BDD-cost:   43
c ---[24151]---> BDD-cost:   43
c ---[24149]---> BDD-cost:   43
c ---[24147]---> BDD-cost:   43
c ---[24145]---> BDD-cost:   43
c ---[24143]---> BDD-cost:   43
c ---[24141]---> BDD-cost:   43
c ---[24139]---> BDD-cost:   43
c ---[24137]---> BDD-cost:   43
c ---[24135]---> BDD-cost:   43
c ---[24133]---> BDD-cost:   43
c ---[24131]---> BDD-cost:   43
c ---[24129]---> BDD-cost:   43
c ---[24127]---> BDD-cost:   43
c ---[24125]---> BDD-cost:   43
c ---[24123]---> BDD-cost:   43
c ---[24121]---> BDD-cost:   43
c ---[24119]---> BDD-cost:   43
c ---[24117]---> BDD-cost:   43
c ---[24115]---> BDD-cost:   43
c ---[24113]---> BDD-cost:   43
c ---[24111]---> BDD-cost:   43
c ---[24109]---> BDD-cost:   43
c ---[24107]---> BDD-cost:   43
c ---[24105]---> BDD-cost:   43
c ---[24103]---> BDD-cost:   43
c ---[24101]---> BDD-cost:   43
c ---[24099]---> BDD-cost:   43
c ---[24097]---> BDD-cost:   43
c ---[24095]---> BDD-cost:   43
c ---[24093]---> BDD-cost:   43
c ---[24091]---> BDD-cost:   43
c ---[24089]---> BDD-cost:   43
c ---[24087]---> BDD-cost:   43
c ---[24085]---> BDD-cost:   43
c ---[24083]---> BDD-cost:   43
c ---[24081]---> BDD-cost:   43
c ---[24079]---> BDD-cost:   43
c ---[24077]---> BDD-cost:   43
c ---[24075]---> BDD-cost:   43
c ---[24073]---> BDD-cost:   43
c ---[24071]---> BDD-cost:   43
c ---[24069]---> BDD-cost:   43
c ---[24067]---> BDD-cost:   43
c ---[24065]---> BDD-cost:   43
c ---[24063]---> BDD-cost:   43
c ---[24061]---> BDD-cost:   43
c ---[24059]---> BDD-cost:   43
c ---[24057]---> BDD-cost:   43
c ---[24055]---> BDD-cost:   43
c ---[24053]---> BDD-cost:   43
c ---[24051]---> BDD-cost:   43
c ---[24049]---> BDD-cost:   43
c ---[24047]---> BDD-cost:   43
c ---[24045]---> BDD-cost:   43
c ---[24043]---> BDD-cost:   43
c ---[1041]---> Adder-cost: 394   maxlim: 113   bits: 8/7
c ---[ 840]---> Adder-cost: 394   maxlim: 69   bits: 8/7
c ---[ 640]---> Adder-cost: 394   maxlim: 141   bits: 8/8
c ---[ 639]---> BDD-cost:    3
c ---[ 638]---> BDD-cost:    3
c ---[ 637]---> BDD-cost:    3
c ---[ 636]---> BDD-cost:    3
c ---[ 635]---> BDD-cost:    3
c ---[ 634]---> BDD-cost:    3
c ---[ 633]---> BDD-cost:    3
c ---[ 632]---> BDD-cost:    3
c ---[ 631]---> BDD-cost:    3
c ---[ 630]---> BDD-cost:    3
c ---[ 629]---> BDD-cost:    3
c ---[ 628]---> BDD-cost:    3
c ---[ 627]---> BDD-cost:    3
c ---[ 626]---> BDD-cost:    3
c ---[ 625]---> BDD-cost:    3
c ---[ 624]---> BDD-cost:    3
c ---[ 623]---> BDD-cost:    3
c ---[ 622]---> BDD-cost:    3
c ---[ 621]---> BDD-cost:    3
c ---[ 620]---> BDD-cost:    3
c ---[ 619]---> BDD-cost:    3
c ---[ 618]---> BDD-cost:    3
c ---[ 617]---> BDD-cost:    3
c ---[ 616]---> BDD-cost:    3
c ---[ 615]---> BDD-cost:    3
c ---[ 614]---> BDD-cost:    3
c ---[ 613]---> BDD-cost:    3
c ---[ 612]---> BDD-cost:    3
c ---[ 611]---> BDD-cost:    3
c ---[ 610]---> BDD-cost:    3
c ---[ 609]---> BDD-cost:    3
c ---[ 608]---> BDD-cost:    3
c ---[ 607]---> BDD-cost:    3
c ---[ 606]---> BDD-cost:    3
c ---[ 605]---> BDD-cost:    3
c ---[ 604]---> BDD-cost:    3
c ---[ 603]---> BDD-cost:    3
c ---[ 602]---> BDD-cost:    3
c ---[ 601]---> BDD-cost:    3
c ---[ 600]---> BDD-cost:    3
c ---[ 599]---> BDD-cost:    3
c ---[ 598]---> BDD-cost:    3
c ---[ 597]---> BDD-cost:    3
c ---[ 596]---> BDD-cost:    3
c ---[ 595]---> BDD-cost:    3
c ---[ 594]---> BDD-cost:    3
c ---[ 593]---> BDD-cost:    3
c ---[ 592]---> BDD-cost:    3
c ---[ 591]---> BDD-cost:    3
c ---[ 590]---> BDD-cost:    3
c ---[ 589]---> BDD-cost:    3
c ---[ 588]---> BDD-cost:    3
c ---[ 587]---> BDD-cost:    3
c ---[ 586]---> BDD-cost:    3
c ---[ 585]---> BDD-cost:    3
c ---[ 584]---> BDD-cost:    3
c ---[ 583]---> BDD-cost:    3
c ---[ 582]---> BDD-cost:    3
c ---[ 581]---> BDD-cost:    3
c ---[ 580]---> BDD-cost:    3
c ---[ 579]---> BDD-cost:    3
c ---[ 578]---> BDD-cost:    3
c ---[ 577]---> BDD-cost:    3
c ---[ 576]---> BDD-cost:    3
c ---[ 575]---> BDD-cost:    3
c ---[ 574]---> BDD-cost:    3
c ---[ 573]---> BDD-cost:    3
c ---[ 572]---> BDD-cost:    3
c ---[ 571]---> BDD-cost:    3
c ---[ 570]---> BDD-cost:    3
c ---[ 569]---> BDD-cost:    3
c ---[ 568]---> BDD-cost:    3
c ---[ 567]---> BDD-cost:    3
c ---[ 566]---> BDD-cost:    3
c ---[ 565]---> BDD-cost:    3
c ---[ 564]---> BDD-cost:    3
c ---[ 563]---> BDD-cost:    3
c ---[ 562]---> BDD-cost:    3
c ---[ 561]---> BDD-cost:    3
c ---[ 560]---> BDD-cost:    3
c ---[ 559]---> BDD-cost:    3
c ---[ 558]---> BDD-cost:    3
c ---[ 557]---> BDD-cost:    3
c ---[ 556]---> BDD-cost:    3
c ---[ 555]---> BDD-cost:    3
c ---[ 554]---> BDD-cost:    3
c ---[ 553]---> BDD-cost:    3
c ---[ 552]---> BDD-cost:    3
c ---[ 551]---> BDD-cost:    3
c ---[ 550]---> BDD-cost:    3
c ---[ 549]---> BDD-cost:    3
c ---[ 548]---> BDD-cost:    3
c ---[ 547]---> BDD-cost:    3
c ---[ 546]---> BDD-cost:    3
c ---[ 545]---> BDD-cost:    3
c ---[ 544]---> BDD-cost:    3
c ---[ 543]---> BDD-cost:    3
c ---[ 542]---> BDD-cost:    3
c ---[ 541]---> BDD-cost:    3
c ---[ 540]---> BDD-cost:    3
c ---[ 539]---> BDD-cost:    3
c ---[ 538]---> BDD-cost:    3
c ---[ 537]---> BDD-cost:    3
c ---[ 536]---> BDD-cost:    3
c ---[ 535]---> BDD-cost:    3
c ---[ 534]---> BDD-cost:    3
c ---[ 533]---> BDD-cost:    3
c ---[ 532]---> BDD-cost:    3
c ---[ 531]---> BDD-cost:    3
c ---[ 530]---> BDD-cost:    3
c ---[ 529]---> BDD-cost:    3
c ---[ 528]---> BDD-cost:    3
c ---[ 527]---> BDD-cost:    3
c ---[ 526]---> BDD-cost:    3
c ---[ 525]---> BDD-cost:    3
c ---[ 524]---> BDD-cost:    3
c ---[ 523]---> BDD-cost:    3
c ---[ 522]---> BDD-cost:    3
c ---[ 521]---> BDD-cost:    3
c ---[ 520]---> BDD-cost:    3
c ---[ 519]---> BDD-cost:    3
c ---[ 518]---> BDD-cost:    3
c ---[ 517]---> BDD-cost:    3
c ---[ 516]---> BDD-cost:    3
c ---[ 515]---> BDD-cost:    3
c ---[ 514]---> BDD-cost:    3
c ---[ 513]---> BDD-cost:    3
c ---[ 512]---> BDD-cost:    3
c ---[ 511]---> BDD-cost:    3
c ---[ 510]---> BDD-cost:    3
c ---[ 509]---> BDD-cost:    3
c ---[ 508]---> BDD-cost:    3
c ---[ 507]---> BDD-cost:    3
c ---[ 506]---> BDD-cost:    3
c ---[ 505]---> BDD-cost:    3
c ---[ 504]---> BDD-cost:    3
c ---[ 503]---> BDD-cost:    3
c ---[ 502]---> BDD-cost:    3
c ---[ 501]---> BDD-cost:    3
c ---[ 500]---> BDD-cost:    3
c ---[ 499]---> BDD-cost:    3
c ---[ 498]---> BDD-cost:    3
c ---[ 497]---> BDD-cost:    3
c ---[ 496]---> BDD-cost:    3
c ---[ 495]---> BDD-cost:    3
c ---[ 494]---> BDD-cost:    3
c ---[ 493]---> BDD-cost:    3
c ---[ 492]---> BDD-cost:    3
c ---[ 491]---> BDD-cost:    3
c ---[ 490]---> BDD-cost:    3
c ---[ 489]---> BDD-cost:    3
c ---[ 488]---> BDD-cost:    3
c ---[ 487]---> BDD-cost:    3
c ---[ 486]---> BDD-cost:    3
c ---[ 485]---> BDD-cost:    3
c ---[ 484]---> BDD-cost:    3
c ---[ 483]---> BDD-cost:    3
c ---[ 482]---> BDD-cost:    3
c ---[ 481]---> BDD-cost:    3
c ---[ 480]---> BDD-cost:    3
c ---[ 479]---> BDD-cost:    3
c ---[ 478]---> BDD-cost:    3
c ---[ 477]---> BDD-cost:    3
c ---[ 476]---> BDD-cost:    3
c ---[ 475]---> BDD-cost:    3
c ---[ 474]---> BDD-cost:    3
c ---[ 473]---> BDD-cost:    3
c ---[ 472]---> BDD-cost:    3
c ---[ 471]---> BDD-cost:    3
c ---[ 470]---> BDD-cost:    3
c ---[ 469]---> BDD-cost:    3
c ---[ 468]---> BDD-cost:    3
c ---[ 467]---> BDD-cost:    3
c ---[ 466]---> BDD-cost:    3
c ---[ 465]---> BDD-cost:    3
c ---[ 464]---> BDD-cost:    3
c ---[ 463]---> BDD-cost:    3
c ---[ 462]---> BDD-cost:    3
c ---[ 461]---> BDD-cost:    3
c ---[ 460]---> BDD-cost:    3
c ---[ 459]---> BDD-cost:    3
c ---[ 458]---> BDD-cost:    3
c ---[ 457]---> BDD-cost:    3
c ---[ 456]---> BDD-cost:    3
c ---[ 455]---> BDD-cost:    3
c ---[ 454]---> BDD-cost:    3
c ---[ 453]---> BDD-cost:    3
c ---[ 452]---> BDD-cost:    3
c ---[ 451]---> BDD-cost:    3
c ---[ 450]---> BDD-cost:    3
c ---[ 449]---> BDD-cost:    3
c ---[ 448]---> BDD-cost:    3
c ---[ 447]---> BDD-cost:    3
c ---[ 446]---> BDD-cost:    3
c ---[ 445]---> BDD-cost:    3
c ---[ 444]---> BDD-cost:    3
c ---[ 443]---> BDD-cost:    3
c ---[ 442]---> BDD-cost:    3
c ---[ 440]---> Adder-cost: 394   maxlim: 126   bits: 8/7
c ---[ 439]---> BDD-cost:    8
c ---[ 438]---> BDD-cost:    8
c ---[ 437]---> BDD-cost:    8
c ---[ 436]---> BDD-cost:    8
c ---[ 435]---> BDD-cost:    8
c ---[ 434]---> BDD-cost:    8
c ---[ 433]---> BDD-cost:    8
c ---[ 432]---> BDD-cost:    8
c ---[ 431]---> BDD-cost:    8
c ---[ 430]---> BDD-cost:    8
c ---[ 429]---> BDD-cost:    8
c ---[ 428]---> BDD-cost:    8
c ---[ 427]---> BDD-cost:    8
c ---[ 426]---> BDD-cost:    8
c ---[ 425]---> BDD-cost:    8
c ---[ 424]---> BDD-cost:    8
c ---[ 423]---> BDD-cost:    8
c ---[ 422]---> BDD-cost:    8
c ---[ 421]---> BDD-cost:    8
c ---[ 420]---> BDD-cost:    8
c ---[ 419]---> BDD-cost:    8
c ---[ 418]---> BDD-cost:    8
c ---[ 417]---> BDD-cost:    8
c ---[ 416]---> BDD-cost:    8
c ---[ 415]---> BDD-cost:    8
c ---[ 414]---> BDD-cost:    8
c ---[ 413]---> BDD-cost:    8
c ---[ 412]---> BDD-cost:    8
c ---[ 411]---> BDD-cost:    8
c ---[ 410]---> BDD-cost:    8
c ---[ 409]---> BDD-cost:    8
c ---[ 408]---> BDD-cost:    8
c ---[ 407]---> BDD-cost:    8
c ---[ 406]---> BDD-cost:    8
c ---[ 405]---> BDD-cost:    8
c ---[ 404]---> BDD-cost:    8
c ---[ 403]---> BDD-cost:    8
c ---[ 402]---> BDD-cost:    8
c ---[ 401]---> BDD-cost:    8
c ---[ 400]---> BDD-cost:    8
c ---[ 399]---> BDD-cost:    8
c ---[ 398]---> BDD-cost:    8
c ---[ 397]---> BDD-cost:    8
c ---[ 396]---> BDD-cost:    8
c ---[ 395]---> BDD-cost:    8
c ---[ 394]---> BDD-cost:    8
c ---[ 393]---> BDD-cost:    8
c ---[ 392]---> BDD-cost:    8
c ---[ 391]---> BDD-cost:    8
c ---[ 390]---> BDD-cost:    8
c ---[ 389]---> BDD-cost:    8
c ---[ 388]---> BDD-cost:    8
c ---[ 387]---> BDD-cost:    8
c ---[ 386]---> BDD-cost:    8
c ---[ 385]---> BDD-cost:    8
c ---[ 384]---> BDD-cost:    8
c ---[ 383]---> BDD-cost:    8
c ---[ 382]---> BDD-cost:    8
c ---[ 381]---> BDD-cost:    8
c ---[ 380]---> BDD-cost:    8
c ---[ 379]---> BDD-cost:    8
c ---[ 378]---> BDD-cost:    8
c ---[ 377]---> BDD-cost:    8
c ---[ 376]---> BDD-cost:    8
c ---[ 375]---> BDD-cost:    8
c ---[ 374]---> BDD-cost:    8
c ---[ 373]---> BDD-cost:    8
c ---[ 372]---> BDD-cost:    8
c ---[ 371]---> BDD-cost:    8
c ---[ 370]---> BDD-cost:    8
c ---[ 369]---> BDD-cost:    8
c ---[ 368]---> BDD-cost:    8
c ---[ 367]---> BDD-cost:    8
c ---[ 366]---> BDD-cost:    8
c ---[ 365]---> BDD-cost:    8
c ---[ 364]---> BDD-cost:    8
c ---[ 363]---> BDD-cost:    8
c ---[ 362]---> BDD-cost:    8
c ---[ 361]---> BDD-cost:    8
c ---[ 360]---> BDD-cost:    8
c ---[ 359]---> BDD-cost:    8
c ---[ 358]---> BDD-cost:    8
c ---[ 357]---> BDD-cost:    8
c ---[ 356]---> BDD-cost:    8
c ---[ 355]---> BDD-cost:    8
c ---[ 354]---> BDD-cost:    8
c ---[ 353]---> BDD-cost:    8
c ---[ 352]---> BDD-cost:    8
c ---[ 351]---> BDD-cost:    8
c ---[ 350]---> BDD-cost:    8
c ---[ 349]---> BDD-cost:    8
c ---[ 348]---> BDD-cost:    8
c ---[ 347]---> BDD-cost:    8
c ---[ 346]---> BDD-cost:    8
c ---[ 345]---> BDD-cost:    8
c ---[ 344]---> BDD-cost:    8
c ---[ 343]---> BDD-cost:    8
c ---[ 342]---> BDD-cost:    8
c ---[ 341]---> BDD-cost:    8
c ---[ 340]---> BDD-cost:    8
c ---[ 339]---> BDD-cost:    8
c ---[ 338]---> BDD-cost:    8
c ---[ 337]---> BDD-cost:    8
c ---[ 336]---> BDD-cost:    8
c ---[ 335]---> BDD-cost:    8
c ---[ 334]---> BDD-cost:    8
c ---[ 333]---> BDD-cost:    8
c ---[ 332]---> BDD-cost:    8
c ---[ 331]---> BDD-cost:    8
c ---[ 330]---> BDD-cost:    8
c ---[ 329]---> BDD-cost:    8
c ---[ 328]---> BDD-cost:    8
c ---[ 327]---> BDD-cost:    8
c ---[ 326]---> BDD-cost:    8
c ---[ 325]---> BDD-cost:    8
c ---[ 324]---> BDD-cost:    8
c ---[ 323]---> BDD-cost:    8
c ---[ 322]---> BDD-cost:    8
c ---[ 321]---> BDD-cost:    8
c ---[ 320]---> BDD-cost:    8
c ---[ 319]---> BDD-cost:    8
c ---[ 318]---> BDD-cost:    8
c ---[ 317]---> BDD-cost:    8
c ---[ 316]---> BDD-cost:    8
c ---[ 315]---> BDD-cost:    8
c ---[ 314]---> BDD-cost:    8
c ---[ 313]---> BDD-cost:    8
c ---[ 312]---> BDD-cost:    8
c ---[ 311]---> BDD-cost:    8
c ---[ 310]---> BDD-cost:    8
c ---[ 309]---> BDD-cost:    8
c ---[ 308]---> BDD-cost:    8
c ---[ 307]---> BDD-cost:    8
c ---[ 306]---> BDD-cost:    8
c ---[ 305]---> BDD-cost:    8
c ---[ 304]---> BDD-cost:    8
c ---[ 303]---> BDD-cost:    8
c ---[ 302]---> BDD-cost:    8
c ---[ 301]---> BDD-cost:    8
c ---[ 300]---> BDD-cost:    8
c ---[ 299]---> BDD-cost:    8
c ---[ 298]---> BDD-cost:    8
c ---[ 297]---> BDD-cost:    8
c ---[ 296]---> BDD-cost:    8
c ---[ 295]---> BDD-cost:    8
c ---[ 294]---> BDD-cost:    8
c ---[ 293]---> BDD-cost:    8
c ---[ 292]---> BDD-cost:    8
c ---[ 291]---> BDD-cost:    8
c ---[ 290]---> BDD-cost:    8
c ---[ 289]---> BDD-cost:    8
c ---[ 288]---> BDD-cost:    8
c ---[ 287]---> BDD-cost:    8
c ---[ 286]---> BDD-cost:    8
c ---[ 285]---> BDD-cost:    8
c ---[ 284]---> BDD-cost:    8
c ---[ 283]---> BDD-cost:    8
c ---[ 282]---> BDD-cost:    8
c ---[ 281]---> BDD-cost:    8
c ---[ 280]---> BDD-cost:    8
c ---[ 279]---> BDD-cost:    8
c ---[ 278]---> BDD-cost:    8
c ---[ 277]---> BDD-cost:    8
c ---[ 276]---> BDD-cost:    8
c ---[ 275]---> BDD-cost:    8
c ---[ 274]---> BDD-cost:    8
c ---[ 273]---> BDD-cost:    8
c ---[ 272]---> BDD-cost:    8
c ---[ 271]---> BDD-cost:    8
c ---[ 270]---> BDD-cost:    8
c ---[ 269]---> BDD-cost:    8
c ---[ 268]---> BDD-cost:    8
c ---[ 267]---> BDD-cost:    8
c ---[ 266]---> BDD-cost:    8
c ---[ 265]---> BDD-cost:    8
c ---[ 264]---> BDD-cost:    8
c ---[ 263]---> BDD-cost:    8
c ---[ 262]---> BDD-cost:    8
c ---[ 261]---> BDD-cost:    8
c ---[ 260]---> BDD-cost:    8
c ---[ 259]---> BDD-cost:    8
c ---[ 258]---> BDD-cost:    8
c ---[ 257]---> BDD-cost:    8
c ---[ 256]---> BDD-cost:    8
c ---[ 255]---> BDD-cost:    8
c ---[ 254]---> BDD-cost:    8
c ---[ 253]---> BDD-cost:    8
c ---[ 252]---> BDD-cost:    8
c ---[ 251]---> BDD-cost:    8
c ---[ 250]---> BDD-cost:    8
c ---[ 249]---> BDD-cost:    8
c ---[ 248]---> BDD-cost:    8
c ---[ 247]---> BDD-cost:    8
c ---[ 246]---> BDD-cost:    8
c ---[ 245]---> BDD-cost:    8
c ---[ 244]---> BDD-cost:    8
c ---[ 242]---> Adder-cost: 394   maxlim: 164   bits: 8/8
c ---[ 241]---> BDD-cost:    7
c ---[ 240]---> BDD-cost:    7
c ---[ 239]---> BDD-cost:    7
c ---[ 238]---> BDD-cost:    7
c ---[ 237]---> BDD-cost:    7
c ---[ 236]---> BDD-cost:    7
c ---[ 235]---> BDD-cost:    7
c ---[ 234]---> BDD-cost:    7
c ---[ 233]---> BDD-cost:    7
c ---[ 232]---> BDD-cost:    7
c ---[ 231]---> BDD-cost:    7
c ---[ 230]---> BDD-cost:    7
c ---[ 229]---> BDD-cost:    7
c ---[ 228]---> BDD-cost:    7
c ---[ 227]---> BDD-cost:    7
c ---[ 226]---> BDD-cost:    7
c ---[ 225]---> BDD-cost:    7
c ---[ 224]---> BDD-cost:    7
c ---[ 223]---> BDD-cost:    7
c ---[ 222]---> BDD-cost:    7
c ---[ 221]---> BDD-cost:    7
c ---[ 220]---> BDD-cost:    7
c ---[ 219]---> BDD-cost:    7
c ---[ 218]---> BDD-cost:    7
c ---[ 217]---> BDD-cost:    7
c ---[ 216]---> BDD-cost:    7
c ---[ 215]---> BDD-cost:    7
c ---[ 214]---> BDD-cost:    7
c ---[ 213]---> BDD-cost:    7
c ---[ 212]---> BDD-cost:    7
c ---[ 211]---> BDD-cost:    7
c ---[ 210]---> BDD-cost:    7
c ---[ 209]---> BDD-cost:    7
c ---[ 208]---> BDD-cost:    7
c ---[ 207]---> BDD-cost:    7
c ---[ 206]---> BDD-cost:    7
c ---[ 205]---> BDD-cost:    7
c ---[ 204]---> BDD-cost:    7
c ---[ 203]---> BDD-cost:    7
c ---[ 202]---> BDD-cost:    7
c ---[ 201]---> BDD-cost:    7
c ---[ 200]---> BDD-cost:    7
c ---[ 199]---> BDD-cost:    7
c ---[ 198]---> BDD-cost:    7
c ---[ 197]---> BDD-cost:    7
c ---[ 196]---> BDD-cost:    7
c ---[ 195]---> BDD-cost:    7
c ---[ 194]---> BDD-cost:    7
c ---[ 193]---> BDD-cost:    7
c ---[ 192]---> BDD-cost:    7
c ---[ 191]---> BDD-cost:    7
c ---[ 190]---> BDD-cost:    7
c ---[ 189]---> BDD-cost:    7
c ---[ 188]---> BDD-cost:    7
c ---[ 187]---> BDD-cost:    7
c ---[ 186]---> BDD-cost:    7
c ---[ 185]---> BDD-cost:    7
c ---[ 184]---> BDD-cost:    7
c ---[ 183]---> BDD-cost:    7
c ---[ 182]---> BDD-cost:    7
c ---[ 181]---> BDD-cost:    7
c ---[ 180]---> BDD-cost:    7
c ---[ 179]---> BDD-cost:    7
c ---[ 178]---> BDD-cost:    7
c ---[ 177]---> BDD-cost:    7
c ---[ 176]---> BDD-cost:    7
c ---[ 175]---> BDD-cost:    7
c ---[ 174]---> BDD-cost:    7
c ---[ 173]---> BDD-cost:    7
c ---[ 172]---> BDD-cost:    7
c ---[ 171]---> BDD-cost:    7
c ---[ 170]---> BDD-cost:    7
c ---[ 169]---> BDD-cost:    7
c ---[ 168]---> BDD-cost:    7
c ---[ 167]---> BDD-cost:    7
c ---[ 166]---> BDD-cost:    7
c ---[ 165]---> BDD-cost:    7
c ---[ 164]---> BDD-cost:    7
c ---[ 163]---> BDD-cost:    7
c ---[ 162]---> BDD-cost:    7
c ---[ 161]---> BDD-cost:    7
c ---[ 160]---> BDD-cost:    7
c ---[ 159]---> BDD-cost:    7
c ---[ 158]---> BDD-cost:    7
c ---[ 157]---> BDD-cost:    7
c ---[ 156]---> BDD-cost:    7
c ---[ 155]---> BDD-cost:    7
c ---[ 154]---> BDD-cost:    7
c ---[ 153]---> BDD-cost:    7
c ---[ 152]---> BDD-cost:    7
c ---[ 151]---> BDD-cost:    7
c ---[ 150]---> BDD-cost:    7
c ---[ 149]---> BDD-cost:    7
c ---[ 148]---> BDD-cost:    7
c ---[ 147]---> BDD-cost:    7
c ---[ 146]---> BDD-cost:    7
c ---[ 145]---> BDD-cost:    7
c ---[ 144]---> BDD-cost:    7
c ---[ 143]---> BDD-cost:    7
c ---[ 142]---> BDD-cost:    7
c ---[ 141]---> BDD-cost:    7
c ---[ 140]---> BDD-cost:    7
c ---[ 139]---> BDD-cost:    7
c ---[ 138]---> BDD-cost:    7
c ---[ 137]---> BDD-cost:    7
c ---[ 136]---> BDD-cost:    7
c ---[ 135]---> BDD-cost:    7
c ---[ 134]---> BDD-cost:    7
c ---[ 133]---> BDD-cost:    7
c ---[ 132]---> BDD-cost:    7
c ---[ 131]---> BDD-cost:    7
c ---[ 130]---> BDD-cost:    7
c ---[ 129]---> BDD-cost:    7
c ---[ 128]---> BDD-cost:    7
c ---[ 127]---> BDD-cost:    7
c ---[ 126]---> BDD-cost:    7
c ---[ 125]---> BDD-cost:    7
c ---[ 124]---> BDD-cost:    7
c ---[ 123]---> BDD-cost:    7
c ---[ 122]---> BDD-cost:    7
c ---[ 121]---> BDD-cost:    7
c ---[ 120]---> BDD-cost:    7
c ---[ 119]---> BDD-cost:    7
c ---[ 118]---> BDD-cost:    7
c ---[ 117]---> BDD-cost:    7
c ---[ 116]---> BDD-cost:    7
c ---[ 115]---> BDD-cost:    7
c ---[ 114]---> BDD-cost:    7
c ---[ 113]---> BDD-cost:    7
c ---[ 112]---> BDD-cost:    7
c ---[ 111]---> BDD-cost:    7
c ---[ 110]---> BDD-cost:    7
c ---[ 109]---> BDD-cost:    7
c ---[ 108]---> BDD-cost:    7
c ---[ 107]---> BDD-cost:    7
c ---[ 106]---> BDD-cost:    7
c ---[ 105]---> BDD-cost:    7
c ---[ 104]---> BDD-cost:    7
c ---[ 103]---> BDD-cost:    7
c ---[ 102]---> BDD-cost:    7
c ---[ 101]---> BDD-cost:    7
c ---[ 100]---> BDD-cost:    7
c ---[  99]---> BDD-cost:    7
c ---[  98]---> BDD-cost:    7
c ---[  97]---> BDD-cost:    7
c ---[  96]---> BDD-cost:    7
c ---[  95]---> BDD-cost:    7
c ---[  94]---> BDD-cost:    7
c ---[  93]---> BDD-cost:    7
c ---[  92]---> BDD-cost:    7
c ---[  91]---> BDD-cost:    7
c ---[  90]---> BDD-cost:    7
c ---[  89]---> BDD-cost:    7
c ---[  88]---> BDD-cost:    7
c ---[  87]---> BDD-cost:    7
c ---[  86]---> BDD-cost:    7
c ---[  85]---> BDD-cost:    7
c ---[  84]---> BDD-cost:    7
c ---[  83]---> BDD-cost:    7
c ---[  82]---> BDD-cost:    7
c ---[  81]---> BDD-cost:    7
c ---[  80]---> BDD-cost:    7
c ---[  79]---> BDD-cost:    7
c ---[  78]---> BDD-cost:    7
c ---[  77]---> BDD-cost:    7
c ---[  76]---> BDD-cost:    7
c ---[  75]---> BDD-cost:    7
c ---[  74]---> BDD-cost:    7
c ---[  73]---> BDD-cost:    7
c ---[  72]---> BDD-cost:    7
c ---[  71]---> BDD-cost:    7
c ---[  70]---> BDD-cost:    7
c ---[  69]---> BDD-cost:    7
c ---[  68]---> BDD-cost:    7
c ---[  67]---> BDD-cost:    7
c ---[  66]---> BDD-cost:    7
c ---[  65]---> BDD-cost:    7
c ---[  64]---> BDD-cost:    7
c ---[  63]---> BDD-cost:    7
c ---[  62]---> BDD-cost:    7
c ---[  61]---> BDD-cost:    7
c ---[  60]---> BDD-cost:    7
c ---[  59]---> BDD-cost:    7
c ---[  58]---> BDD-cost:    7
c ---[  57]---> BDD-cost:    7
c ---[  56]---> BDD-cost:    7
c ---[  55]---> BDD-cost:    7
c ---[  54]---> BDD-cost:    7
c ---[  53]---> BDD-cost:    7
c ---[  52]---> BDD-cost:    7
c ---[  51]---> BDD-cost:    7
c ---[  50]---> BDD-cost:    7
c ---[  49]---> BDD-cost:    7
c ---[  48]---> BDD-cost:    7
c ---[  47]---> BDD-cost:    7
c ---[  46]---> BDD-cost:    7
c ---[  44]---> Adder-cost: 394   maxlim: 195   bits: 8/8
c ---[  42]---> Adder-cost: 394   maxlim: 188   bits: 8/8
c ---[  40]---> BDD-cost:  594
c ---[  38]---> Adder-cost: 394   maxlim: 188   bits: 8/8
c ---[  36]---> BDD-cost:  789
c ---[  34]---> Adder-cost: 394   maxlim: 192   bits: 8/8
c ---[  32]---> BDD-cost:  594
c ---[  30]---> Adder-cost: 394   maxlim: 159   bits: 8/8
c ---[  28]---> Adder-cost: 394   maxlim: 196   bits: 8/8
c ---[  26]---> Adder-cost: 394   maxlim: 184   bits: 8/8
c ---[  24]---> BDD-cost:  397
c ---[  22]---> Adder-cost: 394   maxlim: 193   bits: 8/8
c ---[  20]---> Adder-cost: 394   maxlim: 195   bits: 8/8
c ---[  18]---> Adder-cost: 394   maxlim: 189   bits: 8/8
c ---[  16]---> BDD-cost:  594
c ---[  14]---> BDD-cost:  789
c ---[  12]---> Adder-cost: 394   maxlim: 196   bits: 8/8
c ---[  10]---> Adder-cost: 394   maxlim: 171   bits: 8/8
c ---[   8]---> Adder-cost: 394   maxlim: 195   bits: 8/8
c ---[   6]---> Adder-cost: 394   maxlim: 176   bits: 8/8
c ---[   4]---> BDD-cost:  397
c ---[   2]---> BDD-cost:  594
c ---[   0]---> BDD-cost:  397
c ==================================[MINISAT+]==================================
c | Conflicts | Original         | Learnt                           | Progress |
c |           | Clauses Literals |     Max Clauses Literals     LPC |          |
c ==============================================================================
c |         0 |  117631   344216 |   39210       0        0    -nan |  0.000 % |
c |       100 |  117586   344065 |   43131      96      418     4.4 |  3.584 % |
c |       252 |  117577   344036 |   47444     247     1638     6.6 |  3.590 % |
c |       478 |  117517   343846 |   52188     464     3445     7.4 |  3.623 % |
c |       815 |  117517   343846 |   57407     801     7691     9.6 |  3.623 % |
c |      1321 |  117509   343820 |   63148    1306    10957     8.4 |  3.626 % |
c |      2080 |  117441   343602 |   69462    2059    16827     8.2 |  3.669 % |
c |      3219 |  117375   343394 |   76409    3191    26790     8.4 |  3.708 % |
c |      4927 |  117342   343297 |   84050    4896    56053    11.4 |  3.728 % |
c |      7489 |  117290   343137 |   92455    7438   107953    14.5 |  3.758 % |
c |     11337 |  117264   343049 |  101700   11280   296215    26.3 |  3.771 % |
c |     17103 |  116959   342066 |  111870   16979   378041    22.3 |  3.912 % |
c |     25752 |  116527   340742 |  123057   25525   674070    26.4 |  4.145 % |
c |     38727 |  115652   337925 |  135363   38273  1036678    27.1 |  4.610 % |
c |     58189 |  114137   332900 |  148899   57338  1598069    27.9 |  5.463 % |
c |     87381 |  112969   329192 |  163789   86125  2986473    34.7 |  6.158 % |
c |    131170 |  110574   321231 |  180168  129109  4183135    32.4 |  7.538 % |
c |    196854 |  109258   316831 |  198185   37177   545619    14.7 |  8.269 % |
c |    295382 |  108538   314425 |  218004  135559  2830163    20.9 |  8.683 % |
c |    443172 |  106971   309134 |  239804   91209  1973812    21.6 |  9.555 % |
c |    664856 |  106710   308349 |  263785   96697  3165400    32.7 |  9.715 % |
c |    997382 |  105899   305596 |  290163  188233 11143983    59.2 | 10.184 % |
c |   1496171 |  105769   305180 |  319180  154340  9806654    63.5 | 10.279 % |
c |   2244353 |  105692   304957 |  351098  317538 24497069    77.1 | 10.332 % |
c |   3366627 |  105660   304869 |  386208  134300 10510733    78.3 | 10.355 % |
c |   5050039 |  104498   300891 |  424828  370249 50664849   136.8 | 10.991 % |
c 
c *** TERMINATED ***
s UNKNOWN
