c Parsing PB file...
c Converting 33639 PB-constraints to clauses...
c   -- Unit propagations: (none)
c   -- Detecting intervals from adjacent constraints: ######################################################################################################################################################################################################################################################################################################################################
c   -- Clauses(.)/Splits(s): .................................................................................................................................................................................................................................................................................................................................................................................................................................................................................................................................................................................................................................................................................................................................................................................................................................................................................................................................................................................................................................................................................................................................................................................................................................................................................................................................................................................................................................................................................................................................................................................................................................................................................................................................................................................................................................................................................................................................................................................................................................................................................................................................................................................................................................................................................................................................................................................................................................................................................................................................................................................................................................................................................................................................................................................................................................................................................................................................................................................................................................................................................................................................................................................................................................................................................................................................................................................................................................................................................................................................................................................................................................................................................................................................................................................................................................................................................................................................................................................................................................................................................................................................................................................................................................................................................................................................................................................................................................................................................................................................................................................................................................................................................................................................................................................................................................................................................................................................................................................................................................................................................................................................................................................................................................................................................................................................................................................................................................................................................................................................................................................................................................................................................................................................................................................................................................................................................................................................................................................................................................................................................................................................................................................................................................................................................................................................................................................................................................................................................................................................................................................................................................................................................................................................................................................................................................................................................................................................................................................................................................................................................................................................................................................................................................................................................................................................................................................................................................................................................................................................................................................................................................................................................................................................................................................................................................................................................................................................................................................................................................................................................................................................................................................................................................................................................................................................................................................................................................................................................................................................................................................................................................................................................................................................................................................................................................................................................................................................................................................................................................................................................................................................................................................................................................................................................................................................................................................................................................................................................................................................................................................................................................................................................................................................................................................................................................................................................................................................................................................................................................................................................................................................................................................................................................................................................................................................................................................................................................................................................................................................................................................................................................................................................................................................................................................................................................................................................................................................................................................................................................................................................................................................................................................................................................................................................................................................................................................................................................................................................................................................................................................................................................................................................................................................................................................................................................................................................................................................................................................................................................................................................................................................................................................................................................................................................................................................................................................................................................................................................................................................................................................................................................................................................................................................................................................................................................................................................................................................................................................................................................................................................................................................................................................................................................................................................................................................................................................................................................................................................................................................................................................................................................................................................................................................................................................................................................................................................................................................................................................................................................................................................................................................................................................................................................................................................................................................................................................................................................................................................................................................................................................................................................................................................................................................................................................................................................................................................................................................................................................................................................................................................................................................................................................................................................................................................................................................................................................................................................................................................................................................................................................................................................................................................................................................................................................................................................................................................................................................................................................................................................................................................................................................................................................................................................................................................................................................................................................................................................................................................................................................................................................................................................................................................................................................................................................................................................................................................................................................................................................................................................................................................................................................................................................................................................................................................................................................................................................................................................................................................................................................................................................................................................................................................................................................................................................................................................................................................................................................................................................................................................................................................................................................................................................................................................................................................................................................................................................................................................................................................................................................................................................................................................................................................................................................................................................................................................................................................................................................................................................................................................................................................................................................................................................................................................................................................................................................................................................................................................................................................................................................................................................................................................................................................................................................................................................................................................................................................................................................................................................................................................................................................................................................................................................................................................................................................................................................................................................................................................................................................................................................................................................................................................................................................................................................................................................................................................................................................................................................................................................................................................................................................................................................................................................................................................................................................................................................................................................................................................................................................................................................................................................................................................................................................................................................................................................................................................................................................................................................................................................................................................................................................................................................................................................................................................................................................................................................................................................................................................................................................................................................................................................................................................................................................................................................................................................................................................................................................................................................................................................................................................................................................................................................................................................................................................................................................................................................................................................................................................................................................................................................................................................................................................................................................................................................................................................................................................................................................................................................................................................................................................................................................................................................................................................................................................................................................................................................................................................................................................................................................................................................................................................................................................................................................................................................................................................................................................................................................................................................................................................................................................................................................................................................................................................................................................................................................................................................................................................................................................................................................................................................................................................................................................................................................................................................................................................................................................................................................................................................................................................................................................................................................................................................................................................................................................................................................................................................................................................................................................................................................................................................................................................................................................................................................................................................................................................................................................................................................................................................................................................................................................................................................................................................................................................................................................................................................................................................................................................................................................................................................................................................................................................................................................................................................................................................................................................................................................................................................................................................................................................................................................................................................................................................................................................................................................................................................................................................................................................................................................................................................................................................................................................................................................................................................................................................................................................................................................................................................................................................................................................................................................................................................................................................................................................................................................................................................................................................................................................................................................................................................................................................................................................................................................................................................................................................................................................................................................................................................................................................................................................................................................................................................................................................................................................................................................................................................................................................................................................................................................................................................................................................................................................................................................................................................................................................................................................................................................................................................................................................................................................................................................................................................................................................................................................................................................................................................................................................................................................................................................................................................................................................................................................................................................................................................................................................................................................................................................................................................................................................................................................................................................................................................................................................................................................................................................................................................................................................................................................................................................................................................................................................................................................................................................................................................................................................................................................................................................................................................................................................................................................................................................................................................................................................................................................................................................................................................................................................................................................................................................
c ---[33637]---> BDD-cost:   39
c ---[33635]---> BDD-cost:   39
c ---[33633]---> BDD-cost:   39
c ---[33631]---> BDD-cost:   39
c ---[33629]---> BDD-cost:   39
c ---[33627]---> BDD-cost:   39
c ---[33625]---> BDD-cost:   39
c ---[33623]---> BDD-cost:   39
c ---[33621]---> BDD-cost:   39
c ---[33619]---> BDD-cost:   39
c ---[33617]---> BDD-cost:   39
c ---[33615]---> BDD-cost:   39
c ---[33613]---> BDD-cost:   39
c ---[33611]---> BDD-cost:   39
c ---[33609]---> BDD-cost:   39
c ---[33607]---> BDD-cost:   39
c ---[33605]---> BDD-cost:   39
c ---[33603]---> BDD-cost:   39
c ---[33601]---> BDD-cost:   39
c ---[33599]---> BDD-cost:   39
c ---[33597]---> BDD-cost:   39
c ---[33595]---> BDD-cost:   39
c ---[33593]---> BDD-cost:   39
c ---[33591]---> BDD-cost:   39
c ---[33589]---> BDD-cost:   39
c ---[33587]---> BDD-cost:   39
c ---[33585]---> BDD-cost:   39
c ---[33583]---> BDD-cost:   39
c ---[33581]---> BDD-cost:   39
c ---[33579]---> BDD-cost:   39
c ---[33577]---> BDD-cost:   39
c ---[33575]---> BDD-cost:   39
c ---[33573]---> BDD-cost:   39
c ---[33571]---> BDD-cost:   39
c ---[33569]---> BDD-cost:   39
c ---[33567]---> BDD-cost:   39
c ---[33565]---> BDD-cost:   39
c ---[33563]---> BDD-cost:   39
c ---[33561]---> BDD-cost:   39
c ---[33559]---> BDD-cost:   39
c ---[33557]---> BDD-cost:   39
c ---[33555]---> BDD-cost:   39
c ---[33553]---> BDD-cost:   39
c ---[33551]---> BDD-cost:   39
c ---[33549]---> BDD-cost:   39
c ---[33547]---> BDD-cost:   39
c ---[33545]---> BDD-cost:   39
c ---[33543]---> BDD-cost:   39
c ---[33541]---> BDD-cost:   39
c ---[33539]---> BDD-cost:   39
c ---[33537]---> BDD-cost:   39
c ---[33535]---> BDD-cost:   39
c ---[33533]---> BDD-cost:   39
c ---[33531]---> BDD-cost:   39
c ---[33529]---> BDD-cost:   39
c ---[33527]---> BDD-cost:   39
c ---[33525]---> BDD-cost:   39
c ---[33523]---> BDD-cost:   39
c ---[33521]---> BDD-cost:   39
c ---[33519]---> BDD-cost:   39
c ---[33517]---> BDD-cost:   39
c ---[33515]---> BDD-cost:   39
c ---[33513]---> BDD-cost:   39
c ---[33511]---> BDD-cost:   39
c ---[33509]---> BDD-cost:   39
c ---[33507]---> BDD-cost:   39
c ---[33505]---> BDD-cost:   39
c ---[33503]---> BDD-cost:   39
c ---[33501]---> BDD-cost:   39
c ---[33499]---> BDD-cost:   39
c ---[33497]---> BDD-cost:   39
c ---[33495]---> BDD-cost:   39
c ---[33493]---> BDD-cost:   39
c ---[33491]---> BDD-cost:   39
c ---[33489]---> BDD-cost:   39
c ---[33487]---> BDD-cost:   39
c ---[33485]---> BDD-cost:   39
c ---[33483]---> BDD-cost:   39
c ---[33481]---> BDD-cost:   39
c ---[33479]---> BDD-cost:   39
c ---[33477]---> BDD-cost:   39
c ---[33475]---> BDD-cost:   39
c ---[33473]---> BDD-cost:   39
c ---[33471]---> BDD-cost:   39
c ---[33469]---> BDD-cost:   39
c ---[33467]---> BDD-cost:   39
c ---[33465]---> BDD-cost:   39
c ---[33463]---> BDD-cost:   39
c ---[33461]---> BDD-cost:   39
c ---[33459]---> BDD-cost:   39
c ---[33457]---> BDD-cost:   39
c ---[33455]---> BDD-cost:   39
c ---[33453]---> BDD-cost:   39
c ---[33451]---> BDD-cost:   39
c ---[33449]---> BDD-cost:   39
c ---[33447]---> BDD-cost:   39
c ---[33445]---> BDD-cost:   39
c ---[33443]---> BDD-cost:   39
c ---[33441]---> BDD-cost:   39
c ---[33439]---> BDD-cost:   39
c ---[33437]---> BDD-cost:   39
c ---[33435]---> BDD-cost:   39
c ---[33433]---> BDD-cost:   39
c ---[33431]---> BDD-cost:   39
c ---[33429]---> BDD-cost:   39
c ---[33427]---> BDD-cost:   39
c ---[33425]---> BDD-cost:   39
c ---[33423]---> BDD-cost:   39
c ---[33421]---> BDD-cost:   39
c ---[33419]---> BDD-cost:   39
c ---[33417]---> BDD-cost:   39
c ---[33415]---> BDD-cost:   39
c ---[33413]---> BDD-cost:   39
c ---[33411]---> BDD-cost:   39
c ---[33409]---> BDD-cost:   39
c ---[33407]---> BDD-cost:   39
c ---[33405]---> BDD-cost:   39
c ---[33403]---> BDD-cost:   39
c ---[33401]---> BDD-cost:   39
c ---[33399]---> BDD-cost:   39
c ---[33397]---> BDD-cost:   39
c ---[33395]---> BDD-cost:   39
c ---[33393]---> BDD-cost:   39
c ---[33391]---> BDD-cost:   39
c ---[33389]---> BDD-cost:   39
c ---[33387]---> BDD-cost:   39
c ---[33385]---> BDD-cost:   39
c ---[33383]---> BDD-cost:   39
c ---[33381]---> BDD-cost:   39
c ---[33379]---> BDD-cost:   39
c ---[33377]---> BDD-cost:   39
c ---[33375]---> BDD-cost:   39
c ---[33373]---> BDD-cost:   39
c ---[33371]---> BDD-cost:   39
c ---[33369]---> BDD-cost:   39
c ---[33367]---> BDD-cost:   39
c ---[33365]---> BDD-cost:   39
c ---[33363]---> BDD-cost:   39
c ---[33361]---> BDD-cost:   39
c ---[33359]---> BDD-cost:   39
c ---[33357]---> BDD-cost:   39
c ---[33355]---> BDD-cost:   39
c ---[33353]---> BDD-cost:   39
c ---[33351]---> BDD-cost:   39
c ---[33349]---> BDD-cost:   39
c ---[33347]---> BDD-cost:   39
c ---[33345]---> BDD-cost:   39
c ---[33343]---> BDD-cost:   39
c ---[33341]---> BDD-cost:   39
c ---[33339]---> BDD-cost:   39
c ---[33337]---> BDD-cost:   39
c ---[33335]---> BDD-cost:   39
c ---[33333]---> BDD-cost:   39
c ---[33331]---> BDD-cost:   39
c ---[33329]---> BDD-cost:   39
c ---[33327]---> BDD-cost:   39
c ---[33325]---> BDD-cost:   39
c ---[33323]---> BDD-cost:   39
c ---[33321]---> BDD-cost:   39
c ---[33319]---> BDD-cost:   39
c ---[33317]---> BDD-cost:   39
c ---[33315]---> BDD-cost:   39
c ---[33313]---> BDD-cost:   39
c ---[33311]---> BDD-cost:   39
c ---[33309]---> BDD-cost:   39
c ---[33307]---> BDD-cost:   39
c ---[33305]---> BDD-cost:   39
c ---[33303]---> BDD-cost:   39
c ---[33301]---> BDD-cost:   39
c ---[33299]---> BDD-cost:   39
c ---[33297]---> BDD-cost:   39
c ---[33295]---> BDD-cost:   39
c ---[33293]---> BDD-cost:   39
c ---[33291]---> BDD-cost:   39
c ---[33289]---> BDD-cost:   39
c ---[33287]---> BDD-cost:   39
c ---[33285]---> BDD-cost:   39
c ---[33283]---> BDD-cost:   39
c ---[33281]---> BDD-cost:   39
c ---[33279]---> BDD-cost:   39
c ---[33277]---> BDD-cost:   39
c ---[33275]---> BDD-cost:   39
c ---[33273]---> BDD-cost:   39
c ---[33271]---> BDD-cost:   39
c ---[33269]---> BDD-cost:   39
c ---[33267]---> BDD-cost:   39
c ---[33265]---> BDD-cost:   39
c ---[33263]---> BDD-cost:   39
c ---[33261]---> BDD-cost:   39
c ---[33259]---> BDD-cost:   39
c ---[33257]---> BDD-cost:   39
c ---[33255]---> BDD-cost:   39
c ---[33253]---> BDD-cost:   39
c ---[33251]---> BDD-cost:   39
c ---[33249]---> BDD-cost:   39
c ---[33247]---> BDD-cost:   39
c ---[33245]---> BDD-cost:   39
c ---[33243]---> BDD-cost:   39
c ---[33241]---> BDD-cost:   39
c ---[33239]---> BDD-cost:   39
c ---[33237]---> BDD-cost:   39
c ---[33235]---> BDD-cost:   39
c ---[33233]---> BDD-cost:   39
c ---[33231]---> BDD-cost:   39
c ---[33229]---> BDD-cost:   39
c ---[33227]---> BDD-cost:   39
c ---[33225]---> BDD-cost:   39
c ---[33223]---> BDD-cost:   39
c ---[33221]---> BDD-cost:   39
c ---[33219]---> BDD-cost:   39
c ---[33217]---> BDD-cost:   39
c ---[33215]---> BDD-cost:   39
c ---[33213]---> BDD-cost:   39
c ---[33211]---> BDD-cost:   39
c ---[33209]---> BDD-cost:   39
c ---[33207]---> BDD-cost:   39
c ---[33205]---> BDD-cost:   39
c ---[33203]---> BDD-cost:   39
c ---[33201]---> BDD-cost:   39
c ---[33199]---> BDD-cost:   39
c ---[33197]---> BDD-cost:   39
c ---[33195]---> BDD-cost:   39
c ---[33193]---> BDD-cost:   39
c ---[33191]---> BDD-cost:   39
c ---[33189]---> BDD-cost:   39
c ---[33187]---> BDD-cost:   39
c ---[33185]---> BDD-cost:   39
c ---[33183]---> BDD-cost:   39
c ---[33181]---> BDD-cost:   39
c ---[33179]---> BDD-cost:   39
c ---[33177]---> BDD-cost:   39
c ---[33175]---> BDD-cost:   39
c ---[33173]---> BDD-cost:   39
c ---[33171]---> BDD-cost:   39
c ---[33169]---> BDD-cost:   39
c ---[33167]---> BDD-cost:   39
c ---[33165]---> BDD-cost:   39
c ---[33163]---> BDD-cost:   39
c ---[33161]---> BDD-cost:   39
c ---[33159]---> BDD-cost:   39
c ---[33157]---> BDD-cost:   39
c ---[33155]---> BDD-cost:   39
c ---[33153]---> BDD-cost:   39
c ---[33151]---> BDD-cost:   39
c ---[33149]---> BDD-cost:   39
c ---[33147]---> BDD-cost:   39
c ---[33145]---> BDD-cost:   39
c ---[33143]---> BDD-cost:   39
c ---[33141]---> BDD-cost:   39
c ---[33139]---> BDD-cost:   39
c ---[33137]---> BDD-cost:   39
c ---[33135]---> BDD-cost:   39
c ---[33133]---> BDD-cost:   39
c ---[33131]---> BDD-cost:   39
c ---[33129]---> BDD-cost:   39
c ---[33127]---> BDD-cost:   39
c ---[33125]---> BDD-cost:   39
c ---[33123]---> BDD-cost:   39
c ---[33121]---> BDD-cost:   39
c ---[33119]---> BDD-cost:   39
c ---[33117]---> BDD-cost:   39
c ---[33115]---> BDD-cost:   39
c ---[33113]---> BDD-cost:   39
c ---[33111]---> BDD-cost:   39
c ---[33109]---> BDD-cost:   39
c ---[33107]---> BDD-cost:   39
c ---[33105]---> BDD-cost:   39
c ---[33103]---> BDD-cost:   39
c ---[33101]---> BDD-cost:   39
c ---[33099]---> BDD-cost:   39
c ---[33097]---> BDD-cost:   39
c ---[33095]---> BDD-cost:   39
c ---[33093]---> BDD-cost:   39
c ---[33091]---> BDD-cost:   39
c ---[33089]---> BDD-cost:   39
c ---[33087]---> BDD-cost:   39
c ---[33085]---> BDD-cost:   39
c ---[33083]---> BDD-cost:   39
c ---[33081]---> BDD-cost:   39
c ---[33079]---> BDD-cost:   39
c ---[33077]---> BDD-cost:   39
c ---[33075]---> BDD-cost:   39
c ---[33073]---> BDD-cost:   39
c ---[33071]---> BDD-cost:   39
c ---[33069]---> BDD-cost:   39
c ---[33067]---> BDD-cost:   39
c ---[33065]---> BDD-cost:   39
c ---[33063]---> BDD-cost:   39
c ---[33061]---> BDD-cost:   39
c ---[33059]---> BDD-cost:   39
c ---[33057]---> BDD-cost:   39
c ---[33055]---> BDD-cost:   39
c ---[33053]---> BDD-cost:   39
c ---[33051]---> BDD-cost:   39
c ---[33049]---> BDD-cost:   39
c ---[33047]---> BDD-cost:   39
c ---[33045]---> BDD-cost:   39
c ---[33043]---> BDD-cost:   39
c ---[33041]---> BDD-cost:   39
c ---[33039]---> BDD-cost:   39
c ---[1537]---> Adder-cost: 592   maxlim: 171   bits: 9/8
c ---[1236]---> Adder-cost: 591   maxlim: 100   bits: 8/7
c ---[ 936]---> Adder-cost: 592   maxlim: 221   bits: 9/8
c ---[ 935]---> BDD-cost:    3
c ---[ 934]---> BDD-cost:    3
c ---[ 933]---> BDD-cost:    3
c ---[ 932]---> BDD-cost:    3
c ---[ 931]---> BDD-cost:    3
c ---[ 930]---> BDD-cost:    3
c ---[ 929]---> BDD-cost:    3
c ---[ 928]---> BDD-cost:    3
c ---[ 927]---> BDD-cost:    3
c ---[ 926]---> BDD-cost:    3
c ---[ 925]---> BDD-cost:    3
c ---[ 924]---> BDD-cost:    3
c ---[ 923]---> BDD-cost:    3
c ---[ 922]---> BDD-cost:    3
c ---[ 921]---> BDD-cost:    3
c ---[ 920]---> BDD-cost:    3
c ---[ 919]---> BDD-cost:    3
c ---[ 918]---> BDD-cost:    3
c ---[ 917]---> BDD-cost:    3
c ---[ 916]---> BDD-cost:    3
c ---[ 915]---> BDD-cost:    3
c ---[ 914]---> BDD-cost:    3
c ---[ 913]---> BDD-cost:    3
c ---[ 912]---> BDD-cost:    3
c ---[ 911]---> BDD-cost:    3
c ---[ 910]---> BDD-cost:    3
c ---[ 909]---> BDD-cost:    3
c ---[ 908]---> BDD-cost:    3
c ---[ 907]---> BDD-cost:    3
c ---[ 906]---> BDD-cost:    3
c ---[ 905]---> BDD-cost:    3
c ---[ 904]---> BDD-cost:    3
c ---[ 903]---> BDD-cost:    3
c ---[ 902]---> BDD-cost:    3
c ---[ 901]---> BDD-cost:    3
c ---[ 900]---> BDD-cost:    3
c ---[ 899]---> BDD-cost:    3
c ---[ 898]---> BDD-cost:    3
c ---[ 897]---> BDD-cost:    3
c ---[ 896]---> BDD-cost:    3
c ---[ 895]---> BDD-cost:    3
c ---[ 894]---> BDD-cost:    3
c ---[ 893]---> BDD-cost:    3
c ---[ 892]---> BDD-cost:    3
c ---[ 891]---> BDD-cost:    3
c ---[ 890]---> BDD-cost:    3
c ---[ 889]---> BDD-cost:    3
c ---[ 888]---> BDD-cost:    3
c ---[ 887]---> BDD-cost:    3
c ---[ 886]---> BDD-cost:    3
c ---[ 885]---> BDD-cost:    3
c ---[ 884]---> BDD-cost:    3
c ---[ 883]---> BDD-cost:    3
c ---[ 882]---> BDD-cost:    3
c ---[ 881]---> BDD-cost:    3
c ---[ 880]---> BDD-cost:    3
c ---[ 879]---> BDD-cost:    3
c ---[ 878]---> BDD-cost:    3
c ---[ 877]---> BDD-cost:    3
c ---[ 876]---> BDD-cost:    3
c ---[ 875]---> BDD-cost:    3
c ---[ 874]---> BDD-cost:    3
c ---[ 873]---> BDD-cost:    3
c ---[ 872]---> BDD-cost:    3
c ---[ 871]---> BDD-cost:    3
c ---[ 870]---> BDD-cost:    3
c ---[ 869]---> BDD-cost:    3
c ---[ 868]---> BDD-cost:    3
c ---[ 867]---> BDD-cost:    3
c ---[ 866]---> BDD-cost:    3
c ---[ 865]---> BDD-cost:    3
c ---[ 864]---> BDD-cost:    3
c ---[ 863]---> BDD-cost:    3
c ---[ 862]---> BDD-cost:    3
c ---[ 861]---> BDD-cost:    3
c ---[ 860]---> BDD-cost:    3
c ---[ 859]---> BDD-cost:    3
c ---[ 858]---> BDD-cost:    3
c ---[ 857]---> BDD-cost:    3
c ---[ 856]---> BDD-cost:    3
c ---[ 855]---> BDD-cost:    3
c ---[ 854]---> BDD-cost:    3
c ---[ 853]---> BDD-cost:    3
c ---[ 852]---> BDD-cost:    3
c ---[ 851]---> BDD-cost:    3
c ---[ 850]---> BDD-cost:    3
c ---[ 849]---> BDD-cost:    3
c ---[ 848]---> BDD-cost:    3
c ---[ 847]---> BDD-cost:    3
c ---[ 846]---> BDD-cost:    3
c ---[ 845]---> BDD-cost:    3
c ---[ 844]---> BDD-cost:    3
c ---[ 843]---> BDD-cost:    3
c ---[ 842]---> BDD-cost:    3
c ---[ 841]---> BDD-cost:    3
c ---[ 840]---> BDD-cost:    3
c ---[ 839]---> BDD-cost:    3
c ---[ 838]---> BDD-cost:    3
c ---[ 837]---> BDD-cost:    3
c ---[ 836]---> BDD-cost:    3
c ---[ 835]---> BDD-cost:    3
c ---[ 834]---> BDD-cost:    3
c ---[ 833]---> BDD-cost:    3
c ---[ 832]---> BDD-cost:    3
c ---[ 831]---> BDD-cost:    3
c ---[ 830]---> BDD-cost:    3
c ---[ 829]---> BDD-cost:    3
c ---[ 828]---> BDD-cost:    3
c ---[ 827]---> BDD-cost:    3
c ---[ 826]---> BDD-cost:    3
c ---[ 825]---> BDD-cost:    3
c ---[ 824]---> BDD-cost:    3
c ---[ 823]---> BDD-cost:    3
c ---[ 822]---> BDD-cost:    3
c ---[ 821]---> BDD-cost:    3
c ---[ 820]---> BDD-cost:    3
c ---[ 819]---> BDD-cost:    3
c ---[ 818]---> BDD-cost:    3
c ---[ 817]---> BDD-cost:    3
c ---[ 816]---> BDD-cost:    3
c ---[ 815]---> BDD-cost:    3
c ---[ 814]---> BDD-cost:    3
c ---[ 813]---> BDD-cost:    3
c ---[ 812]---> BDD-cost:    3
c ---[ 811]---> BDD-cost:    3
c ---[ 810]---> BDD-cost:    3
c ---[ 809]---> BDD-cost:    3
c ---[ 808]---> BDD-cost:    3
c ---[ 807]---> BDD-cost:    3
c ---[ 806]---> BDD-cost:    3
c ---[ 805]---> BDD-cost:    3
c ---[ 804]---> BDD-cost:    3
c ---[ 803]---> BDD-cost:    3
c ---[ 802]---> BDD-cost:    3
c ---[ 801]---> BDD-cost:    3
c ---[ 800]---> BDD-cost:    3
c ---[ 799]---> BDD-cost:    3
c ---[ 798]---> BDD-cost:    3
c ---[ 797]---> BDD-cost:    3
c ---[ 796]---> BDD-cost:    3
c ---[ 795]---> BDD-cost:    3
c ---[ 794]---> BDD-cost:    3
c ---[ 793]---> BDD-cost:    3
c ---[ 792]---> BDD-cost:    3
c ---[ 791]---> BDD-cost:    3
c ---[ 790]---> BDD-cost:    3
c ---[ 789]---> BDD-cost:    3
c ---[ 788]---> BDD-cost:    3
c ---[ 787]---> BDD-cost:    3
c ---[ 786]---> BDD-cost:    3
c ---[ 785]---> BDD-cost:    3
c ---[ 784]---> BDD-cost:    3
c ---[ 783]---> BDD-cost:    3
c ---[ 782]---> BDD-cost:    3
c ---[ 781]---> BDD-cost:    3
c ---[ 780]---> BDD-cost:    3
c ---[ 779]---> BDD-cost:    3
c ---[ 778]---> BDD-cost:    3
c ---[ 777]---> BDD-cost:    3
c ---[ 776]---> BDD-cost:    3
c ---[ 775]---> BDD-cost:    3
c ---[ 774]---> BDD-cost:    3
c ---[ 773]---> BDD-cost:    3
c ---[ 772]---> BDD-cost:    3
c ---[ 771]---> BDD-cost:    3
c ---[ 770]---> BDD-cost:    3
c ---[ 769]---> BDD-cost:    3
c ---[ 768]---> BDD-cost:    3
c ---[ 767]---> BDD-cost:    3
c ---[ 766]---> BDD-cost:    3
c ---[ 765]---> BDD-cost:    3
c ---[ 764]---> BDD-cost:    3
c ---[ 763]---> BDD-cost:    3
c ---[ 762]---> BDD-cost:    3
c ---[ 761]---> BDD-cost:    3
c ---[ 760]---> BDD-cost:    3
c ---[ 759]---> BDD-cost:    3
c ---[ 758]---> BDD-cost:    3
c ---[ 757]---> BDD-cost:    3
c ---[ 756]---> BDD-cost:    3
c ---[ 755]---> BDD-cost:    3
c ---[ 754]---> BDD-cost:    3
c ---[ 753]---> BDD-cost:    3
c ---[ 752]---> BDD-cost:    3
c ---[ 751]---> BDD-cost:    3
c ---[ 750]---> BDD-cost:    3
c ---[ 749]---> BDD-cost:    3
c ---[ 748]---> BDD-cost:    3
c ---[ 747]---> BDD-cost:    3
c ---[ 746]---> BDD-cost:    3
c ---[ 745]---> BDD-cost:    3
c ---[ 744]---> BDD-cost:    3
c ---[ 743]---> BDD-cost:    3
c ---[ 742]---> BDD-cost:    3
c ---[ 741]---> BDD-cost:    3
c ---[ 740]---> BDD-cost:    3
c ---[ 739]---> BDD-cost:    3
c ---[ 738]---> BDD-cost:    3
c ---[ 737]---> BDD-cost:    3
c ---[ 736]---> BDD-cost:    3
c ---[ 735]---> BDD-cost:    3
c ---[ 734]---> BDD-cost:    3
c ---[ 733]---> BDD-cost:    3
c ---[ 732]---> BDD-cost:    3
c ---[ 731]---> BDD-cost:    3
c ---[ 730]---> BDD-cost:    3
c ---[ 729]---> BDD-cost:    3
c ---[ 728]---> BDD-cost:    3
c ---[ 727]---> BDD-cost:    3
c ---[ 726]---> BDD-cost:    3
c ---[ 725]---> BDD-cost:    3
c ---[ 724]---> BDD-cost:    3
c ---[ 723]---> BDD-cost:    3
c ---[ 722]---> BDD-cost:    3
c ---[ 721]---> BDD-cost:    3
c ---[ 720]---> BDD-cost:    3
c ---[ 719]---> BDD-cost:    3
c ---[ 718]---> BDD-cost:    3
c ---[ 717]---> BDD-cost:    3
c ---[ 716]---> BDD-cost:    3
c ---[ 715]---> BDD-cost:    3
c ---[ 714]---> BDD-cost:    3
c ---[ 713]---> BDD-cost:    3
c ---[ 712]---> BDD-cost:    3
c ---[ 711]---> BDD-cost:    3
c ---[ 710]---> BDD-cost:    3
c ---[ 709]---> BDD-cost:    3
c ---[ 708]---> BDD-cost:    3
c ---[ 707]---> BDD-cost:    3
c ---[ 706]---> BDD-cost:    3
c ---[ 705]---> BDD-cost:    3
c ---[ 704]---> BDD-cost:    3
c ---[ 703]---> BDD-cost:    3
c ---[ 702]---> BDD-cost:    3
c ---[ 701]---> BDD-cost:    3
c ---[ 700]---> BDD-cost:    3
c ---[ 699]---> BDD-cost:    3
c ---[ 698]---> BDD-cost:    3
c ---[ 697]---> BDD-cost:    3
c ---[ 696]---> BDD-cost:    3
c ---[ 695]---> BDD-cost:    3
c ---[ 694]---> BDD-cost:    3
c ---[ 693]---> BDD-cost:    3
c ---[ 692]---> BDD-cost:    3
c ---[ 691]---> BDD-cost:    3
c ---[ 690]---> BDD-cost:    3
c ---[ 689]---> BDD-cost:    3
c ---[ 688]---> BDD-cost:    3
c ---[ 687]---> BDD-cost:    3
c ---[ 686]---> BDD-cost:    3
c ---[ 685]---> BDD-cost:    3
c ---[ 684]---> BDD-cost:    3
c ---[ 683]---> BDD-cost:    3
c ---[ 682]---> BDD-cost:    3
c ---[ 681]---> BDD-cost:    3
c ---[ 680]---> BDD-cost:    3
c ---[ 679]---> BDD-cost:    3
c ---[ 678]---> BDD-cost:    3
c ---[ 677]---> BDD-cost:    3
c ---[ 676]---> BDD-cost:    3
c ---[ 675]---> BDD-cost:    3
c ---[ 674]---> BDD-cost:    3
c ---[ 673]---> BDD-cost:    3
c ---[ 672]---> BDD-cost:    3
c ---[ 671]---> BDD-cost:    3
c ---[ 670]---> BDD-cost:    3
c ---[ 669]---> BDD-cost:    3
c ---[ 668]---> BDD-cost:    3
c ---[ 667]---> BDD-cost:    3
c ---[ 666]---> BDD-cost:    3
c ---[ 665]---> BDD-cost:    3
c ---[ 664]---> BDD-cost:    3
c ---[ 663]---> BDD-cost:    3
c ---[ 662]---> BDD-cost:    3
c ---[ 661]---> BDD-cost:    3
c ---[ 660]---> BDD-cost:    3
c ---[ 659]---> BDD-cost:    3
c ---[ 658]---> BDD-cost:    3
c ---[ 657]---> BDD-cost:    3
c ---[ 656]---> BDD-cost:    3
c ---[ 655]---> BDD-cost:    3
c ---[ 654]---> BDD-cost:    3
c ---[ 653]---> BDD-cost:    3
c ---[ 652]---> BDD-cost:    3
c ---[ 651]---> BDD-cost:    3
c ---[ 650]---> BDD-cost:    3
c ---[ 649]---> BDD-cost:    3
c ---[ 648]---> BDD-cost:    3
c ---[ 647]---> BDD-cost:    3
c ---[ 646]---> BDD-cost:    3
c ---[ 645]---> BDD-cost:    3
c ---[ 644]---> BDD-cost:    3
c ---[ 643]---> BDD-cost:    3
c ---[ 642]---> BDD-cost:    3
c ---[ 641]---> BDD-cost:    3
c ---[ 640]---> BDD-cost:    3
c ---[ 639]---> BDD-cost:    3
c ---[ 638]---> BDD-cost:    3
c ---[ 636]---> Adder-cost: 592   maxlim: 186   bits: 9/8
c ---[ 635]---> BDD-cost:    8
c ---[ 634]---> BDD-cost:    8
c ---[ 633]---> BDD-cost:    8
c ---[ 632]---> BDD-cost:    8
c ---[ 631]---> BDD-cost:    8
c ---[ 630]---> BDD-cost:    8
c ---[ 629]---> BDD-cost:    8
c ---[ 628]---> BDD-cost:    8
c ---[ 627]---> BDD-cost:    8
c ---[ 626]---> BDD-cost:    8
c ---[ 625]---> BDD-cost:    8
c ---[ 624]---> BDD-cost:    8
c ---[ 623]---> BDD-cost:    8
c ---[ 622]---> BDD-cost:    8
c ---[ 621]---> BDD-cost:    8
c ---[ 620]---> BDD-cost:    8
c ---[ 619]---> BDD-cost:    8
c ---[ 618]---> BDD-cost:    8
c ---[ 617]---> BDD-cost:    8
c ---[ 616]---> BDD-cost:    8
c ---[ 615]---> BDD-cost:    8
c ---[ 614]---> BDD-cost:    8
c ---[ 613]---> BDD-cost:    8
c ---[ 612]---> BDD-cost:    8
c ---[ 611]---> BDD-cost:    8
c ---[ 610]---> BDD-cost:    8
c ---[ 609]---> BDD-cost:    8
c ---[ 608]---> BDD-cost:    8
c ---[ 607]---> BDD-cost:    8
c ---[ 606]---> BDD-cost:    8
c ---[ 605]---> BDD-cost:    8
c ---[ 604]---> BDD-cost:    8
c ---[ 603]---> BDD-cost:    8
c ---[ 602]---> BDD-cost:    8
c ---[ 601]---> BDD-cost:    8
c ---[ 600]---> BDD-cost:    8
c ---[ 599]---> BDD-cost:    8
c ---[ 598]---> BDD-cost:    8
c ---[ 597]---> BDD-cost:    8
c ---[ 596]---> BDD-cost:    8
c ---[ 595]---> BDD-cost:    8
c ---[ 594]---> BDD-cost:    8
c ---[ 593]---> BDD-cost:    8
c ---[ 592]---> BDD-cost:    8
c ---[ 591]---> BDD-cost:    8
c ---[ 590]---> BDD-cost:    8
c ---[ 589]---> BDD-cost:    8
c ---[ 588]---> BDD-cost:    8
c ---[ 587]---> BDD-cost:    8
c ---[ 586]---> BDD-cost:    8
c ---[ 585]---> BDD-cost:    8
c ---[ 584]---> BDD-cost:    8
c ---[ 583]---> BDD-cost:    8
c ---[ 582]---> BDD-cost:    8
c ---[ 581]---> BDD-cost:    8
c ---[ 580]---> BDD-cost:    8
c ---[ 579]---> BDD-cost:    8
c ---[ 578]---> BDD-cost:    8
c ---[ 577]---> BDD-cost:    8
c ---[ 576]---> BDD-cost:    8
c ---[ 575]---> BDD-cost:    8
c ---[ 574]---> BDD-cost:    8
c ---[ 573]---> BDD-cost:    8
c ---[ 572]---> BDD-cost:    8
c ---[ 571]---> BDD-cost:    8
c ---[ 570]---> BDD-cost:    8
c ---[ 569]---> BDD-cost:    8
c ---[ 568]---> BDD-cost:    8
c ---[ 567]---> BDD-cost:    8
c ---[ 566]---> BDD-cost:    8
c ---[ 565]---> BDD-cost:    8
c ---[ 564]---> BDD-cost:    8
c ---[ 563]---> BDD-cost:    8
c ---[ 562]---> BDD-cost:    8
c ---[ 561]---> BDD-cost:    8
c ---[ 560]---> BDD-cost:    8
c ---[ 559]---> BDD-cost:    8
c ---[ 558]---> BDD-cost:    8
c ---[ 557]---> BDD-cost:    8
c ---[ 556]---> BDD-cost:    8
c ---[ 555]---> BDD-cost:    8
c ---[ 554]---> BDD-cost:    8
c ---[ 553]---> BDD-cost:    8
c ---[ 552]---> BDD-cost:    8
c ---[ 551]---> BDD-cost:    8
c ---[ 550]---> BDD-cost:    8
c ---[ 549]---> BDD-cost:    8
c ---[ 548]---> BDD-cost:    8
c ---[ 547]---> BDD-cost:    8
c ---[ 546]---> BDD-cost:    8
c ---[ 545]---> BDD-cost:    8
c ---[ 544]---> BDD-cost:    8
c ---[ 543]---> BDD-cost:    8
c ---[ 542]---> BDD-cost:    8
c ---[ 541]---> BDD-cost:    8
c ---[ 540]---> BDD-cost:    8
c ---[ 539]---> BDD-cost:    8
c ---[ 538]---> BDD-cost:    8
c ---[ 537]---> BDD-cost:    8
c ---[ 536]---> BDD-cost:    8
c ---[ 535]---> BDD-cost:    8
c ---[ 534]---> BDD-cost:    8
c ---[ 533]---> BDD-cost:    8
c ---[ 532]---> BDD-cost:    8
c ---[ 531]---> BDD-cost:    8
c ---[ 530]---> BDD-cost:    8
c ---[ 529]---> BDD-cost:    8
c ---[ 528]---> BDD-cost:    8
c ---[ 527]---> BDD-cost:    8
c ---[ 526]---> BDD-cost:    8
c ---[ 525]---> BDD-cost:    8
c ---[ 524]---> BDD-cost:    8
c ---[ 523]---> BDD-cost:    8
c ---[ 522]---> BDD-cost:    8
c ---[ 521]---> BDD-cost:    8
c ---[ 520]---> BDD-cost:    8
c ---[ 519]---> BDD-cost:    8
c ---[ 518]---> BDD-cost:    8
c ---[ 517]---> BDD-cost:    8
c ---[ 516]---> BDD-cost:    8
c ---[ 515]---> BDD-cost:    8
c ---[ 514]---> BDD-cost:    8
c ---[ 513]---> BDD-cost:    8
c ---[ 512]---> BDD-cost:    8
c ---[ 511]---> BDD-cost:    8
c ---[ 510]---> BDD-cost:    8
c ---[ 509]---> BDD-cost:    8
c ---[ 508]---> BDD-cost:    8
c ---[ 507]---> BDD-cost:    8
c ---[ 506]---> BDD-cost:    8
c ---[ 505]---> BDD-cost:    8
c ---[ 504]---> BDD-cost:    8
c ---[ 503]---> BDD-cost:    8
c ---[ 502]---> BDD-cost:    8
c ---[ 501]---> BDD-cost:    8
c ---[ 500]---> BDD-cost:    8
c ---[ 499]---> BDD-cost:    8
c ---[ 498]---> BDD-cost:    8
c ---[ 497]---> BDD-cost:    8
c ---[ 496]---> BDD-cost:    8
c ---[ 495]---> BDD-cost:    8
c ---[ 494]---> BDD-cost:    8
c ---[ 493]---> BDD-cost:    8
c ---[ 492]---> BDD-cost:    8
c ---[ 491]---> BDD-cost:    8
c ---[ 490]---> BDD-cost:    8
c ---[ 489]---> BDD-cost:    8
c ---[ 488]---> BDD-cost:    8
c ---[ 487]---> BDD-cost:    8
c ---[ 486]---> BDD-cost:    8
c ---[ 485]---> BDD-cost:    8
c ---[ 484]---> BDD-cost:    8
c ---[ 483]---> BDD-cost:    8
c ---[ 482]---> BDD-cost:    8
c ---[ 481]---> BDD-cost:    8
c ---[ 480]---> BDD-cost:    8
c ---[ 479]---> BDD-cost:    8
c ---[ 478]---> BDD-cost:    8
c ---[ 477]---> BDD-cost:    8
c ---[ 476]---> BDD-cost:    8
c ---[ 475]---> BDD-cost:    8
c ---[ 474]---> BDD-cost:    8
c ---[ 473]---> BDD-cost:    8
c ---[ 472]---> BDD-cost:    8
c ---[ 471]---> BDD-cost:    8
c ---[ 470]---> BDD-cost:    8
c ---[ 469]---> BDD-cost:    8
c ---[ 468]---> BDD-cost:    8
c ---[ 467]---> BDD-cost:    8
c ---[ 466]---> BDD-cost:    8
c ---[ 465]---> BDD-cost:    8
c ---[ 464]---> BDD-cost:    8
c ---[ 463]---> BDD-cost:    8
c ---[ 462]---> BDD-cost:    8
c ---[ 461]---> BDD-cost:    8
c ---[ 460]---> BDD-cost:    8
c ---[ 459]---> BDD-cost:    8
c ---[ 458]---> BDD-cost:    8
c ---[ 457]---> BDD-cost:    8
c ---[ 456]---> BDD-cost:    8
c ---[ 455]---> BDD-cost:    8
c ---[ 454]---> BDD-cost:    8
c ---[ 453]---> BDD-cost:    8
c ---[ 452]---> BDD-cost:    8
c ---[ 451]---> BDD-cost:    8
c ---[ 450]---> BDD-cost:    8
c ---[ 449]---> BDD-cost:    8
c ---[ 448]---> BDD-cost:    8
c ---[ 447]---> BDD-cost:    8
c ---[ 446]---> BDD-cost:    8
c ---[ 445]---> BDD-cost:    8
c ---[ 444]---> BDD-cost:    8
c ---[ 443]---> BDD-cost:    8
c ---[ 442]---> BDD-cost:    8
c ---[ 441]---> BDD-cost:    8
c ---[ 440]---> BDD-cost:    8
c ---[ 439]---> BDD-cost:    8
c ---[ 438]---> BDD-cost:    8
c ---[ 437]---> BDD-cost:    8
c ---[ 436]---> BDD-cost:    8
c ---[ 435]---> BDD-cost:    8
c ---[ 434]---> BDD-cost:    8
c ---[ 433]---> BDD-cost:    8
c ---[ 432]---> BDD-cost:    8
c ---[ 431]---> BDD-cost:    8
c ---[ 430]---> BDD-cost:    8
c ---[ 429]---> BDD-cost:    8
c ---[ 428]---> BDD-cost:    8
c ---[ 427]---> BDD-cost:    8
c ---[ 426]---> BDD-cost:    8
c ---[ 425]---> BDD-cost:    8
c ---[ 424]---> BDD-cost:    8
c ---[ 423]---> BDD-cost:    8
c ---[ 422]---> BDD-cost:    8
c ---[ 421]---> BDD-cost:    8
c ---[ 420]---> BDD-cost:    8
c ---[ 419]---> BDD-cost:    8
c ---[ 418]---> BDD-cost:    8
c ---[ 417]---> BDD-cost:    8
c ---[ 416]---> BDD-cost:    8
c ---[ 415]---> BDD-cost:    8
c ---[ 414]---> BDD-cost:    8
c ---[ 413]---> BDD-cost:    8
c ---[ 412]---> BDD-cost:    8
c ---[ 411]---> BDD-cost:    8
c ---[ 410]---> BDD-cost:    8
c ---[ 409]---> BDD-cost:    8
c ---[ 408]---> BDD-cost:    8
c ---[ 407]---> BDD-cost:    8
c ---[ 406]---> BDD-cost:    8
c ---[ 405]---> BDD-cost:    8
c ---[ 404]---> BDD-cost:    8
c ---[ 403]---> BDD-cost:    8
c ---[ 402]---> BDD-cost:    8
c ---[ 401]---> BDD-cost:    8
c ---[ 400]---> BDD-cost:    8
c ---[ 399]---> BDD-cost:    8
c ---[ 398]---> BDD-cost:    8
c ---[ 397]---> BDD-cost:    8
c ---[ 396]---> BDD-cost:    8
c ---[ 395]---> BDD-cost:    8
c ---[ 394]---> BDD-cost:    8
c ---[ 393]---> BDD-cost:    8
c ---[ 392]---> BDD-cost:    8
c ---[ 391]---> BDD-cost:    8
c ---[ 390]---> BDD-cost:    8
c ---[ 389]---> BDD-cost:    8
c ---[ 388]---> BDD-cost:    8
c ---[ 387]---> BDD-cost:    8
c ---[ 386]---> BDD-cost:    8
c ---[ 385]---> BDD-cost:    8
c ---[ 384]---> BDD-cost:    8
c ---[ 383]---> BDD-cost:    8
c ---[ 382]---> BDD-cost:    8
c ---[ 381]---> BDD-cost:    8
c ---[ 380]---> BDD-cost:    8
c ---[ 379]---> BDD-cost:    8
c ---[ 378]---> BDD-cost:    8
c ---[ 377]---> BDD-cost:    8
c ---[ 376]---> BDD-cost:    8
c ---[ 375]---> BDD-cost:    8
c ---[ 374]---> BDD-cost:    8
c ---[ 373]---> BDD-cost:    8
c ---[ 372]---> BDD-cost:    8
c ---[ 371]---> BDD-cost:    8
c ---[ 370]---> BDD-cost:    8
c ---[ 369]---> BDD-cost:    8
c ---[ 368]---> BDD-cost:    8
c ---[ 367]---> BDD-cost:    8
c ---[ 366]---> BDD-cost:    8
c ---[ 365]---> BDD-cost:    8
c ---[ 364]---> BDD-cost:    8
c ---[ 363]---> BDD-cost:    8
c ---[ 362]---> BDD-cost:    8
c ---[ 361]---> BDD-cost:    8
c ---[ 360]---> BDD-cost:    8
c ---[ 359]---> BDD-cost:    8
c ---[ 358]---> BDD-cost:    8
c ---[ 357]---> BDD-cost:    8
c ---[ 356]---> BDD-cost:    8
c ---[ 355]---> BDD-cost:    8
c ---[ 354]---> BDD-cost:    8
c ---[ 353]---> BDD-cost:    8
c ---[ 352]---> BDD-cost:    8
c ---[ 351]---> BDD-cost:    8
c ---[ 350]---> BDD-cost:    8
c ---[ 349]---> BDD-cost:    8
c ---[ 348]---> BDD-cost:    8
c ---[ 347]---> BDD-cost:    8
c ---[ 346]---> BDD-cost:    8
c ---[ 345]---> BDD-cost:    8
c ---[ 344]---> BDD-cost:    8
c ---[ 343]---> BDD-cost:    8
c ---[ 342]---> BDD-cost:    8
c ---[ 341]---> BDD-cost:    8
c ---[ 340]---> BDD-cost:    8
c ---[ 338]---> Adder-cost: 592   maxlim: 240   bits: 9/8
c ---[ 337]---> BDD-cost:    7
c ---[ 336]---> BDD-cost:    7
c ---[ 335]---> BDD-cost:    7
c ---[ 334]---> BDD-cost:    7
c ---[ 333]---> BDD-cost:    7
c ---[ 332]---> BDD-cost:    7
c ---[ 331]---> BDD-cost:    7
c ---[ 330]---> BDD-cost:    7
c ---[ 329]---> BDD-cost:    7
c ---[ 328]---> BDD-cost:    7
c ---[ 327]---> BDD-cost:    7
c ---[ 326]---> BDD-cost:    7
c ---[ 325]---> BDD-cost:    7
c ---[ 324]---> BDD-cost:    7
c ---[ 323]---> BDD-cost:    7
c ---[ 322]---> BDD-cost:    7
c ---[ 321]---> BDD-cost:    7
c ---[ 320]---> BDD-cost:    7
c ---[ 319]---> BDD-cost:    7
c ---[ 318]---> BDD-cost:    7
c ---[ 317]---> BDD-cost:    7
c ---[ 316]---> BDD-cost:    7
c ---[ 315]---> BDD-cost:    7
c ---[ 314]---> BDD-cost:    7
c ---[ 313]---> BDD-cost:    7
c ---[ 312]---> BDD-cost:    7
c ---[ 311]---> BDD-cost:    7
c ---[ 310]---> BDD-cost:    7
c ---[ 309]---> BDD-cost:    7
c ---[ 308]---> BDD-cost:    7
c ---[ 307]---> BDD-cost:    7
c ---[ 306]---> BDD-cost:    7
c ---[ 305]---> BDD-cost:    7
c ---[ 304]---> BDD-cost:    7
c ---[ 303]---> BDD-cost:    7
c ---[ 302]---> BDD-cost:    7
c ---[ 301]---> BDD-cost:    7
c ---[ 300]---> BDD-cost:    7
c ---[ 299]---> BDD-cost:    7
c ---[ 298]---> BDD-cost:    7
c ---[ 297]---> BDD-cost:    7
c ---[ 296]---> BDD-cost:    7
c ---[ 295]---> BDD-cost:    7
c ---[ 294]---> BDD-cost:    7
c ---[ 293]---> BDD-cost:    7
c ---[ 292]---> BDD-cost:    7
c ---[ 291]---> BDD-cost:    7
c ---[ 290]---> BDD-cost:    7
c ---[ 289]---> BDD-cost:    7
c ---[ 288]---> BDD-cost:    7
c ---[ 287]---> BDD-cost:    7
c ---[ 286]---> BDD-cost:    7
c ---[ 285]---> BDD-cost:    7
c ---[ 284]---> BDD-cost:    7
c ---[ 283]---> BDD-cost:    7
c ---[ 282]---> BDD-cost:    7
c ---[ 281]---> BDD-cost:    7
c ---[ 280]---> BDD-cost:    7
c ---[ 279]---> BDD-cost:    7
c ---[ 278]---> BDD-cost:    7
c ---[ 277]---> BDD-cost:    7
c ---[ 276]---> BDD-cost:    7
c ---[ 275]---> BDD-cost:    7
c ---[ 274]---> BDD-cost:    7
c ---[ 273]---> BDD-cost:    7
c ---[ 272]---> BDD-cost:    7
c ---[ 271]---> BDD-cost:    7
c ---[ 270]---> BDD-cost:    7
c ---[ 269]---> BDD-cost:    7
c ---[ 268]---> BDD-cost:    7
c ---[ 267]---> BDD-cost:    7
c ---[ 266]---> BDD-cost:    7
c ---[ 265]---> BDD-cost:    7
c ---[ 264]---> BDD-cost:    7
c ---[ 263]---> BDD-cost:    7
c ---[ 262]---> BDD-cost:    7
c ---[ 261]---> BDD-cost:    7
c ---[ 260]---> BDD-cost:    7
c ---[ 259]---> BDD-cost:    7
c ---[ 258]---> BDD-cost:    7
c ---[ 257]---> BDD-cost:    7
c ---[ 256]---> BDD-cost:    7
c ---[ 255]---> BDD-cost:    7
c ---[ 254]---> BDD-cost:    7
c ---[ 253]---> BDD-cost:    7
c ---[ 252]---> BDD-cost:    7
c ---[ 251]---> BDD-cost:    7
c ---[ 250]---> BDD-cost:    7
c ---[ 249]---> BDD-cost:    7
c ---[ 248]---> BDD-cost:    7
c ---[ 247]---> BDD-cost:    7
c ---[ 246]---> BDD-cost:    7
c ---[ 245]---> BDD-cost:    7
c ---[ 244]---> BDD-cost:    7
c ---[ 243]---> BDD-cost:    7
c ---[ 242]---> BDD-cost:    7
c ---[ 241]---> BDD-cost:    7
c ---[ 240]---> BDD-cost:    7
c ---[ 239]---> BDD-cost:    7
c ---[ 238]---> BDD-cost:    7
c ---[ 237]---> BDD-cost:    7
c ---[ 236]---> BDD-cost:    7
c ---[ 235]---> BDD-cost:    7
c ---[ 234]---> BDD-cost:    7
c ---[ 233]---> BDD-cost:    7
c ---[ 232]---> BDD-cost:    7
c ---[ 231]---> BDD-cost:    7
c ---[ 230]---> BDD-cost:    7
c ---[ 229]---> BDD-cost:    7
c ---[ 228]---> BDD-cost:    7
c ---[ 227]---> BDD-cost:    7
c ---[ 226]---> BDD-cost:    7
c ---[ 225]---> BDD-cost:    7
c ---[ 224]---> BDD-cost:    7
c ---[ 223]---> BDD-cost:    7
c ---[ 222]---> BDD-cost:    7
c ---[ 221]---> BDD-cost:    7
c ---[ 220]---> BDD-cost:    7
c ---[ 219]---> BDD-cost:    7
c ---[ 218]---> BDD-cost:    7
c ---[ 217]---> BDD-cost:    7
c ---[ 216]---> BDD-cost:    7
c ---[ 215]---> BDD-cost:    7
c ---[ 214]---> BDD-cost:    7
c ---[ 213]---> BDD-cost:    7
c ---[ 212]---> BDD-cost:    7
c ---[ 211]---> BDD-cost:    7
c ---[ 210]---> BDD-cost:    7
c ---[ 209]---> BDD-cost:    7
c ---[ 208]---> BDD-cost:    7
c ---[ 207]---> BDD-cost:    7
c ---[ 206]---> BDD-cost:    7
c ---[ 205]---> BDD-cost:    7
c ---[ 204]---> BDD-cost:    7
c ---[ 203]---> BDD-cost:    7
c ---[ 202]---> BDD-cost:    7
c ---[ 201]---> BDD-cost:    7
c ---[ 200]---> BDD-cost:    7
c ---[ 199]---> BDD-cost:    7
c ---[ 198]---> BDD-cost:    7
c ---[ 197]---> BDD-cost:    7
c ---[ 196]---> BDD-cost:    7
c ---[ 195]---> BDD-cost:    7
c ---[ 194]---> BDD-cost:    7
c ---[ 193]---> BDD-cost:    7
c ---[ 192]---> BDD-cost:    7
c ---[ 191]---> BDD-cost:    7
c ---[ 190]---> BDD-cost:    7
c ---[ 189]---> BDD-cost:    7
c ---[ 188]---> BDD-cost:    7
c ---[ 187]---> BDD-cost:    7
c ---[ 186]---> BDD-cost:    7
c ---[ 185]---> BDD-cost:    7
c ---[ 184]---> BDD-cost:    7
c ---[ 183]---> BDD-cost:    7
c ---[ 182]---> BDD-cost:    7
c ---[ 181]---> BDD-cost:    7
c ---[ 180]---> BDD-cost:    7
c ---[ 179]---> BDD-cost:    7
c ---[ 178]---> BDD-cost:    7
c ---[ 177]---> BDD-cost:    7
c ---[ 176]---> BDD-cost:    7
c ---[ 175]---> BDD-cost:    7
c ---[ 174]---> BDD-cost:    7
c ---[ 173]---> BDD-cost:    7
c ---[ 172]---> BDD-cost:    7
c ---[ 171]---> BDD-cost:    7
c ---[ 170]---> BDD-cost:    7
c ---[ 169]---> BDD-cost:    7
c ---[ 168]---> BDD-cost:    7
c ---[ 167]---> BDD-cost:    7
c ---[ 166]---> BDD-cost:    7
c ---[ 165]---> BDD-cost:    7
c ---[ 164]---> BDD-cost:    7
c ---[ 163]---> BDD-cost:    7
c ---[ 162]---> BDD-cost:    7
c ---[ 161]---> BDD-cost:    7
c ---[ 160]---> BDD-cost:    7
c ---[ 159]---> BDD-cost:    7
c ---[ 158]---> BDD-cost:    7
c ---[ 157]---> BDD-cost:    7
c ---[ 156]---> BDD-cost:    7
c ---[ 155]---> BDD-cost:    7
c ---[ 154]---> BDD-cost:    7
c ---[ 153]---> BDD-cost:    7
c ---[ 152]---> BDD-cost:    7
c ---[ 151]---> BDD-cost:    7
c ---[ 150]---> BDD-cost:    7
c ---[ 149]---> BDD-cost:    7
c ---[ 148]---> BDD-cost:    7
c ---[ 147]---> BDD-cost:    7
c ---[ 146]---> BDD-cost:    7
c ---[ 145]---> BDD-cost:    7
c ---[ 144]---> BDD-cost:    7
c ---[ 143]---> BDD-cost:    7
c ---[ 142]---> BDD-cost:    7
c ---[ 141]---> BDD-cost:    7
c ---[ 140]---> BDD-cost:    7
c ---[ 139]---> BDD-cost:    7
c ---[ 138]---> BDD-cost:    7
c ---[ 137]---> BDD-cost:    7
c ---[ 136]---> BDD-cost:    7
c ---[ 135]---> BDD-cost:    7
c ---[ 134]---> BDD-cost:    7
c ---[ 133]---> BDD-cost:    7
c ---[ 132]---> BDD-cost:    7
c ---[ 131]---> BDD-cost:    7
c ---[ 130]---> BDD-cost:    7
c ---[ 129]---> BDD-cost:    7
c ---[ 128]---> BDD-cost:    7
c ---[ 127]---> BDD-cost:    7
c ---[ 126]---> BDD-cost:    7
c ---[ 125]---> BDD-cost:    7
c ---[ 124]---> BDD-cost:    7
c ---[ 123]---> BDD-cost:    7
c ---[ 122]---> BDD-cost:    7
c ---[ 121]---> BDD-cost:    7
c ---[ 120]---> BDD-cost:    7
c ---[ 119]---> BDD-cost:    7
c ---[ 118]---> BDD-cost:    7
c ---[ 117]---> BDD-cost:    7
c ---[ 116]---> BDD-cost:    7
c ---[ 115]---> BDD-cost:    7
c ---[ 114]---> BDD-cost:    7
c ---[ 113]---> BDD-cost:    7
c ---[ 112]---> BDD-cost:    7
c ---[ 111]---> BDD-cost:    7
c ---[ 110]---> BDD-cost:    7
c ---[ 109]---> BDD-cost:    7
c ---[ 108]---> BDD-cost:    7
c ---[ 107]---> BDD-cost:    7
c ---[ 106]---> BDD-cost:    7
c ---[ 105]---> BDD-cost:    7
c ---[ 104]---> BDD-cost:    7
c ---[ 103]---> BDD-cost:    7
c ---[ 102]---> BDD-cost:    7
c ---[ 101]---> BDD-cost:    7
c ---[ 100]---> BDD-cost:    7
c ---[  99]---> BDD-cost:    7
c ---[  98]---> BDD-cost:    7
c ---[  97]---> BDD-cost:    7
c ---[  96]---> BDD-cost:    7
c ---[  95]---> BDD-cost:    7
c ---[  94]---> BDD-cost:    7
c ---[  93]---> BDD-cost:    7
c ---[  92]---> BDD-cost:    7
c ---[  91]---> BDD-cost:    7
c ---[  90]---> BDD-cost:    7
c ---[  89]---> BDD-cost:    7
c ---[  88]---> BDD-cost:    7
c ---[  87]---> BDD-cost:    7
c ---[  86]---> BDD-cost:    7
c ---[  85]---> BDD-cost:    7
c ---[  84]---> BDD-cost:    7
c ---[  83]---> BDD-cost:    7
c ---[  82]---> BDD-cost:    7
c ---[  81]---> BDD-cost:    7
c ---[  80]---> BDD-cost:    7
c ---[  79]---> BDD-cost:    7
c ---[  78]---> BDD-cost:    7
c ---[  77]---> BDD-cost:    7
c ---[  76]---> BDD-cost:    7
c ---[  75]---> BDD-cost:    7
c ---[  74]---> BDD-cost:    7
c ---[  73]---> BDD-cost:    7
c ---[  72]---> BDD-cost:    7
c ---[  71]---> BDD-cost:    7
c ---[  70]---> BDD-cost:    7
c ---[  69]---> BDD-cost:    7
c ---[  68]---> BDD-cost:    7
c ---[  67]---> BDD-cost:    7
c ---[  66]---> BDD-cost:    7
c ---[  65]---> BDD-cost:    7
c ---[  64]---> BDD-cost:    7
c ---[  63]---> BDD-cost:    7
c ---[  62]---> BDD-cost:    7
c ---[  61]---> BDD-cost:    7
c ---[  60]---> BDD-cost:    7
c ---[  59]---> BDD-cost:    7
c ---[  58]---> BDD-cost:    7
c ---[  57]---> BDD-cost:    7
c ---[  56]---> BDD-cost:    7
c ---[  55]---> BDD-cost:    7
c ---[  54]---> BDD-cost:    7
c ---[  53]---> BDD-cost:    7
c ---[  52]---> BDD-cost:    7
c ---[  51]---> BDD-cost:    7
c ---[  50]---> BDD-cost:    7
c ---[  49]---> BDD-cost:    7
c ---[  48]---> BDD-cost:    7
c ---[  47]---> BDD-cost:    7
c ---[  46]---> BDD-cost:    7
c ---[  45]---> BDD-cost:    7
c ---[  44]---> BDD-cost:    7
c ---[  43]---> BDD-cost:    7
c ---[  42]---> BDD-cost:    7
c ---[  40]---> Adder-cost: 592   maxlim: 290   bits: 9/9
c ---[  38]---> Adder-cost: 592   maxlim: 285   bits: 9/9
c ---[  36]---> BDD-cost: 1189
c ---[  34]---> Adder-cost: 592   maxlim: 288   bits: 9/9
c ---[  32]---> Adder-cost: 592   maxlim: 242   bits: 9/8
c ---[  30]---> Adder-cost: 592   maxlim: 290   bits: 9/9
c ---[  28]---> Adder-cost: 592   maxlim: 270   bits: 9/9
c ---[  26]---> Adder-cost: 592   maxlim: 293   bits: 9/9
c ---[  24]---> Adder-cost: 592   maxlim: 281   bits: 9/9
c ---[  22]---> BDD-cost: 1189
c ---[  20]---> Adder-cost: 592   maxlim: 296   bits: 9/9
c ---[  18]---> Adder-cost: 592   maxlim: 268   bits: 9/9
c ---[  16]---> Adder-cost: 592   maxlim: 292   bits: 9/9
c ---[  14]---> Adder-cost: 592   maxlim: 285   bits: 9/9
c ---[  12]---> BDD-cost:  597
c ---[  10]---> Adder-cost: 592   maxlim: 296   bits: 9/9
c ---[   8]---> Adder-cost: 592   maxlim: 291   bits: 9/9
c ---[   6]---> Adder-cost: 592   maxlim: 277   bits: 9/9
c ---[   4]---> Adder-cost: 592   maxlim: 280   bits: 9/9
c ---[   2]---> Adder-cost: 592   maxlim: 295   bits: 9/9
c ---[   0]---> Adder-cost: 592   maxlim: 288   bits: 9/9
c ==================================[MINISAT+]==================================
c | Conflicts | Original         | Learnt                           | Progress |
c |           | Clauses Literals |     Max Clauses Literals     LPC |          |
c ==============================================================================
c |         0 |  174718   528663 |   58239       0        0    -nan |  0.000 % |
c |       100 |  174478   527833 |   64062      72      220     3.1 |  4.067 % |
c |       250 |  174327   527316 |   70469     200      685     3.4 |  4.124 % |
c |       475 |  174320   527293 |   77516     424     1589     3.7 |  4.127 % |
c |       812 |  174313   527270 |   85267     760     3266     4.3 |  4.129 % |
c |      1320 |  174240   527015 |   93794    1259     5844     4.6 |  4.158 % |
c |      2079 |  174071   526428 |  103173    1998    10407     5.2 |  4.228 % |
c |      3219 |  173947   525994 |  113491    3121    21664     6.9 |  4.276 % |
c |      4927 |  173929   525932 |  124840    4825    43641     9.0 |  4.281 % |
c |      7489 |  173868   525725 |  137324    7373    94988    12.9 |  4.300 % |
c |     11333 |  173826   525581 |  151056   11209   174702    15.6 |  4.312 % |
c |     17099 |  173770   525395 |  166162   16963   300064    17.7 |  4.331 % |
c |     25748 |  173680   525089 |  182778   25594   518425    20.3 |  4.360 % |
c |     38724 |  173415   524178 |  201056   38503   838849    21.8 |  4.449 % |
c |     58187 |  172889   522372 |  221162   57868  1350910    23.3 |  4.663 % |
c |     87379 |  172681   521638 |  243278   87025  2292984    26.3 |  4.754 % |
c |    131169 |  172144   519779 |  267606  130710  3469312    26.5 |  4.982 % |
c |    196854 |  171822   518657 |  294367  196319  5611268    28.6 |  5.107 % |
c |    295381 |  171303   516866 |  323804  294745  8546594    29.0 |  5.297 % |
c |    443171 |  170973   515736 |  356184  134993  4093614    30.3 |  5.432 % |
c |    664854 |  169691   511334 |  391802  356422 11094112    31.1 |  5.937 % |
c |    997379 |  166959   501904 |  430983  308663  9242784    29.9 |  6.965 % |
c |   1496167 |  163923   491460 |  474081  378952 116138142   306.5 |  8.150 % |
c |   2244350 |  162959   488146 |  521489  206404 74466420   360.8 |  8.513 % |
c 
c *** TERMINATED ***
s UNKNOWN
