c Parsing PB file...
c Converting 12243 PB-constraints to clauses...
c   -- Unit propagations: (none)
c   -- Detecting intervals from adjacent constraints: ################################################################################################################################
c   -- Clauses(.)/Splits(s): .................................................................................................................................................................................................................................................................................................................................................................................................................................................................................................................................................................................................................................................................................................................................................................................................................................................................................................................................................................................................................................................................................................................................................................................................................................................................................................................................................................................................................................................................................................................................................................................................................................................................................................................................................................................................................................................................................................................................................................................................................................................................................................................................................................................................................................................................................................................................................................................................................................................................................................................................................................................................................................................................................................................................................................................................................................................................................................................................................................................................................................................................................................................................................................................................................................................................................................................................................................................................................................................................................................................................................................................................................................................................................................................................................................................................................................................................................................................................................................................................................................................................................................................................................................................................................................................................................................................................................................................................................................................................................................................................................................................................................................................................................................................................................................................................................................................................................................................................................................................................................................................................................................................................................................................................................................................................................................................................................................................................................................................................................................................................................................................................................................................................................................................................................................................................................................................................................................................................................................................................................................................................................................................................................................................................................................................................................................................................................................................................................................................................................................................................................................................................................................................................................................................................................................................................................................................................................................................................................................................................................................................................................................................................................................................................................................................................................................................................................................................................................................................................................................................................................................................................................................................................................................................................................................................................................................................................................................................................................................................................................................................................................................................................................................................................................................................................................................................................................................................................................................................................................................................................................................................................................................................................................................................................................................................................................................................................................................................................................................................................................................................................................................................................................................................................................................................................................................................................................................................................................................................................................................................................................................................................................................................................................................................................................................................................................................................................................................................................................................................................................................................................................................................................................................................................................................................................................................................................................................................................................................................................................................................................................................................................................................................................................................................................................................................................................................................................................................................................................................................................................................................................................................................................................................................................................................................................................................................................................................................................................................................................................................................................................................................................................................................................................................................................................................................................................................................................................................................................................................................................................................................................................................................................................................................
c ---[12241]---> BDD-cost:   43
c ---[12239]---> BDD-cost:   43
c ---[12237]---> BDD-cost:   43
c ---[12235]---> BDD-cost:   43
c ---[12233]---> BDD-cost:   43
c ---[12231]---> BDD-cost:   43
c ---[12229]---> BDD-cost:   43
c ---[12227]---> BDD-cost:   43
c ---[12225]---> BDD-cost:   43
c ---[12223]---> BDD-cost:   43
c ---[12221]---> BDD-cost:   43
c ---[12219]---> BDD-cost:   43
c ---[12217]---> BDD-cost:   43
c ---[12215]---> BDD-cost:   43
c ---[12213]---> BDD-cost:   43
c ---[12211]---> BDD-cost:   43
c ---[12209]---> BDD-cost:   43
c ---[12207]---> BDD-cost:   43
c ---[12205]---> BDD-cost:   43
c ---[12203]---> BDD-cost:   43
c ---[12201]---> BDD-cost:   43
c ---[12199]---> BDD-cost:   43
c ---[12197]---> BDD-cost:   43
c ---[12195]---> BDD-cost:   43
c ---[12193]---> BDD-cost:   43
c ---[12191]---> BDD-cost:   43
c ---[12189]---> BDD-cost:   43
c ---[12187]---> BDD-cost:   43
c ---[12185]---> BDD-cost:   43
c ---[12183]---> BDD-cost:   43
c ---[12181]---> BDD-cost:   43
c ---[12179]---> BDD-cost:   43
c ---[12177]---> BDD-cost:   43
c ---[12175]---> BDD-cost:   43
c ---[12173]---> BDD-cost:   43
c ---[12171]---> BDD-cost:   43
c ---[12169]---> BDD-cost:   43
c ---[12167]---> BDD-cost:   43
c ---[12165]---> BDD-cost:   43
c ---[12163]---> BDD-cost:   43
c ---[12161]---> BDD-cost:   43
c ---[12159]---> BDD-cost:   43
c ---[12157]---> BDD-cost:   43
c ---[12155]---> BDD-cost:   43
c ---[12153]---> BDD-cost:   43
c ---[12151]---> BDD-cost:   43
c ---[12149]---> BDD-cost:   43
c ---[12147]---> BDD-cost:   43
c ---[12145]---> BDD-cost:   43
c ---[12143]---> BDD-cost:   43
c ---[12141]---> BDD-cost:   43
c ---[12139]---> BDD-cost:   43
c ---[12137]---> BDD-cost:   43
c ---[12135]---> BDD-cost:   43
c ---[12133]---> BDD-cost:   43
c ---[12131]---> BDD-cost:   43
c ---[12129]---> BDD-cost:   43
c ---[12127]---> BDD-cost:   43
c ---[12125]---> BDD-cost:   43
c ---[12123]---> BDD-cost:   43
c ---[12121]---> BDD-cost:   43
c ---[12119]---> BDD-cost:   43
c ---[12117]---> BDD-cost:   43
c ---[12115]---> BDD-cost:   43
c ---[12113]---> BDD-cost:   43
c ---[12111]---> BDD-cost:   43
c ---[12109]---> BDD-cost:   43
c ---[12107]---> BDD-cost:   43
c ---[12105]---> BDD-cost:   43
c ---[12103]---> BDD-cost:   43
c ---[12101]---> BDD-cost:   43
c ---[12099]---> BDD-cost:   43
c ---[12097]---> BDD-cost:   43
c ---[12095]---> BDD-cost:   43
c ---[12093]---> BDD-cost:   43
c ---[12091]---> BDD-cost:   43
c ---[12089]---> BDD-cost:   43
c ---[12087]---> BDD-cost:   43
c ---[12085]---> BDD-cost:   43
c ---[12083]---> BDD-cost:   43
c ---[12081]---> BDD-cost:   43
c ---[12079]---> BDD-cost:   43
c ---[12077]---> BDD-cost:   43
c ---[12075]---> BDD-cost:   43
c ---[12073]---> BDD-cost:   43
c ---[12071]---> BDD-cost:   43
c ---[12069]---> BDD-cost:   43
c ---[12067]---> BDD-cost:   43
c ---[12065]---> BDD-cost:   43
c ---[12063]---> BDD-cost:   43
c ---[12061]---> BDD-cost:   43
c ---[12059]---> BDD-cost:   43
c ---[12057]---> BDD-cost:   43
c ---[12055]---> BDD-cost:   43
c ---[12053]---> BDD-cost:   43
c ---[12051]---> BDD-cost:   43
c ---[12049]---> BDD-cost:   43
c ---[12047]---> BDD-cost:   43
c ---[12045]---> BDD-cost:   43
c ---[12043]---> BDD-cost:   43
c ---[ 541]---> Adder-cost: 194   maxlim: 51   bits: 7/6
c ---[ 440]---> Adder-cost: 194   maxlim: 33   bits: 7/6
c ---[ 340]---> Adder-cost: 194   maxlim: 69   bits: 7/7
c ---[ 339]---> BDD-cost:    3
c ---[ 338]---> BDD-cost:    3
c ---[ 337]---> BDD-cost:    3
c ---[ 336]---> BDD-cost:    3
c ---[ 335]---> BDD-cost:    3
c ---[ 334]---> BDD-cost:    3
c ---[ 333]---> BDD-cost:    3
c ---[ 332]---> BDD-cost:    3
c ---[ 331]---> BDD-cost:    3
c ---[ 330]---> BDD-cost:    3
c ---[ 329]---> BDD-cost:    3
c ---[ 328]---> BDD-cost:    3
c ---[ 327]---> BDD-cost:    3
c ---[ 326]---> BDD-cost:    3
c ---[ 325]---> BDD-cost:    3
c ---[ 324]---> BDD-cost:    3
c ---[ 323]---> BDD-cost:    3
c ---[ 322]---> BDD-cost:    3
c ---[ 321]---> BDD-cost:    3
c ---[ 320]---> BDD-cost:    3
c ---[ 319]---> BDD-cost:    3
c ---[ 318]---> BDD-cost:    3
c ---[ 317]---> BDD-cost:    3
c ---[ 316]---> BDD-cost:    3
c ---[ 315]---> BDD-cost:    3
c ---[ 314]---> BDD-cost:    3
c ---[ 313]---> BDD-cost:    3
c ---[ 312]---> BDD-cost:    3
c ---[ 311]---> BDD-cost:    3
c ---[ 310]---> BDD-cost:    3
c ---[ 309]---> BDD-cost:    3
c ---[ 308]---> BDD-cost:    3
c ---[ 307]---> BDD-cost:    3
c ---[ 306]---> BDD-cost:    3
c ---[ 305]---> BDD-cost:    3
c ---[ 304]---> BDD-cost:    3
c ---[ 303]---> BDD-cost:    3
c ---[ 302]---> BDD-cost:    3
c ---[ 301]---> BDD-cost:    3
c ---[ 300]---> BDD-cost:    3
c ---[ 299]---> BDD-cost:    3
c ---[ 298]---> BDD-cost:    3
c ---[ 297]---> BDD-cost:    3
c ---[ 296]---> BDD-cost:    3
c ---[ 295]---> BDD-cost:    3
c ---[ 294]---> BDD-cost:    3
c ---[ 293]---> BDD-cost:    3
c ---[ 292]---> BDD-cost:    3
c ---[ 291]---> BDD-cost:    3
c ---[ 290]---> BDD-cost:    3
c ---[ 289]---> BDD-cost:    3
c ---[ 288]---> BDD-cost:    3
c ---[ 287]---> BDD-cost:    3
c ---[ 286]---> BDD-cost:    3
c ---[ 285]---> BDD-cost:    3
c ---[ 284]---> BDD-cost:    3
c ---[ 283]---> BDD-cost:    3
c ---[ 282]---> BDD-cost:    3
c ---[ 281]---> BDD-cost:    3
c ---[ 280]---> BDD-cost:    3
c ---[ 279]---> BDD-cost:    3
c ---[ 278]---> BDD-cost:    3
c ---[ 277]---> BDD-cost:    3
c ---[ 276]---> BDD-cost:    3
c ---[ 275]---> BDD-cost:    3
c ---[ 274]---> BDD-cost:    3
c ---[ 273]---> BDD-cost:    3
c ---[ 272]---> BDD-cost:    3
c ---[ 271]---> BDD-cost:    3
c ---[ 270]---> BDD-cost:    3
c ---[ 269]---> BDD-cost:    3
c ---[ 268]---> BDD-cost:    3
c ---[ 267]---> BDD-cost:    3
c ---[ 266]---> BDD-cost:    3
c ---[ 265]---> BDD-cost:    3
c ---[ 264]---> BDD-cost:    3
c ---[ 263]---> BDD-cost:    3
c ---[ 262]---> BDD-cost:    3
c ---[ 261]---> BDD-cost:    3
c ---[ 260]---> BDD-cost:    3
c ---[ 259]---> BDD-cost:    3
c ---[ 258]---> BDD-cost:    3
c ---[ 257]---> BDD-cost:    3
c ---[ 256]---> BDD-cost:    3
c ---[ 255]---> BDD-cost:    3
c ---[ 254]---> BDD-cost:    3
c ---[ 253]---> BDD-cost:    3
c ---[ 252]---> BDD-cost:    3
c ---[ 251]---> BDD-cost:    3
c ---[ 250]---> BDD-cost:    3
c ---[ 249]---> BDD-cost:    3
c ---[ 248]---> BDD-cost:    3
c ---[ 247]---> BDD-cost:    3
c ---[ 246]---> BDD-cost:    3
c ---[ 245]---> BDD-cost:    3
c ---[ 244]---> BDD-cost:    3
c ---[ 243]---> BDD-cost:    3
c ---[ 242]---> BDD-cost:    3
c ---[ 240]---> Adder-cost: 194   maxlim: 67   bits: 7/7
c ---[ 239]---> BDD-cost:    8
c ---[ 238]---> BDD-cost:    8
c ---[ 237]---> BDD-cost:    8
c ---[ 236]---> BDD-cost:    8
c ---[ 235]---> BDD-cost:    8
c ---[ 234]---> BDD-cost:    8
c ---[ 233]---> BDD-cost:    8
c ---[ 232]---> BDD-cost:    8
c ---[ 231]---> BDD-cost:    8
c ---[ 230]---> BDD-cost:    8
c ---[ 229]---> BDD-cost:    8
c ---[ 228]---> BDD-cost:    8
c ---[ 227]---> BDD-cost:    8
c ---[ 226]---> BDD-cost:    8
c ---[ 225]---> BDD-cost:    8
c ---[ 224]---> BDD-cost:    8
c ---[ 223]---> BDD-cost:    8
c ---[ 222]---> BDD-cost:    8
c ---[ 221]---> BDD-cost:    8
c ---[ 220]---> BDD-cost:    8
c ---[ 219]---> BDD-cost:    8
c ---[ 218]---> BDD-cost:    8
c ---[ 217]---> BDD-cost:    8
c ---[ 216]---> BDD-cost:    8
c ---[ 215]---> BDD-cost:    8
c ---[ 214]---> BDD-cost:    8
c ---[ 213]---> BDD-cost:    8
c ---[ 212]---> BDD-cost:    8
c ---[ 211]---> BDD-cost:    8
c ---[ 210]---> BDD-cost:    8
c ---[ 209]---> BDD-cost:    8
c ---[ 208]---> BDD-cost:    8
c ---[ 207]---> BDD-cost:    8
c ---[ 206]---> BDD-cost:    8
c ---[ 205]---> BDD-cost:    8
c ---[ 204]---> BDD-cost:    8
c ---[ 203]---> BDD-cost:    8
c ---[ 202]---> BDD-cost:    8
c ---[ 201]---> BDD-cost:    8
c ---[ 200]---> BDD-cost:    8
c ---[ 199]---> BDD-cost:    8
c ---[ 198]---> BDD-cost:    8
c ---[ 197]---> BDD-cost:    8
c ---[ 196]---> BDD-cost:    8
c ---[ 195]---> BDD-cost:    8
c ---[ 194]---> BDD-cost:    8
c ---[ 193]---> BDD-cost:    8
c ---[ 192]---> BDD-cost:    8
c ---[ 191]---> BDD-cost:    8
c ---[ 190]---> BDD-cost:    8
c ---[ 189]---> BDD-cost:    8
c ---[ 188]---> BDD-cost:    8
c ---[ 187]---> BDD-cost:    8
c ---[ 186]---> BDD-cost:    8
c ---[ 185]---> BDD-cost:    8
c ---[ 184]---> BDD-cost:    8
c ---[ 183]---> BDD-cost:    8
c ---[ 182]---> BDD-cost:    8
c ---[ 181]---> BDD-cost:    8
c ---[ 180]---> BDD-cost:    8
c ---[ 179]---> BDD-cost:    8
c ---[ 178]---> BDD-cost:    8
c ---[ 177]---> BDD-cost:    8
c ---[ 176]---> BDD-cost:    8
c ---[ 175]---> BDD-cost:    8
c ---[ 174]---> BDD-cost:    8
c ---[ 173]---> BDD-cost:    8
c ---[ 172]---> BDD-cost:    8
c ---[ 171]---> BDD-cost:    8
c ---[ 170]---> BDD-cost:    8
c ---[ 169]---> BDD-cost:    8
c ---[ 168]---> BDD-cost:    8
c ---[ 167]---> BDD-cost:    8
c ---[ 166]---> BDD-cost:    8
c ---[ 165]---> BDD-cost:    8
c ---[ 164]---> BDD-cost:    8
c ---[ 163]---> BDD-cost:    8
c ---[ 162]---> BDD-cost:    8
c ---[ 161]---> BDD-cost:    8
c ---[ 160]---> BDD-cost:    8
c ---[ 159]---> BDD-cost:    8
c ---[ 158]---> BDD-cost:    8
c ---[ 157]---> BDD-cost:    8
c ---[ 156]---> BDD-cost:    8
c ---[ 155]---> BDD-cost:    8
c ---[ 154]---> BDD-cost:    8
c ---[ 153]---> BDD-cost:    8
c ---[ 152]---> BDD-cost:    8
c ---[ 151]---> BDD-cost:    8
c ---[ 150]---> BDD-cost:    8
c ---[ 149]---> BDD-cost:    8
c ---[ 148]---> BDD-cost:    8
c ---[ 147]---> BDD-cost:    8
c ---[ 146]---> BDD-cost:    8
c ---[ 145]---> BDD-cost:    8
c ---[ 144]---> BDD-cost:    8
c ---[ 142]---> Adder-cost: 194   maxlim: 85   bits: 7/7
c ---[ 141]---> BDD-cost:    7
c ---[ 140]---> BDD-cost:    7
c ---[ 139]---> BDD-cost:    7
c ---[ 138]---> BDD-cost:    7
c ---[ 137]---> BDD-cost:    7
c ---[ 136]---> BDD-cost:    7
c ---[ 135]---> BDD-cost:    7
c ---[ 134]---> BDD-cost:    7
c ---[ 133]---> BDD-cost:    7
c ---[ 132]---> BDD-cost:    7
c ---[ 131]---> BDD-cost:    7
c ---[ 130]---> BDD-cost:    7
c ---[ 129]---> BDD-cost:    7
c ---[ 128]---> BDD-cost:    7
c ---[ 127]---> BDD-cost:    7
c ---[ 126]---> BDD-cost:    7
c ---[ 125]---> BDD-cost:    7
c ---[ 124]---> BDD-cost:    7
c ---[ 123]---> BDD-cost:    7
c ---[ 122]---> BDD-cost:    7
c ---[ 121]---> BDD-cost:    7
c ---[ 120]---> BDD-cost:    7
c ---[ 119]---> BDD-cost:    7
c ---[ 118]---> BDD-cost:    7
c ---[ 117]---> BDD-cost:    7
c ---[ 116]---> BDD-cost:    7
c ---[ 115]---> BDD-cost:    7
c ---[ 114]---> BDD-cost:    7
c ---[ 113]---> BDD-cost:    7
c ---[ 112]---> BDD-cost:    7
c ---[ 111]---> BDD-cost:    7
c ---[ 110]---> BDD-cost:    7
c ---[ 109]---> BDD-cost:    7
c ---[ 108]---> BDD-cost:    7
c ---[ 107]---> BDD-cost:    7
c ---[ 106]---> BDD-cost:    7
c ---[ 105]---> BDD-cost:    7
c ---[ 104]---> BDD-cost:    7
c ---[ 103]---> BDD-cost:    7
c ---[ 102]---> BDD-cost:    7
c ---[ 101]---> BDD-cost:    7
c ---[ 100]---> BDD-cost:    7
c ---[  99]---> BDD-cost:    7
c ---[  98]---> BDD-cost:    7
c ---[  97]---> BDD-cost:    7
c ---[  96]---> BDD-cost:    7
c ---[  95]---> BDD-cost:    7
c ---[  94]---> BDD-cost:    7
c ---[  93]---> BDD-cost:    7
c ---[  92]---> BDD-cost:    7
c ---[  91]---> BDD-cost:    7
c ---[  90]---> BDD-cost:    7
c ---[  89]---> BDD-cost:    7
c ---[  88]---> BDD-cost:    7
c ---[  87]---> BDD-cost:    7
c ---[  86]---> BDD-cost:    7
c ---[  85]---> BDD-cost:    7
c ---[  84]---> BDD-cost:    7
c ---[  83]---> BDD-cost:    7
c ---[  82]---> BDD-cost:    7
c ---[  81]---> BDD-cost:    7
c ---[  80]---> BDD-cost:    7
c ---[  79]---> BDD-cost:    7
c ---[  78]---> BDD-cost:    7
c ---[  77]---> BDD-cost:    7
c ---[  76]---> BDD-cost:    7
c ---[  75]---> BDD-cost:    7
c ---[  74]---> BDD-cost:    7
c ---[  73]---> BDD-cost:    7
c ---[  72]---> BDD-cost:    7
c ---[  71]---> BDD-cost:    7
c ---[  70]---> BDD-cost:    7
c ---[  69]---> BDD-cost:    7
c ---[  68]---> BDD-cost:    7
c ---[  67]---> BDD-cost:    7
c ---[  66]---> BDD-cost:    7
c ---[  65]---> BDD-cost:    7
c ---[  64]---> BDD-cost:    7
c ---[  63]---> BDD-cost:    7
c ---[  62]---> BDD-cost:    7
c ---[  61]---> BDD-cost:    7
c ---[  60]---> BDD-cost:    7
c ---[  59]---> BDD-cost:    7
c ---[  58]---> BDD-cost:    7
c ---[  57]---> BDD-cost:    7
c ---[  56]---> BDD-cost:    7
c ---[  55]---> BDD-cost:    7
c ---[  54]---> BDD-cost:    7
c ---[  53]---> BDD-cost:    7
c ---[  52]---> BDD-cost:    7
c ---[  51]---> BDD-cost:    7
c ---[  50]---> BDD-cost:    7
c ---[  49]---> BDD-cost:    7
c ---[  48]---> BDD-cost:    7
c ---[  47]---> BDD-cost:    7
c ---[  46]---> BDD-cost:    7
c ---[  44]---> Adder-cost: 194   maxlim: 86   bits: 7/7
c ---[  42]---> Adder-cost: 194   maxlim: 89   bits: 7/7
c ---[  40]---> BDD-cost:  294
c ---[  38]---> BDD-cost:  197
c ---[  36]---> BDD-cost:  197
c ---[  34]---> BDD-cost:  389
c ---[  32]---> Adder-cost: 194   maxlim: 95   bits: 7/7
c ---[  30]---> Adder-cost: 194   maxlim: 96   bits: 7/7
c ---[  28]---> BDD-cost:  197
c ---[  26]---> Adder-cost: 194   maxlim: 95   bits: 7/7
c ---[  24]---> BDD-cost:  389
c ---[  22]---> BDD-cost:  294
c ---[  20]---> BDD-cost:  294
c ---[  18]---> Adder-cost: 194   maxlim: 93   bits: 7/7
c ---[  16]---> Adder-cost: 194   maxlim: 91   bits: 7/7
c ---[  14]---> Adder-cost: 194   maxlim: 86   bits: 7/7
c ---[  12]---> BDD-cost:  389
c ---[  10]---> BDD-cost:  294
c ---[   8]---> Adder-cost: 194   maxlim: 94   bits: 7/7
c ---[   6]---> BDD-cost:  294
c ---[   4]---> BDD-cost:  197
c ---[   2]---> BDD-cost:  197
c ---[   0]---> BDD-cost:  197
c ==================================[MINISAT+]==================================
c | Conflicts | Original         | Learnt                           | Progress |
c |           | Clauses Literals |     Max Clauses Literals     LPC |          |
c ==============================================================================
c |         0 |   54674   154515 |   18224       0        0    -nan |  0.000 % |
c |       100 |   54664   154485 |   20046      98     1323    13.5 |  3.805 % |
c |       250 |   54649   154438 |   22051     247     3665    14.8 |  3.825 % |
c |       475 |   54649   154438 |   24256     472     5243    11.1 |  3.825 % |
c |       812 |   54626   154365 |   26681     807     8564    10.6 |  3.850 % |
c |      1318 |   54626   154365 |   29349    1313    15986    12.2 |  3.850 % |
c |      2077 |   54611   154318 |   32284    2070    24515    11.8 |  3.870 % |
c |      3216 |   54575   154194 |   35513    3197    37232    11.6 |  3.909 % |
c |      4924 |   54522   154015 |   39064    4895    59066    12.1 |  3.941 % |
c |      7486 |   54444   153745 |   42971    7435    87473    11.8 |  4.019 % |
c |     11330 |   54248   153069 |   47268   11229   180562    16.1 |  4.219 % |
c |     17097 |   53651   151012 |   51995   16837   248833    14.8 |  4.815 % |
c |     25746 |   53507   150530 |   57194   25427   635963    25.0 |  4.976 % |
c |     38720 |   53349   150002 |   62914   38371  1074353    28.0 |  5.138 % |
c |     58182 |   53271   149740 |   69205   57823  1644012    28.4 |  5.222 % |
c |     87375 |   52966   148703 |   76126   34991   927334    26.5 |  5.526 % |
c |    131164 |   52909   148512 |   83738   78768  5748259    73.0 |  5.585 % |
c |    196851 |   52906   148503 |   92112   80173  6143136    76.6 |  5.591 % |
c |    295381 |   52842   148291 |  101323   38766  2461272    63.5 |  5.675 % |
c |    443170 |   52648   147627 |  111456  103250 19862702   192.4 |  5.889 % |
c |    664853 |   52607   147500 |  122601   31278  8874823   283.7 |  5.954 % |
c |    997379 |   52377   146706 |  134862   48247  8406937   174.2 |  6.225 % |
c |   1496169 |   52312   146493 |  148348   80750 15877304   196.6 |  6.316 % |
c |   2244351 |   52233   146224 |  163183   48411 12630076   260.9 |  6.419 % |
c 
c *** TERMINATED ***
s UNKNOWN
