c Parsing PB file...
c Converting 20435 PB-constraints to clauses...
c   -- Unit propagations: (none)
c   -- Detecting intervals from adjacent constraints: ################################################################################################################################################################################################################################
c   -- Clauses(.)/Splits(s): .....................................................................................................................................................................................................................................................................................................................................................................................................................................................................................................................................................................................................................................................................................................................................................................................................................................................................................................................................................................................................................................................................................................................................................................................................................................................................................................................................................................................................................................................................................................................................................................................................................................................................................................................................................................................................................................................................................................................................................................................................................................................................................................................................................................................................................................................................................................................................................................................................................................................................................................................................................................................................................................................................................................................................................................................................................................................................................................................................................................................................................................................................................................................................................................................................................................................................................................................................................................................................................................................................................................................................................................................................................................................................................................................................................................................................................................................................................................................................................................................................................................................................................................................................................................................................................................................................................................................................................................................................................................................................................................................................................................................................................................................................................................................................................................................................................................................................................................................................................................................................................................................................................................................................................................................................................................................................................................................................................................................................................................................................................................................................................................................................................................................................................................................................................................................................................................................................................................................................................................................................................................................................................................................................................................................................................................................................................................................................................................................................................................................................................................................................................................................................................................................................................................................................................................................................................................................................................................................................................................................................................................................................................................................................................................................................................................................................................................................................................................................................................................................................................................................................................................................................................................................................................................................................................................................................................................................................................................................................................................................................................................................................................................................................................................................................................................................................................................................................................................................................................................................................................................................................................................................................................................................................................................................................................................................................................................................................................................................................................................................................................................................................................................................................................................................................................................................................................................................................................................................................................................................................................................................................................................................................................................................................................................................................................................................................................................................................................................................................................................................................................................................................................................................................................................................................................................................................................................................................................................................................................................................................................................................................................................................................................................................................................................................................................................................................................................................................................................................................................................................................................................................................................................................................................................................................................................................................................................................................................................................................................................................................................................................................................................................................................................................................................................................................................................................................................................................................................................................................................................................................................................................................................................................................................................................................................................................................................................................................................................................................................................................................................................................................................................................................................................................................................................................................................................................................................................................................................................................................................................................................................................................................................................................................................................................................................................................................................................................................................................................................................................................................................................................................................................................................................................................................................................................................................................................................................................................................................................................................................................................................................................................................................................................................................................................................................................................................................................................................................................................................................................................................................................................................................................................................................................................................................................................................................................................................................................................................................................................................................................................................................................................................................................................................................................................................................................................................................................................................................................................................................................................................................................................................................................................................................................................................................................................................................................................................................................................................................................................................................................................................................................................................................................................................................................................................................................................................................................................................................................................................................................................................................................................................................................................................................................................................................................................................................................................................................................................................................................................................................................................................................................................................................................................................................................................................................................................................................................................................................................................................................................................................................................................................................................................................................................................................................................................................................................................................................................................................................................................................................................................................................................................................................................................................................................................................................................................................................................................................................................................................................................................................................................................................................................................................................................................................................................................................................................................................................................................................................................................................................................................................................................................................................................................................................................................................................................................................................................................................................................................................................................................................................................................................................................................................................................................................................................................................................................................................................................................................................................................................................................................................................................................................................................................................................................................................
c ---[20433]---> BDD-cost:   35
c ---[20431]---> BDD-cost:   35
c ---[20429]---> BDD-cost:   35
c ---[20427]---> BDD-cost:   35
c ---[20425]---> BDD-cost:   35
c ---[20423]---> BDD-cost:   35
c ---[20421]---> BDD-cost:   35
c ---[20419]---> BDD-cost:   35
c ---[20417]---> BDD-cost:   35
c ---[20415]---> BDD-cost:   35
c ---[20413]---> BDD-cost:   35
c ---[20411]---> BDD-cost:   35
c ---[20409]---> BDD-cost:   35
c ---[20407]---> BDD-cost:   35
c ---[20405]---> BDD-cost:   35
c ---[20403]---> BDD-cost:   35
c ---[20401]---> BDD-cost:   35
c ---[20399]---> BDD-cost:   35
c ---[20397]---> BDD-cost:   35
c ---[20395]---> BDD-cost:   35
c ---[20393]---> BDD-cost:   35
c ---[20391]---> BDD-cost:   35
c ---[20389]---> BDD-cost:   35
c ---[20387]---> BDD-cost:   35
c ---[20385]---> BDD-cost:   35
c ---[20383]---> BDD-cost:   35
c ---[20381]---> BDD-cost:   35
c ---[20379]---> BDD-cost:   35
c ---[20377]---> BDD-cost:   35
c ---[20375]---> BDD-cost:   35
c ---[20373]---> BDD-cost:   35
c ---[20371]---> BDD-cost:   35
c ---[20369]---> BDD-cost:   35
c ---[20367]---> BDD-cost:   35
c ---[20365]---> BDD-cost:   35
c ---[20363]---> BDD-cost:   35
c ---[20361]---> BDD-cost:   35
c ---[20359]---> BDD-cost:   35
c ---[20357]---> BDD-cost:   35
c ---[20355]---> BDD-cost:   35
c ---[20353]---> BDD-cost:   35
c ---[20351]---> BDD-cost:   35
c ---[20349]---> BDD-cost:   35
c ---[20347]---> BDD-cost:   35
c ---[20345]---> BDD-cost:   35
c ---[20343]---> BDD-cost:   35
c ---[20341]---> BDD-cost:   35
c ---[20339]---> BDD-cost:   35
c ---[20337]---> BDD-cost:   35
c ---[20335]---> BDD-cost:   35
c ---[20333]---> BDD-cost:   35
c ---[20331]---> BDD-cost:   35
c ---[20329]---> BDD-cost:   35
c ---[20327]---> BDD-cost:   35
c ---[20325]---> BDD-cost:   35
c ---[20323]---> BDD-cost:   35
c ---[20321]---> BDD-cost:   35
c ---[20319]---> BDD-cost:   35
c ---[20317]---> BDD-cost:   35
c ---[20315]---> BDD-cost:   35
c ---[20313]---> BDD-cost:   35
c ---[20311]---> BDD-cost:   35
c ---[20309]---> BDD-cost:   35
c ---[20307]---> BDD-cost:   35
c ---[20305]---> BDD-cost:   35
c ---[20303]---> BDD-cost:   35
c ---[20301]---> BDD-cost:   35
c ---[20299]---> BDD-cost:   35
c ---[20297]---> BDD-cost:   35
c ---[20295]---> BDD-cost:   35
c ---[20293]---> BDD-cost:   35
c ---[20291]---> BDD-cost:   35
c ---[20289]---> BDD-cost:   35
c ---[20287]---> BDD-cost:   35
c ---[20285]---> BDD-cost:   35
c ---[20283]---> BDD-cost:   35
c ---[20281]---> BDD-cost:   35
c ---[20279]---> BDD-cost:   35
c ---[20277]---> BDD-cost:   35
c ---[20275]---> BDD-cost:   35
c ---[20273]---> BDD-cost:   35
c ---[20271]---> BDD-cost:   35
c ---[20269]---> BDD-cost:   35
c ---[20267]---> BDD-cost:   35
c ---[20265]---> BDD-cost:   35
c ---[20263]---> BDD-cost:   35
c ---[20261]---> BDD-cost:   35
c ---[20259]---> BDD-cost:   35
c ---[20257]---> BDD-cost:   35
c ---[20255]---> BDD-cost:   35
c ---[20253]---> BDD-cost:   35
c ---[20251]---> BDD-cost:   35
c ---[20249]---> BDD-cost:   35
c ---[20247]---> BDD-cost:   35
c ---[20245]---> BDD-cost:   35
c ---[20243]---> BDD-cost:   35
c ---[20241]---> BDD-cost:   35
c ---[20239]---> BDD-cost:   35
c ---[20237]---> BDD-cost:   35
c ---[20235]---> BDD-cost:   35
c ---[20233]---> BDD-cost:   35
c ---[20231]---> BDD-cost:   35
c ---[20229]---> BDD-cost:   35
c ---[20227]---> BDD-cost:   35
c ---[20225]---> BDD-cost:   35
c ---[20223]---> BDD-cost:   35
c ---[20221]---> BDD-cost:   35
c ---[20219]---> BDD-cost:   35
c ---[20217]---> BDD-cost:   35
c ---[20215]---> BDD-cost:   35
c ---[20213]---> BDD-cost:   35
c ---[20211]---> BDD-cost:   35
c ---[20209]---> BDD-cost:   35
c ---[20207]---> BDD-cost:   35
c ---[20205]---> BDD-cost:   35
c ---[20203]---> BDD-cost:   35
c ---[20201]---> BDD-cost:   35
c ---[20199]---> BDD-cost:   35
c ---[20197]---> BDD-cost:   35
c ---[20195]---> BDD-cost:   35
c ---[20193]---> BDD-cost:   35
c ---[20191]---> BDD-cost:   35
c ---[20189]---> BDD-cost:   35
c ---[20187]---> BDD-cost:   35
c ---[20185]---> BDD-cost:   35
c ---[20183]---> BDD-cost:   35
c ---[20181]---> BDD-cost:   35
c ---[20179]---> BDD-cost:   35
c ---[20177]---> BDD-cost:   35
c ---[20175]---> BDD-cost:   35
c ---[20173]---> BDD-cost:   35
c ---[20171]---> BDD-cost:   35
c ---[20169]---> BDD-cost:   35
c ---[20167]---> BDD-cost:   35
c ---[20165]---> BDD-cost:   35
c ---[20163]---> BDD-cost:   35
c ---[20161]---> BDD-cost:   35
c ---[20159]---> BDD-cost:   35
c ---[20157]---> BDD-cost:   35
c ---[20155]---> BDD-cost:   35
c ---[20153]---> BDD-cost:   35
c ---[20151]---> BDD-cost:   35
c ---[20149]---> BDD-cost:   35
c ---[20147]---> BDD-cost:   35
c ---[20145]---> BDD-cost:   35
c ---[20143]---> BDD-cost:   35
c ---[20141]---> BDD-cost:   35
c ---[20139]---> BDD-cost:   35
c ---[20137]---> BDD-cost:   35
c ---[20135]---> BDD-cost:   35
c ---[20133]---> BDD-cost:   35
c ---[20131]---> BDD-cost:   35
c ---[20129]---> BDD-cost:   35
c ---[20127]---> BDD-cost:   35
c ---[20125]---> BDD-cost:   35
c ---[20123]---> BDD-cost:   35
c ---[20121]---> BDD-cost:   35
c ---[20119]---> BDD-cost:   35
c ---[20117]---> BDD-cost:   35
c ---[20115]---> BDD-cost:   35
c ---[20113]---> BDD-cost:   35
c ---[20111]---> BDD-cost:   35
c ---[20109]---> BDD-cost:   35
c ---[20107]---> BDD-cost:   35
c ---[20105]---> BDD-cost:   35
c ---[20103]---> BDD-cost:   35
c ---[20101]---> BDD-cost:   35
c ---[20099]---> BDD-cost:   35
c ---[20097]---> BDD-cost:   35
c ---[20095]---> BDD-cost:   35
c ---[20093]---> BDD-cost:   35
c ---[20091]---> BDD-cost:   35
c ---[20089]---> BDD-cost:   35
c ---[20087]---> BDD-cost:   35
c ---[20085]---> BDD-cost:   35
c ---[20083]---> BDD-cost:   35
c ---[20081]---> BDD-cost:   35
c ---[20079]---> BDD-cost:   35
c ---[20077]---> BDD-cost:   35
c ---[20075]---> BDD-cost:   35
c ---[20073]---> BDD-cost:   35
c ---[20071]---> BDD-cost:   35
c ---[20069]---> BDD-cost:   35
c ---[20067]---> BDD-cost:   35
c ---[20065]---> BDD-cost:   35
c ---[20063]---> BDD-cost:   35
c ---[20061]---> BDD-cost:   35
c ---[20059]---> BDD-cost:   35
c ---[20057]---> BDD-cost:   35
c ---[20055]---> BDD-cost:   35
c ---[20053]---> BDD-cost:   35
c ---[20051]---> BDD-cost:   35
c ---[20049]---> BDD-cost:   35
c ---[20047]---> BDD-cost:   35
c ---[20045]---> BDD-cost:   35
c ---[20043]---> BDD-cost:   35
c ---[20041]---> BDD-cost:   35
c ---[20039]---> BDD-cost:   35
c ---[20037]---> BDD-cost:   35
c ---[20035]---> BDD-cost:   35
c ---[1033]---> Adder-cost: 394   maxlim: 103   bits: 8/7
c ---[ 832]---> Adder-cost: 394   maxlim: 77   bits: 8/7
c ---[ 632]---> Adder-cost: 394   maxlim: 136   bits: 8/8
c ---[ 631]---> BDD-cost:    3
c ---[ 630]---> BDD-cost:    3
c ---[ 629]---> BDD-cost:    3
c ---[ 628]---> BDD-cost:    3
c ---[ 627]---> BDD-cost:    3
c ---[ 626]---> BDD-cost:    3
c ---[ 625]---> BDD-cost:    3
c ---[ 624]---> BDD-cost:    3
c ---[ 623]---> BDD-cost:    3
c ---[ 622]---> BDD-cost:    3
c ---[ 621]---> BDD-cost:    3
c ---[ 620]---> BDD-cost:    3
c ---[ 619]---> BDD-cost:    3
c ---[ 618]---> BDD-cost:    3
c ---[ 617]---> BDD-cost:    3
c ---[ 616]---> BDD-cost:    3
c ---[ 615]---> BDD-cost:    3
c ---[ 614]---> BDD-cost:    3
c ---[ 613]---> BDD-cost:    3
c ---[ 612]---> BDD-cost:    3
c ---[ 611]---> BDD-cost:    3
c ---[ 610]---> BDD-cost:    3
c ---[ 609]---> BDD-cost:    3
c ---[ 608]---> BDD-cost:    3
c ---[ 607]---> BDD-cost:    3
c ---[ 606]---> BDD-cost:    3
c ---[ 605]---> BDD-cost:    3
c ---[ 604]---> BDD-cost:    3
c ---[ 603]---> BDD-cost:    3
c ---[ 602]---> BDD-cost:    3
c ---[ 601]---> BDD-cost:    3
c ---[ 600]---> BDD-cost:    3
c ---[ 599]---> BDD-cost:    3
c ---[ 598]---> BDD-cost:    3
c ---[ 597]---> BDD-cost:    3
c ---[ 596]---> BDD-cost:    3
c ---[ 595]---> BDD-cost:    3
c ---[ 594]---> BDD-cost:    3
c ---[ 593]---> BDD-cost:    3
c ---[ 592]---> BDD-cost:    3
c ---[ 591]---> BDD-cost:    3
c ---[ 590]---> BDD-cost:    3
c ---[ 589]---> BDD-cost:    3
c ---[ 588]---> BDD-cost:    3
c ---[ 587]---> BDD-cost:    3
c ---[ 586]---> BDD-cost:    3
c ---[ 585]---> BDD-cost:    3
c ---[ 584]---> BDD-cost:    3
c ---[ 583]---> BDD-cost:    3
c ---[ 582]---> BDD-cost:    3
c ---[ 581]---> BDD-cost:    3
c ---[ 580]---> BDD-cost:    3
c ---[ 579]---> BDD-cost:    3
c ---[ 578]---> BDD-cost:    3
c ---[ 577]---> BDD-cost:    3
c ---[ 576]---> BDD-cost:    3
c ---[ 575]---> BDD-cost:    3
c ---[ 574]---> BDD-cost:    3
c ---[ 573]---> BDD-cost:    3
c ---[ 572]---> BDD-cost:    3
c ---[ 571]---> BDD-cost:    3
c ---[ 570]---> BDD-cost:    3
c ---[ 569]---> BDD-cost:    3
c ---[ 568]---> BDD-cost:    3
c ---[ 567]---> BDD-cost:    3
c ---[ 566]---> BDD-cost:    3
c ---[ 565]---> BDD-cost:    3
c ---[ 564]---> BDD-cost:    3
c ---[ 563]---> BDD-cost:    3
c ---[ 562]---> BDD-cost:    3
c ---[ 561]---> BDD-cost:    3
c ---[ 560]---> BDD-cost:    3
c ---[ 559]---> BDD-cost:    3
c ---[ 558]---> BDD-cost:    3
c ---[ 557]---> BDD-cost:    3
c ---[ 556]---> BDD-cost:    3
c ---[ 555]---> BDD-cost:    3
c ---[ 554]---> BDD-cost:    3
c ---[ 553]---> BDD-cost:    3
c ---[ 552]---> BDD-cost:    3
c ---[ 551]---> BDD-cost:    3
c ---[ 550]---> BDD-cost:    3
c ---[ 549]---> BDD-cost:    3
c ---[ 548]---> BDD-cost:    3
c ---[ 547]---> BDD-cost:    3
c ---[ 546]---> BDD-cost:    3
c ---[ 545]---> BDD-cost:    3
c ---[ 544]---> BDD-cost:    3
c ---[ 543]---> BDD-cost:    3
c ---[ 542]---> BDD-cost:    3
c ---[ 541]---> BDD-cost:    3
c ---[ 540]---> BDD-cost:    3
c ---[ 539]---> BDD-cost:    3
c ---[ 538]---> BDD-cost:    3
c ---[ 537]---> BDD-cost:    3
c ---[ 536]---> BDD-cost:    3
c ---[ 535]---> BDD-cost:    3
c ---[ 534]---> BDD-cost:    3
c ---[ 533]---> BDD-cost:    3
c ---[ 532]---> BDD-cost:    3
c ---[ 531]---> BDD-cost:    3
c ---[ 530]---> BDD-cost:    3
c ---[ 529]---> BDD-cost:    3
c ---[ 528]---> BDD-cost:    3
c ---[ 527]---> BDD-cost:    3
c ---[ 526]---> BDD-cost:    3
c ---[ 525]---> BDD-cost:    3
c ---[ 524]---> BDD-cost:    3
c ---[ 523]---> BDD-cost:    3
c ---[ 522]---> BDD-cost:    3
c ---[ 521]---> BDD-cost:    3
c ---[ 520]---> BDD-cost:    3
c ---[ 519]---> BDD-cost:    3
c ---[ 518]---> BDD-cost:    3
c ---[ 517]---> BDD-cost:    3
c ---[ 516]---> BDD-cost:    3
c ---[ 515]---> BDD-cost:    3
c ---[ 514]---> BDD-cost:    3
c ---[ 513]---> BDD-cost:    3
c ---[ 512]---> BDD-cost:    3
c ---[ 511]---> BDD-cost:    3
c ---[ 510]---> BDD-cost:    3
c ---[ 509]---> BDD-cost:    3
c ---[ 508]---> BDD-cost:    3
c ---[ 507]---> BDD-cost:    3
c ---[ 506]---> BDD-cost:    3
c ---[ 505]---> BDD-cost:    3
c ---[ 504]---> BDD-cost:    3
c ---[ 503]---> BDD-cost:    3
c ---[ 502]---> BDD-cost:    3
c ---[ 501]---> BDD-cost:    3
c ---[ 500]---> BDD-cost:    3
c ---[ 499]---> BDD-cost:    3
c ---[ 498]---> BDD-cost:    3
c ---[ 497]---> BDD-cost:    3
c ---[ 496]---> BDD-cost:    3
c ---[ 495]---> BDD-cost:    3
c ---[ 494]---> BDD-cost:    3
c ---[ 493]---> BDD-cost:    3
c ---[ 492]---> BDD-cost:    3
c ---[ 491]---> BDD-cost:    3
c ---[ 490]---> BDD-cost:    3
c ---[ 489]---> BDD-cost:    3
c ---[ 488]---> BDD-cost:    3
c ---[ 487]---> BDD-cost:    3
c ---[ 486]---> BDD-cost:    3
c ---[ 485]---> BDD-cost:    3
c ---[ 484]---> BDD-cost:    3
c ---[ 483]---> BDD-cost:    3
c ---[ 482]---> BDD-cost:    3
c ---[ 481]---> BDD-cost:    3
c ---[ 480]---> BDD-cost:    3
c ---[ 479]---> BDD-cost:    3
c ---[ 478]---> BDD-cost:    3
c ---[ 477]---> BDD-cost:    3
c ---[ 476]---> BDD-cost:    3
c ---[ 475]---> BDD-cost:    3
c ---[ 474]---> BDD-cost:    3
c ---[ 473]---> BDD-cost:    3
c ---[ 472]---> BDD-cost:    3
c ---[ 471]---> BDD-cost:    3
c ---[ 470]---> BDD-cost:    3
c ---[ 469]---> BDD-cost:    3
c ---[ 468]---> BDD-cost:    3
c ---[ 467]---> BDD-cost:    3
c ---[ 466]---> BDD-cost:    3
c ---[ 465]---> BDD-cost:    3
c ---[ 464]---> BDD-cost:    3
c ---[ 463]---> BDD-cost:    3
c ---[ 462]---> BDD-cost:    3
c ---[ 461]---> BDD-cost:    3
c ---[ 460]---> BDD-cost:    3
c ---[ 459]---> BDD-cost:    3
c ---[ 458]---> BDD-cost:    3
c ---[ 457]---> BDD-cost:    3
c ---[ 456]---> BDD-cost:    3
c ---[ 455]---> BDD-cost:    3
c ---[ 454]---> BDD-cost:    3
c ---[ 453]---> BDD-cost:    3
c ---[ 452]---> BDD-cost:    3
c ---[ 451]---> BDD-cost:    3
c ---[ 450]---> BDD-cost:    3
c ---[ 449]---> BDD-cost:    3
c ---[ 448]---> BDD-cost:    3
c ---[ 447]---> BDD-cost:    3
c ---[ 446]---> BDD-cost:    3
c ---[ 445]---> BDD-cost:    3
c ---[ 444]---> BDD-cost:    3
c ---[ 443]---> BDD-cost:    3
c ---[ 442]---> BDD-cost:    3
c ---[ 441]---> BDD-cost:    3
c ---[ 440]---> BDD-cost:    3
c ---[ 439]---> BDD-cost:    3
c ---[ 438]---> BDD-cost:    3
c ---[ 437]---> BDD-cost:    3
c ---[ 436]---> BDD-cost:    3
c ---[ 435]---> BDD-cost:    3
c ---[ 434]---> BDD-cost:    3
c ---[ 432]---> Adder-cost: 394   maxlim: 152   bits: 8/8
c ---[ 431]---> BDD-cost:    8
c ---[ 430]---> BDD-cost:    8
c ---[ 429]---> BDD-cost:    8
c ---[ 428]---> BDD-cost:    8
c ---[ 427]---> BDD-cost:    8
c ---[ 426]---> BDD-cost:    8
c ---[ 425]---> BDD-cost:    8
c ---[ 424]---> BDD-cost:    8
c ---[ 423]---> BDD-cost:    8
c ---[ 422]---> BDD-cost:    8
c ---[ 421]---> BDD-cost:    8
c ---[ 420]---> BDD-cost:    8
c ---[ 419]---> BDD-cost:    8
c ---[ 418]---> BDD-cost:    8
c ---[ 417]---> BDD-cost:    8
c ---[ 416]---> BDD-cost:    8
c ---[ 415]---> BDD-cost:    8
c ---[ 414]---> BDD-cost:    8
c ---[ 413]---> BDD-cost:    8
c ---[ 412]---> BDD-cost:    8
c ---[ 411]---> BDD-cost:    8
c ---[ 410]---> BDD-cost:    8
c ---[ 409]---> BDD-cost:    8
c ---[ 408]---> BDD-cost:    8
c ---[ 407]---> BDD-cost:    8
c ---[ 406]---> BDD-cost:    8
c ---[ 405]---> BDD-cost:    8
c ---[ 404]---> BDD-cost:    8
c ---[ 403]---> BDD-cost:    8
c ---[ 402]---> BDD-cost:    8
c ---[ 401]---> BDD-cost:    8
c ---[ 400]---> BDD-cost:    8
c ---[ 399]---> BDD-cost:    8
c ---[ 398]---> BDD-cost:    8
c ---[ 397]---> BDD-cost:    8
c ---[ 396]---> BDD-cost:    8
c ---[ 395]---> BDD-cost:    8
c ---[ 394]---> BDD-cost:    8
c ---[ 393]---> BDD-cost:    8
c ---[ 392]---> BDD-cost:    8
c ---[ 391]---> BDD-cost:    8
c ---[ 390]---> BDD-cost:    8
c ---[ 389]---> BDD-cost:    8
c ---[ 388]---> BDD-cost:    8
c ---[ 387]---> BDD-cost:    8
c ---[ 386]---> BDD-cost:    8
c ---[ 385]---> BDD-cost:    8
c ---[ 384]---> BDD-cost:    8
c ---[ 383]---> BDD-cost:    8
c ---[ 382]---> BDD-cost:    8
c ---[ 381]---> BDD-cost:    8
c ---[ 380]---> BDD-cost:    8
c ---[ 379]---> BDD-cost:    8
c ---[ 378]---> BDD-cost:    8
c ---[ 377]---> BDD-cost:    8
c ---[ 376]---> BDD-cost:    8
c ---[ 375]---> BDD-cost:    8
c ---[ 374]---> BDD-cost:    8
c ---[ 373]---> BDD-cost:    8
c ---[ 372]---> BDD-cost:    8
c ---[ 371]---> BDD-cost:    8
c ---[ 370]---> BDD-cost:    8
c ---[ 369]---> BDD-cost:    8
c ---[ 368]---> BDD-cost:    8
c ---[ 367]---> BDD-cost:    8
c ---[ 366]---> BDD-cost:    8
c ---[ 365]---> BDD-cost:    8
c ---[ 364]---> BDD-cost:    8
c ---[ 363]---> BDD-cost:    8
c ---[ 362]---> BDD-cost:    8
c ---[ 361]---> BDD-cost:    8
c ---[ 360]---> BDD-cost:    8
c ---[ 359]---> BDD-cost:    8
c ---[ 358]---> BDD-cost:    8
c ---[ 357]---> BDD-cost:    8
c ---[ 356]---> BDD-cost:    8
c ---[ 355]---> BDD-cost:    8
c ---[ 354]---> BDD-cost:    8
c ---[ 353]---> BDD-cost:    8
c ---[ 352]---> BDD-cost:    8
c ---[ 351]---> BDD-cost:    8
c ---[ 350]---> BDD-cost:    8
c ---[ 349]---> BDD-cost:    8
c ---[ 348]---> BDD-cost:    8
c ---[ 347]---> BDD-cost:    8
c ---[ 346]---> BDD-cost:    8
c ---[ 345]---> BDD-cost:    8
c ---[ 344]---> BDD-cost:    8
c ---[ 343]---> BDD-cost:    8
c ---[ 342]---> BDD-cost:    8
c ---[ 341]---> BDD-cost:    8
c ---[ 340]---> BDD-cost:    8
c ---[ 339]---> BDD-cost:    8
c ---[ 338]---> BDD-cost:    8
c ---[ 337]---> BDD-cost:    8
c ---[ 336]---> BDD-cost:    8
c ---[ 335]---> BDD-cost:    8
c ---[ 334]---> BDD-cost:    8
c ---[ 333]---> BDD-cost:    8
c ---[ 332]---> BDD-cost:    8
c ---[ 331]---> BDD-cost:    8
c ---[ 330]---> BDD-cost:    8
c ---[ 329]---> BDD-cost:    8
c ---[ 328]---> BDD-cost:    8
c ---[ 327]---> BDD-cost:    8
c ---[ 326]---> BDD-cost:    8
c ---[ 325]---> BDD-cost:    8
c ---[ 324]---> BDD-cost:    8
c ---[ 323]---> BDD-cost:    8
c ---[ 322]---> BDD-cost:    8
c ---[ 321]---> BDD-cost:    8
c ---[ 320]---> BDD-cost:    8
c ---[ 319]---> BDD-cost:    8
c ---[ 318]---> BDD-cost:    8
c ---[ 317]---> BDD-cost:    8
c ---[ 316]---> BDD-cost:    8
c ---[ 315]---> BDD-cost:    8
c ---[ 314]---> BDD-cost:    8
c ---[ 313]---> BDD-cost:    8
c ---[ 312]---> BDD-cost:    8
c ---[ 311]---> BDD-cost:    8
c ---[ 310]---> BDD-cost:    8
c ---[ 309]---> BDD-cost:    8
c ---[ 308]---> BDD-cost:    8
c ---[ 307]---> BDD-cost:    8
c ---[ 306]---> BDD-cost:    8
c ---[ 305]---> BDD-cost:    8
c ---[ 304]---> BDD-cost:    8
c ---[ 303]---> BDD-cost:    8
c ---[ 302]---> BDD-cost:    8
c ---[ 301]---> BDD-cost:    8
c ---[ 300]---> BDD-cost:    8
c ---[ 299]---> BDD-cost:    8
c ---[ 298]---> BDD-cost:    8
c ---[ 297]---> BDD-cost:    8
c ---[ 296]---> BDD-cost:    8
c ---[ 295]---> BDD-cost:    8
c ---[ 294]---> BDD-cost:    8
c ---[ 293]---> BDD-cost:    8
c ---[ 292]---> BDD-cost:    8
c ---[ 291]---> BDD-cost:    8
c ---[ 290]---> BDD-cost:    8
c ---[ 289]---> BDD-cost:    8
c ---[ 288]---> BDD-cost:    8
c ---[ 287]---> BDD-cost:    8
c ---[ 286]---> BDD-cost:    8
c ---[ 285]---> BDD-cost:    8
c ---[ 284]---> BDD-cost:    8
c ---[ 283]---> BDD-cost:    8
c ---[ 282]---> BDD-cost:    8
c ---[ 281]---> BDD-cost:    8
c ---[ 280]---> BDD-cost:    8
c ---[ 279]---> BDD-cost:    8
c ---[ 278]---> BDD-cost:    8
c ---[ 277]---> BDD-cost:    8
c ---[ 276]---> BDD-cost:    8
c ---[ 275]---> BDD-cost:    8
c ---[ 274]---> BDD-cost:    8
c ---[ 273]---> BDD-cost:    8
c ---[ 272]---> BDD-cost:    8
c ---[ 271]---> BDD-cost:    8
c ---[ 270]---> BDD-cost:    8
c ---[ 269]---> BDD-cost:    8
c ---[ 268]---> BDD-cost:    8
c ---[ 267]---> BDD-cost:    8
c ---[ 266]---> BDD-cost:    8
c ---[ 265]---> BDD-cost:    8
c ---[ 264]---> BDD-cost:    8
c ---[ 263]---> BDD-cost:    8
c ---[ 262]---> BDD-cost:    8
c ---[ 261]---> BDD-cost:    8
c ---[ 260]---> BDD-cost:    8
c ---[ 259]---> BDD-cost:    8
c ---[ 258]---> BDD-cost:    8
c ---[ 257]---> BDD-cost:    8
c ---[ 256]---> BDD-cost:    8
c ---[ 255]---> BDD-cost:    8
c ---[ 254]---> BDD-cost:    8
c ---[ 253]---> BDD-cost:    8
c ---[ 252]---> BDD-cost:    8
c ---[ 251]---> BDD-cost:    8
c ---[ 250]---> BDD-cost:    8
c ---[ 249]---> BDD-cost:    8
c ---[ 248]---> BDD-cost:    8
c ---[ 247]---> BDD-cost:    8
c ---[ 246]---> BDD-cost:    8
c ---[ 245]---> BDD-cost:    8
c ---[ 244]---> BDD-cost:    8
c ---[ 243]---> BDD-cost:    8
c ---[ 242]---> BDD-cost:    8
c ---[ 241]---> BDD-cost:    8
c ---[ 240]---> BDD-cost:    8
c ---[ 239]---> BDD-cost:    8
c ---[ 238]---> BDD-cost:    8
c ---[ 237]---> BDD-cost:    8
c ---[ 236]---> BDD-cost:    8
c ---[ 234]---> Adder-cost: 394   maxlim: 160   bits: 8/8
c ---[ 233]---> BDD-cost:    7
c ---[ 232]---> BDD-cost:    7
c ---[ 231]---> BDD-cost:    7
c ---[ 230]---> BDD-cost:    7
c ---[ 229]---> BDD-cost:    7
c ---[ 228]---> BDD-cost:    7
c ---[ 227]---> BDD-cost:    7
c ---[ 226]---> BDD-cost:    7
c ---[ 225]---> BDD-cost:    7
c ---[ 224]---> BDD-cost:    7
c ---[ 223]---> BDD-cost:    7
c ---[ 222]---> BDD-cost:    7
c ---[ 221]---> BDD-cost:    7
c ---[ 220]---> BDD-cost:    7
c ---[ 219]---> BDD-cost:    7
c ---[ 218]---> BDD-cost:    7
c ---[ 217]---> BDD-cost:    7
c ---[ 216]---> BDD-cost:    7
c ---[ 215]---> BDD-cost:    7
c ---[ 214]---> BDD-cost:    7
c ---[ 213]---> BDD-cost:    7
c ---[ 212]---> BDD-cost:    7
c ---[ 211]---> BDD-cost:    7
c ---[ 210]---> BDD-cost:    7
c ---[ 209]---> BDD-cost:    7
c ---[ 208]---> BDD-cost:    7
c ---[ 207]---> BDD-cost:    7
c ---[ 206]---> BDD-cost:    7
c ---[ 205]---> BDD-cost:    7
c ---[ 204]---> BDD-cost:    7
c ---[ 203]---> BDD-cost:    7
c ---[ 202]---> BDD-cost:    7
c ---[ 201]---> BDD-cost:    7
c ---[ 200]---> BDD-cost:    7
c ---[ 199]---> BDD-cost:    7
c ---[ 198]---> BDD-cost:    7
c ---[ 197]---> BDD-cost:    7
c ---[ 196]---> BDD-cost:    7
c ---[ 195]---> BDD-cost:    7
c ---[ 194]---> BDD-cost:    7
c ---[ 193]---> BDD-cost:    7
c ---[ 192]---> BDD-cost:    7
c ---[ 191]---> BDD-cost:    7
c ---[ 190]---> BDD-cost:    7
c ---[ 189]---> BDD-cost:    7
c ---[ 188]---> BDD-cost:    7
c ---[ 187]---> BDD-cost:    7
c ---[ 186]---> BDD-cost:    7
c ---[ 185]---> BDD-cost:    7
c ---[ 184]---> BDD-cost:    7
c ---[ 183]---> BDD-cost:    7
c ---[ 182]---> BDD-cost:    7
c ---[ 181]---> BDD-cost:    7
c ---[ 180]---> BDD-cost:    7
c ---[ 179]---> BDD-cost:    7
c ---[ 178]---> BDD-cost:    7
c ---[ 177]---> BDD-cost:    7
c ---[ 176]---> BDD-cost:    7
c ---[ 175]---> BDD-cost:    7
c ---[ 174]---> BDD-cost:    7
c ---[ 173]---> BDD-cost:    7
c ---[ 172]---> BDD-cost:    7
c ---[ 171]---> BDD-cost:    7
c ---[ 170]---> BDD-cost:    7
c ---[ 169]---> BDD-cost:    7
c ---[ 168]---> BDD-cost:    7
c ---[ 167]---> BDD-cost:    7
c ---[ 166]---> BDD-cost:    7
c ---[ 165]---> BDD-cost:    7
c ---[ 164]---> BDD-cost:    7
c ---[ 163]---> BDD-cost:    7
c ---[ 162]---> BDD-cost:    7
c ---[ 161]---> BDD-cost:    7
c ---[ 160]---> BDD-cost:    7
c ---[ 159]---> BDD-cost:    7
c ---[ 158]---> BDD-cost:    7
c ---[ 157]---> BDD-cost:    7
c ---[ 156]---> BDD-cost:    7
c ---[ 155]---> BDD-cost:    7
c ---[ 154]---> BDD-cost:    7
c ---[ 153]---> BDD-cost:    7
c ---[ 152]---> BDD-cost:    7
c ---[ 151]---> BDD-cost:    7
c ---[ 150]---> BDD-cost:    7
c ---[ 149]---> BDD-cost:    7
c ---[ 148]---> BDD-cost:    7
c ---[ 147]---> BDD-cost:    7
c ---[ 146]---> BDD-cost:    7
c ---[ 145]---> BDD-cost:    7
c ---[ 144]---> BDD-cost:    7
c ---[ 143]---> BDD-cost:    7
c ---[ 142]---> BDD-cost:    7
c ---[ 141]---> BDD-cost:    7
c ---[ 140]---> BDD-cost:    7
c ---[ 139]---> BDD-cost:    7
c ---[ 138]---> BDD-cost:    7
c ---[ 137]---> BDD-cost:    7
c ---[ 136]---> BDD-cost:    7
c ---[ 135]---> BDD-cost:    7
c ---[ 134]---> BDD-cost:    7
c ---[ 133]---> BDD-cost:    7
c ---[ 132]---> BDD-cost:    7
c ---[ 131]---> BDD-cost:    7
c ---[ 130]---> BDD-cost:    7
c ---[ 129]---> BDD-cost:    7
c ---[ 128]---> BDD-cost:    7
c ---[ 127]---> BDD-cost:    7
c ---[ 126]---> BDD-cost:    7
c ---[ 125]---> BDD-cost:    7
c ---[ 124]---> BDD-cost:    7
c ---[ 123]---> BDD-cost:    7
c ---[ 122]---> BDD-cost:    7
c ---[ 121]---> BDD-cost:    7
c ---[ 120]---> BDD-cost:    7
c ---[ 119]---> BDD-cost:    7
c ---[ 118]---> BDD-cost:    7
c ---[ 117]---> BDD-cost:    7
c ---[ 116]---> BDD-cost:    7
c ---[ 115]---> BDD-cost:    7
c ---[ 114]---> BDD-cost:    7
c ---[ 113]---> BDD-cost:    7
c ---[ 112]---> BDD-cost:    7
c ---[ 111]---> BDD-cost:    7
c ---[ 110]---> BDD-cost:    7
c ---[ 109]---> BDD-cost:    7
c ---[ 108]---> BDD-cost:    7
c ---[ 107]---> BDD-cost:    7
c ---[ 106]---> BDD-cost:    7
c ---[ 105]---> BDD-cost:    7
c ---[ 104]---> BDD-cost:    7
c ---[ 103]---> BDD-cost:    7
c ---[ 102]---> BDD-cost:    7
c ---[ 101]---> BDD-cost:    7
c ---[ 100]---> BDD-cost:    7
c ---[  99]---> BDD-cost:    7
c ---[  98]---> BDD-cost:    7
c ---[  97]---> BDD-cost:    7
c ---[  96]---> BDD-cost:    7
c ---[  95]---> BDD-cost:    7
c ---[  94]---> BDD-cost:    7
c ---[  93]---> BDD-cost:    7
c ---[  92]---> BDD-cost:    7
c ---[  91]---> BDD-cost:    7
c ---[  90]---> BDD-cost:    7
c ---[  89]---> BDD-cost:    7
c ---[  88]---> BDD-cost:    7
c ---[  87]---> BDD-cost:    7
c ---[  86]---> BDD-cost:    7
c ---[  85]---> BDD-cost:    7
c ---[  84]---> BDD-cost:    7
c ---[  83]---> BDD-cost:    7
c ---[  82]---> BDD-cost:    7
c ---[  81]---> BDD-cost:    7
c ---[  80]---> BDD-cost:    7
c ---[  79]---> BDD-cost:    7
c ---[  78]---> BDD-cost:    7
c ---[  77]---> BDD-cost:    7
c ---[  76]---> BDD-cost:    7
c ---[  75]---> BDD-cost:    7
c ---[  74]---> BDD-cost:    7
c ---[  73]---> BDD-cost:    7
c ---[  72]---> BDD-cost:    7
c ---[  71]---> BDD-cost:    7
c ---[  70]---> BDD-cost:    7
c ---[  69]---> BDD-cost:    7
c ---[  68]---> BDD-cost:    7
c ---[  67]---> BDD-cost:    7
c ---[  66]---> BDD-cost:    7
c ---[  65]---> BDD-cost:    7
c ---[  64]---> BDD-cost:    7
c ---[  63]---> BDD-cost:    7
c ---[  62]---> BDD-cost:    7
c ---[  61]---> BDD-cost:    7
c ---[  60]---> BDD-cost:    7
c ---[  59]---> BDD-cost:    7
c ---[  58]---> BDD-cost:    7
c ---[  57]---> BDD-cost:    7
c ---[  56]---> BDD-cost:    7
c ---[  55]---> BDD-cost:    7
c ---[  54]---> BDD-cost:    7
c ---[  53]---> BDD-cost:    7
c ---[  52]---> BDD-cost:    7
c ---[  51]---> BDD-cost:    7
c ---[  50]---> BDD-cost:    7
c ---[  49]---> BDD-cost:    7
c ---[  48]---> BDD-cost:    7
c ---[  47]---> BDD-cost:    7
c ---[  46]---> BDD-cost:    7
c ---[  45]---> BDD-cost:    7
c ---[  44]---> BDD-cost:    7
c ---[  43]---> BDD-cost:    7
c ---[  42]---> BDD-cost:    7
c ---[  41]---> BDD-cost:    7
c ---[  40]---> BDD-cost:    7
c ---[  39]---> BDD-cost:    7
c ---[  38]---> BDD-cost:    7
c ---[  36]---> Adder-cost: 394   maxlim: 195   bits: 8/8
c ---[  34]---> Adder-cost: 394   maxlim: 193   bits: 8/8
c ---[  32]---> BDD-cost:  397
c ---[  30]---> Adder-cost: 394   maxlim: 133   bits: 8/8
c ---[  28]---> Adder-cost: 394   maxlim: 193   bits: 8/8
c ---[  26]---> Adder-cost: 394   maxlim: 185   bits: 8/8
c ---[  24]---> BDD-cost:  397
c ---[  22]---> Adder-cost: 394   maxlim: 174   bits: 8/8
c ---[  20]---> Adder-cost: 394   maxlim: 194   bits: 8/8
c ---[  18]---> Adder-cost: 394   maxlim: 189   bits: 8/8
c ---[  16]---> Adder-cost: 394   maxlim: 195   bits: 8/8
c ---[  14]---> Adder-cost: 394   maxlim: 191   bits: 8/8
c ---[  12]---> Adder-cost: 394   maxlim: 194   bits: 8/8
c ---[  10]---> BDD-cost:  397
c ---[   8]---> BDD-cost:  594
c ---[   6]---> Adder-cost: 394   maxlim: 180   bits: 8/8
c ---[   4]---> BDD-cost:  789
c ---[   2]---> Adder-cost: 394   maxlim: 194   bits: 8/8
c ---[   0]---> BDD-cost:  594
c ==================================[MINISAT+]==================================
c | Conflicts | Original         | Learnt                           | Progress |
c |           | Clauses Literals |     Max Clauses Literals     LPC |          |
c ==============================================================================
c |         0 |  101595   301378 |   33865       0        0    -nan |  0.000 % |
c |       158 |  101593   301374 |   37251     157     1888    12.0 |  4.149 % |
c |       308 |  101571   301320 |   40976     305     2474     8.1 |  4.164 % |
c |       533 |  101571   301320 |   45074     530     4249     8.0 |  4.164 % |
c |       870 |  101546   301257 |   49581     862     5810     6.7 |  4.184 % |
c |      1376 |  101535   301230 |   54539    1366     8563     6.3 |  4.191 % |
c |      2135 |  101129   299954 |   59993    2048    12786     6.2 |  4.421 % |
c |      3275 |  100485   297806 |   65993    3076    20817     6.8 |  4.852 % |
c |      4983 |   99554   295349 |   72592    4539    38393     8.5 |  5.369 % |
c |      7546 |   99085   294169 |   79851    6960    73487    10.6 |  5.688 % |
c |     11390 |   97950   291245 |   87837   10243   134226    13.1 |  6.664 % |
c ==============================================================================
c [1mUNSATISFIABLE[0m
s UNSATISFIABLE
c _______________________________________________________________________________
c 
c restarts              : 11
c conflicts             : 12065          (5209 /sec)
c decisions             : 225058         (97169 /sec)
c propagations          : 0              (0 /sec)
c inspects              : 0              (0 /sec)
c CPU time              : 2.31614 s
c _______________________________________________________________________________
