c Parsing PB file...
c Converting 26447 PB-constraints to clauses...
c   -- Unit propagations: (none)
c   -- Detecting intervals from adjacent constraints: ######################################################################################################################################################################################################################################
c   -- Clauses(.)/Splits(s): .....................................................................................................................................................................................................................................................................................................................................................................................................................................................................................................................................................................................................................................................................................................................................................................................................................................................................................................................................................................................................................................................................................................................................................................................................................................................................................................................................................................................................................................................................................................................................................................................................................................................................................................................................................................................................................................................................................................................................................................................................................................................................................................................................................................................................................................................................................................................................................................................................................................................................................................................................................................................................................................................................................................................................................................................................................................................................................................................................................................................................................................................................................................................................................................................................................................................................................................................................................................................................................................................................................................................................................................................................................................................................................................................................................................................................................................................................................................................................................................................................................................................................................................................................................................................................................................................................................................................................................................................................................................................................................................................................................................................................................................................................................................................................................................................................................................................................................................................................................................................................................................................................................................................................................................................................................................................................................................................................................................................................................................................................................................................................................................................................................................................................................................................................................................................................................................................................................................................................................................................................................................................................................................................................................................................................................................................................................................................................................................................................................................................................................................................................................................................................................................................................................................................................................................................................................................................................................................................................................................................................................................................................................................................................................................................................................................................................................................................................................................................................................................................................................................................................................................................................................................................................................................................................................................................................................................................................................................................................................................................................................................................................................................................................................................................................................................................................................................................................................................................................................................................................................................................................................................................................................................................................................................................................................................................................................................................................................................................................................................................................................................................................................................................................................................................................................................................................................................................................................................................................................................................................................................................................................................................................................................................................................................................................................................................................................................................................................................................................................................................................................................................................................................................................................................................................................................................................................................................................................................................................................................................................................................................................................................................................................................................................................................................................................................................................................................................................................................................................................................................................................................................................................................................................................................................................................................................................................................................................................................................................................................................................................................................................................................................................................................................................................................................................................................................................................................................................................................................................................................................................................................................................................................................................................................................................................................................................................................................................................................................................................................................................................................................................................................................................................................................................................................................................................................................................................................................................................................................................................................................................................................................................................................................................................................................................................................................................................................................................................................................................................................................................................................................................................................................................................................................................................................................................................................................................................................................................................................................................................................................................................................................................................................................................................................................................................................................................................................................................................................................................................................................................................................................................................................................................................................................................................................................................................................................................................................................................................................................................................................................................................................................................................................................................................................................................................................................................................................................................................................................................................................................................................................................................................................................................................................................................................................................................................................................................................................................................................................................................................................................................................................................................................................................................................................................................................................................................................................................................................................................................................................................................................................................................................................................................................................................................................................................................................................................................................................................................................................................................................................................................................................................................................................................................................................................................................................................................................................................................................................................................................................................................................................................................................................................................................................................................................................................................................................................................................................................................................................................................................................................................................................................................................................................................................................................................................................................................................................................................................................................................................................................................................................................................................................................................................................................................................................................................................................................................................................................................................................................................................................................................................................................................................................................................................................................................................................................................................................................................................................................................................................................................................................................................................................................................................................................................................................................................................................................................................................................................................................................................................................................................................................................................................................................................................................................................................................................................................................................................................................................................................................................................................................................................................................................................................................................................................................................................................................................................................................................................................................................................................................................................................................................................................................................................................................................................................................................................................................................................................................................................................................................................................................................................................................................................................................................................................................................................................................................................................................................................................................................................................................................................................................................................................................................................................................................................................................................................................................................................................................................................................................................................................................................................................................................................................................................................................................................................................................................................................................................................................................................................................................................................................................................................................................................................................................................................................................................................................................................................................................................................................................................................................................................................................................................................................................................................................................................................................................................................................................................................................................................................................................................................................................................................................................................................................................................................................................................................................................................................................................................................................................................................................................................................................................................................................................................................................................................................................................................................................................................................................................................................................................................................................................................................................................................................................................................................................................................................................................................................................................................................................................................................................................................................................................................................................................................................................................................................................................................................................................................................................................................................................................................................................................................................................................................................................................................................................................................................................................................................................................................................................................................
c ---[26445]---> BDD-cost:   47
c ---[26443]---> BDD-cost:   47
c ---[26441]---> BDD-cost:   47
c ---[26439]---> BDD-cost:   47
c ---[26437]---> BDD-cost:   47
c ---[26435]---> BDD-cost:   47
c ---[26433]---> BDD-cost:   47
c ---[26431]---> BDD-cost:   47
c ---[26429]---> BDD-cost:   47
c ---[26427]---> BDD-cost:   47
c ---[26425]---> BDD-cost:   47
c ---[26423]---> BDD-cost:   47
c ---[26421]---> BDD-cost:   47
c ---[26419]---> BDD-cost:   47
c ---[26417]---> BDD-cost:   47
c ---[26415]---> BDD-cost:   47
c ---[26413]---> BDD-cost:   47
c ---[26411]---> BDD-cost:   47
c ---[26409]---> BDD-cost:   47
c ---[26407]---> BDD-cost:   47
c ---[26405]---> BDD-cost:   47
c ---[26403]---> BDD-cost:   47
c ---[26401]---> BDD-cost:   47
c ---[26399]---> BDD-cost:   47
c ---[26397]---> BDD-cost:   47
c ---[26395]---> BDD-cost:   47
c ---[26393]---> BDD-cost:   47
c ---[26391]---> BDD-cost:   47
c ---[26389]---> BDD-cost:   47
c ---[26387]---> BDD-cost:   47
c ---[26385]---> BDD-cost:   47
c ---[26383]---> BDD-cost:   47
c ---[26381]---> BDD-cost:   47
c ---[26379]---> BDD-cost:   47
c ---[26377]---> BDD-cost:   47
c ---[26375]---> BDD-cost:   47
c ---[26373]---> BDD-cost:   47
c ---[26371]---> BDD-cost:   47
c ---[26369]---> BDD-cost:   47
c ---[26367]---> BDD-cost:   47
c ---[26365]---> BDD-cost:   47
c ---[26363]---> BDD-cost:   47
c ---[26361]---> BDD-cost:   47
c ---[26359]---> BDD-cost:   47
c ---[26357]---> BDD-cost:   47
c ---[26355]---> BDD-cost:   47
c ---[26353]---> BDD-cost:   47
c ---[26351]---> BDD-cost:   47
c ---[26349]---> BDD-cost:   47
c ---[26347]---> BDD-cost:   47
c ---[26345]---> BDD-cost:   47
c ---[26343]---> BDD-cost:   47
c ---[26341]---> BDD-cost:   47
c ---[26339]---> BDD-cost:   47
c ---[26337]---> BDD-cost:   47
c ---[26335]---> BDD-cost:   47
c ---[26333]---> BDD-cost:   47
c ---[26331]---> BDD-cost:   47
c ---[26329]---> BDD-cost:   47
c ---[26327]---> BDD-cost:   47
c ---[26325]---> BDD-cost:   47
c ---[26323]---> BDD-cost:   47
c ---[26321]---> BDD-cost:   47
c ---[26319]---> BDD-cost:   47
c ---[26317]---> BDD-cost:   47
c ---[26315]---> BDD-cost:   47
c ---[26313]---> BDD-cost:   47
c ---[26311]---> BDD-cost:   47
c ---[26309]---> BDD-cost:   47
c ---[26307]---> BDD-cost:   47
c ---[26305]---> BDD-cost:   47
c ---[26303]---> BDD-cost:   47
c ---[26301]---> BDD-cost:   47
c ---[26299]---> BDD-cost:   47
c ---[26297]---> BDD-cost:   47
c ---[26295]---> BDD-cost:   47
c ---[26293]---> BDD-cost:   47
c ---[26291]---> BDD-cost:   47
c ---[26289]---> BDD-cost:   47
c ---[26287]---> BDD-cost:   47
c ---[26285]---> BDD-cost:   47
c ---[26283]---> BDD-cost:   47
c ---[26281]---> BDD-cost:   47
c ---[26279]---> BDD-cost:   47
c ---[26277]---> BDD-cost:   47
c ---[26275]---> BDD-cost:   47
c ---[26273]---> BDD-cost:   47
c ---[26271]---> BDD-cost:   47
c ---[26269]---> BDD-cost:   47
c ---[26267]---> BDD-cost:   47
c ---[26265]---> BDD-cost:   47
c ---[26263]---> BDD-cost:   47
c ---[26261]---> BDD-cost:   47
c ---[26259]---> BDD-cost:   47
c ---[26257]---> BDD-cost:   47
c ---[26255]---> BDD-cost:   47
c ---[26253]---> BDD-cost:   47
c ---[26251]---> BDD-cost:   47
c ---[26249]---> BDD-cost:   47
c ---[26247]---> BDD-cost:   47
c ---[26245]---> BDD-cost:   47
c ---[26243]---> BDD-cost:   47
c ---[26241]---> BDD-cost:   47
c ---[26239]---> BDD-cost:   47
c ---[26237]---> BDD-cost:   47
c ---[26235]---> BDD-cost:   47
c ---[26233]---> BDD-cost:   47
c ---[26231]---> BDD-cost:   47
c ---[26229]---> BDD-cost:   47
c ---[26227]---> BDD-cost:   47
c ---[26225]---> BDD-cost:   47
c ---[26223]---> BDD-cost:   47
c ---[26221]---> BDD-cost:   47
c ---[26219]---> BDD-cost:   47
c ---[26217]---> BDD-cost:   47
c ---[26215]---> BDD-cost:   47
c ---[26213]---> BDD-cost:   47
c ---[26211]---> BDD-cost:   47
c ---[26209]---> BDD-cost:   47
c ---[26207]---> BDD-cost:   47
c ---[26205]---> BDD-cost:   47
c ---[26203]---> BDD-cost:   47
c ---[26201]---> BDD-cost:   47
c ---[26199]---> BDD-cost:   47
c ---[26197]---> BDD-cost:   47
c ---[26195]---> BDD-cost:   47
c ---[26193]---> BDD-cost:   47
c ---[26191]---> BDD-cost:   47
c ---[26189]---> BDD-cost:   47
c ---[26187]---> BDD-cost:   47
c ---[26185]---> BDD-cost:   47
c ---[26183]---> BDD-cost:   47
c ---[26181]---> BDD-cost:   47
c ---[26179]---> BDD-cost:   47
c ---[26177]---> BDD-cost:   47
c ---[26175]---> BDD-cost:   47
c ---[26173]---> BDD-cost:   47
c ---[26171]---> BDD-cost:   47
c ---[26169]---> BDD-cost:   47
c ---[26167]---> BDD-cost:   47
c ---[26165]---> BDD-cost:   47
c ---[26163]---> BDD-cost:   47
c ---[26161]---> BDD-cost:   47
c ---[26159]---> BDD-cost:   47
c ---[26157]---> BDD-cost:   47
c ---[26155]---> BDD-cost:   47
c ---[26153]---> BDD-cost:   47
c ---[26151]---> BDD-cost:   47
c ---[26149]---> BDD-cost:   47
c ---[26147]---> BDD-cost:   47
c ---[26145]---> BDD-cost:   47
c ---[26143]---> BDD-cost:   47
c ---[26141]---> BDD-cost:   47
c ---[26139]---> BDD-cost:   47
c ---[26137]---> BDD-cost:   47
c ---[26135]---> BDD-cost:   47
c ---[26133]---> BDD-cost:   47
c ---[26131]---> BDD-cost:   47
c ---[26129]---> BDD-cost:   47
c ---[26127]---> BDD-cost:   47
c ---[26125]---> BDD-cost:   47
c ---[26123]---> BDD-cost:   47
c ---[26121]---> BDD-cost:   47
c ---[26119]---> BDD-cost:   47
c ---[26117]---> BDD-cost:   47
c ---[26115]---> BDD-cost:   47
c ---[26113]---> BDD-cost:   47
c ---[26111]---> BDD-cost:   47
c ---[26109]---> BDD-cost:   47
c ---[26107]---> BDD-cost:   47
c ---[26105]---> BDD-cost:   47
c ---[26103]---> BDD-cost:   47
c ---[26101]---> BDD-cost:   47
c ---[26099]---> BDD-cost:   47
c ---[26097]---> BDD-cost:   47
c ---[26095]---> BDD-cost:   47
c ---[26093]---> BDD-cost:   47
c ---[26091]---> BDD-cost:   47
c ---[26089]---> BDD-cost:   47
c ---[26087]---> BDD-cost:   47
c ---[26085]---> BDD-cost:   47
c ---[26083]---> BDD-cost:   47
c ---[26081]---> BDD-cost:   47
c ---[26079]---> BDD-cost:   47
c ---[26077]---> BDD-cost:   47
c ---[26075]---> BDD-cost:   47
c ---[26073]---> BDD-cost:   47
c ---[26071]---> BDD-cost:   47
c ---[26069]---> BDD-cost:   47
c ---[26067]---> BDD-cost:   47
c ---[26065]---> BDD-cost:   47
c ---[26063]---> BDD-cost:   47
c ---[26061]---> BDD-cost:   47
c ---[26059]---> BDD-cost:   47
c ---[26057]---> BDD-cost:   47
c ---[26055]---> BDD-cost:   47
c ---[26053]---> BDD-cost:   47
c ---[26051]---> BDD-cost:   47
c ---[26049]---> BDD-cost:   47
c ---[26047]---> BDD-cost:   47
c ---[1045]---> Adder-cost: 394   maxlim: 110   bits: 8/7
c ---[ 844]---> Adder-cost: 394   maxlim: 71   bits: 8/7
c ---[ 644]---> Adder-cost: 394   maxlim: 137   bits: 8/8
c ---[ 643]---> BDD-cost:    3
c ---[ 642]---> BDD-cost:    3
c ---[ 641]---> BDD-cost:    3
c ---[ 640]---> BDD-cost:    3
c ---[ 639]---> BDD-cost:    3
c ---[ 638]---> BDD-cost:    3
c ---[ 637]---> BDD-cost:    3
c ---[ 636]---> BDD-cost:    3
c ---[ 635]---> BDD-cost:    3
c ---[ 634]---> BDD-cost:    3
c ---[ 633]---> BDD-cost:    3
c ---[ 632]---> BDD-cost:    3
c ---[ 631]---> BDD-cost:    3
c ---[ 630]---> BDD-cost:    3
c ---[ 629]---> BDD-cost:    3
c ---[ 628]---> BDD-cost:    3
c ---[ 627]---> BDD-cost:    3
c ---[ 626]---> BDD-cost:    3
c ---[ 625]---> BDD-cost:    3
c ---[ 624]---> BDD-cost:    3
c ---[ 623]---> BDD-cost:    3
c ---[ 622]---> BDD-cost:    3
c ---[ 621]---> BDD-cost:    3
c ---[ 620]---> BDD-cost:    3
c ---[ 619]---> BDD-cost:    3
c ---[ 618]---> BDD-cost:    3
c ---[ 617]---> BDD-cost:    3
c ---[ 616]---> BDD-cost:    3
c ---[ 615]---> BDD-cost:    3
c ---[ 614]---> BDD-cost:    3
c ---[ 613]---> BDD-cost:    3
c ---[ 612]---> BDD-cost:    3
c ---[ 611]---> BDD-cost:    3
c ---[ 610]---> BDD-cost:    3
c ---[ 609]---> BDD-cost:    3
c ---[ 608]---> BDD-cost:    3
c ---[ 607]---> BDD-cost:    3
c ---[ 606]---> BDD-cost:    3
c ---[ 605]---> BDD-cost:    3
c ---[ 604]---> BDD-cost:    3
c ---[ 603]---> BDD-cost:    3
c ---[ 602]---> BDD-cost:    3
c ---[ 601]---> BDD-cost:    3
c ---[ 600]---> BDD-cost:    3
c ---[ 599]---> BDD-cost:    3
c ---[ 598]---> BDD-cost:    3
c ---[ 597]---> BDD-cost:    3
c ---[ 596]---> BDD-cost:    3
c ---[ 595]---> BDD-cost:    3
c ---[ 594]---> BDD-cost:    3
c ---[ 593]---> BDD-cost:    3
c ---[ 592]---> BDD-cost:    3
c ---[ 591]---> BDD-cost:    3
c ---[ 590]---> BDD-cost:    3
c ---[ 589]---> BDD-cost:    3
c ---[ 588]---> BDD-cost:    3
c ---[ 587]---> BDD-cost:    3
c ---[ 586]---> BDD-cost:    3
c ---[ 585]---> BDD-cost:    3
c ---[ 584]---> BDD-cost:    3
c ---[ 583]---> BDD-cost:    3
c ---[ 582]---> BDD-cost:    3
c ---[ 581]---> BDD-cost:    3
c ---[ 580]---> BDD-cost:    3
c ---[ 579]---> BDD-cost:    3
c ---[ 578]---> BDD-cost:    3
c ---[ 577]---> BDD-cost:    3
c ---[ 576]---> BDD-cost:    3
c ---[ 575]---> BDD-cost:    3
c ---[ 574]---> BDD-cost:    3
c ---[ 573]---> BDD-cost:    3
c ---[ 572]---> BDD-cost:    3
c ---[ 571]---> BDD-cost:    3
c ---[ 570]---> BDD-cost:    3
c ---[ 569]---> BDD-cost:    3
c ---[ 568]---> BDD-cost:    3
c ---[ 567]---> BDD-cost:    3
c ---[ 566]---> BDD-cost:    3
c ---[ 565]---> BDD-cost:    3
c ---[ 564]---> BDD-cost:    3
c ---[ 563]---> BDD-cost:    3
c ---[ 562]---> BDD-cost:    3
c ---[ 561]---> BDD-cost:    3
c ---[ 560]---> BDD-cost:    3
c ---[ 559]---> BDD-cost:    3
c ---[ 558]---> BDD-cost:    3
c ---[ 557]---> BDD-cost:    3
c ---[ 556]---> BDD-cost:    3
c ---[ 555]---> BDD-cost:    3
c ---[ 554]---> BDD-cost:    3
c ---[ 553]---> BDD-cost:    3
c ---[ 552]---> BDD-cost:    3
c ---[ 551]---> BDD-cost:    3
c ---[ 550]---> BDD-cost:    3
c ---[ 549]---> BDD-cost:    3
c ---[ 548]---> BDD-cost:    3
c ---[ 547]---> BDD-cost:    3
c ---[ 546]---> BDD-cost:    3
c ---[ 545]---> BDD-cost:    3
c ---[ 544]---> BDD-cost:    3
c ---[ 543]---> BDD-cost:    3
c ---[ 542]---> BDD-cost:    3
c ---[ 541]---> BDD-cost:    3
c ---[ 540]---> BDD-cost:    3
c ---[ 539]---> BDD-cost:    3
c ---[ 538]---> BDD-cost:    3
c ---[ 537]---> BDD-cost:    3
c ---[ 536]---> BDD-cost:    3
c ---[ 535]---> BDD-cost:    3
c ---[ 534]---> BDD-cost:    3
c ---[ 533]---> BDD-cost:    3
c ---[ 532]---> BDD-cost:    3
c ---[ 531]---> BDD-cost:    3
c ---[ 530]---> BDD-cost:    3
c ---[ 529]---> BDD-cost:    3
c ---[ 528]---> BDD-cost:    3
c ---[ 527]---> BDD-cost:    3
c ---[ 526]---> BDD-cost:    3
c ---[ 525]---> BDD-cost:    3
c ---[ 524]---> BDD-cost:    3
c ---[ 523]---> BDD-cost:    3
c ---[ 522]---> BDD-cost:    3
c ---[ 521]---> BDD-cost:    3
c ---[ 520]---> BDD-cost:    3
c ---[ 519]---> BDD-cost:    3
c ---[ 518]---> BDD-cost:    3
c ---[ 517]---> BDD-cost:    3
c ---[ 516]---> BDD-cost:    3
c ---[ 515]---> BDD-cost:    3
c ---[ 514]---> BDD-cost:    3
c ---[ 513]---> BDD-cost:    3
c ---[ 512]---> BDD-cost:    3
c ---[ 511]---> BDD-cost:    3
c ---[ 510]---> BDD-cost:    3
c ---[ 509]---> BDD-cost:    3
c ---[ 508]---> BDD-cost:    3
c ---[ 507]---> BDD-cost:    3
c ---[ 506]---> BDD-cost:    3
c ---[ 505]---> BDD-cost:    3
c ---[ 504]---> BDD-cost:    3
c ---[ 503]---> BDD-cost:    3
c ---[ 502]---> BDD-cost:    3
c ---[ 501]---> BDD-cost:    3
c ---[ 500]---> BDD-cost:    3
c ---[ 499]---> BDD-cost:    3
c ---[ 498]---> BDD-cost:    3
c ---[ 497]---> BDD-cost:    3
c ---[ 496]---> BDD-cost:    3
c ---[ 495]---> BDD-cost:    3
c ---[ 494]---> BDD-cost:    3
c ---[ 493]---> BDD-cost:    3
c ---[ 492]---> BDD-cost:    3
c ---[ 491]---> BDD-cost:    3
c ---[ 490]---> BDD-cost:    3
c ---[ 489]---> BDD-cost:    3
c ---[ 488]---> BDD-cost:    3
c ---[ 487]---> BDD-cost:    3
c ---[ 486]---> BDD-cost:    3
c ---[ 485]---> BDD-cost:    3
c ---[ 484]---> BDD-cost:    3
c ---[ 483]---> BDD-cost:    3
c ---[ 482]---> BDD-cost:    3
c ---[ 481]---> BDD-cost:    3
c ---[ 480]---> BDD-cost:    3
c ---[ 479]---> BDD-cost:    3
c ---[ 478]---> BDD-cost:    3
c ---[ 477]---> BDD-cost:    3
c ---[ 476]---> BDD-cost:    3
c ---[ 475]---> BDD-cost:    3
c ---[ 474]---> BDD-cost:    3
c ---[ 473]---> BDD-cost:    3
c ---[ 472]---> BDD-cost:    3
c ---[ 471]---> BDD-cost:    3
c ---[ 470]---> BDD-cost:    3
c ---[ 469]---> BDD-cost:    3
c ---[ 468]---> BDD-cost:    3
c ---[ 467]---> BDD-cost:    3
c ---[ 466]---> BDD-cost:    3
c ---[ 465]---> BDD-cost:    3
c ---[ 464]---> BDD-cost:    3
c ---[ 463]---> BDD-cost:    3
c ---[ 462]---> BDD-cost:    3
c ---[ 461]---> BDD-cost:    3
c ---[ 460]---> BDD-cost:    3
c ---[ 459]---> BDD-cost:    3
c ---[ 458]---> BDD-cost:    3
c ---[ 457]---> BDD-cost:    3
c ---[ 456]---> BDD-cost:    3
c ---[ 455]---> BDD-cost:    3
c ---[ 454]---> BDD-cost:    3
c ---[ 453]---> BDD-cost:    3
c ---[ 452]---> BDD-cost:    3
c ---[ 451]---> BDD-cost:    3
c ---[ 450]---> BDD-cost:    3
c ---[ 449]---> BDD-cost:    3
c ---[ 448]---> BDD-cost:    3
c ---[ 447]---> BDD-cost:    3
c ---[ 446]---> BDD-cost:    3
c ---[ 444]---> Adder-cost: 394   maxlim: 122   bits: 8/7
c ---[ 443]---> BDD-cost:    8
c ---[ 442]---> BDD-cost:    8
c ---[ 441]---> BDD-cost:    8
c ---[ 440]---> BDD-cost:    8
c ---[ 439]---> BDD-cost:    8
c ---[ 438]---> BDD-cost:    8
c ---[ 437]---> BDD-cost:    8
c ---[ 436]---> BDD-cost:    8
c ---[ 435]---> BDD-cost:    8
c ---[ 434]---> BDD-cost:    8
c ---[ 433]---> BDD-cost:    8
c ---[ 432]---> BDD-cost:    8
c ---[ 431]---> BDD-cost:    8
c ---[ 430]---> BDD-cost:    8
c ---[ 429]---> BDD-cost:    8
c ---[ 428]---> BDD-cost:    8
c ---[ 427]---> BDD-cost:    8
c ---[ 426]---> BDD-cost:    8
c ---[ 425]---> BDD-cost:    8
c ---[ 424]---> BDD-cost:    8
c ---[ 423]---> BDD-cost:    8
c ---[ 422]---> BDD-cost:    8
c ---[ 421]---> BDD-cost:    8
c ---[ 420]---> BDD-cost:    8
c ---[ 419]---> BDD-cost:    8
c ---[ 418]---> BDD-cost:    8
c ---[ 417]---> BDD-cost:    8
c ---[ 416]---> BDD-cost:    8
c ---[ 415]---> BDD-cost:    8
c ---[ 414]---> BDD-cost:    8
c ---[ 413]---> BDD-cost:    8
c ---[ 412]---> BDD-cost:    8
c ---[ 411]---> BDD-cost:    8
c ---[ 410]---> BDD-cost:    8
c ---[ 409]---> BDD-cost:    8
c ---[ 408]---> BDD-cost:    8
c ---[ 407]---> BDD-cost:    8
c ---[ 406]---> BDD-cost:    8
c ---[ 405]---> BDD-cost:    8
c ---[ 404]---> BDD-cost:    8
c ---[ 403]---> BDD-cost:    8
c ---[ 402]---> BDD-cost:    8
c ---[ 401]---> BDD-cost:    8
c ---[ 400]---> BDD-cost:    8
c ---[ 399]---> BDD-cost:    8
c ---[ 398]---> BDD-cost:    8
c ---[ 397]---> BDD-cost:    8
c ---[ 396]---> BDD-cost:    8
c ---[ 395]---> BDD-cost:    8
c ---[ 394]---> BDD-cost:    8
c ---[ 393]---> BDD-cost:    8
c ---[ 392]---> BDD-cost:    8
c ---[ 391]---> BDD-cost:    8
c ---[ 390]---> BDD-cost:    8
c ---[ 389]---> BDD-cost:    8
c ---[ 388]---> BDD-cost:    8
c ---[ 387]---> BDD-cost:    8
c ---[ 386]---> BDD-cost:    8
c ---[ 385]---> BDD-cost:    8
c ---[ 384]---> BDD-cost:    8
c ---[ 383]---> BDD-cost:    8
c ---[ 382]---> BDD-cost:    8
c ---[ 381]---> BDD-cost:    8
c ---[ 380]---> BDD-cost:    8
c ---[ 379]---> BDD-cost:    8
c ---[ 378]---> BDD-cost:    8
c ---[ 377]---> BDD-cost:    8
c ---[ 376]---> BDD-cost:    8
c ---[ 375]---> BDD-cost:    8
c ---[ 374]---> BDD-cost:    8
c ---[ 373]---> BDD-cost:    8
c ---[ 372]---> BDD-cost:    8
c ---[ 371]---> BDD-cost:    8
c ---[ 370]---> BDD-cost:    8
c ---[ 369]---> BDD-cost:    8
c ---[ 368]---> BDD-cost:    8
c ---[ 367]---> BDD-cost:    8
c ---[ 366]---> BDD-cost:    8
c ---[ 365]---> BDD-cost:    8
c ---[ 364]---> BDD-cost:    8
c ---[ 363]---> BDD-cost:    8
c ---[ 362]---> BDD-cost:    8
c ---[ 361]---> BDD-cost:    8
c ---[ 360]---> BDD-cost:    8
c ---[ 359]---> BDD-cost:    8
c ---[ 358]---> BDD-cost:    8
c ---[ 357]---> BDD-cost:    8
c ---[ 356]---> BDD-cost:    8
c ---[ 355]---> BDD-cost:    8
c ---[ 354]---> BDD-cost:    8
c ---[ 353]---> BDD-cost:    8
c ---[ 352]---> BDD-cost:    8
c ---[ 351]---> BDD-cost:    8
c ---[ 350]---> BDD-cost:    8
c ---[ 349]---> BDD-cost:    8
c ---[ 348]---> BDD-cost:    8
c ---[ 347]---> BDD-cost:    8
c ---[ 346]---> BDD-cost:    8
c ---[ 345]---> BDD-cost:    8
c ---[ 344]---> BDD-cost:    8
c ---[ 343]---> BDD-cost:    8
c ---[ 342]---> BDD-cost:    8
c ---[ 341]---> BDD-cost:    8
c ---[ 340]---> BDD-cost:    8
c ---[ 339]---> BDD-cost:    8
c ---[ 338]---> BDD-cost:    8
c ---[ 337]---> BDD-cost:    8
c ---[ 336]---> BDD-cost:    8
c ---[ 335]---> BDD-cost:    8
c ---[ 334]---> BDD-cost:    8
c ---[ 333]---> BDD-cost:    8
c ---[ 332]---> BDD-cost:    8
c ---[ 331]---> BDD-cost:    8
c ---[ 330]---> BDD-cost:    8
c ---[ 329]---> BDD-cost:    8
c ---[ 328]---> BDD-cost:    8
c ---[ 327]---> BDD-cost:    8
c ---[ 326]---> BDD-cost:    8
c ---[ 325]---> BDD-cost:    8
c ---[ 324]---> BDD-cost:    8
c ---[ 323]---> BDD-cost:    8
c ---[ 322]---> BDD-cost:    8
c ---[ 321]---> BDD-cost:    8
c ---[ 320]---> BDD-cost:    8
c ---[ 319]---> BDD-cost:    8
c ---[ 318]---> BDD-cost:    8
c ---[ 317]---> BDD-cost:    8
c ---[ 316]---> BDD-cost:    8
c ---[ 315]---> BDD-cost:    8
c ---[ 314]---> BDD-cost:    8
c ---[ 313]---> BDD-cost:    8
c ---[ 312]---> BDD-cost:    8
c ---[ 311]---> BDD-cost:    8
c ---[ 310]---> BDD-cost:    8
c ---[ 309]---> BDD-cost:    8
c ---[ 308]---> BDD-cost:    8
c ---[ 307]---> BDD-cost:    8
c ---[ 306]---> BDD-cost:    8
c ---[ 305]---> BDD-cost:    8
c ---[ 304]---> BDD-cost:    8
c ---[ 303]---> BDD-cost:    8
c ---[ 302]---> BDD-cost:    8
c ---[ 301]---> BDD-cost:    8
c ---[ 300]---> BDD-cost:    8
c ---[ 299]---> BDD-cost:    8
c ---[ 298]---> BDD-cost:    8
c ---[ 297]---> BDD-cost:    8
c ---[ 296]---> BDD-cost:    8
c ---[ 295]---> BDD-cost:    8
c ---[ 294]---> BDD-cost:    8
c ---[ 293]---> BDD-cost:    8
c ---[ 292]---> BDD-cost:    8
c ---[ 291]---> BDD-cost:    8
c ---[ 290]---> BDD-cost:    8
c ---[ 289]---> BDD-cost:    8
c ---[ 288]---> BDD-cost:    8
c ---[ 287]---> BDD-cost:    8
c ---[ 286]---> BDD-cost:    8
c ---[ 285]---> BDD-cost:    8
c ---[ 284]---> BDD-cost:    8
c ---[ 283]---> BDD-cost:    8
c ---[ 282]---> BDD-cost:    8
c ---[ 281]---> BDD-cost:    8
c ---[ 280]---> BDD-cost:    8
c ---[ 279]---> BDD-cost:    8
c ---[ 278]---> BDD-cost:    8
c ---[ 277]---> BDD-cost:    8
c ---[ 276]---> BDD-cost:    8
c ---[ 275]---> BDD-cost:    8
c ---[ 274]---> BDD-cost:    8
c ---[ 273]---> BDD-cost:    8
c ---[ 272]---> BDD-cost:    8
c ---[ 271]---> BDD-cost:    8
c ---[ 270]---> BDD-cost:    8
c ---[ 269]---> BDD-cost:    8
c ---[ 268]---> BDD-cost:    8
c ---[ 267]---> BDD-cost:    8
c ---[ 266]---> BDD-cost:    8
c ---[ 265]---> BDD-cost:    8
c ---[ 264]---> BDD-cost:    8
c ---[ 263]---> BDD-cost:    8
c ---[ 262]---> BDD-cost:    8
c ---[ 261]---> BDD-cost:    8
c ---[ 260]---> BDD-cost:    8
c ---[ 259]---> BDD-cost:    8
c ---[ 258]---> BDD-cost:    8
c ---[ 257]---> BDD-cost:    8
c ---[ 256]---> BDD-cost:    8
c ---[ 255]---> BDD-cost:    8
c ---[ 254]---> BDD-cost:    8
c ---[ 253]---> BDD-cost:    8
c ---[ 252]---> BDD-cost:    8
c ---[ 251]---> BDD-cost:    8
c ---[ 250]---> BDD-cost:    8
c ---[ 249]---> BDD-cost:    8
c ---[ 248]---> BDD-cost:    8
c ---[ 246]---> Adder-cost: 394   maxlim: 164   bits: 8/8
c ---[ 245]---> BDD-cost:    7
c ---[ 244]---> BDD-cost:    7
c ---[ 243]---> BDD-cost:    7
c ---[ 242]---> BDD-cost:    7
c ---[ 241]---> BDD-cost:    7
c ---[ 240]---> BDD-cost:    7
c ---[ 239]---> BDD-cost:    7
c ---[ 238]---> BDD-cost:    7
c ---[ 237]---> BDD-cost:    7
c ---[ 236]---> BDD-cost:    7
c ---[ 235]---> BDD-cost:    7
c ---[ 234]---> BDD-cost:    7
c ---[ 233]---> BDD-cost:    7
c ---[ 232]---> BDD-cost:    7
c ---[ 231]---> BDD-cost:    7
c ---[ 230]---> BDD-cost:    7
c ---[ 229]---> BDD-cost:    7
c ---[ 228]---> BDD-cost:    7
c ---[ 227]---> BDD-cost:    7
c ---[ 226]---> BDD-cost:    7
c ---[ 225]---> BDD-cost:    7
c ---[ 224]---> BDD-cost:    7
c ---[ 223]---> BDD-cost:    7
c ---[ 222]---> BDD-cost:    7
c ---[ 221]---> BDD-cost:    7
c ---[ 220]---> BDD-cost:    7
c ---[ 219]---> BDD-cost:    7
c ---[ 218]---> BDD-cost:    7
c ---[ 217]---> BDD-cost:    7
c ---[ 216]---> BDD-cost:    7
c ---[ 215]---> BDD-cost:    7
c ---[ 214]---> BDD-cost:    7
c ---[ 213]---> BDD-cost:    7
c ---[ 212]---> BDD-cost:    7
c ---[ 211]---> BDD-cost:    7
c ---[ 210]---> BDD-cost:    7
c ---[ 209]---> BDD-cost:    7
c ---[ 208]---> BDD-cost:    7
c ---[ 207]---> BDD-cost:    7
c ---[ 206]---> BDD-cost:    7
c ---[ 205]---> BDD-cost:    7
c ---[ 204]---> BDD-cost:    7
c ---[ 203]---> BDD-cost:    7
c ---[ 202]---> BDD-cost:    7
c ---[ 201]---> BDD-cost:    7
c ---[ 200]---> BDD-cost:    7
c ---[ 199]---> BDD-cost:    7
c ---[ 198]---> BDD-cost:    7
c ---[ 197]---> BDD-cost:    7
c ---[ 196]---> BDD-cost:    7
c ---[ 195]---> BDD-cost:    7
c ---[ 194]---> BDD-cost:    7
c ---[ 193]---> BDD-cost:    7
c ---[ 192]---> BDD-cost:    7
c ---[ 191]---> BDD-cost:    7
c ---[ 190]---> BDD-cost:    7
c ---[ 189]---> BDD-cost:    7
c ---[ 188]---> BDD-cost:    7
c ---[ 187]---> BDD-cost:    7
c ---[ 186]---> BDD-cost:    7
c ---[ 185]---> BDD-cost:    7
c ---[ 184]---> BDD-cost:    7
c ---[ 183]---> BDD-cost:    7
c ---[ 182]---> BDD-cost:    7
c ---[ 181]---> BDD-cost:    7
c ---[ 180]---> BDD-cost:    7
c ---[ 179]---> BDD-cost:    7
c ---[ 178]---> BDD-cost:    7
c ---[ 177]---> BDD-cost:    7
c ---[ 176]---> BDD-cost:    7
c ---[ 175]---> BDD-cost:    7
c ---[ 174]---> BDD-cost:    7
c ---[ 173]---> BDD-cost:    7
c ---[ 172]---> BDD-cost:    7
c ---[ 171]---> BDD-cost:    7
c ---[ 170]---> BDD-cost:    7
c ---[ 169]---> BDD-cost:    7
c ---[ 168]---> BDD-cost:    7
c ---[ 167]---> BDD-cost:    7
c ---[ 166]---> BDD-cost:    7
c ---[ 165]---> BDD-cost:    7
c ---[ 164]---> BDD-cost:    7
c ---[ 163]---> BDD-cost:    7
c ---[ 162]---> BDD-cost:    7
c ---[ 161]---> BDD-cost:    7
c ---[ 160]---> BDD-cost:    7
c ---[ 159]---> BDD-cost:    7
c ---[ 158]---> BDD-cost:    7
c ---[ 157]---> BDD-cost:    7
c ---[ 156]---> BDD-cost:    7
c ---[ 155]---> BDD-cost:    7
c ---[ 154]---> BDD-cost:    7
c ---[ 153]---> BDD-cost:    7
c ---[ 152]---> BDD-cost:    7
c ---[ 151]---> BDD-cost:    7
c ---[ 150]---> BDD-cost:    7
c ---[ 149]---> BDD-cost:    7
c ---[ 148]---> BDD-cost:    7
c ---[ 147]---> BDD-cost:    7
c ---[ 146]---> BDD-cost:    7
c ---[ 145]---> BDD-cost:    7
c ---[ 144]---> BDD-cost:    7
c ---[ 143]---> BDD-cost:    7
c ---[ 142]---> BDD-cost:    7
c ---[ 141]---> BDD-cost:    7
c ---[ 140]---> BDD-cost:    7
c ---[ 139]---> BDD-cost:    7
c ---[ 138]---> BDD-cost:    7
c ---[ 137]---> BDD-cost:    7
c ---[ 136]---> BDD-cost:    7
c ---[ 135]---> BDD-cost:    7
c ---[ 134]---> BDD-cost:    7
c ---[ 133]---> BDD-cost:    7
c ---[ 132]---> BDD-cost:    7
c ---[ 131]---> BDD-cost:    7
c ---[ 130]---> BDD-cost:    7
c ---[ 129]---> BDD-cost:    7
c ---[ 128]---> BDD-cost:    7
c ---[ 127]---> BDD-cost:    7
c ---[ 126]---> BDD-cost:    7
c ---[ 125]---> BDD-cost:    7
c ---[ 124]---> BDD-cost:    7
c ---[ 123]---> BDD-cost:    7
c ---[ 122]---> BDD-cost:    7
c ---[ 121]---> BDD-cost:    7
c ---[ 120]---> BDD-cost:    7
c ---[ 119]---> BDD-cost:    7
c ---[ 118]---> BDD-cost:    7
c ---[ 117]---> BDD-cost:    7
c ---[ 116]---> BDD-cost:    7
c ---[ 115]---> BDD-cost:    7
c ---[ 114]---> BDD-cost:    7
c ---[ 113]---> BDD-cost:    7
c ---[ 112]---> BDD-cost:    7
c ---[ 111]---> BDD-cost:    7
c ---[ 110]---> BDD-cost:    7
c ---[ 109]---> BDD-cost:    7
c ---[ 108]---> BDD-cost:    7
c ---[ 107]---> BDD-cost:    7
c ---[ 106]---> BDD-cost:    7
c ---[ 105]---> BDD-cost:    7
c ---[ 104]---> BDD-cost:    7
c ---[ 103]---> BDD-cost:    7
c ---[ 102]---> BDD-cost:    7
c ---[ 101]---> BDD-cost:    7
c ---[ 100]---> BDD-cost:    7
c ---[  99]---> BDD-cost:    7
c ---[  98]---> BDD-cost:    7
c ---[  97]---> BDD-cost:    7
c ---[  96]---> BDD-cost:    7
c ---[  95]---> BDD-cost:    7
c ---[  94]---> BDD-cost:    7
c ---[  93]---> BDD-cost:    7
c ---[  92]---> BDD-cost:    7
c ---[  91]---> BDD-cost:    7
c ---[  90]---> BDD-cost:    7
c ---[  89]---> BDD-cost:    7
c ---[  88]---> BDD-cost:    7
c ---[  87]---> BDD-cost:    7
c ---[  86]---> BDD-cost:    7
c ---[  85]---> BDD-cost:    7
c ---[  84]---> BDD-cost:    7
c ---[  83]---> BDD-cost:    7
c ---[  82]---> BDD-cost:    7
c ---[  81]---> BDD-cost:    7
c ---[  80]---> BDD-cost:    7
c ---[  79]---> BDD-cost:    7
c ---[  78]---> BDD-cost:    7
c ---[  77]---> BDD-cost:    7
c ---[  76]---> BDD-cost:    7
c ---[  75]---> BDD-cost:    7
c ---[  74]---> BDD-cost:    7
c ---[  73]---> BDD-cost:    7
c ---[  72]---> BDD-cost:    7
c ---[  71]---> BDD-cost:    7
c ---[  70]---> BDD-cost:    7
c ---[  69]---> BDD-cost:    7
c ---[  68]---> BDD-cost:    7
c ---[  67]---> BDD-cost:    7
c ---[  66]---> BDD-cost:    7
c ---[  65]---> BDD-cost:    7
c ---[  64]---> BDD-cost:    7
c ---[  63]---> BDD-cost:    7
c ---[  62]---> BDD-cost:    7
c ---[  61]---> BDD-cost:    7
c ---[  60]---> BDD-cost:    7
c ---[  59]---> BDD-cost:    7
c ---[  58]---> BDD-cost:    7
c ---[  57]---> BDD-cost:    7
c ---[  56]---> BDD-cost:    7
c ---[  55]---> BDD-cost:    7
c ---[  54]---> BDD-cost:    7
c ---[  53]---> BDD-cost:    7
c ---[  52]---> BDD-cost:    7
c ---[  51]---> BDD-cost:    7
c ---[  50]---> BDD-cost:    7
c ---[  48]---> BDD-cost:  789
c ---[  46]---> Adder-cost: 394   maxlim: 188   bits: 8/8
c ---[  44]---> BDD-cost:  594
c ---[  42]---> Adder-cost: 394   maxlim: 193   bits: 8/8
c ---[  40]---> BDD-cost:  397
c ---[  38]---> Adder-cost: 394   maxlim: 194   bits: 8/8
c ---[  36]---> Adder-cost: 394   maxlim: 162   bits: 8/8
c ---[  34]---> BDD-cost:  789
c ---[  32]---> Adder-cost: 394   maxlim: 183   bits: 8/8
c ---[  30]---> Adder-cost: 394   maxlim: 185   bits: 8/8
c ---[  28]---> Adder-cost: 394   maxlim: 196   bits: 8/8
c ---[  26]---> BDD-cost:  594
c ---[  24]---> Adder-cost: 394   maxlim: 195   bits: 8/8
c ---[  22]---> Adder-cost: 394   maxlim: 187   bits: 8/8
c ---[  20]---> BDD-cost:  397
c ---[  18]---> Adder-cost: 394   maxlim: 187   bits: 8/8
c ---[  16]---> BDD-cost:  594
c ---[  14]---> Adder-cost: 394   maxlim: 195   bits: 8/8
c ---[  12]---> BDD-cost:  397
c ---[  10]---> Adder-cost: 394   maxlim: 178   bits: 8/8
c ---[   8]---> Adder-cost: 394   maxlim: 195   bits: 8/8
c ---[   6]---> Adder-cost: 394   maxlim: 187   bits: 8/8
c ---[   4]---> BDD-cost:  789
c ---[   2]---> Adder-cost: 394   maxlim: 196   bits: 8/8
c ---[   0]---> BDD-cost:  789
c ==================================[MINISAT+]==================================
c | Conflicts | Original         | Learnt                           | Progress |
c |           | Clauses Literals |     Max Clauses Literals     LPC |          |
c ==============================================================================
c |         0 |  127086   370903 |   42362       0        0    -nan |  0.000 % |
c |       100 |  127016   370671 |   46598      91      442     4.9 |  3.370 % |
c |       250 |  126999   370612 |   51258     240     2413    10.1 |  3.379 % |
c |       475 |  126940   370415 |   56383     455     4543    10.0 |  3.407 % |
c |       812 |  126813   369988 |   62022     772     7751    10.0 |  3.464 % |
c |      1320 |  126659   369464 |   68224    1259    11408     9.1 |  3.543 % |
c |      2079 |  126549   369088 |   75046    1996    18837     9.4 |  3.588 % |
c |      3219 |  126280   368167 |   82551    3076    29920     9.7 |  3.712 % |
c |      4927 |  125497   365496 |   90806    4615    57010    12.4 |  4.038 % |
c |      7489 |  124658   362597 |   99887    6911    83021    12.0 |  4.465 % |
c |     11333 |  124563   362266 |  109876   10673   131475    12.3 |  4.513 % |
c |     17099 |  124427   361796 |  120863   16406   230230    14.0 |  4.576 % |
c |     25748 |  124139   360866 |  132950   24998   357913    14.3 |  4.715 % |
c |     38722 |  123890   360062 |  146245   37920   548779    14.5 |  4.836 % |
c |     58184 |  123393   358839 |  160869   57190   883365    15.4 |  5.003 % |
c |     87377 |  122509   356311 |  176956   86036  1376037    16.0 |  5.347 % |
c |    131166 |  115217   334551 |  194652  115737  2266621    19.6 |  9.981 % |
c |    196851 |  113575   328996 |  214117  181085  6136153    33.9 | 10.873 % |
c |    295377 |  110899   319913 |  235529   92799  6036717    65.1 | 12.275 % |
c |    443167 |  109829   316463 |  259082  240419 19236158    80.0 | 12.859 % |
c |    664850 |  109298   314669 |  284990  224843 28925445   128.6 | 13.155 % |
c |    997376 |  108905   313322 |  313489  292504 37292989   127.5 | 13.363 % |
c |   1496164 |  108416   311697 |  344838  215374 26979835   125.3 | 13.681 % |
c |   2244347 |  108324   311408 |  379322  312639 46976586   150.3 | 13.735 % |
c |   3366624 |  108321   311399 |  417254  367774 91915462   249.9 | 13.738 % |
c 
c *** TERMINATED ***
s UNKNOWN
