c Parsing PB file...
c Converting 32137 PB-constraints to clauses...
c   -- Unit propagations: (none)
c   -- Detecting intervals from adjacent constraints: #####################################################################################################################################################################################################################################################################################################################################
c   -- Clauses(.)/Splits(s): .....................................................................................................................................................................................................................................................................................................................................................................................................................................................................................................................................................................................................................................................................................................................................................................................................................................................................................................................................................................................................................................................................................................................................................................................................................................................................................................................................................................................................................................................................................................................................................................................................................................................................................................................................................................................................................................................................................................................................................................................................................................................................................................................................................................................................................................................................................................................................................................................................................................................................................................................................................................................................................................................................................................................................................................................................................................................................................................................................................................................................................................................................................................................................................................................................................................................................................................................................................................................................................................................................................................................................................................................................................................................................................................................................................................................................................................................................................................................................................................................................................................................................................................................................................................................................................................................................................................................................................................................................................................................................................................................................................................................................................................................................................................................................................................................................................................................................................................................................................................................................................................................................................................................................................................................................................................................................................................................................................................................................................................................................................................................................................................................................................................................................................................................................................................................................................................................................................................................................................................................................................................................................................................................................................................................................................................................................................................................................................................................................................................................................................................................................................................................................................................................................................................................................................................................................................................................................................................................................................................................................................................................................................................................................................................................................................................................................................................................................................................................................................................................................................................................................................................................................................................................................................................................................................................................................................................................................................................................................................................................................................................................................................................................................................................................................................................................................................................................................................................................................................................................................................................................................................................................................................................................................................................................................................................................................................................................................................................................................................................................................................................................................................................................................................................................................................................................................................................................................................................................................................................................................................................................................................................................................................................................................................................................................................................................................................................................................................................................................................................................................................................................................................................................................................................................................................................................................................................................................................................................................................................................................................................................................................................................................................................................................................................................................................................................................................................................................................................................................................................................................................................................................................................................................................................................................................................................................................................................................................................................................................................................................................................................................................................................................................................................................................................................................................................................................................................................................................................................................................................................................................................................................................................................................................................................................................................................................................................................................................................................................................................................................................................................................................................................................................................................................................................................................................................................................................................................................................................................................................................................................................................................................................................................................................................................................................................................................................................................................................................................................................................................................................................................................................................................................................................................................................................................................................................................................................................................................................................................................................................................................................................................................................................................................................................................................................................................................................................................................................................................................................................................................................................................................................................................................................................................................................................................................................................................................................................................................................................................................................................................................................................................................................................................................................................................................................................................................................................................................................................................................................................................................................................................................................................................................................................................................................................................................................................................................................................................................................................................................................................................................................................................................................................................................................................................................................................................................................................................................................................................................................................................................................................................................................................................................................................................................................................................................................................................................................................................................................................................................................................................................................................................................................................................................................................................................................................................................................................................................................................................................................................................................................................................................................................................................................................................................................................................................................................................................................................................................................................................................................................................................................................................................................................................................................................................................................................................................................................................................................................................................................................................................................................................................................................................................................................................................................................................................................................................................................................................................................................................................................................................................................................................................................................................................................................................................................................................................................................................................................................................................................................................................................................................................................................................................................................................................................................................................................................................................................................................................................................................................................................................................................................................................................................................................................................................................................................................................................................................................................................................................................................................................................................................................................................................................................................................................................................................................................................................................................................................................................................................................................................................................................................................................................................................................................................................................................................................................................................................................................................................................................................................................................................................................................................................................................................................................................................................................................................................................................................................................................................................................................................................................................................................................................................................................................................................................................................................................................................................................................................................................................................................................................................................................................................................................................................................................................................................................................................................................................................................................................................................................................................................................................................................................................................................................................................................................................................................................................................................................................................................................................................................................................................................................................................................................................................................................................................................................................................................................................................................................................................................................................................................................................................................................................................................................................................................................................................................................................................................................................................................................................................................................................................................................................................................................................................................................................................................................................................................................................................................................................................................................................................................................................................................................................................................................................................................................................................................................................................................................................................................................................................................................................................................................................................................................................................................................................................................................................................................................................................................................................................................................................................................................................................................................................................................................................................................................................................................................................................................................................................................................................................................................................................................................................................................................................................................................................................................................................................................................................................................................................................................................................................................................................................................................................................................................................................................................................................................................................................................................................................................................................................................................................................................................................................................................................................................................................................................................................................................................................................................................................................................................................................................................................................................................................................................................................................................................................................................................................................................................................................................................................................................................................................................................................................................................................................................................................................................................................................................................................................................................................................................................................................................................................................................................................................................................................................................................................................................................................................................................................................................................................................................................................................................................................................................................................................................................................................................................................................................................................................................................................................................................................................................................................................................................................................................................................................................................................................................................................................................................................................................................................................................................................................................................................................................................................................................................................................................................................................................................................................................................................................................................................................................................................................................................................................................................................................................................................................................................................................................................................................................................................................................................................................................................................................................................................................................................................................................................................................................................................................................................
c ---[32135]---> BDD-cost:   37
c ---[32133]---> BDD-cost:   37
c ---[32131]---> BDD-cost:   37
c ---[32129]---> BDD-cost:   37
c ---[32127]---> BDD-cost:   37
c ---[32125]---> BDD-cost:   37
c ---[32123]---> BDD-cost:   37
c ---[32121]---> BDD-cost:   37
c ---[32119]---> BDD-cost:   37
c ---[32117]---> BDD-cost:   37
c ---[32115]---> BDD-cost:   37
c ---[32113]---> BDD-cost:   37
c ---[32111]---> BDD-cost:   37
c ---[32109]---> BDD-cost:   37
c ---[32107]---> BDD-cost:   37
c ---[32105]---> BDD-cost:   37
c ---[32103]---> BDD-cost:   37
c ---[32101]---> BDD-cost:   37
c ---[32099]---> BDD-cost:   37
c ---[32097]---> BDD-cost:   37
c ---[32095]---> BDD-cost:   37
c ---[32093]---> BDD-cost:   37
c ---[32091]---> BDD-cost:   37
c ---[32089]---> BDD-cost:   37
c ---[32087]---> BDD-cost:   37
c ---[32085]---> BDD-cost:   37
c ---[32083]---> BDD-cost:   37
c ---[32081]---> BDD-cost:   37
c ---[32079]---> BDD-cost:   37
c ---[32077]---> BDD-cost:   37
c ---[32075]---> BDD-cost:   37
c ---[32073]---> BDD-cost:   37
c ---[32071]---> BDD-cost:   37
c ---[32069]---> BDD-cost:   37
c ---[32067]---> BDD-cost:   37
c ---[32065]---> BDD-cost:   37
c ---[32063]---> BDD-cost:   37
c ---[32061]---> BDD-cost:   37
c ---[32059]---> BDD-cost:   37
c ---[32057]---> BDD-cost:   37
c ---[32055]---> BDD-cost:   37
c ---[32053]---> BDD-cost:   37
c ---[32051]---> BDD-cost:   37
c ---[32049]---> BDD-cost:   37
c ---[32047]---> BDD-cost:   37
c ---[32045]---> BDD-cost:   37
c ---[32043]---> BDD-cost:   37
c ---[32041]---> BDD-cost:   37
c ---[32039]---> BDD-cost:   37
c ---[32037]---> BDD-cost:   37
c ---[32035]---> BDD-cost:   37
c ---[32033]---> BDD-cost:   37
c ---[32031]---> BDD-cost:   37
c ---[32029]---> BDD-cost:   37
c ---[32027]---> BDD-cost:   37
c ---[32025]---> BDD-cost:   37
c ---[32023]---> BDD-cost:   37
c ---[32021]---> BDD-cost:   37
c ---[32019]---> BDD-cost:   37
c ---[32017]---> BDD-cost:   37
c ---[32015]---> BDD-cost:   37
c ---[32013]---> BDD-cost:   37
c ---[32011]---> BDD-cost:   37
c ---[32009]---> BDD-cost:   37
c ---[32007]---> BDD-cost:   37
c ---[32005]---> BDD-cost:   37
c ---[32003]---> BDD-cost:   37
c ---[32001]---> BDD-cost:   37
c ---[31999]---> BDD-cost:   37
c ---[31997]---> BDD-cost:   37
c ---[31995]---> BDD-cost:   37
c ---[31993]---> BDD-cost:   37
c ---[31991]---> BDD-cost:   37
c ---[31989]---> BDD-cost:   37
c ---[31987]---> BDD-cost:   37
c ---[31985]---> BDD-cost:   37
c ---[31983]---> BDD-cost:   37
c ---[31981]---> BDD-cost:   37
c ---[31979]---> BDD-cost:   37
c ---[31977]---> BDD-cost:   37
c ---[31975]---> BDD-cost:   37
c ---[31973]---> BDD-cost:   37
c ---[31971]---> BDD-cost:   37
c ---[31969]---> BDD-cost:   37
c ---[31967]---> BDD-cost:   37
c ---[31965]---> BDD-cost:   37
c ---[31963]---> BDD-cost:   37
c ---[31961]---> BDD-cost:   37
c ---[31959]---> BDD-cost:   37
c ---[31957]---> BDD-cost:   37
c ---[31955]---> BDD-cost:   37
c ---[31953]---> BDD-cost:   37
c ---[31951]---> BDD-cost:   37
c ---[31949]---> BDD-cost:   37
c ---[31947]---> BDD-cost:   37
c ---[31945]---> BDD-cost:   37
c ---[31943]---> BDD-cost:   37
c ---[31941]---> BDD-cost:   37
c ---[31939]---> BDD-cost:   37
c ---[31937]---> BDD-cost:   37
c ---[31935]---> BDD-cost:   37
c ---[31933]---> BDD-cost:   37
c ---[31931]---> BDD-cost:   37
c ---[31929]---> BDD-cost:   37
c ---[31927]---> BDD-cost:   37
c ---[31925]---> BDD-cost:   37
c ---[31923]---> BDD-cost:   37
c ---[31921]---> BDD-cost:   37
c ---[31919]---> BDD-cost:   37
c ---[31917]---> BDD-cost:   37
c ---[31915]---> BDD-cost:   37
c ---[31913]---> BDD-cost:   37
c ---[31911]---> BDD-cost:   37
c ---[31909]---> BDD-cost:   37
c ---[31907]---> BDD-cost:   37
c ---[31905]---> BDD-cost:   37
c ---[31903]---> BDD-cost:   37
c ---[31901]---> BDD-cost:   37
c ---[31899]---> BDD-cost:   37
c ---[31897]---> BDD-cost:   37
c ---[31895]---> BDD-cost:   37
c ---[31893]---> BDD-cost:   37
c ---[31891]---> BDD-cost:   37
c ---[31889]---> BDD-cost:   37
c ---[31887]---> BDD-cost:   37
c ---[31885]---> BDD-cost:   37
c ---[31883]---> BDD-cost:   37
c ---[31881]---> BDD-cost:   37
c ---[31879]---> BDD-cost:   37
c ---[31877]---> BDD-cost:   37
c ---[31875]---> BDD-cost:   37
c ---[31873]---> BDD-cost:   37
c ---[31871]---> BDD-cost:   37
c ---[31869]---> BDD-cost:   37
c ---[31867]---> BDD-cost:   37
c ---[31865]---> BDD-cost:   37
c ---[31863]---> BDD-cost:   37
c ---[31861]---> BDD-cost:   37
c ---[31859]---> BDD-cost:   37
c ---[31857]---> BDD-cost:   37
c ---[31855]---> BDD-cost:   37
c ---[31853]---> BDD-cost:   37
c ---[31851]---> BDD-cost:   37
c ---[31849]---> BDD-cost:   37
c ---[31847]---> BDD-cost:   37
c ---[31845]---> BDD-cost:   37
c ---[31843]---> BDD-cost:   37
c ---[31841]---> BDD-cost:   37
c ---[31839]---> BDD-cost:   37
c ---[31837]---> BDD-cost:   37
c ---[31835]---> BDD-cost:   37
c ---[31833]---> BDD-cost:   37
c ---[31831]---> BDD-cost:   37
c ---[31829]---> BDD-cost:   37
c ---[31827]---> BDD-cost:   37
c ---[31825]---> BDD-cost:   37
c ---[31823]---> BDD-cost:   37
c ---[31821]---> BDD-cost:   37
c ---[31819]---> BDD-cost:   37
c ---[31817]---> BDD-cost:   37
c ---[31815]---> BDD-cost:   37
c ---[31813]---> BDD-cost:   37
c ---[31811]---> BDD-cost:   37
c ---[31809]---> BDD-cost:   37
c ---[31807]---> BDD-cost:   37
c ---[31805]---> BDD-cost:   37
c ---[31803]---> BDD-cost:   37
c ---[31801]---> BDD-cost:   37
c ---[31799]---> BDD-cost:   37
c ---[31797]---> BDD-cost:   37
c ---[31795]---> BDD-cost:   37
c ---[31793]---> BDD-cost:   37
c ---[31791]---> BDD-cost:   37
c ---[31789]---> BDD-cost:   37
c ---[31787]---> BDD-cost:   37
c ---[31785]---> BDD-cost:   37
c ---[31783]---> BDD-cost:   37
c ---[31781]---> BDD-cost:   37
c ---[31779]---> BDD-cost:   37
c ---[31777]---> BDD-cost:   37
c ---[31775]---> BDD-cost:   37
c ---[31773]---> BDD-cost:   37
c ---[31771]---> BDD-cost:   37
c ---[31769]---> BDD-cost:   37
c ---[31767]---> BDD-cost:   37
c ---[31765]---> BDD-cost:   37
c ---[31763]---> BDD-cost:   37
c ---[31761]---> BDD-cost:   37
c ---[31759]---> BDD-cost:   37
c ---[31757]---> BDD-cost:   37
c ---[31755]---> BDD-cost:   37
c ---[31753]---> BDD-cost:   37
c ---[31751]---> BDD-cost:   37
c ---[31749]---> BDD-cost:   37
c ---[31747]---> BDD-cost:   37
c ---[31745]---> BDD-cost:   37
c ---[31743]---> BDD-cost:   37
c ---[31741]---> BDD-cost:   37
c ---[31739]---> BDD-cost:   37
c ---[31737]---> BDD-cost:   37
c ---[31735]---> BDD-cost:   37
c ---[31733]---> BDD-cost:   37
c ---[31731]---> BDD-cost:   37
c ---[31729]---> BDD-cost:   37
c ---[31727]---> BDD-cost:   37
c ---[31725]---> BDD-cost:   37
c ---[31723]---> BDD-cost:   37
c ---[31721]---> BDD-cost:   37
c ---[31719]---> BDD-cost:   37
c ---[31717]---> BDD-cost:   37
c ---[31715]---> BDD-cost:   37
c ---[31713]---> BDD-cost:   37
c ---[31711]---> BDD-cost:   37
c ---[31709]---> BDD-cost:   37
c ---[31707]---> BDD-cost:   37
c ---[31705]---> BDD-cost:   37
c ---[31703]---> BDD-cost:   37
c ---[31701]---> BDD-cost:   37
c ---[31699]---> BDD-cost:   37
c ---[31697]---> BDD-cost:   37
c ---[31695]---> BDD-cost:   37
c ---[31693]---> BDD-cost:   37
c ---[31691]---> BDD-cost:   37
c ---[31689]---> BDD-cost:   37
c ---[31687]---> BDD-cost:   37
c ---[31685]---> BDD-cost:   37
c ---[31683]---> BDD-cost:   37
c ---[31681]---> BDD-cost:   37
c ---[31679]---> BDD-cost:   37
c ---[31677]---> BDD-cost:   37
c ---[31675]---> BDD-cost:   37
c ---[31673]---> BDD-cost:   37
c ---[31671]---> BDD-cost:   37
c ---[31669]---> BDD-cost:   37
c ---[31667]---> BDD-cost:   37
c ---[31665]---> BDD-cost:   37
c ---[31663]---> BDD-cost:   37
c ---[31661]---> BDD-cost:   37
c ---[31659]---> BDD-cost:   37
c ---[31657]---> BDD-cost:   37
c ---[31655]---> BDD-cost:   37
c ---[31653]---> BDD-cost:   37
c ---[31651]---> BDD-cost:   37
c ---[31649]---> BDD-cost:   37
c ---[31647]---> BDD-cost:   37
c ---[31645]---> BDD-cost:   37
c ---[31643]---> BDD-cost:   37
c ---[31641]---> BDD-cost:   37
c ---[31639]---> BDD-cost:   37
c ---[31637]---> BDD-cost:   37
c ---[31635]---> BDD-cost:   37
c ---[31633]---> BDD-cost:   37
c ---[31631]---> BDD-cost:   37
c ---[31629]---> BDD-cost:   37
c ---[31627]---> BDD-cost:   37
c ---[31625]---> BDD-cost:   37
c ---[31623]---> BDD-cost:   37
c ---[31621]---> BDD-cost:   37
c ---[31619]---> BDD-cost:   37
c ---[31617]---> BDD-cost:   37
c ---[31615]---> BDD-cost:   37
c ---[31613]---> BDD-cost:   37
c ---[31611]---> BDD-cost:   37
c ---[31609]---> BDD-cost:   37
c ---[31607]---> BDD-cost:   37
c ---[31605]---> BDD-cost:   37
c ---[31603]---> BDD-cost:   37
c ---[31601]---> BDD-cost:   37
c ---[31599]---> BDD-cost:   37
c ---[31597]---> BDD-cost:   37
c ---[31595]---> BDD-cost:   37
c ---[31593]---> BDD-cost:   37
c ---[31591]---> BDD-cost:   37
c ---[31589]---> BDD-cost:   37
c ---[31587]---> BDD-cost:   37
c ---[31585]---> BDD-cost:   37
c ---[31583]---> BDD-cost:   37
c ---[31581]---> BDD-cost:   37
c ---[31579]---> BDD-cost:   37
c ---[31577]---> BDD-cost:   37
c ---[31575]---> BDD-cost:   37
c ---[31573]---> BDD-cost:   37
c ---[31571]---> BDD-cost:   37
c ---[31569]---> BDD-cost:   37
c ---[31567]---> BDD-cost:   37
c ---[31565]---> BDD-cost:   37
c ---[31563]---> BDD-cost:   37
c ---[31561]---> BDD-cost:   37
c ---[31559]---> BDD-cost:   37
c ---[31557]---> BDD-cost:   37
c ---[31555]---> BDD-cost:   37
c ---[31553]---> BDD-cost:   37
c ---[31551]---> BDD-cost:   37
c ---[31549]---> BDD-cost:   37
c ---[31547]---> BDD-cost:   37
c ---[31545]---> BDD-cost:   37
c ---[31543]---> BDD-cost:   37
c ---[31541]---> BDD-cost:   37
c ---[31539]---> BDD-cost:   37
c ---[31537]---> BDD-cost:   37
c ---[1535]---> Adder-cost: 592   maxlim: 153   bits: 9/8
c ---[1234]---> Adder-cost: 591   maxlim: 107   bits: 8/7
c ---[ 934]---> Adder-cost: 592   maxlim: 202   bits: 9/8
c ---[ 933]---> BDD-cost:    3
c ---[ 932]---> BDD-cost:    3
c ---[ 931]---> BDD-cost:    3
c ---[ 930]---> BDD-cost:    3
c ---[ 929]---> BDD-cost:    3
c ---[ 928]---> BDD-cost:    3
c ---[ 927]---> BDD-cost:    3
c ---[ 926]---> BDD-cost:    3
c ---[ 925]---> BDD-cost:    3
c ---[ 924]---> BDD-cost:    3
c ---[ 923]---> BDD-cost:    3
c ---[ 922]---> BDD-cost:    3
c ---[ 921]---> BDD-cost:    3
c ---[ 920]---> BDD-cost:    3
c ---[ 919]---> BDD-cost:    3
c ---[ 918]---> BDD-cost:    3
c ---[ 917]---> BDD-cost:    3
c ---[ 916]---> BDD-cost:    3
c ---[ 915]---> BDD-cost:    3
c ---[ 914]---> BDD-cost:    3
c ---[ 913]---> BDD-cost:    3
c ---[ 912]---> BDD-cost:    3
c ---[ 911]---> BDD-cost:    3
c ---[ 910]---> BDD-cost:    3
c ---[ 909]---> BDD-cost:    3
c ---[ 908]---> BDD-cost:    3
c ---[ 907]---> BDD-cost:    3
c ---[ 906]---> BDD-cost:    3
c ---[ 905]---> BDD-cost:    3
c ---[ 904]---> BDD-cost:    3
c ---[ 903]---> BDD-cost:    3
c ---[ 902]---> BDD-cost:    3
c ---[ 901]---> BDD-cost:    3
c ---[ 900]---> BDD-cost:    3
c ---[ 899]---> BDD-cost:    3
c ---[ 898]---> BDD-cost:    3
c ---[ 897]---> BDD-cost:    3
c ---[ 896]---> BDD-cost:    3
c ---[ 895]---> BDD-cost:    3
c ---[ 894]---> BDD-cost:    3
c ---[ 893]---> BDD-cost:    3
c ---[ 892]---> BDD-cost:    3
c ---[ 891]---> BDD-cost:    3
c ---[ 890]---> BDD-cost:    3
c ---[ 889]---> BDD-cost:    3
c ---[ 888]---> BDD-cost:    3
c ---[ 887]---> BDD-cost:    3
c ---[ 886]---> BDD-cost:    3
c ---[ 885]---> BDD-cost:    3
c ---[ 884]---> BDD-cost:    3
c ---[ 883]---> BDD-cost:    3
c ---[ 882]---> BDD-cost:    3
c ---[ 881]---> BDD-cost:    3
c ---[ 880]---> BDD-cost:    3
c ---[ 879]---> BDD-cost:    3
c ---[ 878]---> BDD-cost:    3
c ---[ 877]---> BDD-cost:    3
c ---[ 876]---> BDD-cost:    3
c ---[ 875]---> BDD-cost:    3
c ---[ 874]---> BDD-cost:    3
c ---[ 873]---> BDD-cost:    3
c ---[ 872]---> BDD-cost:    3
c ---[ 871]---> BDD-cost:    3
c ---[ 870]---> BDD-cost:    3
c ---[ 869]---> BDD-cost:    3
c ---[ 868]---> BDD-cost:    3
c ---[ 867]---> BDD-cost:    3
c ---[ 866]---> BDD-cost:    3
c ---[ 865]---> BDD-cost:    3
c ---[ 864]---> BDD-cost:    3
c ---[ 863]---> BDD-cost:    3
c ---[ 862]---> BDD-cost:    3
c ---[ 861]---> BDD-cost:    3
c ---[ 860]---> BDD-cost:    3
c ---[ 859]---> BDD-cost:    3
c ---[ 858]---> BDD-cost:    3
c ---[ 857]---> BDD-cost:    3
c ---[ 856]---> BDD-cost:    3
c ---[ 855]---> BDD-cost:    3
c ---[ 854]---> BDD-cost:    3
c ---[ 853]---> BDD-cost:    3
c ---[ 852]---> BDD-cost:    3
c ---[ 851]---> BDD-cost:    3
c ---[ 850]---> BDD-cost:    3
c ---[ 849]---> BDD-cost:    3
c ---[ 848]---> BDD-cost:    3
c ---[ 847]---> BDD-cost:    3
c ---[ 846]---> BDD-cost:    3
c ---[ 845]---> BDD-cost:    3
c ---[ 844]---> BDD-cost:    3
c ---[ 843]---> BDD-cost:    3
c ---[ 842]---> BDD-cost:    3
c ---[ 841]---> BDD-cost:    3
c ---[ 840]---> BDD-cost:    3
c ---[ 839]---> BDD-cost:    3
c ---[ 838]---> BDD-cost:    3
c ---[ 837]---> BDD-cost:    3
c ---[ 836]---> BDD-cost:    3
c ---[ 835]---> BDD-cost:    3
c ---[ 834]---> BDD-cost:    3
c ---[ 833]---> BDD-cost:    3
c ---[ 832]---> BDD-cost:    3
c ---[ 831]---> BDD-cost:    3
c ---[ 830]---> BDD-cost:    3
c ---[ 829]---> BDD-cost:    3
c ---[ 828]---> BDD-cost:    3
c ---[ 827]---> BDD-cost:    3
c ---[ 826]---> BDD-cost:    3
c ---[ 825]---> BDD-cost:    3
c ---[ 824]---> BDD-cost:    3
c ---[ 823]---> BDD-cost:    3
c ---[ 822]---> BDD-cost:    3
c ---[ 821]---> BDD-cost:    3
c ---[ 820]---> BDD-cost:    3
c ---[ 819]---> BDD-cost:    3
c ---[ 818]---> BDD-cost:    3
c ---[ 817]---> BDD-cost:    3
c ---[ 816]---> BDD-cost:    3
c ---[ 815]---> BDD-cost:    3
c ---[ 814]---> BDD-cost:    3
c ---[ 813]---> BDD-cost:    3
c ---[ 812]---> BDD-cost:    3
c ---[ 811]---> BDD-cost:    3
c ---[ 810]---> BDD-cost:    3
c ---[ 809]---> BDD-cost:    3
c ---[ 808]---> BDD-cost:    3
c ---[ 807]---> BDD-cost:    3
c ---[ 806]---> BDD-cost:    3
c ---[ 805]---> BDD-cost:    3
c ---[ 804]---> BDD-cost:    3
c ---[ 803]---> BDD-cost:    3
c ---[ 802]---> BDD-cost:    3
c ---[ 801]---> BDD-cost:    3
c ---[ 800]---> BDD-cost:    3
c ---[ 799]---> BDD-cost:    3
c ---[ 798]---> BDD-cost:    3
c ---[ 797]---> BDD-cost:    3
c ---[ 796]---> BDD-cost:    3
c ---[ 795]---> BDD-cost:    3
c ---[ 794]---> BDD-cost:    3
c ---[ 793]---> BDD-cost:    3
c ---[ 792]---> BDD-cost:    3
c ---[ 791]---> BDD-cost:    3
c ---[ 790]---> BDD-cost:    3
c ---[ 789]---> BDD-cost:    3
c ---[ 788]---> BDD-cost:    3
c ---[ 787]---> BDD-cost:    3
c ---[ 786]---> BDD-cost:    3
c ---[ 785]---> BDD-cost:    3
c ---[ 784]---> BDD-cost:    3
c ---[ 783]---> BDD-cost:    3
c ---[ 782]---> BDD-cost:    3
c ---[ 781]---> BDD-cost:    3
c ---[ 780]---> BDD-cost:    3
c ---[ 779]---> BDD-cost:    3
c ---[ 778]---> BDD-cost:    3
c ---[ 777]---> BDD-cost:    3
c ---[ 776]---> BDD-cost:    3
c ---[ 775]---> BDD-cost:    3
c ---[ 774]---> BDD-cost:    3
c ---[ 773]---> BDD-cost:    3
c ---[ 772]---> BDD-cost:    3
c ---[ 771]---> BDD-cost:    3
c ---[ 770]---> BDD-cost:    3
c ---[ 769]---> BDD-cost:    3
c ---[ 768]---> BDD-cost:    3
c ---[ 767]---> BDD-cost:    3
c ---[ 766]---> BDD-cost:    3
c ---[ 765]---> BDD-cost:    3
c ---[ 764]---> BDD-cost:    3
c ---[ 763]---> BDD-cost:    3
c ---[ 762]---> BDD-cost:    3
c ---[ 761]---> BDD-cost:    3
c ---[ 760]---> BDD-cost:    3
c ---[ 759]---> BDD-cost:    3
c ---[ 758]---> BDD-cost:    3
c ---[ 757]---> BDD-cost:    3
c ---[ 756]---> BDD-cost:    3
c ---[ 755]---> BDD-cost:    3
c ---[ 754]---> BDD-cost:    3
c ---[ 753]---> BDD-cost:    3
c ---[ 752]---> BDD-cost:    3
c ---[ 751]---> BDD-cost:    3
c ---[ 750]---> BDD-cost:    3
c ---[ 749]---> BDD-cost:    3
c ---[ 748]---> BDD-cost:    3
c ---[ 747]---> BDD-cost:    3
c ---[ 746]---> BDD-cost:    3
c ---[ 745]---> BDD-cost:    3
c ---[ 744]---> BDD-cost:    3
c ---[ 743]---> BDD-cost:    3
c ---[ 742]---> BDD-cost:    3
c ---[ 741]---> BDD-cost:    3
c ---[ 740]---> BDD-cost:    3
c ---[ 739]---> BDD-cost:    3
c ---[ 738]---> BDD-cost:    3
c ---[ 737]---> BDD-cost:    3
c ---[ 736]---> BDD-cost:    3
c ---[ 735]---> BDD-cost:    3
c ---[ 734]---> BDD-cost:    3
c ---[ 733]---> BDD-cost:    3
c ---[ 732]---> BDD-cost:    3
c ---[ 731]---> BDD-cost:    3
c ---[ 730]---> BDD-cost:    3
c ---[ 729]---> BDD-cost:    3
c ---[ 728]---> BDD-cost:    3
c ---[ 727]---> BDD-cost:    3
c ---[ 726]---> BDD-cost:    3
c ---[ 725]---> BDD-cost:    3
c ---[ 724]---> BDD-cost:    3
c ---[ 723]---> BDD-cost:    3
c ---[ 722]---> BDD-cost:    3
c ---[ 721]---> BDD-cost:    3
c ---[ 720]---> BDD-cost:    3
c ---[ 719]---> BDD-cost:    3
c ---[ 718]---> BDD-cost:    3
c ---[ 717]---> BDD-cost:    3
c ---[ 716]---> BDD-cost:    3
c ---[ 715]---> BDD-cost:    3
c ---[ 714]---> BDD-cost:    3
c ---[ 713]---> BDD-cost:    3
c ---[ 712]---> BDD-cost:    3
c ---[ 711]---> BDD-cost:    3
c ---[ 710]---> BDD-cost:    3
c ---[ 709]---> BDD-cost:    3
c ---[ 708]---> BDD-cost:    3
c ---[ 707]---> BDD-cost:    3
c ---[ 706]---> BDD-cost:    3
c ---[ 705]---> BDD-cost:    3
c ---[ 704]---> BDD-cost:    3
c ---[ 703]---> BDD-cost:    3
c ---[ 702]---> BDD-cost:    3
c ---[ 701]---> BDD-cost:    3
c ---[ 700]---> BDD-cost:    3
c ---[ 699]---> BDD-cost:    3
c ---[ 698]---> BDD-cost:    3
c ---[ 697]---> BDD-cost:    3
c ---[ 696]---> BDD-cost:    3
c ---[ 695]---> BDD-cost:    3
c ---[ 694]---> BDD-cost:    3
c ---[ 693]---> BDD-cost:    3
c ---[ 692]---> BDD-cost:    3
c ---[ 691]---> BDD-cost:    3
c ---[ 690]---> BDD-cost:    3
c ---[ 689]---> BDD-cost:    3
c ---[ 688]---> BDD-cost:    3
c ---[ 687]---> BDD-cost:    3
c ---[ 686]---> BDD-cost:    3
c ---[ 685]---> BDD-cost:    3
c ---[ 684]---> BDD-cost:    3
c ---[ 683]---> BDD-cost:    3
c ---[ 682]---> BDD-cost:    3
c ---[ 681]---> BDD-cost:    3
c ---[ 680]---> BDD-cost:    3
c ---[ 679]---> BDD-cost:    3
c ---[ 678]---> BDD-cost:    3
c ---[ 677]---> BDD-cost:    3
c ---[ 676]---> BDD-cost:    3
c ---[ 675]---> BDD-cost:    3
c ---[ 674]---> BDD-cost:    3
c ---[ 673]---> BDD-cost:    3
c ---[ 672]---> BDD-cost:    3
c ---[ 671]---> BDD-cost:    3
c ---[ 670]---> BDD-cost:    3
c ---[ 669]---> BDD-cost:    3
c ---[ 668]---> BDD-cost:    3
c ---[ 667]---> BDD-cost:    3
c ---[ 666]---> BDD-cost:    3
c ---[ 665]---> BDD-cost:    3
c ---[ 664]---> BDD-cost:    3
c ---[ 663]---> BDD-cost:    3
c ---[ 662]---> BDD-cost:    3
c ---[ 661]---> BDD-cost:    3
c ---[ 660]---> BDD-cost:    3
c ---[ 659]---> BDD-cost:    3
c ---[ 658]---> BDD-cost:    3
c ---[ 657]---> BDD-cost:    3
c ---[ 656]---> BDD-cost:    3
c ---[ 655]---> BDD-cost:    3
c ---[ 654]---> BDD-cost:    3
c ---[ 653]---> BDD-cost:    3
c ---[ 652]---> BDD-cost:    3
c ---[ 651]---> BDD-cost:    3
c ---[ 650]---> BDD-cost:    3
c ---[ 649]---> BDD-cost:    3
c ---[ 648]---> BDD-cost:    3
c ---[ 647]---> BDD-cost:    3
c ---[ 646]---> BDD-cost:    3
c ---[ 645]---> BDD-cost:    3
c ---[ 644]---> BDD-cost:    3
c ---[ 643]---> BDD-cost:    3
c ---[ 642]---> BDD-cost:    3
c ---[ 641]---> BDD-cost:    3
c ---[ 640]---> BDD-cost:    3
c ---[ 639]---> BDD-cost:    3
c ---[ 638]---> BDD-cost:    3
c ---[ 637]---> BDD-cost:    3
c ---[ 636]---> BDD-cost:    3
c ---[ 634]---> Adder-cost: 592   maxlim: 180   bits: 9/8
c ---[ 633]---> BDD-cost:    8
c ---[ 632]---> BDD-cost:    8
c ---[ 631]---> BDD-cost:    8
c ---[ 630]---> BDD-cost:    8
c ---[ 629]---> BDD-cost:    8
c ---[ 628]---> BDD-cost:    8
c ---[ 627]---> BDD-cost:    8
c ---[ 626]---> BDD-cost:    8
c ---[ 625]---> BDD-cost:    8
c ---[ 624]---> BDD-cost:    8
c ---[ 623]---> BDD-cost:    8
c ---[ 622]---> BDD-cost:    8
c ---[ 621]---> BDD-cost:    8
c ---[ 620]---> BDD-cost:    8
c ---[ 619]---> BDD-cost:    8
c ---[ 618]---> BDD-cost:    8
c ---[ 617]---> BDD-cost:    8
c ---[ 616]---> BDD-cost:    8
c ---[ 615]---> BDD-cost:    8
c ---[ 614]---> BDD-cost:    8
c ---[ 613]---> BDD-cost:    8
c ---[ 612]---> BDD-cost:    8
c ---[ 611]---> BDD-cost:    8
c ---[ 610]---> BDD-cost:    8
c ---[ 609]---> BDD-cost:    8
c ---[ 608]---> BDD-cost:    8
c ---[ 607]---> BDD-cost:    8
c ---[ 606]---> BDD-cost:    8
c ---[ 605]---> BDD-cost:    8
c ---[ 604]---> BDD-cost:    8
c ---[ 603]---> BDD-cost:    8
c ---[ 602]---> BDD-cost:    8
c ---[ 601]---> BDD-cost:    8
c ---[ 600]---> BDD-cost:    8
c ---[ 599]---> BDD-cost:    8
c ---[ 598]---> BDD-cost:    8
c ---[ 597]---> BDD-cost:    8
c ---[ 596]---> BDD-cost:    8
c ---[ 595]---> BDD-cost:    8
c ---[ 594]---> BDD-cost:    8
c ---[ 593]---> BDD-cost:    8
c ---[ 592]---> BDD-cost:    8
c ---[ 591]---> BDD-cost:    8
c ---[ 590]---> BDD-cost:    8
c ---[ 589]---> BDD-cost:    8
c ---[ 588]---> BDD-cost:    8
c ---[ 587]---> BDD-cost:    8
c ---[ 586]---> BDD-cost:    8
c ---[ 585]---> BDD-cost:    8
c ---[ 584]---> BDD-cost:    8
c ---[ 583]---> BDD-cost:    8
c ---[ 582]---> BDD-cost:    8
c ---[ 581]---> BDD-cost:    8
c ---[ 580]---> BDD-cost:    8
c ---[ 579]---> BDD-cost:    8
c ---[ 578]---> BDD-cost:    8
c ---[ 577]---> BDD-cost:    8
c ---[ 576]---> BDD-cost:    8
c ---[ 575]---> BDD-cost:    8
c ---[ 574]---> BDD-cost:    8
c ---[ 573]---> BDD-cost:    8
c ---[ 572]---> BDD-cost:    8
c ---[ 571]---> BDD-cost:    8
c ---[ 570]---> BDD-cost:    8
c ---[ 569]---> BDD-cost:    8
c ---[ 568]---> BDD-cost:    8
c ---[ 567]---> BDD-cost:    8
c ---[ 566]---> BDD-cost:    8
c ---[ 565]---> BDD-cost:    8
c ---[ 564]---> BDD-cost:    8
c ---[ 563]---> BDD-cost:    8
c ---[ 562]---> BDD-cost:    8
c ---[ 561]---> BDD-cost:    8
c ---[ 560]---> BDD-cost:    8
c ---[ 559]---> BDD-cost:    8
c ---[ 558]---> BDD-cost:    8
c ---[ 557]---> BDD-cost:    8
c ---[ 556]---> BDD-cost:    8
c ---[ 555]---> BDD-cost:    8
c ---[ 554]---> BDD-cost:    8
c ---[ 553]---> BDD-cost:    8
c ---[ 552]---> BDD-cost:    8
c ---[ 551]---> BDD-cost:    8
c ---[ 550]---> BDD-cost:    8
c ---[ 549]---> BDD-cost:    8
c ---[ 548]---> BDD-cost:    8
c ---[ 547]---> BDD-cost:    8
c ---[ 546]---> BDD-cost:    8
c ---[ 545]---> BDD-cost:    8
c ---[ 544]---> BDD-cost:    8
c ---[ 543]---> BDD-cost:    8
c ---[ 542]---> BDD-cost:    8
c ---[ 541]---> BDD-cost:    8
c ---[ 540]---> BDD-cost:    8
c ---[ 539]---> BDD-cost:    8
c ---[ 538]---> BDD-cost:    8
c ---[ 537]---> BDD-cost:    8
c ---[ 536]---> BDD-cost:    8
c ---[ 535]---> BDD-cost:    8
c ---[ 534]---> BDD-cost:    8
c ---[ 533]---> BDD-cost:    8
c ---[ 532]---> BDD-cost:    8
c ---[ 531]---> BDD-cost:    8
c ---[ 530]---> BDD-cost:    8
c ---[ 529]---> BDD-cost:    8
c ---[ 528]---> BDD-cost:    8
c ---[ 527]---> BDD-cost:    8
c ---[ 526]---> BDD-cost:    8
c ---[ 525]---> BDD-cost:    8
c ---[ 524]---> BDD-cost:    8
c ---[ 523]---> BDD-cost:    8
c ---[ 522]---> BDD-cost:    8
c ---[ 521]---> BDD-cost:    8
c ---[ 520]---> BDD-cost:    8
c ---[ 519]---> BDD-cost:    8
c ---[ 518]---> BDD-cost:    8
c ---[ 517]---> BDD-cost:    8
c ---[ 516]---> BDD-cost:    8
c ---[ 515]---> BDD-cost:    8
c ---[ 514]---> BDD-cost:    8
c ---[ 513]---> BDD-cost:    8
c ---[ 512]---> BDD-cost:    8
c ---[ 511]---> BDD-cost:    8
c ---[ 510]---> BDD-cost:    8
c ---[ 509]---> BDD-cost:    8
c ---[ 508]---> BDD-cost:    8
c ---[ 507]---> BDD-cost:    8
c ---[ 506]---> BDD-cost:    8
c ---[ 505]---> BDD-cost:    8
c ---[ 504]---> BDD-cost:    8
c ---[ 503]---> BDD-cost:    8
c ---[ 502]---> BDD-cost:    8
c ---[ 501]---> BDD-cost:    8
c ---[ 500]---> BDD-cost:    8
c ---[ 499]---> BDD-cost:    8
c ---[ 498]---> BDD-cost:    8
c ---[ 497]---> BDD-cost:    8
c ---[ 496]---> BDD-cost:    8
c ---[ 495]---> BDD-cost:    8
c ---[ 494]---> BDD-cost:    8
c ---[ 493]---> BDD-cost:    8
c ---[ 492]---> BDD-cost:    8
c ---[ 491]---> BDD-cost:    8
c ---[ 490]---> BDD-cost:    8
c ---[ 489]---> BDD-cost:    8
c ---[ 488]---> BDD-cost:    8
c ---[ 487]---> BDD-cost:    8
c ---[ 486]---> BDD-cost:    8
c ---[ 485]---> BDD-cost:    8
c ---[ 484]---> BDD-cost:    8
c ---[ 483]---> BDD-cost:    8
c ---[ 482]---> BDD-cost:    8
c ---[ 481]---> BDD-cost:    8
c ---[ 480]---> BDD-cost:    8
c ---[ 479]---> BDD-cost:    8
c ---[ 478]---> BDD-cost:    8
c ---[ 477]---> BDD-cost:    8
c ---[ 476]---> BDD-cost:    8
c ---[ 475]---> BDD-cost:    8
c ---[ 474]---> BDD-cost:    8
c ---[ 473]---> BDD-cost:    8
c ---[ 472]---> BDD-cost:    8
c ---[ 471]---> BDD-cost:    8
c ---[ 470]---> BDD-cost:    8
c ---[ 469]---> BDD-cost:    8
c ---[ 468]---> BDD-cost:    8
c ---[ 467]---> BDD-cost:    8
c ---[ 466]---> BDD-cost:    8
c ---[ 465]---> BDD-cost:    8
c ---[ 464]---> BDD-cost:    8
c ---[ 463]---> BDD-cost:    8
c ---[ 462]---> BDD-cost:    8
c ---[ 461]---> BDD-cost:    8
c ---[ 460]---> BDD-cost:    8
c ---[ 459]---> BDD-cost:    8
c ---[ 458]---> BDD-cost:    8
c ---[ 457]---> BDD-cost:    8
c ---[ 456]---> BDD-cost:    8
c ---[ 455]---> BDD-cost:    8
c ---[ 454]---> BDD-cost:    8
c ---[ 453]---> BDD-cost:    8
c ---[ 452]---> BDD-cost:    8
c ---[ 451]---> BDD-cost:    8
c ---[ 450]---> BDD-cost:    8
c ---[ 449]---> BDD-cost:    8
c ---[ 448]---> BDD-cost:    8
c ---[ 447]---> BDD-cost:    8
c ---[ 446]---> BDD-cost:    8
c ---[ 445]---> BDD-cost:    8
c ---[ 444]---> BDD-cost:    8
c ---[ 443]---> BDD-cost:    8
c ---[ 442]---> BDD-cost:    8
c ---[ 441]---> BDD-cost:    8
c ---[ 440]---> BDD-cost:    8
c ---[ 439]---> BDD-cost:    8
c ---[ 438]---> BDD-cost:    8
c ---[ 437]---> BDD-cost:    8
c ---[ 436]---> BDD-cost:    8
c ---[ 435]---> BDD-cost:    8
c ---[ 434]---> BDD-cost:    8
c ---[ 433]---> BDD-cost:    8
c ---[ 432]---> BDD-cost:    8
c ---[ 431]---> BDD-cost:    8
c ---[ 430]---> BDD-cost:    8
c ---[ 429]---> BDD-cost:    8
c ---[ 428]---> BDD-cost:    8
c ---[ 427]---> BDD-cost:    8
c ---[ 426]---> BDD-cost:    8
c ---[ 425]---> BDD-cost:    8
c ---[ 424]---> BDD-cost:    8
c ---[ 423]---> BDD-cost:    8
c ---[ 422]---> BDD-cost:    8
c ---[ 421]---> BDD-cost:    8
c ---[ 420]---> BDD-cost:    8
c ---[ 419]---> BDD-cost:    8
c ---[ 418]---> BDD-cost:    8
c ---[ 417]---> BDD-cost:    8
c ---[ 416]---> BDD-cost:    8
c ---[ 415]---> BDD-cost:    8
c ---[ 414]---> BDD-cost:    8
c ---[ 413]---> BDD-cost:    8
c ---[ 412]---> BDD-cost:    8
c ---[ 411]---> BDD-cost:    8
c ---[ 410]---> BDD-cost:    8
c ---[ 409]---> BDD-cost:    8
c ---[ 408]---> BDD-cost:    8
c ---[ 407]---> BDD-cost:    8
c ---[ 406]---> BDD-cost:    8
c ---[ 405]---> BDD-cost:    8
c ---[ 404]---> BDD-cost:    8
c ---[ 403]---> BDD-cost:    8
c ---[ 402]---> BDD-cost:    8
c ---[ 401]---> BDD-cost:    8
c ---[ 400]---> BDD-cost:    8
c ---[ 399]---> BDD-cost:    8
c ---[ 398]---> BDD-cost:    8
c ---[ 397]---> BDD-cost:    8
c ---[ 396]---> BDD-cost:    8
c ---[ 395]---> BDD-cost:    8
c ---[ 394]---> BDD-cost:    8
c ---[ 393]---> BDD-cost:    8
c ---[ 392]---> BDD-cost:    8
c ---[ 391]---> BDD-cost:    8
c ---[ 390]---> BDD-cost:    8
c ---[ 389]---> BDD-cost:    8
c ---[ 388]---> BDD-cost:    8
c ---[ 387]---> BDD-cost:    8
c ---[ 386]---> BDD-cost:    8
c ---[ 385]---> BDD-cost:    8
c ---[ 384]---> BDD-cost:    8
c ---[ 383]---> BDD-cost:    8
c ---[ 382]---> BDD-cost:    8
c ---[ 381]---> BDD-cost:    8
c ---[ 380]---> BDD-cost:    8
c ---[ 379]---> BDD-cost:    8
c ---[ 378]---> BDD-cost:    8
c ---[ 377]---> BDD-cost:    8
c ---[ 376]---> BDD-cost:    8
c ---[ 375]---> BDD-cost:    8
c ---[ 374]---> BDD-cost:    8
c ---[ 373]---> BDD-cost:    8
c ---[ 372]---> BDD-cost:    8
c ---[ 371]---> BDD-cost:    8
c ---[ 370]---> BDD-cost:    8
c ---[ 369]---> BDD-cost:    8
c ---[ 368]---> BDD-cost:    8
c ---[ 367]---> BDD-cost:    8
c ---[ 366]---> BDD-cost:    8
c ---[ 365]---> BDD-cost:    8
c ---[ 364]---> BDD-cost:    8
c ---[ 363]---> BDD-cost:    8
c ---[ 362]---> BDD-cost:    8
c ---[ 361]---> BDD-cost:    8
c ---[ 360]---> BDD-cost:    8
c ---[ 359]---> BDD-cost:    8
c ---[ 358]---> BDD-cost:    8
c ---[ 357]---> BDD-cost:    8
c ---[ 356]---> BDD-cost:    8
c ---[ 355]---> BDD-cost:    8
c ---[ 354]---> BDD-cost:    8
c ---[ 353]---> BDD-cost:    8
c ---[ 352]---> BDD-cost:    8
c ---[ 351]---> BDD-cost:    8
c ---[ 350]---> BDD-cost:    8
c ---[ 349]---> BDD-cost:    8
c ---[ 348]---> BDD-cost:    8
c ---[ 347]---> BDD-cost:    8
c ---[ 346]---> BDD-cost:    8
c ---[ 345]---> BDD-cost:    8
c ---[ 344]---> BDD-cost:    8
c ---[ 343]---> BDD-cost:    8
c ---[ 342]---> BDD-cost:    8
c ---[ 341]---> BDD-cost:    8
c ---[ 340]---> BDD-cost:    8
c ---[ 339]---> BDD-cost:    8
c ---[ 338]---> BDD-cost:    8
c ---[ 336]---> Adder-cost: 592   maxlim: 241   bits: 9/8
c ---[ 335]---> BDD-cost:    7
c ---[ 334]---> BDD-cost:    7
c ---[ 333]---> BDD-cost:    7
c ---[ 332]---> BDD-cost:    7
c ---[ 331]---> BDD-cost:    7
c ---[ 330]---> BDD-cost:    7
c ---[ 329]---> BDD-cost:    7
c ---[ 328]---> BDD-cost:    7
c ---[ 327]---> BDD-cost:    7
c ---[ 326]---> BDD-cost:    7
c ---[ 325]---> BDD-cost:    7
c ---[ 324]---> BDD-cost:    7
c ---[ 323]---> BDD-cost:    7
c ---[ 322]---> BDD-cost:    7
c ---[ 321]---> BDD-cost:    7
c ---[ 320]---> BDD-cost:    7
c ---[ 319]---> BDD-cost:    7
c ---[ 318]---> BDD-cost:    7
c ---[ 317]---> BDD-cost:    7
c ---[ 316]---> BDD-cost:    7
c ---[ 315]---> BDD-cost:    7
c ---[ 314]---> BDD-cost:    7
c ---[ 313]---> BDD-cost:    7
c ---[ 312]---> BDD-cost:    7
c ---[ 311]---> BDD-cost:    7
c ---[ 310]---> BDD-cost:    7
c ---[ 309]---> BDD-cost:    7
c ---[ 308]---> BDD-cost:    7
c ---[ 307]---> BDD-cost:    7
c ---[ 306]---> BDD-cost:    7
c ---[ 305]---> BDD-cost:    7
c ---[ 304]---> BDD-cost:    7
c ---[ 303]---> BDD-cost:    7
c ---[ 302]---> BDD-cost:    7
c ---[ 301]---> BDD-cost:    7
c ---[ 300]---> BDD-cost:    7
c ---[ 299]---> BDD-cost:    7
c ---[ 298]---> BDD-cost:    7
c ---[ 297]---> BDD-cost:    7
c ---[ 296]---> BDD-cost:    7
c ---[ 295]---> BDD-cost:    7
c ---[ 294]---> BDD-cost:    7
c ---[ 293]---> BDD-cost:    7
c ---[ 292]---> BDD-cost:    7
c ---[ 291]---> BDD-cost:    7
c ---[ 290]---> BDD-cost:    7
c ---[ 289]---> BDD-cost:    7
c ---[ 288]---> BDD-cost:    7
c ---[ 287]---> BDD-cost:    7
c ---[ 286]---> BDD-cost:    7
c ---[ 285]---> BDD-cost:    7
c ---[ 284]---> BDD-cost:    7
c ---[ 283]---> BDD-cost:    7
c ---[ 282]---> BDD-cost:    7
c ---[ 281]---> BDD-cost:    7
c ---[ 280]---> BDD-cost:    7
c ---[ 279]---> BDD-cost:    7
c ---[ 278]---> BDD-cost:    7
c ---[ 277]---> BDD-cost:    7
c ---[ 276]---> BDD-cost:    7
c ---[ 275]---> BDD-cost:    7
c ---[ 274]---> BDD-cost:    7
c ---[ 273]---> BDD-cost:    7
c ---[ 272]---> BDD-cost:    7
c ---[ 271]---> BDD-cost:    7
c ---[ 270]---> BDD-cost:    7
c ---[ 269]---> BDD-cost:    7
c ---[ 268]---> BDD-cost:    7
c ---[ 267]---> BDD-cost:    7
c ---[ 266]---> BDD-cost:    7
c ---[ 265]---> BDD-cost:    7
c ---[ 264]---> BDD-cost:    7
c ---[ 263]---> BDD-cost:    7
c ---[ 262]---> BDD-cost:    7
c ---[ 261]---> BDD-cost:    7
c ---[ 260]---> BDD-cost:    7
c ---[ 259]---> BDD-cost:    7
c ---[ 258]---> BDD-cost:    7
c ---[ 257]---> BDD-cost:    7
c ---[ 256]---> BDD-cost:    7
c ---[ 255]---> BDD-cost:    7
c ---[ 254]---> BDD-cost:    7
c ---[ 253]---> BDD-cost:    7
c ---[ 252]---> BDD-cost:    7
c ---[ 251]---> BDD-cost:    7
c ---[ 250]---> BDD-cost:    7
c ---[ 249]---> BDD-cost:    7
c ---[ 248]---> BDD-cost:    7
c ---[ 247]---> BDD-cost:    7
c ---[ 246]---> BDD-cost:    7
c ---[ 245]---> BDD-cost:    7
c ---[ 244]---> BDD-cost:    7
c ---[ 243]---> BDD-cost:    7
c ---[ 242]---> BDD-cost:    7
c ---[ 241]---> BDD-cost:    7
c ---[ 240]---> BDD-cost:    7
c ---[ 239]---> BDD-cost:    7
c ---[ 238]---> BDD-cost:    7
c ---[ 237]---> BDD-cost:    7
c ---[ 236]---> BDD-cost:    7
c ---[ 235]---> BDD-cost:    7
c ---[ 234]---> BDD-cost:    7
c ---[ 233]---> BDD-cost:    7
c ---[ 232]---> BDD-cost:    7
c ---[ 231]---> BDD-cost:    7
c ---[ 230]---> BDD-cost:    7
c ---[ 229]---> BDD-cost:    7
c ---[ 228]---> BDD-cost:    7
c ---[ 227]---> BDD-cost:    7
c ---[ 226]---> BDD-cost:    7
c ---[ 225]---> BDD-cost:    7
c ---[ 224]---> BDD-cost:    7
c ---[ 223]---> BDD-cost:    7
c ---[ 222]---> BDD-cost:    7
c ---[ 221]---> BDD-cost:    7
c ---[ 220]---> BDD-cost:    7
c ---[ 219]---> BDD-cost:    7
c ---[ 218]---> BDD-cost:    7
c ---[ 217]---> BDD-cost:    7
c ---[ 216]---> BDD-cost:    7
c ---[ 215]---> BDD-cost:    7
c ---[ 214]---> BDD-cost:    7
c ---[ 213]---> BDD-cost:    7
c ---[ 212]---> BDD-cost:    7
c ---[ 211]---> BDD-cost:    7
c ---[ 210]---> BDD-cost:    7
c ---[ 209]---> BDD-cost:    7
c ---[ 208]---> BDD-cost:    7
c ---[ 207]---> BDD-cost:    7
c ---[ 206]---> BDD-cost:    7
c ---[ 205]---> BDD-cost:    7
c ---[ 204]---> BDD-cost:    7
c ---[ 203]---> BDD-cost:    7
c ---[ 202]---> BDD-cost:    7
c ---[ 201]---> BDD-cost:    7
c ---[ 200]---> BDD-cost:    7
c ---[ 199]---> BDD-cost:    7
c ---[ 198]---> BDD-cost:    7
c ---[ 197]---> BDD-cost:    7
c ---[ 196]---> BDD-cost:    7
c ---[ 195]---> BDD-cost:    7
c ---[ 194]---> BDD-cost:    7
c ---[ 193]---> BDD-cost:    7
c ---[ 192]---> BDD-cost:    7
c ---[ 191]---> BDD-cost:    7
c ---[ 190]---> BDD-cost:    7
c ---[ 189]---> BDD-cost:    7
c ---[ 188]---> BDD-cost:    7
c ---[ 187]---> BDD-cost:    7
c ---[ 186]---> BDD-cost:    7
c ---[ 185]---> BDD-cost:    7
c ---[ 184]---> BDD-cost:    7
c ---[ 183]---> BDD-cost:    7
c ---[ 182]---> BDD-cost:    7
c ---[ 181]---> BDD-cost:    7
c ---[ 180]---> BDD-cost:    7
c ---[ 179]---> BDD-cost:    7
c ---[ 178]---> BDD-cost:    7
c ---[ 177]---> BDD-cost:    7
c ---[ 176]---> BDD-cost:    7
c ---[ 175]---> BDD-cost:    7
c ---[ 174]---> BDD-cost:    7
c ---[ 173]---> BDD-cost:    7
c ---[ 172]---> BDD-cost:    7
c ---[ 171]---> BDD-cost:    7
c ---[ 170]---> BDD-cost:    7
c ---[ 169]---> BDD-cost:    7
c ---[ 168]---> BDD-cost:    7
c ---[ 167]---> BDD-cost:    7
c ---[ 166]---> BDD-cost:    7
c ---[ 165]---> BDD-cost:    7
c ---[ 164]---> BDD-cost:    7
c ---[ 163]---> BDD-cost:    7
c ---[ 162]---> BDD-cost:    7
c ---[ 161]---> BDD-cost:    7
c ---[ 160]---> BDD-cost:    7
c ---[ 159]---> BDD-cost:    7
c ---[ 158]---> BDD-cost:    7
c ---[ 157]---> BDD-cost:    7
c ---[ 156]---> BDD-cost:    7
c ---[ 155]---> BDD-cost:    7
c ---[ 154]---> BDD-cost:    7
c ---[ 153]---> BDD-cost:    7
c ---[ 152]---> BDD-cost:    7
c ---[ 151]---> BDD-cost:    7
c ---[ 150]---> BDD-cost:    7
c ---[ 149]---> BDD-cost:    7
c ---[ 148]---> BDD-cost:    7
c ---[ 147]---> BDD-cost:    7
c ---[ 146]---> BDD-cost:    7
c ---[ 145]---> BDD-cost:    7
c ---[ 144]---> BDD-cost:    7
c ---[ 143]---> BDD-cost:    7
c ---[ 142]---> BDD-cost:    7
c ---[ 141]---> BDD-cost:    7
c ---[ 140]---> BDD-cost:    7
c ---[ 139]---> BDD-cost:    7
c ---[ 138]---> BDD-cost:    7
c ---[ 137]---> BDD-cost:    7
c ---[ 136]---> BDD-cost:    7
c ---[ 135]---> BDD-cost:    7
c ---[ 134]---> BDD-cost:    7
c ---[ 133]---> BDD-cost:    7
c ---[ 132]---> BDD-cost:    7
c ---[ 131]---> BDD-cost:    7
c ---[ 130]---> BDD-cost:    7
c ---[ 129]---> BDD-cost:    7
c ---[ 128]---> BDD-cost:    7
c ---[ 127]---> BDD-cost:    7
c ---[ 126]---> BDD-cost:    7
c ---[ 125]---> BDD-cost:    7
c ---[ 124]---> BDD-cost:    7
c ---[ 123]---> BDD-cost:    7
c ---[ 122]---> BDD-cost:    7
c ---[ 121]---> BDD-cost:    7
c ---[ 120]---> BDD-cost:    7
c ---[ 119]---> BDD-cost:    7
c ---[ 118]---> BDD-cost:    7
c ---[ 117]---> BDD-cost:    7
c ---[ 116]---> BDD-cost:    7
c ---[ 115]---> BDD-cost:    7
c ---[ 114]---> BDD-cost:    7
c ---[ 113]---> BDD-cost:    7
c ---[ 112]---> BDD-cost:    7
c ---[ 111]---> BDD-cost:    7
c ---[ 110]---> BDD-cost:    7
c ---[ 109]---> BDD-cost:    7
c ---[ 108]---> BDD-cost:    7
c ---[ 107]---> BDD-cost:    7
c ---[ 106]---> BDD-cost:    7
c ---[ 105]---> BDD-cost:    7
c ---[ 104]---> BDD-cost:    7
c ---[ 103]---> BDD-cost:    7
c ---[ 102]---> BDD-cost:    7
c ---[ 101]---> BDD-cost:    7
c ---[ 100]---> BDD-cost:    7
c ---[  99]---> BDD-cost:    7
c ---[  98]---> BDD-cost:    7
c ---[  97]---> BDD-cost:    7
c ---[  96]---> BDD-cost:    7
c ---[  95]---> BDD-cost:    7
c ---[  94]---> BDD-cost:    7
c ---[  93]---> BDD-cost:    7
c ---[  92]---> BDD-cost:    7
c ---[  91]---> BDD-cost:    7
c ---[  90]---> BDD-cost:    7
c ---[  89]---> BDD-cost:    7
c ---[  88]---> BDD-cost:    7
c ---[  87]---> BDD-cost:    7
c ---[  86]---> BDD-cost:    7
c ---[  85]---> BDD-cost:    7
c ---[  84]---> BDD-cost:    7
c ---[  83]---> BDD-cost:    7
c ---[  82]---> BDD-cost:    7
c ---[  81]---> BDD-cost:    7
c ---[  80]---> BDD-cost:    7
c ---[  79]---> BDD-cost:    7
c ---[  78]---> BDD-cost:    7
c ---[  77]---> BDD-cost:    7
c ---[  76]---> BDD-cost:    7
c ---[  75]---> BDD-cost:    7
c ---[  74]---> BDD-cost:    7
c ---[  73]---> BDD-cost:    7
c ---[  72]---> BDD-cost:    7
c ---[  71]---> BDD-cost:    7
c ---[  70]---> BDD-cost:    7
c ---[  69]---> BDD-cost:    7
c ---[  68]---> BDD-cost:    7
c ---[  67]---> BDD-cost:    7
c ---[  66]---> BDD-cost:    7
c ---[  65]---> BDD-cost:    7
c ---[  64]---> BDD-cost:    7
c ---[  63]---> BDD-cost:    7
c ---[  62]---> BDD-cost:    7
c ---[  61]---> BDD-cost:    7
c ---[  60]---> BDD-cost:    7
c ---[  59]---> BDD-cost:    7
c ---[  58]---> BDD-cost:    7
c ---[  57]---> BDD-cost:    7
c ---[  56]---> BDD-cost:    7
c ---[  55]---> BDD-cost:    7
c ---[  54]---> BDD-cost:    7
c ---[  53]---> BDD-cost:    7
c ---[  52]---> BDD-cost:    7
c ---[  51]---> BDD-cost:    7
c ---[  50]---> BDD-cost:    7
c ---[  49]---> BDD-cost:    7
c ---[  48]---> BDD-cost:    7
c ---[  47]---> BDD-cost:    7
c ---[  46]---> BDD-cost:    7
c ---[  45]---> BDD-cost:    7
c ---[  44]---> BDD-cost:    7
c ---[  43]---> BDD-cost:    7
c ---[  42]---> BDD-cost:    7
c ---[  41]---> BDD-cost:    7
c ---[  40]---> BDD-cost:    7
c ---[  38]---> Adder-cost: 592   maxlim: 289   bits: 9/9
c ---[  36]---> Adder-cost: 592   maxlim: 273   bits: 9/9
c ---[  34]---> Adder-cost: 592   maxlim: 296   bits: 9/9
c ---[  32]---> Adder-cost: 592   maxlim: 290   bits: 9/9
c ---[  30]---> Adder-cost: 592   maxlim: 290   bits: 9/9
c ---[  28]---> Adder-cost: 592   maxlim: 256   bits: 9/9
c ---[  26]---> BDD-cost: 1189
c ---[  24]---> Adder-cost: 592   maxlim: 275   bits: 9/9
c ---[  22]---> Adder-cost: 592   maxlim: 294   bits: 9/9
c ---[  20]---> Adder-cost: 592   maxlim: 289   bits: 9/9
c ---[  18]---> BDD-cost:  894
c ---[  16]---> Adder-cost: 592   maxlim: 261   bits: 9/9
c ---[  14]---> Adder-cost: 592   maxlim: 286   bits: 9/9
c ---[  12]---> BDD-cost:  894
c ---[  10]---> Adder-cost: 592   maxlim: 244   bits: 9/8
c ---[   8]---> Adder-cost: 592   maxlim: 292   bits: 9/9
c ---[   6]---> Adder-cost: 592   maxlim: 296   bits: 9/9
c ---[   4]---> Adder-cost: 592   maxlim: 293   bits: 9/9
c ---[   2]---> Adder-cost: 592   maxlim: 285   bits: 9/9
c ---[   0]---> BDD-cost:  894
c ==================================[MINISAT+]==================================
c | Conflicts | Original         | Learnt                           | Progress |
c |           | Clauses Literals |     Max Clauses Literals     LPC |          |
c ==============================================================================
c |         0 |  165973   499320 |   55324       0        0    -nan |  0.000 % |
c |       100 |  165837   498856 |   60856      85      326     3.8 |  4.049 % |
c |       251 |  165696   498359 |   66942     218     1112     5.1 |  4.106 % |
c |       476 |  165619   498116 |   73636     430     2385     5.5 |  4.136 % |
c |       813 |  165545   497878 |   80999     757     3969     5.2 |  4.168 % |
c |      1319 |  165485   497718 |   89099    1253     6763     5.4 |  4.193 % |
c |      2078 |  165383   497446 |   98009    1993    11694     5.9 |  4.237 % |
c |      3217 |  165279   497178 |  107810    3114    19255     6.2 |  4.284 % |
c |      4925 |  165139   496794 |  118591    4785    31655     6.6 |  4.346 % |
c |      7488 |  164839   496056 |  130451    7262    53561     7.4 |  4.482 % |
c |     11332 |  164680   495653 |  143496   11062    88970     8.0 |  4.554 % |
c |     17099 |  164582   495387 |  157845   16808   180839    10.8 |  4.599 % |
c |     25750 |  164478   495126 |  173630   25429   379624    14.9 |  4.638 % |
c |     38724 |  164447   495041 |  190993   38398   722371    18.8 |  4.651 % |
c |     58185 |  164247   494525 |  210092   57810  1215805    21.0 |  4.735 % |
c |     87377 |  164173   494302 |  231102   86991  2157894    24.8 |  4.764 % |
c |    131166 |  164140   494221 |  254212  130770  3332881    25.5 |  4.779 % |
c |    196851 |  164048   493979 |  279633  196432  5010602    25.5 |  4.819 % |
c |    295378 |  163898   493605 |  307596   32469   746114    23.0 |  4.886 % |
c |    443168 |  163834   493411 |  338356  180250  4647371    25.8 |  4.915 % |
c |    664851 |  163670   492955 |  372192   83866  2215328    26.4 |  4.990 % |
c |    997377 |  163386   492149 |  409411   63351  1553077    24.5 |  5.121 % |
c |   1496165 |  163124   491459 |  450352  171931  4170411    24.3 |  5.230 % |
c |   2244347 |  162624   490233 |  495387   57172  1271373    22.2 |  5.406 % |
c 
c *** TERMINATED ***
s UNKNOWN
