c WARNING: for repeatability, setting FPU to use double precision
d VARIABLES            21294        
d CONSTRAINTS          85508        
c ============================[ Problem Statistics ]=============================
c |                                                                             |
c |  Number of variables:         21294                                         |
c |  Number of clauses:           85508                                         |
c |  Parse time:                   0.01 s                                       |
c |                                                                             |
c ============================[ Search Statistics ]==============================
c | Conflicts |          ORIGINAL         |          LEARNT          | Progress |
c |           |    Vars  Clauses Literals |    Limit  Clauses Lit/Cl |          |
c ===============================================================================
c |       100 |   15602    69416   169606 |    25452       97     33 | 26.731 % |
c |       250 |   15596    69326   169390 |    27997      245     64 | 26.759 % |
c |       475 |   15593    69326   169390 |    30797      468     67 | 26.773 % |
c |       812 |   15582    69311   169354 |    33877      804     56 | 26.824 % |
c |      1318 |   15582    69256   169222 |    37265     1310     78 | 26.824 % |
c |      2077 |   15563    69206   169102 |    40991     2067     78 | 26.914 % |
c |      3216 |   15563    69161   168994 |    45090     3206     92 | 26.914 % |
c |      4924 |   15563    69161   168994 |    49599     4914    104 | 26.914 % |
c |      7486 |   15563    69161   168994 |    54559     7476    116 | 26.914 % |
c |     11330 |   15563    69161   168994 |    60015    11320    119 | 26.914 % |
c |     17096 |   15563    69161   168994 |    66017    17086    117 | 26.914 % |
c |     25745 |   15563    69161   168994 |    72619    25735     99 | 26.914 % |
c |     38719 |   15563    69161   168994 |    79880    38709    102 | 26.914 % |
c |     58180 |   15539    69041   168706 |    87869    58166    100 | 27.026 % |
c |     87372 |   15535    69021   168658 |    96655    87356     94 | 27.045 % |
c |    131161 |   15535    69021   168658 |   106321    43523     75 | 27.045 % |
c |    196845 |   15529    68991   168586 |   116953   109206     74 | 27.073 % |
c |    295371 |   15510    68896   168358 |   128649   103411     71 | 27.163 % |
c |    443160 |   15510    68896   168358 |   141513    19773     39 | 27.163 % |
c |    664843 |   15510    68896   168358 |   155665   115941     42 | 27.163 % |
c ===============================================================================
c restarts              : 1497
c conflicts             : 685452         (4200 /sec)
c decisions             : 879754         (0.00 % random) (5391 /sec)
c propagations          : 472557403      (2895746 /sec)
c conflict literals     : 42554424       (51.59 % deleted)
d RESTARTS             1497
d FAILURES             685452       
d NODES                879754       
d BACKTRACKS           879754       
d PROPAGATIONS         472557403    
d NOGOODSIZE           62.08 
d MEMORY               93.00 
d TIME                 163.19 

s UNSATISFIABLE
