c WARNING: for repeatability, setting FPU to use double precision
d VARIABLES            138850       
d CONSTRAINTS          504540       
c ============================[ Problem Statistics ]=============================
c |                                                                             |
c |  Number of variables:        138850                                         |
c |  Number of clauses:          504540                                         |
c |  Parse time:                   0.08 s                                       |
c |                                                                             |
c ============================[ Search Statistics ]==============================
c | Conflicts |          ORIGINAL         |          LEARNT          | Progress |
c |           |    Vars  Clauses Literals |    Limit  Clauses Lit/Cl |          |
c ===============================================================================
c |       100 |  108670   426318  1071707 |   156316      100     45 | 21.736 % |
c |       250 |  108670   426318  1071707 |   171948      250     46 | 21.736 % |
c |       475 |  108670   426318  1071707 |   189143      475     36 | 21.736 % |
c |       812 |  108670   426318  1071707 |   208057      812     28 | 21.736 % |
c |      1318 |  108670   426318  1071707 |   228863     1318     26 | 21.736 % |
c |      2077 |  108670   426318  1071707 |   251749     2077     19 | 21.736 % |
c |      3216 |  108670   426318  1071707 |   276924     3216     15 | 21.736 % |
c |      4924 |  108670   426318  1071707 |   304616     4924     13 | 21.736 % |
c |      7486 |  108670   426318  1071707 |   335078     7486     18 | 21.736 % |
c |     11330 |  108670   426318  1071707 |   368586    11330     22 | 21.736 % |
c |     17096 |  108669   426310  1071689 |   405445    17093     44 | 21.736 % |
c |     25745 |  108668   426302  1071671 |   445989    25741     69 | 21.737 % |
c |     38719 |  108664   426270  1071599 |   490588    38702     70 | 21.740 % |
c |     58180 |  108661   426246  1071545 |   539647    58155     79 | 21.742 % |
c |     87372 |  108655   426198  1071437 |   593612    87327     87 | 21.746 % |
c |    131161 |  108643   426122  1071265 |   652973   131075     79 | 21.755 % |
c |    196845 |  108639   426074  1071157 |   718270   196741     73 | 21.758 % |
c |    295371 |  108614   426006  1070989 |   790097   295186     60 | 21.776 % |
c |    443160 |  108532   425638  1070071 |   869107   442745     47 | 21.835 % |
c ===============================================================================
c restarts              : 1023
c conflicts             : 511995         (4250 /sec)
c decisions             : 1551252        (0.00 % random) (12878 /sec)
c propagations          : 470015573      (3901984 /sec)
c conflict literals     : 22077137       (26.28 % deleted)
d RESTARTS             1023
d FAILURES             511995       
d NODES                1551252      
d BACKTRACKS           1551252      
d PROPAGATIONS         470015573    
d NOGOODSIZE           43.12 
d MEMORY               266.00 
d TIME                 120.456 

s UNSATISFIABLE
