c WARNING: for repeatability, setting FPU to use double precision
d VARIABLES            225576       
d CONSTRAINTS          836244       
c ============================[ Problem Statistics ]=============================
c |                                                                             |
c |  Number of variables:        225576                                         |
c |  Number of clauses:          836244                                         |
c |  Parse time:                   0.14 s                                       |
c |                                                                             |
c ============================[ Search Statistics ]==============================
c | Conflicts |          ORIGINAL         |          LEARNT          | Progress |
c |           |    Vars  Clauses Literals |    Limit  Clauses Lit/Cl |          |
c ===============================================================================
c |       100 |  186942   736614  1848651 |   270091       98      3 | 17.127 % |
c |       250 |  186942   736614  1848651 |   297100      248      3 | 17.127 % |
c |       475 |  186942   736606  1848631 |   326811      473     11 | 17.127 % |
c |       812 |  186942   736606  1848631 |   359492      810     82 | 17.127 % |
c |      1318 |  186942   736606  1848631 |   395441     1316     60 | 17.127 % |
c |      2077 |  186942   736606  1848631 |   434985     2075     59 | 17.127 % |
c |      3216 |  186942   736606  1848631 |   478484     3214     70 | 17.127 % |
c |      4924 |  186942   736606  1848631 |   526332     4922     61 | 17.127 % |
c |      7486 |  186942   736606  1848631 |   578965     7484     49 | 17.127 % |
c |     11330 |  186939   736594  1848601 |   636862    11325     58 | 17.128 % |
c |     17096 |  186938   736590  1848591 |   700548    17090     61 | 17.129 % |
c |     25745 |  186938   736590  1848591 |   770603    25739     92 | 17.129 % |
c |     38719 |  186935   736578  1848561 |   847663    38710     96 | 17.130 % |
c |     58180 |  186930   736558  1848511 |   932430    58166    114 | 17.132 % |
c |     87372 |  186930   736558  1848511 |  1025673    87358    114 | 17.132 % |
c |    131161 |  186930   736558  1848511 |  1128240   131147    118 | 17.132 % |
c |    196845 |  186930   736558  1848511 |  1241064   196831    121 | 17.132 % |
c |    295371 |  186930   736558  1848511 |  1365170   295357    130 | 17.132 % |
c |    443160 |  186929   736554  1848501 |  1501688   443145    127 | 17.133 % |
c |    664843 |  186927   736546  1848481 |  1651856   664825    138 | 17.133 % |
c |    997368 |  186927   736546  1848481 |  1817042   997350    146 | 17.133 % |
c |   1496156 |  186926   736542  1848471 |  1998746  1496137    153 | 17.134 % |
c |   2244338 |  186926   736542  1848471 |  2198621   253162     94 | 17.134 % |
c ===============================================================================
c restarts              : 4886
c conflicts             : 2798854        (1561 /sec)
c decisions             : 7587784        (0.00 % random) (4233 /sec)
c propagations          : 5833087041     (3254177 /sec)
c conflict literals     : 397769389      (30.50 % deleted)
d RESTARTS             4886
d FAILURES             2798854      
d NODES                7587784      
d BACKTRACKS           7587784      
d PROPAGATIONS         5833087041   
d NOGOODSIZE           142.12 
d MEMORY               1664.00 
d TIME                 1792.49 

s UNKNOWN
