c WARNING: for repeatability, setting FPU to use double precision
d VARIABLES            73512        
d CONSTRAINTS          294177       
c ============================[ Problem Statistics ]=============================
c |                                                                             |
c |  Number of variables:         73512                                         |
c |  Number of clauses:          294177                                         |
c |  Parse time:                   0.05 s                                       |
c |                                                                             |
c ============================[ Search Statistics ]==============================
c | Conflicts |          ORIGINAL         |          LEARNT          | Progress |
c |           |    Vars  Clauses Literals |    Limit  Clauses Lit/Cl |          |
c ===============================================================================
c |       100 |   53833   243351   594901 |    89228      100     83 | 26.770 % |
c |       250 |   53833   243351   594901 |    98151      250     55 | 26.770 % |
c |       475 |   53833   243351   594901 |   107966      475     74 | 26.770 % |
c |       812 |   53833   243351   594901 |   118763      812    101 | 26.770 % |
c |      1318 |   53833   243351   594901 |   130639     1318    115 | 26.770 % |
c |      2077 |   53833   243351   594901 |   143703     2077    123 | 26.770 % |
c |      3216 |   53833   243351   594901 |   158074     3216    126 | 26.770 % |
c |      4924 |   53833   243351   594901 |   173881     4924    147 | 26.770 % |
c |      7486 |   53833   243351   594901 |   191269     7486    138 | 26.770 % |
c |     11330 |   53833   243351   594901 |   210396    11330    138 | 26.770 % |
c |     17096 |   53832   243341   594878 |   231436    17094    133 | 26.771 % |
c |     25745 |   53827   243297   594778 |   254579    25730    123 | 26.778 % |
c |     38719 |   53824   243269   594714 |   280037    38694    120 | 26.782 % |
c |     58180 |   53822   243251   594673 |   308041    58151    113 | 26.785 % |
c |     87372 |   53814   243177   594504 |   338845    87312    103 | 26.796 % |
c |    131161 |   53805   243105   594340 |   372730   131074     99 | 26.808 % |
c |    196845 |   53794   243017   594140 |   410003   196710     94 | 26.823 % |
c |    295371 |   53789   242951   593989 |   451003   295199     84 | 26.830 % |
c |    443160 |   53783   242893   593856 |   496104   442958     74 | 26.838 % |
c ===============================================================================
c restarts              : 1180
c conflicts             : 563918         (1415 /sec)
c decisions             : 938644         (0.00 % random) (2355 /sec)
c propagations          : 579275872      (1453200 /sec)
c conflict literals     : 38547833       (57.18 % deleted)
d RESTARTS             1180
d FAILURES             563918       
d NODES                938644       
d BACKTRACKS           938644       
d PROPAGATIONS         579275872    
d NOGOODSIZE           68.36 
d MEMORY               280.00 
d TIME                 398.621 

s UNSATISFIABLE
