c WARNING: for repeatability, setting FPU to use double precision
d VARIABLES            66930        
d CONSTRAINTS          268711       
c ============================[ Problem Statistics ]=============================
c |                                                                             |
c |  Number of variables:         66930                                         |
c |  Number of clauses:          268711                                         |
c |  Parse time:                   0.04 s                                       |
c |                                                                             |
c ============================[ Search Statistics ]==============================
c | Conflicts |          ORIGINAL         |          LEARNT          | Progress |
c |           |    Vars  Clauses Literals |    Limit  Clauses Lit/Cl |          |
c ===============================================================================
c |       100 |   49272   223865   547217 |    82083      100     30 | 26.383 % |
c |       250 |   49272   223865   547217 |    90292      250     91 | 26.383 % |
c |       475 |   49272   223865   547217 |    99321      475     76 | 26.383 % |
c |       812 |   49270   223856   547196 |   109253      809     66 | 26.386 % |
c |      1318 |   49270   223845   547170 |   120178     1313     71 | 26.386 % |
c |      2077 |   49268   223834   547144 |   132196     2070     72 | 26.389 % |
c |      3216 |   49263   223772   547000 |   145416     3195     77 | 26.396 % |
c |      4924 |   49257   223732   546907 |   159958     4895     90 | 26.405 % |
c |      7486 |   49249   223656   546730 |   175953     7446     88 | 26.417 % |
c |     11330 |   49228   223466   546288 |   193549    11243     89 | 26.449 % |
c |     17096 |   49188   223107   545452 |   212904    16906     85 | 26.508 % |
c ===============================================================================
c restarts              : 65
c conflicts             : 19369          (7089 /sec)
c decisions             : 81999          (0.00 % random) (30012 /sec)
c propagations          : 17552260       (6424293 /sec)
c conflict literals     : 1645180        (30.90 % deleted)
d RESTARTS             65
d FAILURES             19369        
d NODES                81999        
d BACKTRACKS           81999        
d PROPAGATIONS         17552260     
d NOGOODSIZE           84.94 
d MEMORY               31.00 
d TIME                 2.73217 

s UNSATISFIABLE
