c WARNING: for repeatability, setting FPU to use double precision
d VARIABLES            138850       
d CONSTRAINTS          582080       
c ============================[ Problem Statistics ]=============================
c |                                                                             |
c |  Number of variables:        138850                                         |
c |  Number of clauses:          582080                                         |
c |  Parse time:                   0.08 s                                       |
c |                                                                             |
c ============================[ Search Statistics ]==============================
c | Conflicts |          ORIGINAL         |          LEARNT          | Progress |
c |           |    Vars  Clauses Literals |    Limit  Clauses Lit/Cl |          |
c ===============================================================================
c |       100 |  108663   503858  1226787 |   184747       99     27 | 21.741 % |
c |       250 |  108663   503858  1226787 |   203222      249     53 | 21.741 % |
c |       475 |  108663   503823  1226703 |   223544      474     71 | 21.741 % |
c |       812 |  108663   503823  1226703 |   245899      811     79 | 21.741 % |
c |      1318 |  108663   503823  1226703 |   270489     1317     82 | 21.741 % |
c |      2077 |  108662   503815  1226685 |   297538     2075     77 | 21.741 % |
c |      3216 |  108662   503815  1226685 |   327292     3214     97 | 21.741 % |
c |      4924 |  108662   503815  1226685 |   360021     4922    101 | 21.741 % |
c |      7486 |  108661   503807  1226667 |   396023     7483    109 | 21.742 % |
c |     11330 |  108660   503799  1226649 |   435625    11325    111 | 21.743 % |
c |     17096 |  108654   503767  1226577 |   479188    17072    130 | 21.747 % |
c |     25745 |  108653   503743  1226523 |   527107    25716    131 | 21.748 % |
c |     38719 |  108653   503743  1226523 |   579818    38690    149 | 21.748 % |
c |     58180 |  108649   503711  1226451 |   637799    58135    142 | 21.751 % |
c |     87372 |  108646   503687  1226397 |   701579    87319    148 | 21.753 % |
c |    131161 |  108636   503615  1226235 |   771737   131075    163 | 21.760 % |
c |    196845 |  108612   503431  1225821 |   848911   196620    165 | 21.777 % |
c |    295371 |  108566   503079  1225029 |   933802   294884    176 | 21.811 % |
c |    443160 |  108468   502583  1223865 |  1027183   442487    134 | 21.881 % |
c |    664843 |  108429   502296  1223181 |  1129901   664120     97 | 21.909 % |
c ===============================================================================
c restarts              : 1534
c conflicts             : 729616         (2946 /sec)
c decisions             : 2002403        (0.00 % random) (8085 /sec)
c propagations          : 797380604      (3219665 /sec)
c conflict literals     : 65477154       (27.92 % deleted)
d RESTARTS             1534
d FAILURES             729616       
d NODES                2002403      
d BACKTRACKS           2002403      
d PROPAGATIONS         797380604    
d NOGOODSIZE           89.74 
d MEMORY               418.00 
d TIME                 247.659 

s UNSATISFIABLE
