clasp version 2.1.3
Reading from asp/inst/p07.lp
Solving...
Answer: 1
is_car(100,17) is_car(99,1) is_car(98,7) is_car(97,17) is_car(96,5) is_car(95,12) is_car(94,5) is_car(93,9) is_car(92,4) is_car(91,8) is_car(90,5) is_car(89,12) is_car(88,9) is_car(87,5) is_car(86,15) is_car(85,3) is_car(84,11) is_car(83,4) is_car(82,9) is_car(81,5) is_car(80,7) is_car(79,5) is_car(78,16) is_car(77,2) is_car(76,9) is_car(75,13) is_car(74,10) is_car(73,5) is_car(72,11) is_car(71,15) is_car(70,11) is_car(69,9) is_car(68,7) is_car(67,16) is_car(66,5) is_car(65,2) is_car(64,18) is_car(63,5) is_car(62,10) is_car(61,5) is_car(60,11) is_car(59,12) is_car(58,9) is_car(57,6) is_car(56,4) is_car(55,17) is_car(54,11) is_car(53,4) is_car(52,6) is_car(51,9) is_car(50,4) is_car(49,9) is_car(48,5) is_car(47,15) is_car(46,11) is_car(45,6) is_car(44,0) is_car(43,5) is_car(42,18) is_car(41,2) is_car(40,5) is_car(39,1) is_car(38,7) is_car(37,11) is_car(36,9) is_car(35,12) is_car(34,9) is_car(33,6) is_car(32,12) is_car(31,5) is_car(30,11) is_car(29,4) is_car(28,6) is_car(27,5) is_car(26,2) is_car(25,16) is_car(24,11) is_car(23,7) is_car(22,1) is_car(21,5) is_car(20,0) is_car(19,1) is_car(18,3) is_car(17,0) is_car(16,1) is_car(15,5) is_car(14,0) is_car(13,1) is_car(12,11) is_car(11,7) is_car(10,1) is_car(9,5) is_car(8,0) is_car(7,1) is_car(6,6) is_car(5,0) is_car(4,1) is_car(3,11) is_car(2,0) is_car(1,14) is_option(3,4) is_option(12,4) is_option(18,4) is_option(24,4) is_option(26,4) is_option(30,4) is_option(32,4) is_option(35,4) is_option(37,4) is_option(41,4) is_option(42,4) is_option(46,4) is_option(54,4) is_option(55,4) is_option(59,4) is_option(60,4) is_option(64,4) is_option(65,4) is_option(70,4) is_option(72,4) is_option(75,4) is_option(77,4) is_option(84,4) is_option(85,4) is_option(89,4) is_option(91,4) is_option(95,4) is_option(97,4) is_option(100,4) is_option(1,3) is_option(4,3) is_option(7,3) is_option(10,3) is_option(13,3) is_option(16,3) is_option(19,3) is_option(22,3) is_option(25,3) is_option(29,3) is_option(32,3) is_option(35,3) is_option(39,3) is_option(42,3) is_option(47,3) is_option(50,3) is_option(53,3) is_option(56,3) is_option(59,3) is_option(64,3) is_option(67,3) is_option(71,3) is_option(75,3) is_option(78,3) is_option(83,3) is_option(86,3) is_option(89,3) is_option(92,3) is_option(95,3) is_option(99,3) is_option(1,2) is_option(3,2) is_option(4,2) is_option(6,2) is_option(7,2) is_option(9,2) is_option(10,2) is_option(12,2) is_option(13,2) is_option(15,2) is_option(16,2) is_option(18,2) is_option(19,2) is_option(21,2) is_option(22,2) is_option(24,2) is_option(25,2) is_option(27,2) is_option(28,2) is_option(30,2) is_option(31,2) is_option(33,2) is_option(34,2) is_option(36,2) is_option(37,2) is_option(39,2) is_option(40,2) is_option(42,2) is_option(43,2) is_option(45,2) is_option(46,2) is_option(48,2) is_option(49,2) is_option(51,2) is_option(52,2) is_option(54,2) is_option(55,2) is_option(57,2) is_option(58,2) is_option(60,2) is_option(61,2) is_option(63,2) is_option(64,2) is_option(66,2) is_option(67,2) is_option(69,2) is_option(70,2) is_option(72,2) is_option(73,2) is_option(75,2) is_option(76,2) is_option(78,2) is_option(79,2) is_option(81,2) is_option(82,2) is_option(84,2) is_option(85,2) is_option(87,2) is_option(88,2) is_option(90,2) is_option(91,2) is_option(93,2) is_option(94,2) is_option(96,2) is_option(97,2) is_option(99,2) is_option(100,2) is_option(2,1) is_option(5,1) is_option(8,1) is_option(14,1) is_option(17,1) is_option(20,1) is_option(25,1) is_option(34,1) is_option(36,1) is_option(42,1) is_option(44,1) is_option(47,1) is_option(49,1) is_option(51,1) is_option(55,1) is_option(58,1) is_option(62,1) is_option(64,1) is_option(67,1) is_option(69,1) is_option(71,1) is_option(74,1) is_option(76,1) is_option(78,1) is_option(82,1) is_option(86,1) is_option(88,1) is_option(91,1) is_option(93,1) is_option(97,1) is_option(100,1) is_option(1,5) is_option(6,5) is_option(11,5) is_option(18,5) is_option(23,5) is_option(28,5) is_option(33,5) is_option(38,5) is_option(45,5) is_option(52,5) is_option(57,5) is_option(62,5) is_option(68,5) is_option(74,5) is_option(80,5) is_option(85,5) is_option(91,5) is_option(98,5)
SATISFIABLE

Models      : 1+    
Time        : 2.572s (Solving: 2.31s 1st Model: 2.31s Unsat: 0.00s)
CPU Time    : 2.550s
Choices     : 37028
Conflicts   : 6664
Restarts    : 8      (Average: 833.00 Last: 1735)

Atoms       : 49963  (Original: 5041 Auxiliary: 44922)
Rules       : 102218 (1: 7016/101577 2: 541/0 3: 100/0)
Bodies      : 88440 
Equivalences: 103846 (Atom=Atom: 1874 Body=Body: 1900 Other: 100072)
Tight       : Yes

Variables   : 85373  (Eliminated:    0 Frozen:    0)
Constraints : 233867 (Binary: 68.1% Ternary: 31.5% Other:  0.4%)
Lemmas      : 6664   (Binary: 10.9% Ternary: 10.8% Other: 78.3%)
  Conflict  : 6664   (Average Length: 58.0) 
  Loop      : 0      (Average Length: 0.0) 
  Other     : 0      (Average Length: 0.0)
  Deleted   : 0     
