clasp version 2.1.3
Reading from asp/inst/p08.lp
Solving...
Answer: 1
is_car(100,12) is_car(99,2) is_car(98,10) is_car(97,19) is_car(96,3) is_car(95,2) is_car(94,16) is_car(93,2) is_car(92,3) is_car(91,19) is_car(90,3) is_car(89,2) is_car(88,4) is_car(87,14) is_car(86,1) is_car(85,10) is_car(84,8) is_car(83,0) is_car(82,13) is_car(81,10) is_car(80,1) is_car(79,12) is_car(78,4) is_car(77,3) is_car(76,23) is_car(75,3) is_car(74,2) is_car(73,10) is_car(72,8) is_car(71,11) is_car(70,1) is_car(69,7) is_car(68,19) is_car(67,0) is_car(66,1) is_car(65,16) is_car(64,2) is_car(63,3) is_car(62,8) is_car(61,11) is_car(60,1) is_car(59,18) is_car(58,1) is_car(57,7) is_car(56,1) is_car(55,3) is_car(54,8) is_car(53,11) is_car(52,4) is_car(51,9) is_car(50,1) is_car(49,7) is_car(48,22) is_car(47,7) is_car(46,1) is_car(45,9) is_car(44,4) is_car(43,11) is_car(42,15) is_car(41,10) is_car(40,1) is_car(39,3) is_car(38,4) is_car(37,20) is_car(36,1) is_car(35,10) is_car(34,6) is_car(33,7) is_car(32,5) is_car(31,3) is_car(30,19) is_car(29,3) is_car(28,2) is_car(27,17) is_car(26,2) is_car(25,3) is_car(24,19) is_car(23,3) is_car(22,5) is_car(21,7) is_car(20,19) is_car(19,3) is_car(18,1) is_car(17,7) is_car(16,21) is_car(15,3) is_car(14,1) is_car(13,10) is_car(12,8) is_car(11,11) is_car(10,2) is_car(9,10) is_car(8,6) is_car(7,7) is_car(6,13) is_car(5,9) is_car(4,2) is_car(3,10) is_car(2,15) is_car(1,11) is_option(1,5) is_option(6,5) is_option(11,5) is_option(16,5) is_option(22,5) is_option(27,5) is_option(32,5) is_option(37,5) is_option(43,5) is_option(48,5) is_option(53,5) is_option(61,5) is_option(71,5) is_option(76,5) is_option(82,5) is_option(87,5) is_option(2,3) is_option(5,3) is_option(8,3) is_option(12,3) is_option(16,3) is_option(20,3) is_option(24,3) is_option(30,3) is_option(34,3) is_option(37,3) is_option(42,3) is_option(45,3) is_option(48,3) is_option(51,3) is_option(54,3) is_option(59,3) is_option(62,3) is_option(65,3) is_option(68,3) is_option(72,3) is_option(76,3) is_option(79,3) is_option(84,3) is_option(87,3) is_option(91,3) is_option(94,3) is_option(97,3) is_option(100,3) is_option(1,2) is_option(2,2) is_option(4,2) is_option(5,2) is_option(8,2) is_option(10,2) is_option(11,2) is_option(14,2) is_option(15,2) is_option(18,2) is_option(19,2) is_option(22,2) is_option(23,2) is_option(25,2) is_option(26,2) is_option(28,2) is_option(29,2) is_option(31,2) is_option(32,2) is_option(34,2) is_option(36,2) is_option(37,2) is_option(39,2) is_option(40,2) is_option(42,2) is_option(43,2) is_option(45,2) is_option(46,2) is_option(48,2) is_option(50,2) is_option(51,2) is_option(53,2) is_option(55,2) is_option(56,2) is_option(58,2) is_option(60,2) is_option(61,2) is_option(63,2) is_option(64,2) is_option(66,2) is_option(67,2) is_option(70,2) is_option(71,2) is_option(74,2) is_option(75,2) is_option(77,2) is_option(79,2) is_option(80,2) is_option(83,2) is_option(86,2) is_option(87,2) is_option(89,2) is_option(90,2) is_option(92,2) is_option(93,2) is_option(95,2) is_option(96,2) is_option(99,2) is_option(100,2) is_option(2,4) is_option(4,4) is_option(7,4) is_option(10,4) is_option(12,4) is_option(16,4) is_option(17,4) is_option(21,4) is_option(22,4) is_option(26,4) is_option(28,4) is_option(32,4) is_option(33,4) is_option(37,4) is_option(38,4) is_option(42,4) is_option(44,4) is_option(47,4) is_option(49,4) is_option(52,4) is_option(54,4) is_option(57,4) is_option(59,4) is_option(62,4) is_option(64,4) is_option(67,4) is_option(69,4) is_option(72,4) is_option(74,4) is_option(78,4) is_option(79,4) is_option(83,4) is_option(84,4) is_option(88,4) is_option(89,4) is_option(93,4) is_option(95,4) is_option(99,4) is_option(100,4) is_option(1,1) is_option(3,1) is_option(5,1) is_option(7,1) is_option(9,1) is_option(11,1) is_option(13,1) is_option(15,1) is_option(17,1) is_option(19,1) is_option(21,1) is_option(23,1) is_option(25,1) is_option(27,1) is_option(29,1) is_option(31,1) is_option(33,1) is_option(35,1) is_option(37,1) is_option(39,1) is_option(41,1) is_option(43,1) is_option(45,1) is_option(47,1) is_option(49,1) is_option(51,1) is_option(53,1) is_option(55,1) is_option(57,1) is_option(59,1) is_option(61,1) is_option(63,1) is_option(65,1) is_option(67,1) is_option(69,1) is_option(71,1) is_option(73,1) is_option(75,1) is_option(77,1) is_option(79,1) is_option(81,1) is_option(83,1) is_option(85,1) is_option(87,1) is_option(90,1) is_option(92,1) is_option(94,1) is_option(96,1) is_option(98,1) is_option(100,1)
SATISFIABLE

Models      : 1+    
Time        : 80.276s (Solving: 79.99s 1st Model: 79.99s Unsat: 0.00s)
CPU Time    : 80.060s
Choices     : 443550
Conflicts   : 226884
Restarts    : 17     (Average: 13346.12 Last: 30031)

Atoms       : 53589  (Original: 5582 Auxiliary: 48007)
Rules       : 110946 (1: 8652/110295 2: 551/0 3: 100/0)
Bodies      : 94032 
Equivalences: 112486 (Atom=Atom: 1900 Body=Body: 2400 Other: 108186)
Tight       : Yes

Variables   : 90021  (Eliminated:    0 Frozen:    0)
Constraints : 243419 (Binary: 68.5% Ternary: 31.2% Other:  0.4%)
Lemmas      : 226884 (Binary:  0.8% Ternary:  1.1% Other: 98.2%)
  Conflict  : 226884 (Average Length: 213.4) 
  Loop      : 0      (Average Length: 0.0) 
  Other     : 0      (Average Length: 0.0)
  Deleted   : 177800
