c WARNING: for repeatability, setting FPU to use double precision
d VARIABLES            27306        
d CONSTRAINTS          101392       
c ============================[ Problem Statistics ]=============================
c |                                                                             |
c |  Number of variables:         27306                                         |
c |  Number of clauses:          101392                                         |
c |  Parse time:                   0.02 s                                       |
c |                                                                             |
c ============================[ Search Statistics ]==============================
c | Conflicts |          ORIGINAL         |          LEARNT          | Progress |
c |           |    Vars  Clauses Literals |    Limit  Clauses Lit/Cl |          |
c ===============================================================================
c |       100 |   17940    77358   190233 |    28364      100     65 | 34.300 % |
c |       250 |   17940    77358   190233 |    31201      250     67 | 34.300 % |
c |       475 |   17940    77358   190233 |    34321      475     63 | 34.300 % |
c |       812 |   17940    77358   190233 |    37753      812     61 | 34.300 % |
c |      1318 |   17919    77253   189981 |    41528     1316     68 | 34.377 % |
c |      2077 |   17910    77208   189873 |    45681     2074     71 | 34.410 % |
c |      3216 |   17901    77163   189765 |    50249     3211     75 | 34.443 % |
c |      4924 |   17901    77163   189765 |    55274     4919     73 | 34.443 % |
c |      7486 |   17901    77163   189765 |    60802     7481     89 | 34.443 % |
c |     11330 |   17901    77163   189765 |    66882    11325     93 | 34.443 % |
c |     17096 |   17894    77143   189717 |    73570    17089     94 | 34.469 % |
c |     25745 |   17894    77128   189681 |    80927    25738     93 | 34.469 % |
c |     38719 |   17894    77128   189681 |    89020    38712     84 | 34.469 % |
c |     58180 |   17892    77118   189657 |    97922    58172     85 | 34.476 % |
c |     87372 |   17861    76963   189285 |   107714    87355     88 | 34.589 % |
c |    131161 |   17861    76963   189285 |   118485    33572     80 | 34.589 % |
c |    196845 |   17856    76938   189225 |   130334    99255     77 | 34.608 % |
c |    295371 |   17849    76903   189141 |   143368    78222     71 | 34.633 % |
c |    443160 |   17844    76878   189081 |   157704    96276     58 | 34.652 % |
c ===============================================================================
c restarts              : 1403
c conflicts             : 649905         (4236 /sec)
c decisions             : 843523         (0.00 % random) (5498 /sec)
c propagations          : 489379683      (3189937 /sec)
c conflict literals     : 42593790       (53.78 % deleted)
d RESTARTS             1403
d FAILURES             649905       
d NODES                843523       
d BACKTRACKS           843523       
d PROPAGATIONS         489379683    
d NOGOODSIZE           65.54 
d MEMORY               90.00 
d TIME                 153.414 

s UNSATISFIABLE
