c WARNING: for repeatability, setting FPU to use double precision
d VARIABLES            73512        
d CONSTRAINTS          294177       
c ============================[ Problem Statistics ]=============================
c |                                                                             |
c |  Number of variables:         73512                                         |
c |  Number of clauses:          294177                                         |
c |  Parse time:                   0.05 s                                       |
c |                                                                             |
c ============================[ Search Statistics ]==============================
c | Conflicts |          ORIGINAL         |          LEARNT          | Progress |
c |           |    Vars  Clauses Literals |    Limit  Clauses Lit/Cl |          |
c ===============================================================================
c |       100 |   53833   243351   594901 |    89228      100    102 | 26.770 % |
c |       250 |   53833   243351   594901 |    98151      250     70 | 26.770 % |
c |       475 |   53833   243351   594901 |   107966      475     65 | 26.770 % |
c |       812 |   53833   243351   594901 |   118763      812     72 | 26.770 % |
c |      1318 |   53833   243351   594901 |   130639     1318    104 | 26.770 % |
c |      2077 |   53833   243351   594901 |   143703     2077     99 | 26.770 % |
c |      3216 |   53833   243351   594901 |   158074     3216    101 | 26.770 % |
c |      4924 |   53833   243351   594901 |   173881     4924     98 | 26.770 % |
c |      7486 |   53833   243351   594901 |   191269     7486     99 | 26.770 % |
c |     11330 |   53833   243351   594901 |   210396    11330     98 | 26.770 % |
c |     17096 |   53833   243351   594901 |   231436    17096     99 | 26.770 % |
c |     25745 |   53831   243333   594860 |   254579    25742     98 | 26.772 % |
c |     38719 |   53828   243307   594801 |   280037    38705     98 | 26.777 % |
c |     58180 |   53825   243283   594747 |   308041    58156     87 | 26.781 % |
c |     87372 |   53824   243275   594729 |   338845    87341     81 | 26.782 % |
c |    131161 |   53822   243257   594688 |   372730   131123     74 | 26.785 % |
c |    196845 |   53817   243209   594578 |   410003   196787     75 | 26.792 % |
c |    295371 |   53814   243183   594519 |   451003   295301     73 | 26.796 % |
c |    443160 |   53811   243155   594455 |   496104   443075     71 | 26.800 % |
c |    664843 |   53798   243039   594191 |   545714   177882     58 | 26.817 % |
c |    997368 |   52074   228303   557866 |   600286   421142     57 | 29.163 % |
c ===============================================================================
c restarts              : 2047
c conflicts             : 1039418        (1514 /sec)
c decisions             : 1599530        (0.00 % random) (2330 /sec)
c propagations          : 1191985123     (1736143 /sec)
c conflict literals     : 64410086       (60.08 % deleted)
d RESTARTS             2047
d FAILURES             1039418      
d NODES                1599530      
d BACKTRACKS           1599530      
d PROPAGATIONS         1191985123   
d NOGOODSIZE           61.97 
d MEMORY               287.00 
d TIME                 686.571 

s UNSATISFIABLE
