c WARNING: for repeatability, setting FPU to use double precision
d VARIABLES            73512        
d CONSTRAINTS          294177       
c ============================[ Problem Statistics ]=============================
c |                                                                             |
c |  Number of variables:         73512                                         |
c |  Number of clauses:          294177                                         |
c |  Parse time:                   0.04 s                                       |
c |                                                                             |
c ============================[ Search Statistics ]==============================
c | Conflicts |          ORIGINAL         |          LEARNT          | Progress |
c |           |    Vars  Clauses Literals |    Limit  Clauses Lit/Cl |          |
c ===============================================================================
c |       100 |   53833   243351   594901 |    89228      100     60 | 26.770 % |
c |       250 |   53833   243351   594901 |    98151      250     61 | 26.770 % |
c |       475 |   53833   243351   594901 |   107966      475     89 | 26.770 % |
c |       812 |   53833   243351   594901 |   118763      812    100 | 26.770 % |
c |      1318 |   53833   243351   594901 |   130639     1318    100 | 26.770 % |
c |      2077 |   53833   243351   594901 |   143703     2077    100 | 26.770 % |
c |      3216 |   53833   243351   594901 |   158074     3216    114 | 26.770 % |
c |      4924 |   53833   243351   594901 |   173881     4924    112 | 26.770 % |
c |      7486 |   53833   243351   594901 |   191269     7486    123 | 26.770 % |
c |     11330 |   53832   243343   594883 |   210396    11328    119 | 26.771 % |
c |     17096 |   53832   243343   594883 |   231436    17094    117 | 26.771 % |
c |     25745 |   53829   243315   594819 |   254579    25731    111 | 26.775 % |
c |     38719 |   53829   243315   594819 |   280037    38705     97 | 26.775 % |
c |     58180 |   53828   243307   594801 |   308041    58165     85 | 26.777 % |
c |     87372 |   53827   243299   594783 |   338845    87350     84 | 26.778 % |
c |    131161 |   53824   243275   594729 |   372730   131118     84 | 26.782 % |
c |    196845 |   53822   243267   594711 |   410003   196795     77 | 26.785 % |
c |    295371 |   53813   243195   594547 |   451003   295273     71 | 26.797 % |
c |    443160 |   53806   243123   594383 |   496104   443031     65 | 26.807 % |
c |    664843 |   53792   242983   594063 |   545714   174303     53 | 26.826 % |
c ===============================================================================
c restarts              : 1660
c conflicts             : 781321         (1827 /sec)
c decisions             : 1220165        (0.00 % random) (2854 /sec)
c propagations          : 839494366      (1963368 /sec)
c conflict literals     : 46310581       (59.70 % deleted)
d RESTARTS             1660
d FAILURES             781321       
d NODES                1220165      
d BACKTRACKS           1220165      
d PROPAGATIONS         839494366    
d NOGOODSIZE           59.27 
d MEMORY               280.00 
d TIME                 427.579 

s UNSATISFIABLE
