c WARNING: for repeatability, setting FPU to use double precision
d VARIABLES            135320       
d CONSTRAINTS          572637       
c ============================[ Problem Statistics ]=============================
c |                                                                             |
c |  Number of variables:        135320                                         |
c |  Number of clauses:          572637                                         |
c |  Parse time:                   0.08 s                                       |
c |                                                                             |
c ============================[ Search Statistics ]==============================
c | Conflicts |          ORIGINAL         |          LEARNT          | Progress |
c |           |    Vars  Clauses Literals |    Limit  Clauses Lit/Cl |          |
c ===============================================================================
c |       100 |  107550   501599  1217941 |   183919       99     11 | 20.522 % |
c |       250 |  107550   501599  1217941 |   202311      249     18 | 20.522 % |
c |       475 |  107550   501599  1217941 |   222542      474    100 | 20.522 % |
c |       812 |  107550   501593  1217926 |   244797      811    146 | 20.522 % |
c |      1318 |  107550   501593  1217926 |   269276     1317    146 | 20.522 % |
c |      2077 |  107550   501593  1217926 |   296204     2076    166 | 20.522 % |
c |      3216 |  107550   501593  1217926 |   325824     3215    191 | 20.522 % |
c |      4924 |  107550   501593  1217926 |   358407     4923    168 | 20.522 % |
c |      7486 |  107544   501563  1217854 |   394248     7484    195 | 20.526 % |
c |     11330 |  107544   501563  1217854 |   433672    11328    208 | 20.526 % |
c |     17096 |  107544   501563  1217854 |   477040    17094    221 | 20.526 % |
c |     25745 |  107544   501563  1217854 |   524744    25743    206 | 20.526 % |
c |     38719 |  107544   501563  1217854 |   577218    38717    224 | 20.526 % |
c |     58180 |  107544   501563  1217854 |   634940    58178    241 | 20.526 % |
c |     87372 |  107535   501518  1217746 |   698434    87369    243 | 20.533 % |
c |    131161 |  107535   501518  1217746 |   768277   131158    232 | 20.533 % |
c |    196845 |  107529   501488  1217674 |   845105   196841    230 | 20.537 % |
c |    295371 |  107529   501488  1217674 |   929616   295367    231 | 20.537 % |
c |    443160 |  107529   501488  1217674 |  1022577   443156    242 | 20.537 % |
c |    664843 |  107517   501434  1217544 |  1124835   664837    244 | 20.546 % |
c |    997368 |  107513   501409  1217484 |  1237319   997361    241 | 20.549 % |
c |   1496156 |  107510   501394  1217448 |  1361051   265716    230 | 20.551 % |
c ===============================================================================
c restarts              : 4026
c conflicts             : 2037061        (1136 /sec)
c decisions             : 5798295        (0.00 % random) (3233 /sec)
c propagations          : 4912402697     (2738832 /sec)
c conflict literals     : 492599318      (43.17 % deleted)
d RESTARTS             4026
d FAILURES             2037061      
d NODES                5798295      
d BACKTRACKS           5798295      
d PROPAGATIONS         4912402697   
d NOGOODSIZE           241.82 
d MEMORY               1607.00 
d TIME                 1793.61 

s UNKNOWN
