c WARNING: for repeatability, setting FPU to use double precision
d VARIABLES            138850       
d CONSTRAINTS          582080       
c ============================[ Problem Statistics ]=============================
c |                                                                             |
c |  Number of variables:        138850                                         |
c |  Number of clauses:          582080                                         |
c |  Parse time:                   0.09 s                                       |
c |                                                                             |
c ============================[ Search Statistics ]==============================
c | Conflicts |          ORIGINAL         |          LEARNT          | Progress |
c |           |    Vars  Clauses Literals |    Limit  Clauses Lit/Cl |          |
c ===============================================================================
c |       100 |  108670   503858  1226787 |   184747      100     51 | 21.736 % |
c |       250 |  108670   503858  1226787 |   203222      250     45 | 21.736 % |
c |       475 |  108670   503858  1226787 |   223544      475     88 | 21.736 % |
c |       812 |  108670   503858  1226787 |   245899      812    103 | 21.736 % |
c |      1318 |  108670   503858  1226787 |   270489     1318    170 | 21.736 % |
c |      2077 |  108670   503858  1226787 |   297538     2077    143 | 21.736 % |
c |      3216 |  108669   503850  1226769 |   327292     3214    148 | 21.736 % |
c |      4924 |  108669   503850  1226769 |   360021     4922    130 | 21.736 % |
c |      7486 |  108669   503850  1226769 |   396023     7484    141 | 21.736 % |
c |     11330 |  108666   503842  1226751 |   435625    11321    148 | 21.739 % |
c |     17096 |  108666   503826  1226715 |   479188    17085    149 | 21.739 % |
c |     25745 |  108665   503818  1226697 |   527107    25732    146 | 21.739 % |
c |     38719 |  108663   503802  1226661 |   579818    38703    150 | 21.741 % |
c |     58180 |  108651   503740  1226513 |   637799    58161    151 | 21.749 % |
c |     87372 |  108633   503657  1226315 |   701579    87346    153 | 21.762 % |
c |    131161 |  108625   503585  1226153 |   771737   131099    153 | 21.768 % |
c |    196845 |  108546   503441  1225829 |   848911   196692    121 | 21.825 % |
c |    295371 |  108543   503107  1225031 |   933802   295159     90 | 21.827 % |
c |    443160 |  108543   503107  1225031 |  1027183   442948     68 | 21.827 % |
c ===============================================================================
c restarts              : 1030
c conflicts             : 513996         (3489 /sec)
c decisions             : 1263985        (0.00 % random) (8580 /sec)
c propagations          : 520465892      (3533057 /sec)
c conflict literals     : 31493984       (28.69 % deleted)
d RESTARTS             1030
d FAILURES             513996       
d NODES                1263985      
d BACKTRACKS           1263985      
d PROPAGATIONS         520465892    
d NOGOODSIZE           61.27 
d MEMORY               278.00 
d TIME                 147.313 

s UNSATISFIABLE
