c WARNING: for repeatability, setting FPU to use double precision
d VARIABLES            138850       
d CONSTRAINTS          582080       
c ============================[ Problem Statistics ]=============================
c |                                                                             |
c |  Number of variables:        138850                                         |
c |  Number of clauses:          582080                                         |
c |  Parse time:                   0.10 s                                       |
c |                                                                             |
c ============================[ Search Statistics ]==============================
c | Conflicts |          ORIGINAL         |          LEARNT          | Progress |
c |           |    Vars  Clauses Literals |    Limit  Clauses Lit/Cl |          |
c ===============================================================================
c |       100 |  108670   503858  1226787 |   184747      100     10 | 21.736 % |
c |       250 |  108670   503858  1226787 |   203222      250     17 | 21.736 % |
c |       475 |  108670   503858  1226787 |   223544      475    109 | 21.736 % |
c |       812 |  108670   503858  1226787 |   245899      812    106 | 21.736 % |
c |      1318 |  108670   503858  1226787 |   270489     1318     95 | 21.736 % |
c |      2077 |  108670   503858  1226787 |   297538     2077    102 | 21.736 % |
c |      3216 |  108670   503858  1226787 |   327292     3216    102 | 21.736 % |
c |      4924 |  108670   503858  1226787 |   360021     4924    104 | 21.736 % |
c |      7486 |  108669   503850  1226769 |   396023     7485    120 | 21.736 % |
c |     11330 |  108669   503850  1226769 |   435625    11329    126 | 21.736 % |
c |     17096 |  108668   503842  1226751 |   479188    17092    134 | 21.737 % |
c |     25745 |  108668   503842  1226751 |   527107    25741    165 | 21.737 % |
c |     38719 |  108666   503826  1226715 |   579818    38705    160 | 21.739 % |
c |     58180 |  108666   503826  1226715 |   637799    58166    162 | 21.739 % |
c |     87372 |  108656   503754  1226553 |   701579    87324    159 | 21.746 % |
c |    131161 |  108635   503610  1226229 |   771737   131040    159 | 21.761 % |
c |    196845 |  108611   503386  1225725 |   848911   196564    153 | 21.778 % |
c |    295371 |  108569   503178  1225257 |   933802   294925    160 | 21.808 % |
c |    443160 |  108543   502842  1224501 |  1027183   442461    129 | 21.827 % |
c ===============================================================================
c restarts              : 1403
c conflicts             : 649780         (2617 /sec)
c decisions             : 1879226        (0.00 % random) (7570 /sec)
c propagations          : 786808059      (3169348 /sec)
c conflict literals     : 61486178       (27.86 % deleted)
d RESTARTS             1403
d FAILURES             649780       
d NODES                1879226      
d BACKTRACKS           1879226      
d PROPAGATIONS         786808059    
d NOGOODSIZE           94.63 
d MEMORY               416.00 
d TIME                 248.256 

s UNSATISFIABLE
